<?xml version="1.0" encoding="UTF-8"?>
<!-- Generated by org.testng.reporters.JUnitXMLReporter -->
<testsuite ignored="0" hostname="DESKTOP-9T08QN7" failures="0" tests="2" name="Test" time="130.633" errors="0" timestamp="2025-07-24T18:40:37 IST">
  <testcase classname="testCase.TC001_RegisterUser_chatGPTimproved" name="verifyUserRegistrationFlow" time="20.321"/>
  <testcase classname="testCase.TC002_LoginUserWithCorrectEmailAndPassword" name="verifyLoginUserWithCorrectEmailAndPasswordFlow" time="37.801"/>
</testsuite> <!-- Test -->
