<?xml version="1.0" encoding="UTF-8"?>
<!-- Generated by org.testng.reporters.JUnitXMLReporter -->
<testsuite ignored="0" hostname="DESKTOP-9T08QN7" failures="0" tests="4" name="chrome Test" time="235.969" errors="0" timestamp="2025-08-15T01:08:11 IST">
  <testcase classname="testCases.TC023_VerifyAddressDetailsInCheckoutPage" name="testVerifyAddressDetailsInCheckoutPage" time="47.426"/>
  <testcase classname="testCases.TC024_DownloadInvoiceAfterPurchaseOrder" name="testDownloadInvoiceAfterPurchaseOrder" time="57.962"/>
  <testcase classname="testCases.TC025_VerifyScrollUpUsingArrowButtonAndScrollDownFunctionality" name="testVerifyScrollUpUsingArrowButtonAndScrollDownFunctionality" time="19.132"/>
  <testcase classname="testCases.TC026_VerifyScrollUpWithoutArrowButtonAndScrollDownFunctionality" name="testVerifyScrollUpWithoutArrowButtonAndScrollDownFunctionality" time="4.369"/>
</testsuite> <!-- chrome Test -->
