<?xml version="1.0" encoding="UTF-8"?>
<!-- Generated by org.testng.reporters.JUnitXMLReporter -->
<testsuite ignored="0" hostname="DESKTOP-9T08QN7" failures="0" tests="1" name="edge Test" time="135.717" errors="0" timestamp="2025-08-15T00:24:17 IST">
  <testcase classname="testCases.TC025_VerifyScrollUpUsingArrowButtonAndScrollDownFunctionality" name="testVerifyScrollUpUsingArrowButtonAndScrollDownFunctionality" time="0.0">
    <skipped/>
  </testcase> <!-- testVerifyScrollUpUsingArrowButtonAndScrollDownFunctionality -->
</testsuite> <!-- edge Test -->
