<?xml version="1.0" encoding="UTF-8"?>
<!-- Generated by org.testng.reporters.JUnitXMLReporter -->
<testsuite ignored="0" hostname="DESKTOP-9T08QN7" failures="11" tests="11" name="Chrome Test(failed)" time="868.677" errors="0" timestamp="2025-08-25T23:55:12 IST">
  <testcase classname="testCases.TC020_SearchProductsAndVerifyCartAfterLogin" name="testSearchProductsAndVerifyCartAfterLogin" time="31.083">
    <failure type="java.lang.AssertionError" message="The following asserts failed:
	Mis match in displayed product:little girls mr. panda shirt and searched product:Top expected [true] but found [false],
	Mis match in displayed product:colour blocked shirt – sky blue and searched product:Top expected [true] but found [false]">
      <![CDATA[java.lang.AssertionError: The following asserts failed:
Mis match in displayed product:little girls mr. panda shirt and searched product:Top expected [true] but found [false],
Mis match in displayed product:colour blocked shirt – sky blue and searched product:Top expected [true] but found [false]
at testCases.TC020_SearchProductsAndVerifyCartAfterLogin.testSearchProductsAndVerifyCartAfterLogin(TC020_SearchProductsAndVerifyCartAfterLogin.java:82)
at java.base/java.util.ArrayList.forEach(ArrayList.java:1596)
... Removed 27 stack frames]]>
    </failure>
  </testcase> <!-- testSearchProductsAndVerifyCartAfterLogin -->
  <testcase classname="testCases.TC004_LogoutUser" name="verifyLogoutUserFlow" time="26.479">
    <failure type="java.lang.AssertionError" message="Login page title is mis-match expected [Automation Exercise] but found [Automation Exercise - Signup / Login]">
      <![CDATA[java.lang.AssertionError: Login page title is mis-match expected [Automation Exercise] but found [Automation Exercise - Signup / Login]
at testCases.TC004_LogoutUser.verifyLogoutUserFlow(TC004_LogoutUser.java:63)
at java.base/java.util.ArrayList.forEach(ArrayList.java:1596)
... Removed 30 stack frames]]>
    </failure>
  </testcase> <!-- verifyLogoutUserFlow -->
  <testcase classname="testCases.TC008_VerifyAllProductsAndProductDetailPage" name="VerifyAllProductsAndProductDetailPage" time="21.092">
    <failure type="java.lang.AssertionError" message="Home page title mismatch expected [Automation Exercise] but found [automationexercise.com]">
      <![CDATA[java.lang.AssertionError: Home page title mismatch expected [Automation Exercise] but found [automationexercise.com]
at testCases.TC008_VerifyAllProductsAndProductDetailPage.VerifyAllProductsAndProductDetailPage(TC008_VerifyAllProductsAndProductDetailPage.java:45)
at java.base/java.util.ArrayList.forEach(ArrayList.java:1596)
... Removed 30 stack frames]]>
    </failure>
  </testcase> <!-- VerifyAllProductsAndProductDetailPage -->
  <testcase classname="testCases.TC009_Improved" name="VerifySearchProduct" time="39.801">
    <failure type="java.lang.AssertionError" message="Failure occurred: Product not matching search: sleeves printed top - white | expected to contain: shirt expected [true] but found [false]">
      <![CDATA[java.lang.AssertionError: Failure occurred: Product not matching search: sleeves printed top - white | expected to contain: shirt expected [true] but found [false]
at testCases.TC009_Improved.VerifySearchProduct(TC009_Improved.java:67)
at java.base/java.util.ArrayList.forEach(ArrayList.java:1596)
... Removed 26 stack frames]]>
    </failure>
  </testcase> <!-- VerifySearchProduct -->
  <testcase classname="testCases.TC009_SearchProduct" name="VerifySearchProduct" time="49.433">
    <failure type="java.lang.AssertionError" message="Failure occurred: Product not matching search: sleeves printed top - white	searchedkey: shirt expected [true] but found [false]">
      <![CDATA[java.lang.AssertionError: Failure occurred: Product not matching search: sleeves printed top - whitesearchedkey: shirt expected [true] but found [false]
at testCases.TC009_SearchProduct.VerifySearchProduct(TC009_SearchProduct.java:95)
at java.base/java.util.ArrayList.forEach(ArrayList.java:1596)
... Removed 26 stack frames]]>
    </failure>
  </testcase> <!-- VerifySearchProduct -->
  <testcase classname="testCases.TC015_PlaceOrderRegisterBeforeCheckout" name="VerifyPlaceOrderRegisterBeforeCheckout" time="64.521">
    <failure type="java.lang.AssertionError" message="Expected name:OebA is not in Delivery Address:Mr. raAd CsIe expected [true] but found [false]">
      <![CDATA[java.lang.AssertionError: Expected name:OebA is not in Delivery Address:Mr. raAd CsIe expected [true] but found [false]
at testCases.TC015_PlaceOrderRegisterBeforeCheckout.VerifyPlaceOrderRegisterBeforeCheckout(TC015_PlaceOrderRegisterBeforeCheckout.java:107)
at java.base/java.util.ArrayList.forEach(ArrayList.java:1596)
... Removed 28 stack frames]]>
    </failure>
  </testcase> <!-- VerifyPlaceOrderRegisterBeforeCheckout -->
  <testcase classname="testCases.TC016_PlaceOrderLoginBeforeCheckout" name="testPlaceOrderLoginBeforeCheckout" time="9.752">
    <failure type="java.lang.AssertionError" message="Login page title is mis-match expected [Automation Exercise] but found [Automation Exercise - Signup / Login]">
      <![CDATA[java.lang.AssertionError: Login page title is mis-match expected [Automation Exercise] but found [Automation Exercise - Signup / Login]
at testCases.TC016_PlaceOrderLoginBeforeCheckout.testPlaceOrderLoginBeforeCheckout(TC016_PlaceOrderLoginBeforeCheckout.java:75)
at java.base/java.util.ArrayList.forEach(ArrayList.java:1596)
... Removed 30 stack frames]]>
    </failure>
  </testcase> <!-- testPlaceOrderLoginBeforeCheckout -->
  <testcase classname="testCases.TC012_AddProductsInCart" name="VerifyAddProductsInCart" time="31.4">
    <failure type="org.openqa.selenium.NoSuchElementException" message="no such element: Unable to locate element: {&amp;quot;method&amp;quot;:&amp;quot;xpath&amp;quot;,&amp;quot;selector&amp;quot;:&amp;quot;//a[@data-product-id=&amp;apos;1&amp;apos;]&amp;quot;}
  (Session info: chrome=139.0.7258.139)
For documentation on this error, please visit: https://www.selenium.dev/documentation/webdriver/troubleshooting/errors#no-such-element-exception
Build info: version: &amp;apos;4.35.0&amp;apos;, revision: &amp;apos;1c58e5028b&amp;apos;
System info: os.name: &amp;apos;Windows 10&amp;apos;, os.arch: &amp;apos;amd64&amp;apos;, os.version: &amp;apos;10.0&amp;apos;, java.version: &amp;apos;21.0.1&amp;apos;
Driver info: org.openqa.selenium.chrome.ChromeDriver
Command: [7cfbb1d00a06aa9281064a664ffaacf2, findElement {value=//a[@data-product-id=&amp;apos;1&amp;apos;], using=xpath}]
Capabilities {acceptInsecureCerts: false, browserName: chrome, browserVersion: 139.0.7258.139, chrome: {chromedriverVersion: 139.0.7258.138 (884e54ea8d4..., userDataDir: C:\Users\UDAYAS~1\AppData\L...}, fedcm:accounts: true, goog:chromeOptions: {debuggerAddress: localhost:63865}, networkConnectionEnabled: false, pageLoadStrategy: normal, platformName: windows, proxy: Proxy(), se:cdp: ws://localhost:63865/devtoo..., se:cdpVersion: 139.0.7258.139, setWindowRect: true, strictFileInteractability: false, timeouts: {implicit: 0, pageLoad: 300000, script: 30000}, unhandledPromptBehavior: dismiss and notify, webauthn:extension:credBlob: true, webauthn:extension:largeBlob: true, webauthn:extension:minPinLength: true, webauthn:extension:prf: true, webauthn:virtualAuthenticators: true}
Session ID: 7cfbb1d00a06aa9281064a664ffaacf2">
      <![CDATA[org.openqa.selenium.NoSuchElementException: no such element: Unable to locate element: {"method":"xpath","selector":"//a[@data-product-id='1']"}
  (Session info: chrome=139.0.7258.139)
For documentation on this error, please visit: https://www.selenium.dev/documentation/webdriver/troubleshooting/errors#no-such-element-exception
Build info: version: '4.35.0', revision: '1c58e5028b'
System info: os.name: 'Windows 10', os.arch: 'amd64', os.version: '10.0', java.version: '21.0.1'
Driver info: org.openqa.selenium.chrome.ChromeDriver
Command: [7cfbb1d00a06aa9281064a664ffaacf2, findElement {value=//a[@data-product-id='1'], using=xpath}]
Capabilities {acceptInsecureCerts: false, browserName: chrome, browserVersion: 139.0.7258.139, chrome: {chromedriverVersion: 139.0.7258.138 (884e54ea8d4..., userDataDir: C:\Users\UDAYAS~1\AppData\L...}, fedcm:accounts: true, goog:chromeOptions: {debuggerAddress: localhost:63865}, networkConnectionEnabled: false, pageLoadStrategy: normal, platformName: windows, proxy: Proxy(), se:cdp: ws://localhost:63865/devtoo..., se:cdpVersion: 139.0.7258.139, setWindowRect: true, strictFileInteractability: false, timeouts: {implicit: 0, pageLoad: 300000, script: 30000}, unhandledPromptBehavior: dismiss and notify, webauthn:extension:credBlob: true, webauthn:extension:largeBlob: true, webauthn:extension:minPinLength: true, webauthn:extension:prf: true, webauthn:virtualAuthenticators: true}
Session ID: 7cfbb1d00a06aa9281064a664ffaacf2
at org.openqa.selenium.remote.ErrorCodec.decode(ErrorCodec.java:167)
at org.openqa.selenium.remote.codec.w3c.W3CHttpResponseCodec.decode(W3CHttpResponseCodec.java:138)
at org.openqa.selenium.remote.codec.w3c.W3CHttpResponseCodec.decode(W3CHttpResponseCodec.java:50)
at org.openqa.selenium.remote.HttpCommandExecutor.execute(HttpCommandExecutor.java:215)
at org.openqa.selenium.remote.service.DriverCommandExecutor.invokeExecute(DriverCommandExecutor.java:216)
at org.openqa.selenium.remote.service.DriverCommandExecutor.execute(DriverCommandExecutor.java:174)
at org.openqa.selenium.remote.RemoteWebDriver.execute(RemoteWebDriver.java:557)
at org.openqa.selenium.remote.ElementLocation$ElementFinder$2.findElement(ElementLocation.java:165)
at org.openqa.selenium.remote.ElementLocation.findElement(ElementLocation.java:59)
at org.openqa.selenium.remote.RemoteWebDriver.findElement(RemoteWebDriver.java:380)
at org.openqa.selenium.remote.RemoteWebDriver.findElement(RemoteWebDriver.java:374)
at org.openqa.selenium.support.pagefactory.DefaultElementLocator.findElement(DefaultElementLocator.java:68)
at org.openqa.selenium.support.pagefactory.internal.LocatingElementHandler.invoke(LocatingElementHandler.java:38)
at jdk.proxy2/jdk.proxy2.$Proxy31.getText(Unknown Source)
at testCases.TC012_AddProductsInCart.VerifyAddProductsInCart(TC012_AddProductsInCart.java:79)
at java.base/java.util.ArrayList.forEach(ArrayList.java:1596)
... Removed 28 stack frames]]>
    </failure>
  </testcase> <!-- VerifyAddProductsInCart -->
  <testcase classname="testCases.TC022_AddToCartFromRecommendedItems" name="testAddToCartFromRecommendedItems" time="36.365">
    <failure type="java.lang.AssertionError" message="Unable to navigate to Cart page expected [true] but found [false]">
      <![CDATA[java.lang.AssertionError: Unable to navigate to Cart page expected [true] but found [false]
at testCases.TC022_AddToCartFromRecommendedItems.testAddToCartFromRecommendedItems(TC022_AddToCartFromRecommendedItems.java:65)
at java.base/java.util.ArrayList.forEach(ArrayList.java:1596)
... Removed 28 stack frames]]>
    </failure>
  </testcase> <!-- testAddToCartFromRecommendedItems -->
  <testcase classname="testCases.TC018_ViewCategoryProducts" name="testViewCategoryProducts" time="13.515">
    <failure type="org.openqa.selenium.ElementNotInteractableException" message="element not interactable
  (Session info: chrome=139.0.7258.139)
Build info: version: &amp;apos;4.35.0&amp;apos;, revision: &amp;apos;1c58e5028b&amp;apos;
System info: os.name: &amp;apos;Windows 10&amp;apos;, os.arch: &amp;apos;amd64&amp;apos;, os.version: &amp;apos;10.0&amp;apos;, java.version: &amp;apos;21.0.1&amp;apos;
Driver info: org.openqa.selenium.chrome.ChromeDriver
Command: [82a7d8b643767fbcbc13d7046861c8f9, clickElement {id=f.3D8E2EE3AC84BB8CEC435D7F1C1735E6.d.6F0383EF6A65F949E1DAADF2F887A0D2.e.59}]
Capabilities {acceptInsecureCerts: false, browserName: chrome, browserVersion: 139.0.7258.139, chrome: {chromedriverVersion: 139.0.7258.138 (884e54ea8d4..., userDataDir: C:\Users\UDAYAS~1\AppData\L...}, fedcm:accounts: true, goog:chromeOptions: {debuggerAddress: localhost:63981}, networkConnectionEnabled: false, pageLoadStrategy: normal, platformName: windows, proxy: Proxy(), se:cdp: ws://localhost:63981/devtoo..., se:cdpVersion: 139.0.7258.139, setWindowRect: true, strictFileInteractability: false, timeouts: {implicit: 0, pageLoad: 300000, script: 30000}, unhandledPromptBehavior: dismiss and notify, webauthn:extension:credBlob: true, webauthn:extension:largeBlob: true, webauthn:extension:minPinLength: true, webauthn:extension:prf: true, webauthn:virtualAuthenticators: true}
Element: [[ChromeDriver: chrome on windows (82a7d8b643767fbcbc13d7046861c8f9)] -&amp;gt; xpath: //a[text()=&amp;apos;Dress &amp;apos;]]
Session ID: 82a7d8b643767fbcbc13d7046861c8f9">
      <![CDATA[org.openqa.selenium.ElementNotInteractableException: element not interactable
  (Session info: chrome=139.0.7258.139)
Build info: version: '4.35.0', revision: '1c58e5028b'
System info: os.name: 'Windows 10', os.arch: 'amd64', os.version: '10.0', java.version: '21.0.1'
Driver info: org.openqa.selenium.chrome.ChromeDriver
Command: [82a7d8b643767fbcbc13d7046861c8f9, clickElement {id=f.3D8E2EE3AC84BB8CEC435D7F1C1735E6.d.6F0383EF6A65F949E1DAADF2F887A0D2.e.59}]
Capabilities {acceptInsecureCerts: false, browserName: chrome, browserVersion: 139.0.7258.139, chrome: {chromedriverVersion: 139.0.7258.138 (884e54ea8d4..., userDataDir: C:\Users\UDAYAS~1\AppData\L...}, fedcm:accounts: true, goog:chromeOptions: {debuggerAddress: localhost:63981}, networkConnectionEnabled: false, pageLoadStrategy: normal, platformName: windows, proxy: Proxy(), se:cdp: ws://localhost:63981/devtoo..., se:cdpVersion: 139.0.7258.139, setWindowRect: true, strictFileInteractability: false, timeouts: {implicit: 0, pageLoad: 300000, script: 30000}, unhandledPromptBehavior: dismiss and notify, webauthn:extension:credBlob: true, webauthn:extension:largeBlob: true, webauthn:extension:minPinLength: true, webauthn:extension:prf: true, webauthn:virtualAuthenticators: true}
Element: [[ChromeDriver: chrome on windows (82a7d8b643767fbcbc13d7046861c8f9)] -> xpath: //a[text()='Dress ']]
Session ID: 82a7d8b643767fbcbc13d7046861c8f9
at org.openqa.selenium.remote.ErrorCodec.decode(ErrorCodec.java:167)
at org.openqa.selenium.remote.codec.w3c.W3CHttpResponseCodec.decode(W3CHttpResponseCodec.java:138)
at org.openqa.selenium.remote.codec.w3c.W3CHttpResponseCodec.decode(W3CHttpResponseCodec.java:50)
at org.openqa.selenium.remote.HttpCommandExecutor.execute(HttpCommandExecutor.java:215)
at org.openqa.selenium.remote.service.DriverCommandExecutor.invokeExecute(DriverCommandExecutor.java:216)
at org.openqa.selenium.remote.service.DriverCommandExecutor.execute(DriverCommandExecutor.java:174)
at org.openqa.selenium.remote.RemoteWebDriver.execute(RemoteWebDriver.java:557)
at org.openqa.selenium.remote.RemoteWebElement.execute(RemoteWebElement.java:223)
at org.openqa.selenium.remote.RemoteWebElement.click(RemoteWebElement.java:76)
at org.openqa.selenium.support.pagefactory.internal.LocatingElementHandler.invoke(LocatingElementHandler.java:51)
at jdk.proxy2/jdk.proxy2.$Proxy31.click(Unknown Source)
at pageObjects.HomePage.clickBtnDressSubWomenCategories(HomePage.java:296)
at testCases.TC018_ViewCategoryProducts.testViewCategoryProducts(TC018_ViewCategoryProducts.java:71)
at java.base/java.util.ArrayList.forEach(ArrayList.java:1596)
... Removed 30 stack frames]]>
    </failure>
  </testcase> <!-- testViewCategoryProducts -->
  <testcase classname="testCases.TC005_RegisterUserWithExistingEmail" name="verifyRegisterUserWithExistingEmailFlow" time="23.464">
    <failure type="org.openqa.selenium.NoSuchElementException" message="no such element: Unable to locate element: {&amp;quot;method&amp;quot;:&amp;quot;xpath&amp;quot;,&amp;quot;selector&amp;quot;:&amp;quot;//p[text()=&amp;apos;Email Address already exist!&amp;apos;]&amp;quot;}
  (Session info: chrome=139.0.7258.139)
For documentation on this error, please visit: https://www.selenium.dev/documentation/webdriver/troubleshooting/errors#no-such-element-exception
Build info: version: &amp;apos;4.35.0&amp;apos;, revision: &amp;apos;1c58e5028b&amp;apos;
System info: os.name: &amp;apos;Windows 10&amp;apos;, os.arch: &amp;apos;amd64&amp;apos;, os.version: &amp;apos;10.0&amp;apos;, java.version: &amp;apos;21.0.1&amp;apos;
Driver info: org.openqa.selenium.chrome.ChromeDriver
Command: [b4d193cb3980e89bddf0ff24d7c46819, findElement {value=//p[text()=&amp;apos;Email Address already exist!&amp;apos;], using=xpath}]
Capabilities {acceptInsecureCerts: false, browserName: chrome, browserVersion: 139.0.7258.139, chrome: {chromedriverVersion: 139.0.7258.138 (884e54ea8d4..., userDataDir: C:\Users\UDAYAS~1\AppData\L...}, fedcm:accounts: true, goog:chromeOptions: {debuggerAddress: localhost:64031}, networkConnectionEnabled: false, pageLoadStrategy: normal, platformName: windows, proxy: Proxy(), se:cdp: ws://localhost:64031/devtoo..., se:cdpVersion: 139.0.7258.139, setWindowRect: true, strictFileInteractability: false, timeouts: {implicit: 0, pageLoad: 300000, script: 30000}, unhandledPromptBehavior: dismiss and notify, webauthn:extension:credBlob: true, webauthn:extension:largeBlob: true, webauthn:extension:minPinLength: true, webauthn:extension:prf: true, webauthn:virtualAuthenticators: true}
Session ID: b4d193cb3980e89bddf0ff24d7c46819">
      <![CDATA[org.openqa.selenium.NoSuchElementException: no such element: Unable to locate element: {"method":"xpath","selector":"//p[text()='Email Address already exist!']"}
  (Session info: chrome=139.0.7258.139)
For documentation on this error, please visit: https://www.selenium.dev/documentation/webdriver/troubleshooting/errors#no-such-element-exception
Build info: version: '4.35.0', revision: '1c58e5028b'
System info: os.name: 'Windows 10', os.arch: 'amd64', os.version: '10.0', java.version: '21.0.1'
Driver info: org.openqa.selenium.chrome.ChromeDriver
Command: [b4d193cb3980e89bddf0ff24d7c46819, findElement {value=//p[text()='Email Address already exist!'], using=xpath}]
Capabilities {acceptInsecureCerts: false, browserName: chrome, browserVersion: 139.0.7258.139, chrome: {chromedriverVersion: 139.0.7258.138 (884e54ea8d4..., userDataDir: C:\Users\UDAYAS~1\AppData\L...}, fedcm:accounts: true, goog:chromeOptions: {debuggerAddress: localhost:64031}, networkConnectionEnabled: false, pageLoadStrategy: normal, platformName: windows, proxy: Proxy(), se:cdp: ws://localhost:64031/devtoo..., se:cdpVersion: 139.0.7258.139, setWindowRect: true, strictFileInteractability: false, timeouts: {implicit: 0, pageLoad: 300000, script: 30000}, unhandledPromptBehavior: dismiss and notify, webauthn:extension:credBlob: true, webauthn:extension:largeBlob: true, webauthn:extension:minPinLength: true, webauthn:extension:prf: true, webauthn:virtualAuthenticators: true}
Session ID: b4d193cb3980e89bddf0ff24d7c46819
at org.openqa.selenium.remote.ErrorCodec.decode(ErrorCodec.java:167)
at org.openqa.selenium.remote.codec.w3c.W3CHttpResponseCodec.decode(W3CHttpResponseCodec.java:138)
at org.openqa.selenium.remote.codec.w3c.W3CHttpResponseCodec.decode(W3CHttpResponseCodec.java:50)
at org.openqa.selenium.remote.HttpCommandExecutor.execute(HttpCommandExecutor.java:215)
at org.openqa.selenium.remote.service.DriverCommandExecutor.invokeExecute(DriverCommandExecutor.java:216)
at org.openqa.selenium.remote.service.DriverCommandExecutor.execute(DriverCommandExecutor.java:174)
at org.openqa.selenium.remote.RemoteWebDriver.execute(RemoteWebDriver.java:557)
at org.openqa.selenium.remote.ElementLocation$ElementFinder$2.findElement(ElementLocation.java:165)
at org.openqa.selenium.remote.ElementLocation.findElement(ElementLocation.java:59)
at org.openqa.selenium.remote.RemoteWebDriver.findElement(RemoteWebDriver.java:380)
at org.openqa.selenium.remote.RemoteWebDriver.findElement(RemoteWebDriver.java:374)
at org.openqa.selenium.support.pagefactory.DefaultElementLocator.findElement(DefaultElementLocator.java:68)
at org.openqa.selenium.support.pagefactory.internal.LocatingElementHandler.invoke(LocatingElementHandler.java:38)
at jdk.proxy2/jdk.proxy2.$Proxy31.isDisplayed(Unknown Source)
at pageObjects.HomePage.errorMsgEmailAlreadyExist(HomePage.java:186)
at testCases.TC005_RegisterUserWithExistingEmail.verifyRegisterUserWithExistingEmailFlow(TC005_RegisterUserWithExistingEmail.java:61)
at java.base/java.util.ArrayList.forEach(ArrayList.java:1596)
... Removed 28 stack frames]]>
    </failure>
  </testcase> <!-- verifyRegisterUserWithExistingEmailFlow -->
</testsuite> <!-- Chrome Test(failed) -->
