<?xml version="1.0" encoding="UTF-8"?>
<!-- Generated by org.testng.reporters.JUnitXMLReporter -->
<testsuite ignored="0" hostname="DESKTOP-9T08QN7" failures="12" tests="50" name="FireFox Test" time="5464.55" errors="0" timestamp="2025-12-04T16:46:30 IST">
  <testcase classname="testCases.TC001_RegisterUser" name="verifySignupRegistration" time="0.0">
    <skipped/>
  </testcase> <!-- verifySignupRegistration -->
  <testcase classname="testCases.TC001_RegisterUser" name="verifySignupRegistrationAndDeletion" time="0.002">
    <skipped/>
  </testcase> <!-- verifySignupRegistrationAndDeletion -->
  <testcase classname="testCases.TC001_RegisterUser_improved" name="verifyUserRegistrationFlow" time="74.252">
    <skipped/>
  </testcase> <!-- verifyUserRegistrationFlow -->
  <testcase classname="testCases.TC001_RegisterUser_improved" name="verifyUserRegistrationFlow" time="27.248">
    <skipped/>
  </testcase> <!-- verifyUserRegistrationFlow -->
  <testcase classname="testCases.TC001_RegisterUser_improved" name="verifyUserRegistrationFlow" time="41.743">
    <failure type="org.openqa.selenium.TimeoutException" message="Expected condition failed: waiting for visibility of element located by By.xpath: //p[contains(text(),&amp;apos;Information&amp;apos;)] (tried for 10 second(s) with 500 milliseconds interval)
Build info: version: &amp;apos;4.35.0&amp;apos;, revision: &amp;apos;1c58e5028b&amp;apos;
System info: os.name: &amp;apos;Windows 10&amp;apos;, os.arch: &amp;apos;amd64&amp;apos;, os.version: &amp;apos;10.0&amp;apos;, java.version: &amp;apos;21.0.1&amp;apos;
Driver info: org.openqa.selenium.firefox.FirefoxDriver
Capabilities {acceptInsecureCerts: true, browserName: firefox, browserVersion: 144.0, moz:accessibilityChecks: false, moz:buildID: 20251009125714, moz:geckodriverVersion: 0.36.0, moz:headless: false, moz:platformVersion: 10.0, moz:processID: 10272, moz:profile: C:\Users\UDAYAS~1\AppData\L..., moz:shutdownTimeout: 60000, moz:webdriverClick: true, moz:windowless: false, pageLoadStrategy: normal, platformName: windows, proxy: Proxy(), setWindowRect: true, strictFileInteractability: false, timeouts: {implicit: 0, pageLoad: 300000, script: 30000}, unhandledPromptBehavior: dismiss and notify, userAgent: Mozilla/5.0 (Windows NT 10....}
Session ID: 377ad4c4-f9fc-4802-852f-acf1945ad733">
      <![CDATA[org.openqa.selenium.TimeoutException: Expected condition failed: waiting for visibility of element located by By.xpath: //p[contains(text(),'Information')] (tried for 10 second(s) with 500 milliseconds interval)
Build info: version: '4.35.0', revision: '1c58e5028b'
System info: os.name: 'Windows 10', os.arch: 'amd64', os.version: '10.0', java.version: '21.0.1'
Driver info: org.openqa.selenium.firefox.FirefoxDriver
Capabilities {acceptInsecureCerts: true, browserName: firefox, browserVersion: 144.0, moz:accessibilityChecks: false, moz:buildID: 20251009125714, moz:geckodriverVersion: 0.36.0, moz:headless: false, moz:platformVersion: 10.0, moz:processID: 10272, moz:profile: C:\Users\UDAYAS~1\AppData\L..., moz:shutdownTimeout: 60000, moz:webdriverClick: true, moz:windowless: false, pageLoadStrategy: normal, platformName: windows, proxy: Proxy(), setWindowRect: true, strictFileInteractability: false, timeouts: {implicit: 0, pageLoad: 300000, script: 30000}, unhandledPromptBehavior: dismiss and notify, userAgent: Mozilla/5.0 (Windows NT 10....}
Session ID: 377ad4c4-f9fc-4802-852f-acf1945ad733
at org.openqa.selenium.support.ui.WebDriverWait.timeoutException(WebDriverWait.java:84)
at org.openqa.selenium.support.ui.FluentWait.until(FluentWait.java:228)
at testCases.TC001_RegisterUser_improved.waitForVisibility(TC001_RegisterUser_improved.java:91)
at testCases.TC001_RegisterUser_improved.verifyUserRegistrationFlow(TC001_RegisterUser_improved.java:47)
at java.base/java.util.ArrayList.forEach(ArrayList.java:1596)
... Removed 25 stack frames]]>
    </failure>
  </testcase> <!-- verifyUserRegistrationFlow -->
  <testcase classname="testCases.TC002_LoginUserWithCorrectEmailAndPassword" name="verifyLoginUserWithCorrectEmailAndPassword" time="45.176">
    <skipped/>
  </testcase> <!-- verifyLoginUserWithCorrectEmailAndPassword -->
  <testcase classname="testCases.TC002_LoginUserWithCorrectEmailAndPassword" name="verifyLoginUserWithCorrectEmailAndPassword" time="41.007">
    <skipped/>
  </testcase> <!-- verifyLoginUserWithCorrectEmailAndPassword -->
  <testcase classname="testCases.TC002_LoginUserWithCorrectEmailAndPassword" name="verifyLoginUserWithCorrectEmailAndPassword" time="21.231">
    <failure type="java.lang.AssertionError" message="Login page title is mis-match expected [Automation Exercise] but found [Automation Exercise - Signup / Login]">
      <![CDATA[java.lang.AssertionError: Login page title is mis-match expected [Automation Exercise] but found [Automation Exercise - Signup / Login]
at testCases.TC002_LoginUserWithCorrectEmailAndPassword.verifyLoginUserWithCorrectEmailAndPassword(TC002_LoginUserWithCorrectEmailAndPassword.java:68)
at java.base/java.util.ArrayList.forEach(ArrayList.java:1596)
... Removed 30 stack frames]]>
    </failure>
  </testcase> <!-- verifyLoginUserWithCorrectEmailAndPassword -->
  <testcase classname="testCases.TC002_LoginUserWithCorrectEmailAndPassword" name="verifyLoginUserWithCorrectEmailAndPasswordAndDeletion" time="40.627">
    <skipped/>
  </testcase> <!-- verifyLoginUserWithCorrectEmailAndPasswordAndDeletion -->
  <testcase classname="testCases.TC002_LoginUserWithCorrectEmailAndPassword" name="verifyLoginUserWithCorrectEmailAndPasswordAndDeletion" time="38.183">
    <skipped/>
  </testcase> <!-- verifyLoginUserWithCorrectEmailAndPasswordAndDeletion -->
  <testcase classname="testCases.TC002_LoginUserWithCorrectEmailAndPassword" name="verifyLoginUserWithCorrectEmailAndPasswordAndDeletion" time="76.357">
    <failure type="java.lang.AssertionError" message="Login page title is mis-match expected [Automation Exercise] but found [Automation Exercise - Signup / Login]">
      <![CDATA[java.lang.AssertionError: Login page title is mis-match expected [Automation Exercise] but found [Automation Exercise - Signup / Login]
at testCases.TC002_LoginUserWithCorrectEmailAndPassword.verifyLoginUserWithCorrectEmailAndPasswordAndDeletion(TC002_LoginUserWithCorrectEmailAndPassword.java:130)
at java.base/java.util.ArrayList.forEach(ArrayList.java:1596)
... Removed 30 stack frames]]>
    </failure>
  </testcase> <!-- verifyLoginUserWithCorrectEmailAndPasswordAndDeletion -->
  <testcase classname="testCases.TC003_LoginUserIncorrectEmailAndPassword" name="verifyLoginUserIncorrectEmailAndPasswordUsingDataProvider" time="0.0">
    <skipped/>
  </testcase> <!-- verifyLoginUserIncorrectEmailAndPasswordUsingDataProvider -->
  <testcase classname="testCases.TC003_LoginUserIncorrectEmailAndPassword" name="verifyLoginUserIncorrectEmailAndPasswordUsingDataProvider" time="0.0">
    <skipped/>
  </testcase> <!-- verifyLoginUserIncorrectEmailAndPasswordUsingDataProvider -->
  <testcase classname="testCases.TC003_LoginUserIncorrectEmailAndPassword" name="verifyLoginUserIncorrectEmailAndPasswordUsingDataProvider" time="0.0">
    <skipped/>
  </testcase> <!-- verifyLoginUserIncorrectEmailAndPasswordUsingDataProvider -->
  <testcase classname="testCases.TC004_LogoutUser" name="verifyLogoutUserFlow" time="77.619"/>
  <testcase classname="testCases.TC005_RegisterUserWithExistingEmail" name="verifyRegisterUserWithExistingEmailFlow" time="38.118">
    <skipped/>
  </testcase> <!-- verifyRegisterUserWithExistingEmailFlow -->
  <testcase classname="testCases.TC005_RegisterUserWithExistingEmail" name="verifyRegisterUserWithExistingEmailFlow" time="14.588">
    <skipped/>
  </testcase> <!-- verifyRegisterUserWithExistingEmailFlow -->
  <testcase classname="testCases.TC005_RegisterUserWithExistingEmail" name="verifyRegisterUserWithExistingEmailFlow" time="18.529">
    <failure type="org.openqa.selenium.NoSuchElementException" message="Unable to locate element: //p[text()=&amp;apos;Email Address already exist!&amp;apos;]
For documentation on this error, please visit: https://www.selenium.dev/documentation/webdriver/troubleshooting/errors#no-such-element-exception
Build info: version: &amp;apos;4.35.0&amp;apos;, revision: &amp;apos;1c58e5028b&amp;apos;
System info: os.name: &amp;apos;Windows 10&amp;apos;, os.arch: &amp;apos;amd64&amp;apos;, os.version: &amp;apos;10.0&amp;apos;, java.version: &amp;apos;21.0.1&amp;apos;
Driver info: org.openqa.selenium.firefox.FirefoxDriver
Command: [2d01f2fb-46d2-400e-98b9-0d0ccb2461ca, findElement {using=xpath, value=//p[text()=&amp;apos;Email Address already exist!&amp;apos;]}]
Capabilities {acceptInsecureCerts: true, browserName: firefox, browserVersion: 144.0, moz:accessibilityChecks: false, moz:buildID: 20251009125714, moz:geckodriverVersion: 0.36.0, moz:headless: false, moz:platformVersion: 10.0, moz:processID: 17700, moz:profile: C:\Users\UDAYAS~1\AppData\L..., moz:shutdownTimeout: 60000, moz:webdriverClick: true, moz:windowless: false, pageLoadStrategy: normal, platformName: windows, proxy: Proxy(), setWindowRect: true, strictFileInteractability: false, timeouts: {implicit: 0, pageLoad: 300000, script: 30000}, unhandledPromptBehavior: dismiss and notify, userAgent: Mozilla/5.0 (Windows NT 10....}
Session ID: 2d01f2fb-46d2-400e-98b9-0d0ccb2461ca">
      <![CDATA[org.openqa.selenium.NoSuchElementException: Unable to locate element: //p[text()='Email Address already exist!']
For documentation on this error, please visit: https://www.selenium.dev/documentation/webdriver/troubleshooting/errors#no-such-element-exception
Build info: version: '4.35.0', revision: '1c58e5028b'
System info: os.name: 'Windows 10', os.arch: 'amd64', os.version: '10.0', java.version: '21.0.1'
Driver info: org.openqa.selenium.firefox.FirefoxDriver
Command: [2d01f2fb-46d2-400e-98b9-0d0ccb2461ca, findElement {using=xpath, value=//p[text()='Email Address already exist!']}]
Capabilities {acceptInsecureCerts: true, browserName: firefox, browserVersion: 144.0, moz:accessibilityChecks: false, moz:buildID: 20251009125714, moz:geckodriverVersion: 0.36.0, moz:headless: false, moz:platformVersion: 10.0, moz:processID: 17700, moz:profile: C:\Users\UDAYAS~1\AppData\L..., moz:shutdownTimeout: 60000, moz:webdriverClick: true, moz:windowless: false, pageLoadStrategy: normal, platformName: windows, proxy: Proxy(), setWindowRect: true, strictFileInteractability: false, timeouts: {implicit: 0, pageLoad: 300000, script: 30000}, unhandledPromptBehavior: dismiss and notify, userAgent: Mozilla/5.0 (Windows NT 10....}
Session ID: 2d01f2fb-46d2-400e-98b9-0d0ccb2461ca
at org.openqa.selenium.remote.ErrorCodec.decode(ErrorCodec.java:167)
at org.openqa.selenium.remote.codec.w3c.W3CHttpResponseCodec.decode(W3CHttpResponseCodec.java:138)
at org.openqa.selenium.remote.codec.w3c.W3CHttpResponseCodec.decode(W3CHttpResponseCodec.java:50)
at org.openqa.selenium.remote.HttpCommandExecutor.execute(HttpCommandExecutor.java:215)
at org.openqa.selenium.remote.service.DriverCommandExecutor.invokeExecute(DriverCommandExecutor.java:216)
at org.openqa.selenium.remote.service.DriverCommandExecutor.execute(DriverCommandExecutor.java:174)
at org.openqa.selenium.remote.RemoteWebDriver.execute(RemoteWebDriver.java:557)
at org.openqa.selenium.remote.ElementLocation$ElementFinder$2.findElement(ElementLocation.java:165)
at org.openqa.selenium.remote.ElementLocation.findElement(ElementLocation.java:59)
at org.openqa.selenium.remote.RemoteWebDriver.findElement(RemoteWebDriver.java:380)
at org.openqa.selenium.remote.RemoteWebDriver.findElement(RemoteWebDriver.java:374)
at org.openqa.selenium.support.pagefactory.DefaultElementLocator.findElement(DefaultElementLocator.java:68)
at org.openqa.selenium.support.pagefactory.internal.LocatingElementHandler.invoke(LocatingElementHandler.java:38)
at jdk.proxy2/jdk.proxy2.$Proxy31.isDisplayed(Unknown Source)
at pageObjects.HomePage.errorMsgEmailAlreadyExist(HomePage.java:186)
at testCases.TC005_RegisterUserWithExistingEmail.verifyRegisterUserWithExistingEmailFlow(TC005_RegisterUserWithExistingEmail.java:59)
at java.base/java.util.ArrayList.forEach(ArrayList.java:1596)
... Removed 28 stack frames]]>
    </failure>
  </testcase> <!-- verifyRegisterUserWithExistingEmailFlow -->
  <testcase classname="testCases.TC006_ContactUsForm" name="verifyContactUsForm" time="80.098"/>
  <testcase classname="testCases.TC007_VerifyTestCasesPage" name="verifyContactUsForm" time="29.716"/>
  <testcase classname="testCases.TC008_VerifyAllProductsAndProductDetailPage" name="VerifyAllProductsAndProductDetailPage" time="27.887">
    <skipped/>
  </testcase> <!-- VerifyAllProductsAndProductDetailPage -->
  <testcase classname="testCases.TC008_VerifyAllProductsAndProductDetailPage" name="VerifyAllProductsAndProductDetailPage" time="29.338">
    <skipped/>
  </testcase> <!-- VerifyAllProductsAndProductDetailPage -->
  <testcase classname="testCases.TC008_VerifyAllProductsAndProductDetailPage" name="VerifyAllProductsAndProductDetailPage" time="34.606">
    <failure type="org.openqa.selenium.NoSuchElementException" message="Unable to locate element: //a[@data-product-id=&amp;apos;2&amp;apos;]
For documentation on this error, please visit: https://www.selenium.dev/documentation/webdriver/troubleshooting/errors#no-such-element-exception
Build info: version: &amp;apos;4.35.0&amp;apos;, revision: &amp;apos;1c58e5028b&amp;apos;
System info: os.name: &amp;apos;Windows 10&amp;apos;, os.arch: &amp;apos;amd64&amp;apos;, os.version: &amp;apos;10.0&amp;apos;, java.version: &amp;apos;21.0.1&amp;apos;
Driver info: org.openqa.selenium.firefox.FirefoxDriver
Command: [b1d7a71e-5a62-4f2c-a04a-4fdb5c932ad2, findElement {using=xpath, value=//a[@data-product-id=&amp;apos;2&amp;apos;]}]
Capabilities {acceptInsecureCerts: true, browserName: firefox, browserVersion: 144.0, moz:accessibilityChecks: false, moz:buildID: 20251009125714, moz:geckodriverVersion: 0.36.0, moz:headless: false, moz:platformVersion: 10.0, moz:processID: 16628, moz:profile: C:\Users\UDAYAS~1\AppData\L..., moz:shutdownTimeout: 60000, moz:webdriverClick: true, moz:windowless: false, pageLoadStrategy: normal, platformName: windows, proxy: Proxy(), setWindowRect: true, strictFileInteractability: false, timeouts: {implicit: 0, pageLoad: 300000, script: 30000}, unhandledPromptBehavior: dismiss and notify, userAgent: Mozilla/5.0 (Windows NT 10....}
Session ID: b1d7a71e-5a62-4f2c-a04a-4fdb5c932ad2">
      <![CDATA[org.openqa.selenium.NoSuchElementException: Unable to locate element: //a[@data-product-id='2']
For documentation on this error, please visit: https://www.selenium.dev/documentation/webdriver/troubleshooting/errors#no-such-element-exception
Build info: version: '4.35.0', revision: '1c58e5028b'
System info: os.name: 'Windows 10', os.arch: 'amd64', os.version: '10.0', java.version: '21.0.1'
Driver info: org.openqa.selenium.firefox.FirefoxDriver
Command: [b1d7a71e-5a62-4f2c-a04a-4fdb5c932ad2, findElement {using=xpath, value=//a[@data-product-id='2']}]
Capabilities {acceptInsecureCerts: true, browserName: firefox, browserVersion: 144.0, moz:accessibilityChecks: false, moz:buildID: 20251009125714, moz:geckodriverVersion: 0.36.0, moz:headless: false, moz:platformVersion: 10.0, moz:processID: 16628, moz:profile: C:\Users\UDAYAS~1\AppData\L..., moz:shutdownTimeout: 60000, moz:webdriverClick: true, moz:windowless: false, pageLoadStrategy: normal, platformName: windows, proxy: Proxy(), setWindowRect: true, strictFileInteractability: false, timeouts: {implicit: 0, pageLoad: 300000, script: 30000}, unhandledPromptBehavior: dismiss and notify, userAgent: Mozilla/5.0 (Windows NT 10....}
Session ID: b1d7a71e-5a62-4f2c-a04a-4fdb5c932ad2
at org.openqa.selenium.remote.ErrorCodec.decode(ErrorCodec.java:167)
at org.openqa.selenium.remote.codec.w3c.W3CHttpResponseCodec.decode(W3CHttpResponseCodec.java:138)
at org.openqa.selenium.remote.codec.w3c.W3CHttpResponseCodec.decode(W3CHttpResponseCodec.java:50)
at org.openqa.selenium.remote.HttpCommandExecutor.execute(HttpCommandExecutor.java:215)
at org.openqa.selenium.remote.service.DriverCommandExecutor.invokeExecute(DriverCommandExecutor.java:216)
at org.openqa.selenium.remote.service.DriverCommandExecutor.execute(DriverCommandExecutor.java:174)
at org.openqa.selenium.remote.RemoteWebDriver.execute(RemoteWebDriver.java:557)
at org.openqa.selenium.remote.ElementLocation$ElementFinder$2.findElement(ElementLocation.java:165)
at org.openqa.selenium.remote.ElementLocation.findElement(ElementLocation.java:59)
at org.openqa.selenium.remote.RemoteWebDriver.findElement(RemoteWebDriver.java:380)
at org.openqa.selenium.remote.RemoteWebDriver.findElement(RemoteWebDriver.java:374)
at org.openqa.selenium.support.pagefactory.DefaultElementLocator.findElement(DefaultElementLocator.java:68)
at org.openqa.selenium.support.pagefactory.internal.LocatingElementHandler.invoke(LocatingElementHandler.java:38)
at jdk.proxy2/jdk.proxy2.$Proxy31.isDisplayed(Unknown Source)
at pageObjects.ProductsPage.FirstProductNameExist(ProductsPage.java:63)
at testCases.TC008_VerifyAllProductsAndProductDetailPage.isProductDetailsVisible(TC008_VerifyAllProductsAndProductDetailPage.java:97)
at testCases.TC008_VerifyAllProductsAndProductDetailPage.VerifyAllProductsAndProductDetailPage(TC008_VerifyAllProductsAndProductDetailPage.java:78)
at java.base/java.util.ArrayList.forEach(ArrayList.java:1596)
... Removed 28 stack frames]]>
    </failure>
  </testcase> <!-- VerifyAllProductsAndProductDetailPage -->
  <testcase classname="testCases.TC009_Improved" name="VerifySearchProduct" time="39.84">
    <skipped/>
  </testcase> <!-- VerifySearchProduct -->
  <testcase classname="testCases.TC009_Improved" name="VerifySearchProduct" time="40.19">
    <skipped/>
  </testcase> <!-- VerifySearchProduct -->
  <testcase classname="testCases.TC009_Improved" name="VerifySearchProduct" time="63.943">
    <failure type="java.lang.AssertionError" message="Failure occurred: Product not matching search: sleeves printed top - white | expected to contain: shirt expected [true] but found [false]">
      <![CDATA[java.lang.AssertionError: Failure occurred: Product not matching search: sleeves printed top - white | expected to contain: shirt expected [true] but found [false]
at testCases.TC009_Improved.VerifySearchProduct(TC009_Improved.java:67)
at java.base/java.util.ArrayList.forEach(ArrayList.java:1596)
... Removed 26 stack frames]]>
    </failure>
  </testcase> <!-- VerifySearchProduct -->
  <testcase classname="testCases.TC009_SearchProduct" name="VerifySearchProduct" time="180.234">
    <skipped/>
  </testcase> <!-- VerifySearchProduct -->
  <testcase classname="testCases.TC009_SearchProduct" name="VerifySearchProduct" time="49.194">
    <skipped/>
  </testcase> <!-- VerifySearchProduct -->
  <testcase classname="testCases.TC009_SearchProduct" name="VerifySearchProduct" time="49.715">
    <failure type="java.lang.AssertionError" message="Failure occurred: Product not matching search: sleeves printed top - white	searchedkey: shirt expected [true] but found [false]">
      <![CDATA[java.lang.AssertionError: Failure occurred: Product not matching search: sleeves printed top - whitesearchedkey: shirt expected [true] but found [false]
at testCases.TC009_SearchProduct.VerifySearchProduct(TC009_SearchProduct.java:95)
at java.base/java.util.ArrayList.forEach(ArrayList.java:1596)
... Removed 26 stack frames]]>
    </failure>
  </testcase> <!-- VerifySearchProduct -->
  <testcase classname="testCases.TC010_VerifySubscriptionInHomePage" name="VerifySubscriptionInHomePage" time="29.661"/>
  <testcase classname="testCases.TC011_VerifySubscriptionInCartPage" name="VerifySubscriptionInCartPage" time="52.39">
    <skipped/>
  </testcase> <!-- VerifySubscriptionInCartPage -->
  <testcase classname="testCases.TC011_VerifySubscriptionInCartPage" name="VerifySubscriptionInCartPage" time="24.986"/>
  <testcase classname="testCases.TC012_AddProductsInCart" name="VerifyAddProductsInCart" time="24.585">
    <skipped/>
  </testcase> <!-- VerifyAddProductsInCart -->
  <testcase classname="testCases.TC012_AddProductsInCart" name="VerifyAddProductsInCart" time="23.159">
    <skipped/>
  </testcase> <!-- VerifyAddProductsInCart -->
  <testcase classname="testCases.TC012_AddProductsInCart" name="VerifyAddProductsInCart" time="25.9">
    <failure type="org.openqa.selenium.interactions.MoveTargetOutOfBoundsException" message="Move target (540, 763) is out of bounds of viewport dimensions (1366, 643)
Build info: version: &amp;apos;4.35.0&amp;apos;, revision: &amp;apos;1c58e5028b&amp;apos;
System info: os.name: &amp;apos;Windows 10&amp;apos;, os.arch: &amp;apos;amd64&amp;apos;, os.version: &amp;apos;10.0&amp;apos;, java.version: &amp;apos;21.0.1&amp;apos;
Driver info: org.openqa.selenium.firefox.FirefoxDriver
Command: [538d9309-8909-4799-9209-d0106cdc755f, actions {actions=[org.openqa.selenium.interactions.Sequence@61a74188]}]
Capabilities {acceptInsecureCerts: true, browserName: firefox, browserVersion: 144.0, moz:accessibilityChecks: false, moz:buildID: 20251009125714, moz:geckodriverVersion: 0.36.0, moz:headless: false, moz:platformVersion: 10.0, moz:processID: 4656, moz:profile: C:\Users\UDAYAS~1\AppData\L..., moz:shutdownTimeout: 60000, moz:webdriverClick: true, moz:windowless: false, pageLoadStrategy: normal, platformName: windows, proxy: Proxy(), setWindowRect: true, strictFileInteractability: false, timeouts: {implicit: 0, pageLoad: 300000, script: 30000}, unhandledPromptBehavior: dismiss and notify, userAgent: Mozilla/5.0 (Windows NT 10....}
Session ID: 538d9309-8909-4799-9209-d0106cdc755f">
      <![CDATA[org.openqa.selenium.interactions.MoveTargetOutOfBoundsException: Move target (540, 763) is out of bounds of viewport dimensions (1366, 643)
Build info: version: '4.35.0', revision: '1c58e5028b'
System info: os.name: 'Windows 10', os.arch: 'amd64', os.version: '10.0', java.version: '21.0.1'
Driver info: org.openqa.selenium.firefox.FirefoxDriver
Command: [538d9309-8909-4799-9209-d0106cdc755f, actions {actions=[org.openqa.selenium.interactions.Sequence@61a74188]}]
Capabilities {acceptInsecureCerts: true, browserName: firefox, browserVersion: 144.0, moz:accessibilityChecks: false, moz:buildID: 20251009125714, moz:geckodriverVersion: 0.36.0, moz:headless: false, moz:platformVersion: 10.0, moz:processID: 4656, moz:profile: C:\Users\UDAYAS~1\AppData\L..., moz:shutdownTimeout: 60000, moz:webdriverClick: true, moz:windowless: false, pageLoadStrategy: normal, platformName: windows, proxy: Proxy(), setWindowRect: true, strictFileInteractability: false, timeouts: {implicit: 0, pageLoad: 300000, script: 30000}, unhandledPromptBehavior: dismiss and notify, userAgent: Mozilla/5.0 (Windows NT 10....}
Session ID: 538d9309-8909-4799-9209-d0106cdc755f
at org.openqa.selenium.remote.ErrorCodec.decode(ErrorCodec.java:167)
at org.openqa.selenium.remote.codec.w3c.W3CHttpResponseCodec.decode(W3CHttpResponseCodec.java:138)
at org.openqa.selenium.remote.codec.w3c.W3CHttpResponseCodec.decode(W3CHttpResponseCodec.java:50)
at org.openqa.selenium.remote.HttpCommandExecutor.execute(HttpCommandExecutor.java:215)
at org.openqa.selenium.remote.service.DriverCommandExecutor.invokeExecute(DriverCommandExecutor.java:216)
at org.openqa.selenium.remote.service.DriverCommandExecutor.execute(DriverCommandExecutor.java:174)
at org.openqa.selenium.remote.RemoteWebDriver.execute(RemoteWebDriver.java:557)
at org.openqa.selenium.remote.RemoteWebDriver.perform(RemoteWebDriver.java:643)
at org.openqa.selenium.interactions.Actions$BuiltAction.perform(Actions.java:616)
at org.openqa.selenium.interactions.Actions.perform(Actions.java:581)
at testCases.TC012_AddProductsInCart.VerifyAddProductsInCart(TC012_AddProductsInCart.java:57)
at java.base/java.util.ArrayList.forEach(ArrayList.java:1596)
... Removed 28 stack frames]]>
    </failure>
  </testcase> <!-- VerifyAddProductsInCart -->
  <testcase classname="testCases.TC013_VerifyProductQuantityInCart" name="VerifyProductQuantityInCart" time="77.262"/>
  <testcase classname="testCases.TC014_PlaceOrderRegisterWhileCheckout" name="VerifyPlaceOrderRegisterWhileCheckout" time="53.271">
    <skipped/>
  </testcase> <!-- VerifyPlaceOrderRegisterWhileCheckout -->
  <testcase classname="testCases.TC014_PlaceOrderRegisterWhileCheckout" name="VerifyPlaceOrderRegisterWhileCheckout" time="39.75">
    <skipped/>
  </testcase> <!-- VerifyPlaceOrderRegisterWhileCheckout -->
  <testcase classname="testCases.TC014_PlaceOrderRegisterWhileCheckout" name="VerifyPlaceOrderRegisterWhileCheckout" time="21.106">
    <failure type="org.openqa.selenium.ElementNotInteractableException" message="Element &amp;lt;u&amp;gt; could not be scrolled into view
Build info: version: &amp;apos;4.35.0&amp;apos;, revision: &amp;apos;1c58e5028b&amp;apos;
System info: os.name: &amp;apos;Windows 10&amp;apos;, os.arch: &amp;apos;amd64&amp;apos;, os.version: &amp;apos;10.0&amp;apos;, java.version: &amp;apos;21.0.1&amp;apos;
Driver info: org.openqa.selenium.firefox.FirefoxDriver
Command: [0f06d337-ae0a-4168-8dec-8a53e7e733d4, clickElement {id=fdc769fc-de7f-431b-93f8-3cb91709bca2}]
Capabilities {acceptInsecureCerts: true, browserName: firefox, browserVersion: 144.0, moz:accessibilityChecks: false, moz:buildID: 20251009125714, moz:geckodriverVersion: 0.36.0, moz:headless: false, moz:platformVersion: 10.0, moz:processID: 14432, moz:profile: C:\Users\UDAYAS~1\AppData\L..., moz:shutdownTimeout: 60000, moz:webdriverClick: true, moz:windowless: false, pageLoadStrategy: normal, platformName: windows, proxy: Proxy(), setWindowRect: true, strictFileInteractability: false, timeouts: {implicit: 0, pageLoad: 300000, script: 30000}, unhandledPromptBehavior: dismiss and notify, userAgent: Mozilla/5.0 (Windows NT 10....}
Element: [[FirefoxDriver: firefox on windows (0f06d337-ae0a-4168-8dec-8a53e7e733d4)] -&amp;gt; xpath: //u[text()=&amp;apos;Register / Login&amp;apos;]]
Session ID: 0f06d337-ae0a-4168-8dec-8a53e7e733d4">
      <![CDATA[org.openqa.selenium.ElementNotInteractableException: Element <u> could not be scrolled into view
Build info: version: '4.35.0', revision: '1c58e5028b'
System info: os.name: 'Windows 10', os.arch: 'amd64', os.version: '10.0', java.version: '21.0.1'
Driver info: org.openqa.selenium.firefox.FirefoxDriver
Command: [0f06d337-ae0a-4168-8dec-8a53e7e733d4, clickElement {id=fdc769fc-de7f-431b-93f8-3cb91709bca2}]
Capabilities {acceptInsecureCerts: true, browserName: firefox, browserVersion: 144.0, moz:accessibilityChecks: false, moz:buildID: 20251009125714, moz:geckodriverVersion: 0.36.0, moz:headless: false, moz:platformVersion: 10.0, moz:processID: 14432, moz:profile: C:\Users\UDAYAS~1\AppData\L..., moz:shutdownTimeout: 60000, moz:webdriverClick: true, moz:windowless: false, pageLoadStrategy: normal, platformName: windows, proxy: Proxy(), setWindowRect: true, strictFileInteractability: false, timeouts: {implicit: 0, pageLoad: 300000, script: 30000}, unhandledPromptBehavior: dismiss and notify, userAgent: Mozilla/5.0 (Windows NT 10....}
Element: [[FirefoxDriver: firefox on windows (0f06d337-ae0a-4168-8dec-8a53e7e733d4)] -> xpath: //u[text()='Register / Login']]
Session ID: 0f06d337-ae0a-4168-8dec-8a53e7e733d4
at org.openqa.selenium.remote.ErrorCodec.decode(ErrorCodec.java:167)
at org.openqa.selenium.remote.codec.w3c.W3CHttpResponseCodec.decode(W3CHttpResponseCodec.java:138)
at org.openqa.selenium.remote.codec.w3c.W3CHttpResponseCodec.decode(W3CHttpResponseCodec.java:50)
at org.openqa.selenium.remote.HttpCommandExecutor.execute(HttpCommandExecutor.java:215)
at org.openqa.selenium.remote.service.DriverCommandExecutor.invokeExecute(DriverCommandExecutor.java:216)
at org.openqa.selenium.remote.service.DriverCommandExecutor.execute(DriverCommandExecutor.java:174)
at org.openqa.selenium.remote.RemoteWebDriver.execute(RemoteWebDriver.java:557)
at org.openqa.selenium.remote.RemoteWebElement.execute(RemoteWebElement.java:223)
at org.openqa.selenium.remote.RemoteWebElement.click(RemoteWebElement.java:76)
at org.openqa.selenium.support.pagefactory.internal.LocatingElementHandler.invoke(LocatingElementHandler.java:51)
at jdk.proxy2/jdk.proxy2.$Proxy31.click(Unknown Source)
at pageObjects.CartPage.clickBtnRegisterOrLogin(CartPage.java:39)
at testCases.TC014_PlaceOrderRegisterWhileCheckout.VerifyPlaceOrderRegisterWhileCheckout(TC014_PlaceOrderRegisterWhileCheckout.java:103)
at java.base/java.util.ArrayList.forEach(ArrayList.java:1596)
... Removed 30 stack frames]]>
    </failure>
  </testcase> <!-- VerifyPlaceOrderRegisterWhileCheckout -->
  <testcase classname="testCases.TC015_PlaceOrderRegisterBeforeCheckout" name="VerifyPlaceOrderRegisterBeforeCheckout" time="33.956">
    <skipped/>
  </testcase> <!-- VerifyPlaceOrderRegisterBeforeCheckout -->
  <testcase classname="testCases.TC015_PlaceOrderRegisterBeforeCheckout" name="VerifyPlaceOrderRegisterBeforeCheckout" time="18.843">
    <skipped/>
  </testcase> <!-- VerifyPlaceOrderRegisterBeforeCheckout -->
  <testcase classname="testCases.TC015_PlaceOrderRegisterBeforeCheckout" name="VerifyPlaceOrderRegisterBeforeCheckout" time="29.324">
    <failure type="org.openqa.selenium.NoSuchElementException" message="Unable to locate element: //input[@id=&amp;apos;id_gender1&amp;apos;]
For documentation on this error, please visit: https://www.selenium.dev/documentation/webdriver/troubleshooting/errors#no-such-element-exception
Build info: version: &amp;apos;4.35.0&amp;apos;, revision: &amp;apos;1c58e5028b&amp;apos;
System info: os.name: &amp;apos;Windows 10&amp;apos;, os.arch: &amp;apos;amd64&amp;apos;, os.version: &amp;apos;10.0&amp;apos;, java.version: &amp;apos;21.0.1&amp;apos;
Driver info: org.openqa.selenium.firefox.FirefoxDriver
Command: [d0ccc72e-dc95-4b08-95e9-509c2f679a88, findElement {using=xpath, value=//input[@id=&amp;apos;id_gender1&amp;apos;]}]
Capabilities {acceptInsecureCerts: true, browserName: firefox, browserVersion: 144.0, moz:accessibilityChecks: false, moz:buildID: 20251009125714, moz:geckodriverVersion: 0.36.0, moz:headless: false, moz:platformVersion: 10.0, moz:processID: 14044, moz:profile: C:\Users\UDAYAS~1\AppData\L..., moz:shutdownTimeout: 60000, moz:webdriverClick: true, moz:windowless: false, pageLoadStrategy: normal, platformName: windows, proxy: Proxy(), setWindowRect: true, strictFileInteractability: false, timeouts: {implicit: 0, pageLoad: 300000, script: 30000}, unhandledPromptBehavior: dismiss and notify, userAgent: Mozilla/5.0 (Windows NT 10....}
Session ID: d0ccc72e-dc95-4b08-95e9-509c2f679a88">
      <![CDATA[org.openqa.selenium.NoSuchElementException: Unable to locate element: //input[@id='id_gender1']
For documentation on this error, please visit: https://www.selenium.dev/documentation/webdriver/troubleshooting/errors#no-such-element-exception
Build info: version: '4.35.0', revision: '1c58e5028b'
System info: os.name: 'Windows 10', os.arch: 'amd64', os.version: '10.0', java.version: '21.0.1'
Driver info: org.openqa.selenium.firefox.FirefoxDriver
Command: [d0ccc72e-dc95-4b08-95e9-509c2f679a88, findElement {using=xpath, value=//input[@id='id_gender1']}]
Capabilities {acceptInsecureCerts: true, browserName: firefox, browserVersion: 144.0, moz:accessibilityChecks: false, moz:buildID: 20251009125714, moz:geckodriverVersion: 0.36.0, moz:headless: false, moz:platformVersion: 10.0, moz:processID: 14044, moz:profile: C:\Users\UDAYAS~1\AppData\L..., moz:shutdownTimeout: 60000, moz:webdriverClick: true, moz:windowless: false, pageLoadStrategy: normal, platformName: windows, proxy: Proxy(), setWindowRect: true, strictFileInteractability: false, timeouts: {implicit: 0, pageLoad: 300000, script: 30000}, unhandledPromptBehavior: dismiss and notify, userAgent: Mozilla/5.0 (Windows NT 10....}
Session ID: d0ccc72e-dc95-4b08-95e9-509c2f679a88
at org.openqa.selenium.remote.ErrorCodec.decode(ErrorCodec.java:167)
at org.openqa.selenium.remote.codec.w3c.W3CHttpResponseCodec.decode(W3CHttpResponseCodec.java:138)
at org.openqa.selenium.remote.codec.w3c.W3CHttpResponseCodec.decode(W3CHttpResponseCodec.java:50)
at org.openqa.selenium.remote.HttpCommandExecutor.execute(HttpCommandExecutor.java:215)
at org.openqa.selenium.remote.service.DriverCommandExecutor.invokeExecute(DriverCommandExecutor.java:216)
at org.openqa.selenium.remote.service.DriverCommandExecutor.execute(DriverCommandExecutor.java:174)
at org.openqa.selenium.remote.RemoteWebDriver.execute(RemoteWebDriver.java:557)
at org.openqa.selenium.remote.ElementLocation$ElementFinder$2.findElement(ElementLocation.java:165)
at org.openqa.selenium.remote.ElementLocation.findElement(ElementLocation.java:59)
at org.openqa.selenium.remote.RemoteWebDriver.findElement(RemoteWebDriver.java:380)
at org.openqa.selenium.remote.RemoteWebDriver.findElement(RemoteWebDriver.java:374)
at org.openqa.selenium.support.pagefactory.DefaultElementLocator.findElement(DefaultElementLocator.java:68)
at org.openqa.selenium.support.pagefactory.internal.LocatingElementHandler.invoke(LocatingElementHandler.java:38)
at jdk.proxy2/jdk.proxy2.$Proxy31.click(Unknown Source)
at pageObjects.SignupPage.clickMr(SignupPage.java:125)
at BaseTest.GenericScript.fillAccountDetailsWithRandomData(GenericScript.java:102)
at testCases.TC015_PlaceOrderRegisterBeforeCheckout.VerifyPlaceOrderRegisterBeforeCheckout(TC015_PlaceOrderRegisterBeforeCheckout.java:72)
at java.base/java.util.ArrayList.forEach(ArrayList.java:1596)
... Removed 28 stack frames]]>
    </failure>
  </testcase> <!-- VerifyPlaceOrderRegisterBeforeCheckout -->
  <testcase classname="testCases.TC016_PlaceOrderLoginBeforeCheckout" name="testPlaceOrderLoginBeforeCheckout" time="53.569">
    <skipped/>
  </testcase> <!-- testPlaceOrderLoginBeforeCheckout -->
  <testcase classname="testCases.TC016_PlaceOrderLoginBeforeCheckout" name="testPlaceOrderLoginBeforeCheckout" time="77.131">
    <skipped/>
  </testcase> <!-- testPlaceOrderLoginBeforeCheckout -->
  <testcase classname="testCases.TC016_PlaceOrderLoginBeforeCheckout" name="testPlaceOrderLoginBeforeCheckout" time="38.319">
    <failure type="org.openqa.selenium.interactions.MoveTargetOutOfBoundsException" message="Move target (540, 658) is out of bounds of viewport dimensions (1366, 643)
Build info: version: &amp;apos;4.35.0&amp;apos;, revision: &amp;apos;1c58e5028b&amp;apos;
System info: os.name: &amp;apos;Windows 10&amp;apos;, os.arch: &amp;apos;amd64&amp;apos;, os.version: &amp;apos;10.0&amp;apos;, java.version: &amp;apos;21.0.1&amp;apos;
Driver info: org.openqa.selenium.firefox.FirefoxDriver
Command: [bb34baa4-911f-45d7-a629-0052d2d9892c, actions {actions=[org.openqa.selenium.interactions.Sequence@3c85128a]}]
Capabilities {acceptInsecureCerts: true, browserName: firefox, browserVersion: 144.0, moz:accessibilityChecks: false, moz:buildID: 20251009125714, moz:geckodriverVersion: 0.36.0, moz:headless: false, moz:platformVersion: 10.0, moz:processID: 15728, moz:profile: C:\Users\UDAYAS~1\AppData\L..., moz:shutdownTimeout: 60000, moz:webdriverClick: true, moz:windowless: false, pageLoadStrategy: normal, platformName: windows, proxy: Proxy(), setWindowRect: true, strictFileInteractability: false, timeouts: {implicit: 0, pageLoad: 300000, script: 30000}, unhandledPromptBehavior: dismiss and notify, userAgent: Mozilla/5.0 (Windows NT 10....}
Session ID: bb34baa4-911f-45d7-a629-0052d2d9892c">
      <![CDATA[org.openqa.selenium.interactions.MoveTargetOutOfBoundsException: Move target (540, 658) is out of bounds of viewport dimensions (1366, 643)
Build info: version: '4.35.0', revision: '1c58e5028b'
System info: os.name: 'Windows 10', os.arch: 'amd64', os.version: '10.0', java.version: '21.0.1'
Driver info: org.openqa.selenium.firefox.FirefoxDriver
Command: [bb34baa4-911f-45d7-a629-0052d2d9892c, actions {actions=[org.openqa.selenium.interactions.Sequence@3c85128a]}]
Capabilities {acceptInsecureCerts: true, browserName: firefox, browserVersion: 144.0, moz:accessibilityChecks: false, moz:buildID: 20251009125714, moz:geckodriverVersion: 0.36.0, moz:headless: false, moz:platformVersion: 10.0, moz:processID: 15728, moz:profile: C:\Users\UDAYAS~1\AppData\L..., moz:shutdownTimeout: 60000, moz:webdriverClick: true, moz:windowless: false, pageLoadStrategy: normal, platformName: windows, proxy: Proxy(), setWindowRect: true, strictFileInteractability: false, timeouts: {implicit: 0, pageLoad: 300000, script: 30000}, unhandledPromptBehavior: dismiss and notify, userAgent: Mozilla/5.0 (Windows NT 10....}
Session ID: bb34baa4-911f-45d7-a629-0052d2d9892c
at org.openqa.selenium.remote.ErrorCodec.decode(ErrorCodec.java:167)
at org.openqa.selenium.remote.codec.w3c.W3CHttpResponseCodec.decode(W3CHttpResponseCodec.java:138)
at org.openqa.selenium.remote.codec.w3c.W3CHttpResponseCodec.decode(W3CHttpResponseCodec.java:50)
at org.openqa.selenium.remote.HttpCommandExecutor.execute(HttpCommandExecutor.java:215)
at org.openqa.selenium.remote.service.DriverCommandExecutor.invokeExecute(DriverCommandExecutor.java:216)
at org.openqa.selenium.remote.service.DriverCommandExecutor.execute(DriverCommandExecutor.java:174)
at org.openqa.selenium.remote.RemoteWebDriver.execute(RemoteWebDriver.java:557)
at org.openqa.selenium.remote.RemoteWebDriver.perform(RemoteWebDriver.java:643)
at org.openqa.selenium.interactions.Actions$BuiltAction.perform(Actions.java:616)
at org.openqa.selenium.interactions.Actions.perform(Actions.java:581)
at pageObjects.HomePage.mouseHoverToProduct1(HomePage.java:119)
at testCases.TC016_PlaceOrderLoginBeforeCheckout.testPlaceOrderLoginBeforeCheckout(TC016_PlaceOrderLoginBeforeCheckout.java:80)
at java.base/java.util.ArrayList.forEach(ArrayList.java:1596)
... Removed 28 stack frames]]>
    </failure>
  </testcase> <!-- testPlaceOrderLoginBeforeCheckout -->
  <testcase classname="testCases.TC017_RemoveProductsFromCart" name="testRemoveProductsFromCart" time="12.021">
    <skipped/>
  </testcase> <!-- testRemoveProductsFromCart -->
  <testcase classname="testCases.TC017_RemoveProductsFromCart" name="testRemoveProductsFromCart" time="3.44">
    <skipped/>
  </testcase> <!-- testRemoveProductsFromCart -->
  <testcase classname="testCases.TC017_RemoveProductsFromCart" name="testRemoveProductsFromCart" time="1.568">
    <failure type="java.lang.AssertionError" message="Home page title mismatch expected [Automation Exercise] but found []">
      <![CDATA[java.lang.AssertionError: Home page title mismatch expected [Automation Exercise] but found []
at testCases.TC017_RemoveProductsFromCart.testRemoveProductsFromCart(TC017_RemoveProductsFromCart.java:43)
at java.base/java.util.ArrayList.forEach(ArrayList.java:1596)
... Removed 30 stack frames]]>
    </failure>
  </testcase> <!-- testRemoveProductsFromCart -->
  <testcase classname="testCases.TC018_ViewCategoryProducts" name="testViewCategoryProducts" time="37.186">
    <skipped/>
  </testcase> <!-- testViewCategoryProducts -->
  <testcase classname="testCases.TC018_ViewCategoryProducts" name="testViewCategoryProducts" time="42.799">
    <skipped/>
  </testcase> <!-- testViewCategoryProducts -->
</testsuite> <!-- FireFox Test -->
