<!DOCTYPE html>

<html>
  <head>
  <meta charset='utf-8'>
  <title>TestNG reports</title>

    <link type="text/css" href="testng-reports1.css" rel="stylesheet" id="ultra" />
    <link type="text/css" href="testng-reports.css" rel="stylesheet" id="retro" disabled="false"/>
    <script type="text/javascript" src="jquery-3.6.0.min.js"></script>
    <script type="text/javascript" src="testng-reports.js"></script>
    <script type="text/javascript" src="https://www.google.com/jsapi"></script>
    <script type='text/javascript'>
      google.load('visualization', '1', {packages:['table']});
      google.setOnLoadCallback(drawTable);
      var suiteTableInitFunctions = new Array();
      var suiteTableData = new Array();
    </script>
    <!--
      <script type="text/javascript" src="jquery-ui/js/jquery-ui-1.8.16.custom.min.js"></script>
     -->
  </head>

  <body>    <div class="top-banner-root">
      <span class="top-banner-title-font">Test results</span>
      <button id="button" class="button">Switch Retro Theme</button> <!-- button -->
      <br/>
      <span class="top-banner-font-1">1 suite, 27 failed tests</span>
    </div> <!-- top-banner-root -->
    <div class="navigator-root">
      <div class="navigator-suite-header">
        <span>All suites</span>
        <a href="#" title="Collapse/expand all the suites" class="collapse-all-link">
          <img src="collapseall.gif" class="collapse-all-icon">
          </img> <!-- collapse-all-icon -->
        </a> <!-- collapse-all-link -->
      </div> <!-- navigator-suite-header -->
      <div class="suite">
        <div class="rounded-window">
          <div class="suite-header light-rounded-window-top">
            <a href="#" panel-name="suite-Master_Suite" class="navigator-link">
              <span class="suite-name border-failed">Master-Suite</span>
            </a> <!-- navigator-link -->
          </div> <!-- suite-header light-rounded-window-top -->
          <div class="navigator-suite-content">
            <div class="suite-section-title">
              <span>Info</span>
            </div> <!-- suite-section-title -->
            <div class="suite-section-content">
              <ul>
                <li>
                  <a href="#" panel-name="test-xml-Master_Suite" class="navigator-link ">
                    <span>C:\Users\Udayashankar\eclipse-workspace\PracticeAutomationExcercise\master.xml</span>
                  </a> <!-- navigator-link  -->
                </li>
                <li>
                  <a href="#" panel-name="testlist-Master_Suite" class="navigator-link ">
                    <span class="test-stats">2 tests</span>
                  </a> <!-- navigator-link  -->
                </li>
                <li>
                  <a href="#" panel-name="group-Master_Suite" class="navigator-link ">
                    <span>0 groups</span>
                  </a> <!-- navigator-link  -->
                </li>
                <li>
                  <a href="#" panel-name="times-Master_Suite" class="navigator-link ">
                    <span>Times</span>
                  </a> <!-- navigator-link  -->
                </li>
                <li>
                  <a href="#" panel-name="reporter-Master_Suite" class="navigator-link ">
                    <span>Reporter output</span>
                  </a> <!-- navigator-link  -->
                </li>
                <li>
                  <a href="#" panel-name="ignored-methods-Master_Suite" class="navigator-link ">
                    <span>Ignored methods</span>
                  </a> <!-- navigator-link  -->
                </li>
                <li>
                  <a href="#" panel-name="chronological-Master_Suite" class="navigator-link ">
                    <span>Chronological view</span>
                  </a> <!-- navigator-link  -->
                </li>
              </ul>
            </div> <!-- suite-section-content -->
            <div class="result-section">
              <div class="suite-section-title">
                <span>Results</span>
              </div> <!-- suite-section-title -->
              <div class="suite-section-content">
                <ul>
                  <li>
                    <span class="method-stats">58 methods, 27 failed,   31 passed</span>
                  </li>
                  <li>
                    <span class="method-list-title failed">Failed methods</span>
                    <span class="show-or-hide-methods failed">
                      <a href="#" panel-name="suite-Master_Suite" class="hide-methods failed suite-Master_Suite"> (hide)</a> <!-- hide-methods failed suite-Master_Suite -->
                      <a href="#" panel-name="suite-Master_Suite" class="show-methods failed suite-Master_Suite"> (show)</a> <!-- show-methods failed suite-Master_Suite -->
                    </span>
                    <div class="method-list-content failed suite-Master_Suite">
                      <span>
                        <img src="failed.png" width="3%"/>
                        <a href="#" panel-name="suite-Master_Suite" title="testCases.TC012_AddProductsInCart" class="method navigator-link" hash-for-method="VerifyAddProductsInCart">VerifyAddProductsInCart</a> <!-- method navigator-link -->
                      </span>
                      <br/>
                      <span>
                        <img src="failed.png" width="3%"/>
                        <a href="#" panel-name="suite-Master_Suite" title="testCases.TC012_AddProductsInCart" class="method navigator-link" hash-for-method="VerifyAddProductsInCart">VerifyAddProductsInCart</a> <!-- method navigator-link -->
                      </span>
                      <br/>
                      <span>
                        <img src="failed.png" width="3%"/>
                        <a href="#" panel-name="suite-Master_Suite" title="testCases.TC008_VerifyAllProductsAndProductDetailPage" class="method navigator-link" hash-for-method="VerifyAllProductsAndProductDetailPage">VerifyAllProductsAndProductDetailPage</a> <!-- method navigator-link -->
                      </span>
                      <br/>
                      <span>
                        <img src="failed.png" width="3%"/>
                        <a href="#" panel-name="suite-Master_Suite" title="testCases.TC008_VerifyAllProductsAndProductDetailPage" class="method navigator-link" hash-for-method="VerifyAllProductsAndProductDetailPage">VerifyAllProductsAndProductDetailPage</a> <!-- method navigator-link -->
                      </span>
                      <br/>
                      <span>
                        <img src="failed.png" width="3%"/>
                        <a href="#" panel-name="suite-Master_Suite" title="testCases.TC015_PlaceOrderRegisterBeforeCheckout" class="method navigator-link" hash-for-method="VerifyPlaceOrderRegisterBeforeCheckout">VerifyPlaceOrderRegisterBeforeCheckout</a> <!-- method navigator-link -->
                      </span>
                      <br/>
                      <span>
                        <img src="failed.png" width="3%"/>
                        <a href="#" panel-name="suite-Master_Suite" title="testCases.TC015_PlaceOrderRegisterBeforeCheckout" class="method navigator-link" hash-for-method="VerifyPlaceOrderRegisterBeforeCheckout">VerifyPlaceOrderRegisterBeforeCheckout</a> <!-- method navigator-link -->
                      </span>
                      <br/>
                      <span>
                        <img src="failed.png" width="3%"/>
                        <a href="#" panel-name="suite-Master_Suite" title="testCases.TC014_PlaceOrderRegisterWhileCheckout" class="method navigator-link" hash-for-method="VerifyPlaceOrderRegisterWhileCheckout">VerifyPlaceOrderRegisterWhileCheckout</a> <!-- method navigator-link -->
                      </span>
                      <br/>
                      <span>
                        <img src="failed.png" width="3%"/>
                        <a href="#" panel-name="suite-Master_Suite" title="testCases.TC009_SearchProduct" class="method navigator-link" hash-for-method="VerifySearchProduct">VerifySearchProduct</a> <!-- method navigator-link -->
                      </span>
                      <br/>
                      <span>
                        <img src="failed.png" width="3%"/>
                        <a href="#" panel-name="suite-Master_Suite" title="testCases.TC009_Improved" class="method navigator-link" hash-for-method="VerifySearchProduct">VerifySearchProduct</a> <!-- method navigator-link -->
                      </span>
                      <br/>
                      <span>
                        <img src="failed.png" width="3%"/>
                        <a href="#" panel-name="suite-Master_Suite" title="testCases.TC009_Improved" class="method navigator-link" hash-for-method="VerifySearchProduct">VerifySearchProduct</a> <!-- method navigator-link -->
                      </span>
                      <br/>
                      <span>
                        <img src="failed.png" width="3%"/>
                        <a href="#" panel-name="suite-Master_Suite" title="testCases.TC009_SearchProduct" class="method navigator-link" hash-for-method="VerifySearchProduct">VerifySearchProduct</a> <!-- method navigator-link -->
                      </span>
                      <br/>
                      <span>
                        <img src="failed.png" width="3%"/>
                        <a href="#" panel-name="suite-Master_Suite" title="testCases.TC022_AddToCartFromRecommendedItems" class="method navigator-link" hash-for-method="testAddToCartFromRecommendedItems">testAddToCartFromRecommendedItems</a> <!-- method navigator-link -->
                      </span>
                      <br/>
                      <span>
                        <img src="failed.png" width="3%"/>
                        <a href="#" panel-name="suite-Master_Suite" title="testCases.TC022_AddToCartFromRecommendedItems" class="method navigator-link" hash-for-method="testAddToCartFromRecommendedItems">testAddToCartFromRecommendedItems</a> <!-- method navigator-link -->
                      </span>
                      <br/>
                      <span>
                        <img src="failed.png" width="3%"/>
                        <a href="#" panel-name="suite-Master_Suite" title="testCases.TC024_DownloadInvoiceAfterPurchaseOrder" class="method navigator-link" hash-for-method="testDownloadInvoiceAfterPurchaseOrder">testDownloadInvoiceAfterPurchaseOrder</a> <!-- method navigator-link -->
                      </span>
                      <br/>
                      <span>
                        <img src="failed.png" width="3%"/>
                        <a href="#" panel-name="suite-Master_Suite" title="testCases.TC016_PlaceOrderLoginBeforeCheckout" class="method navigator-link" hash-for-method="testPlaceOrderLoginBeforeCheckout">testPlaceOrderLoginBeforeCheckout</a> <!-- method navigator-link -->
                      </span>
                      <br/>
                      <span>
                        <img src="failed.png" width="3%"/>
                        <a href="#" panel-name="suite-Master_Suite" title="testCases.TC016_PlaceOrderLoginBeforeCheckout" class="method navigator-link" hash-for-method="testPlaceOrderLoginBeforeCheckout">testPlaceOrderLoginBeforeCheckout</a> <!-- method navigator-link -->
                      </span>
                      <br/>
                      <span>
                        <img src="failed.png" width="3%"/>
                        <a href="#" panel-name="suite-Master_Suite" title="testCases.TC017_RemoveProductsFromCart" class="method navigator-link" hash-for-method="testRemoveProductsFromCart">testRemoveProductsFromCart</a> <!-- method navigator-link -->
                      </span>
                      <br/>
                      <span>
                        <img src="failed.png" width="3%"/>
                        <a href="#" panel-name="suite-Master_Suite" title="testCases.TC020_SearchProductsAndVerifyCartAfterLogin" class="method navigator-link" hash-for-method="testSearchProductsAndVerifyCartAfterLogin">testSearchProductsAndVerifyCartAfterLogin</a> <!-- method navigator-link -->
                      </span>
                      <br/>
                      <span>
                        <img src="failed.png" width="3%"/>
                        <a href="#" panel-name="suite-Master_Suite" title="testCases.TC020_SearchProductsAndVerifyCartAfterLogin" class="method navigator-link" hash-for-method="testSearchProductsAndVerifyCartAfterLogin">testSearchProductsAndVerifyCartAfterLogin</a> <!-- method navigator-link -->
                      </span>
                      <br/>
                      <span>
                        <img src="failed.png" width="3%"/>
                        <a href="#" panel-name="suite-Master_Suite" title="testCases.TC023_VerifyAddressDetailsInCheckoutPage" class="method navigator-link" hash-for-method="testVerifyAddressDetailsInCheckoutPage">testVerifyAddressDetailsInCheckoutPage</a> <!-- method navigator-link -->
                      </span>
                      <br/>
                      <span>
                        <img src="failed.png" width="3%"/>
                        <a href="#" panel-name="suite-Master_Suite" title="testCases.TC018_ViewCategoryProducts" class="method navigator-link" hash-for-method="testViewCategoryProducts">testViewCategoryProducts</a> <!-- method navigator-link -->
                      </span>
                      <br/>
                      <span>
                        <img src="failed.png" width="3%"/>
                        <a href="#" panel-name="suite-Master_Suite" title="testCases.TC018_ViewCategoryProducts" class="method navigator-link" hash-for-method="testViewCategoryProducts">testViewCategoryProducts</a> <!-- method navigator-link -->
                      </span>
                      <br/>
                      <span>
                        <img src="failed.png" width="3%"/>
                        <a href="#" panel-name="suite-Master_Suite" title="testCases.TC004_LogoutUser" class="method navigator-link" hash-for-method="verifyLogoutUserFlow">verifyLogoutUserFlow</a> <!-- method navigator-link -->
                      </span>
                      <br/>
                      <span>
                        <img src="failed.png" width="3%"/>
                        <a href="#" panel-name="suite-Master_Suite" title="testCases.TC004_LogoutUser" class="method navigator-link" hash-for-method="verifyLogoutUserFlow">verifyLogoutUserFlow</a> <!-- method navigator-link -->
                      </span>
                      <br/>
                      <span>
                        <img src="failed.png" width="3%"/>
                        <a href="#" panel-name="suite-Master_Suite" title="testCases.TC005_RegisterUserWithExistingEmail" class="method navigator-link" hash-for-method="verifyRegisterUserWithExistingEmailFlow">verifyRegisterUserWithExistingEmailFlow</a> <!-- method navigator-link -->
                      </span>
                      <br/>
                      <span>
                        <img src="failed.png" width="3%"/>
                        <a href="#" panel-name="suite-Master_Suite" title="testCases.TC005_RegisterUserWithExistingEmail" class="method navigator-link" hash-for-method="verifyRegisterUserWithExistingEmailFlow">verifyRegisterUserWithExistingEmailFlow</a> <!-- method navigator-link -->
                      </span>
                      <br/>
                      <span>
                        <img src="failed.png" width="3%"/>
                        <a href="#" panel-name="suite-Master_Suite" title="testCases.TC001_RegisterUser" class="method navigator-link" hash-for-method="verifySignupRegistration">verifySignupRegistration</a> <!-- method navigator-link -->
                      </span>
                      <br/>
                    </div> <!-- method-list-content failed suite-Master_Suite -->
                  </li>
                  <li>
                    <span class="method-list-title passed">Passed methods</span>
                    <span class="show-or-hide-methods passed">
                      <a href="#" panel-name="suite-Master_Suite" class="hide-methods passed suite-Master_Suite"> (hide)</a> <!-- hide-methods passed suite-Master_Suite -->
                      <a href="#" panel-name="suite-Master_Suite" class="show-methods passed suite-Master_Suite"> (show)</a> <!-- show-methods passed suite-Master_Suite -->
                    </span>
                    <div class="method-list-content passed suite-Master_Suite">
                      <span>
                        <img src="passed.png" width="3%"/>
                        <a href="#" panel-name="suite-Master_Suite" title="testCases.TC001_RegisterUser" class="method navigator-link" hash-for-method="VerifyHomePage">VerifyHomePage</a> <!-- method navigator-link -->
                      </span>
                      <br/>
                      <span>
                        <img src="passed.png" width="3%"/>
                        <a href="#" panel-name="suite-Master_Suite" title="testCases.TC001_RegisterUser" class="method navigator-link" hash-for-method="VerifyHomePage">VerifyHomePage</a> <!-- method navigator-link -->
                      </span>
                      <br/>
                      <span>
                        <img src="passed.png" width="3%"/>
                        <a href="#" panel-name="suite-Master_Suite" title="testCases.TC014_PlaceOrderRegisterWhileCheckout" class="method navigator-link" hash-for-method="VerifyPlaceOrderRegisterWhileCheckout">VerifyPlaceOrderRegisterWhileCheckout</a> <!-- method navigator-link -->
                      </span>
                      <br/>
                      <span>
                        <img src="passed.png" width="3%"/>
                        <a href="#" panel-name="suite-Master_Suite" title="testCases.TC013_VerifyProductQuantityInCart" class="method navigator-link" hash-for-method="VerifyProductQuantityInCart">VerifyProductQuantityInCart</a> <!-- method navigator-link -->
                      </span>
                      <br/>
                      <span>
                        <img src="passed.png" width="3%"/>
                        <a href="#" panel-name="suite-Master_Suite" title="testCases.TC013_VerifyProductQuantityInCart" class="method navigator-link" hash-for-method="VerifyProductQuantityInCart">VerifyProductQuantityInCart</a> <!-- method navigator-link -->
                      </span>
                      <br/>
                      <span>
                        <img src="passed.png" width="3%"/>
                        <a href="#" panel-name="suite-Master_Suite" title="testCases.TC011_VerifySubscriptionInCartPage" class="method navigator-link" hash-for-method="VerifySubscriptionInCartPage">VerifySubscriptionInCartPage</a> <!-- method navigator-link -->
                      </span>
                      <br/>
                      <span>
                        <img src="passed.png" width="3%"/>
                        <a href="#" panel-name="suite-Master_Suite" title="testCases.TC011_VerifySubscriptionInCartPage" class="method navigator-link" hash-for-method="VerifySubscriptionInCartPage">VerifySubscriptionInCartPage</a> <!-- method navigator-link -->
                      </span>
                      <br/>
                      <span>
                        <img src="passed.png" width="3%"/>
                        <a href="#" panel-name="suite-Master_Suite" title="testCases.TC010_VerifySubscriptionInHomePage" class="method navigator-link" hash-for-method="VerifySubscriptionInHomePage">VerifySubscriptionInHomePage</a> <!-- method navigator-link -->
                      </span>
                      <br/>
                      <span>
                        <img src="passed.png" width="3%"/>
                        <a href="#" panel-name="suite-Master_Suite" title="testCases.TC010_VerifySubscriptionInHomePage" class="method navigator-link" hash-for-method="VerifySubscriptionInHomePage">VerifySubscriptionInHomePage</a> <!-- method navigator-link -->
                      </span>
                      <br/>
                      <span>
                        <img src="passed.png" width="3%"/>
                        <a href="#" panel-name="suite-Master_Suite" title="testCases.TC021_AddReviewOnProduct" class="method navigator-link" hash-for-method="testAddReviewOnProduct">testAddReviewOnProduct</a> <!-- method navigator-link -->
                      </span>
                      <br/>
                      <span>
                        <img src="passed.png" width="3%"/>
                        <a href="#" panel-name="suite-Master_Suite" title="testCases.TC021_AddReviewOnProduct" class="method navigator-link" hash-for-method="testAddReviewOnProduct">testAddReviewOnProduct</a> <!-- method navigator-link -->
                      </span>
                      <br/>
                      <span>
                        <img src="passed.png" width="3%"/>
                        <a href="#" panel-name="suite-Master_Suite" title="testCases.TC024_DownloadInvoiceAfterPurchaseOrder" class="method navigator-link" hash-for-method="testDownloadInvoiceAfterPurchaseOrder">testDownloadInvoiceAfterPurchaseOrder</a> <!-- method navigator-link -->
                      </span>
                      <br/>
                      <span>
                        <img src="passed.png" width="3%"/>
                        <a href="#" panel-name="suite-Master_Suite" title="testCases.TC017_RemoveProductsFromCart" class="method navigator-link" hash-for-method="testRemoveProductsFromCart">testRemoveProductsFromCart</a> <!-- method navigator-link -->
                      </span>
                      <br/>
                      <span>
                        <img src="passed.png" width="3%"/>
                        <a href="#" panel-name="suite-Master_Suite" title="testCases.TC023_VerifyAddressDetailsInCheckoutPage" class="method navigator-link" hash-for-method="testVerifyAddressDetailsInCheckoutPage">testVerifyAddressDetailsInCheckoutPage</a> <!-- method navigator-link -->
                      </span>
                      <br/>
                      <span>
                        <img src="passed.png" width="3%"/>
                        <a href="#" panel-name="suite-Master_Suite" title="testCases.TC025_VerifyScrollUpUsingArrowButtonAndScrollDownFunctionality" class="method navigator-link" hash-for-method="testVerifyScrollUpUsingArrowButtonAndScrollDownFunctionality">testVerifyScrollUpUsingArrowButtonAndScrollDownFunctionality</a> <!-- method navigator-link -->
                      </span>
                      <br/>
                      <span>
                        <img src="passed.png" width="3%"/>
                        <a href="#" panel-name="suite-Master_Suite" title="testCases.TC025_VerifyScrollUpUsingArrowButtonAndScrollDownFunctionality" class="method navigator-link" hash-for-method="testVerifyScrollUpUsingArrowButtonAndScrollDownFunctionality">testVerifyScrollUpUsingArrowButtonAndScrollDownFunctionality</a> <!-- method navigator-link -->
                      </span>
                      <br/>
                      <span>
                        <img src="passed.png" width="3%"/>
                        <a href="#" panel-name="suite-Master_Suite" title="testCases.TC026_VerifyScrollUpWithoutArrowButtonAndScrollDownFunctionality" class="method navigator-link" hash-for-method="testVerifyScrollUpWithoutArrowButtonAndScrollDownFunctionality">testVerifyScrollUpWithoutArrowButtonAndScrollDownFunctionality</a> <!-- method navigator-link -->
                      </span>
                      <br/>
                      <span>
                        <img src="passed.png" width="3%"/>
                        <a href="#" panel-name="suite-Master_Suite" title="testCases.TC026_VerifyScrollUpWithoutArrowButtonAndScrollDownFunctionality" class="method navigator-link" hash-for-method="testVerifyScrollUpWithoutArrowButtonAndScrollDownFunctionality">testVerifyScrollUpWithoutArrowButtonAndScrollDownFunctionality</a> <!-- method navigator-link -->
                      </span>
                      <br/>
                      <span>
                        <img src="passed.png" width="3%"/>
                        <a href="#" panel-name="suite-Master_Suite" title="testCases.TC019_ViewAndCartBrandProducts" class="method navigator-link" hash-for-method="testViewAndCartBrandProducts">testViewAndCartBrandProducts</a> <!-- method navigator-link -->
                      </span>
                      <br/>
                      <span>
                        <img src="passed.png" width="3%"/>
                        <a href="#" panel-name="suite-Master_Suite" title="testCases.TC019_ViewAndCartBrandProducts" class="method navigator-link" hash-for-method="testViewAndCartBrandProducts">testViewAndCartBrandProducts</a> <!-- method navigator-link -->
                      </span>
                      <br/>
                      <span>
                        <img src="passed.png" width="3%"/>
                        <a href="#" panel-name="suite-Master_Suite" title="testCases.TC007_VerifyTestCasesPage" class="method navigator-link" hash-for-method="verifyContactUsForm">verifyContactUsForm</a> <!-- method navigator-link -->
                      </span>
                      <br/>
                      <span>
                        <img src="passed.png" width="3%"/>
                        <a href="#" panel-name="suite-Master_Suite" title="testCases.TC006_ContactUsForm" class="method navigator-link" hash-for-method="verifyContactUsForm">verifyContactUsForm</a> <!-- method navigator-link -->
                      </span>
                      <br/>
                      <span>
                        <img src="passed.png" width="3%"/>
                        <a href="#" panel-name="suite-Master_Suite" title="testCases.TC006_ContactUsForm" class="method navigator-link" hash-for-method="verifyContactUsForm">verifyContactUsForm</a> <!-- method navigator-link -->
                      </span>
                      <br/>
                      <span>
                        <img src="passed.png" width="3%"/>
                        <a href="#" panel-name="suite-Master_Suite" title="testCases.TC007_VerifyTestCasesPage" class="method navigator-link" hash-for-method="verifyContactUsForm">verifyContactUsForm</a> <!-- method navigator-link -->
                      </span>
                      <br/>
                      <span>
                        <img src="passed.png" width="3%"/>
                        <a href="#" panel-name="suite-Master_Suite" title="testCases.TC003_LoginUserIncorrectEmailAndPassword" class="method navigator-link" hash-for-method="verifyLoginUserIncorrectEmailAndPasswordFlow">verifyLoginUserIncorrectEmailAndPasswordFlow</a> <!-- method navigator-link -->
                      </span>
                      <br/>
                      <span>
                        <img src="passed.png" width="3%"/>
                        <a href="#" panel-name="suite-Master_Suite" title="testCases.TC003_LoginUserIncorrectEmailAndPassword" class="method navigator-link" hash-for-method="verifyLoginUserIncorrectEmailAndPasswordFlow">verifyLoginUserIncorrectEmailAndPasswordFlow</a> <!-- method navigator-link -->
                      </span>
                      <br/>
                      <span>
                        <img src="passed.png" width="3%"/>
                        <a href="#" panel-name="suite-Master_Suite" title="testCases.TC002_LoginUserWithCorrectEmailAndPassword" class="method navigator-link" hash-for-method="verifyLoginUserWithCorrectEmailAndPasswordFlow">verifyLoginUserWithCorrectEmailAndPasswordFlow</a> <!-- method navigator-link -->
                      </span>
                      <br/>
                      <span>
                        <img src="passed.png" width="3%"/>
                        <a href="#" panel-name="suite-Master_Suite" title="testCases.TC002_LoginUserWithCorrectEmailAndPassword" class="method navigator-link" hash-for-method="verifyLoginUserWithCorrectEmailAndPasswordFlow">verifyLoginUserWithCorrectEmailAndPasswordFlow</a> <!-- method navigator-link -->
                      </span>
                      <br/>
                      <span>
                        <img src="passed.png" width="3%"/>
                        <a href="#" panel-name="suite-Master_Suite" title="testCases.TC001_RegisterUser" class="method navigator-link" hash-for-method="verifySignupRegistration">verifySignupRegistration</a> <!-- method navigator-link -->
                      </span>
                      <br/>
                      <span>
                        <img src="passed.png" width="3%"/>
                        <a href="#" panel-name="suite-Master_Suite" title="testCases.TC001_RegisterUser_improved" class="method navigator-link" hash-for-method="verifyUserRegistrationFlow">verifyUserRegistrationFlow</a> <!-- method navigator-link -->
                      </span>
                      <br/>
                      <span>
                        <img src="passed.png" width="3%"/>
                        <a href="#" panel-name="suite-Master_Suite" title="testCases.TC001_RegisterUser_improved" class="method navigator-link" hash-for-method="verifyUserRegistrationFlow">verifyUserRegistrationFlow</a> <!-- method navigator-link -->
                      </span>
                      <br/>
                    </div> <!-- method-list-content passed suite-Master_Suite -->
                  </li>
                </ul>
              </div> <!-- suite-section-content -->
            </div> <!-- result-section -->
          </div> <!-- navigator-suite-content -->
        </div> <!-- rounded-window -->
      </div> <!-- suite -->
    </div> <!-- navigator-root -->
    <div class="wrapper">
      <div class="main-panel-root">
        <div panel-name="suite-Master_Suite" class="panel Master_Suite">
          <div class="suite-Master_Suite-class-failed">
            <div class="main-panel-header rounded-window-top">
              <img src="failed.png"/>
              <span class="class-name">testCases.TC024_DownloadInvoiceAfterPurchaseOrder</span>
            </div> <!-- main-panel-header rounded-window-top -->
            <div class="main-panel-content rounded-window-bottom">
              <div class="method">
                <div class="method-content">
                  <a name="testDownloadInvoiceAfterPurchaseOrder">
                  </a> <!-- testDownloadInvoiceAfterPurchaseOrder -->
                  <span class="method-name">testDownloadInvoiceAfterPurchaseOrder</span>
                  <div class="stack-trace">org.openqa.selenium.interactions.MoveTargetOutOfBoundsException: Move target (540, 658) is out of bounds of viewport dimensions (1366, 643)
Build info: version: &apos;4.35.0&apos;, revision: &apos;1c58e5028b&apos;
System info: os.name: &apos;Windows 10&apos;, os.arch: &apos;amd64&apos;, os.version: &apos;10.0&apos;, java.version: &apos;21.0.1&apos;
Driver info: org.openqa.selenium.firefox.FirefoxDriver
Command: [def48db0-1f01-4bf5-be77-1a471e70e786, actions {actions=[org.openqa.selenium.interactions.Sequence@8dc73c7]}]
Capabilities {acceptInsecureCerts: true, browserName: firefox, browserVersion: 142.0, moz:accessibilityChecks: false, moz:buildID: 20250811145442, moz:geckodriverVersion: 0.36.0, moz:headless: false, moz:platformVersion: 10.0, moz:processID: 6820, moz:profile: C:\Users\UDAYAS~1\AppData\L..., moz:shutdownTimeout: 60000, moz:webdriverClick: true, moz:windowless: false, pageLoadStrategy: normal, platformName: windows, proxy: Proxy(), setWindowRect: true, strictFileInteractability: false, timeouts: {implicit: 0, pageLoad: 300000, script: 30000}, unhandledPromptBehavior: dismiss and notify, userAgent: Mozilla/5.0 (Windows NT 10....}
Session ID: def48db0-1f01-4bf5-be77-1a471e70e786
	at org.openqa.selenium.remote.ErrorCodec.decode(ErrorCodec.java:167)
	at org.openqa.selenium.remote.codec.w3c.W3CHttpResponseCodec.decode(W3CHttpResponseCodec.java:138)
	at org.openqa.selenium.remote.codec.w3c.W3CHttpResponseCodec.decode(W3CHttpResponseCodec.java:50)
	at org.openqa.selenium.remote.HttpCommandExecutor.execute(HttpCommandExecutor.java:215)
	at org.openqa.selenium.remote.service.DriverCommandExecutor.invokeExecute(DriverCommandExecutor.java:216)
	at org.openqa.selenium.remote.service.DriverCommandExecutor.execute(DriverCommandExecutor.java:174)
	at org.openqa.selenium.remote.RemoteWebDriver.execute(RemoteWebDriver.java:557)
	at org.openqa.selenium.remote.RemoteWebDriver.perform(RemoteWebDriver.java:643)
	at org.openqa.selenium.interactions.Actions$BuiltAction.perform(Actions.java:616)
	at org.openqa.selenium.interactions.Actions.perform(Actions.java:581)
	at pageObjects.HomePage.mouseHoverToProduct1(HomePage.java:119)
	at testCases.TC024_DownloadInvoiceAfterPurchaseOrder.testDownloadInvoiceAfterPurchaseOrder(TC024_DownloadInvoiceAfterPurchaseOrder.java:71)
	at java.base/java.util.ArrayList.forEach(ArrayList.java:1596)
... Removed 28 stack frames
</div> <!-- stack-trace -->
                </div> <!-- method-content -->
              </div> <!-- method -->
            </div> <!-- main-panel-content rounded-window-bottom -->
          </div> <!-- suite-Master_Suite-class-failed -->
          <div class="suite-Master_Suite-class-failed">
            <div class="main-panel-header rounded-window-top">
              <img src="failed.png"/>
              <span class="class-name">testCases.TC023_VerifyAddressDetailsInCheckoutPage</span>
            </div> <!-- main-panel-header rounded-window-top -->
            <div class="main-panel-content rounded-window-bottom">
              <div class="method">
                <div class="method-content">
                  <a name="testVerifyAddressDetailsInCheckoutPage">
                  </a> <!-- testVerifyAddressDetailsInCheckoutPage -->
                  <span class="method-name">testVerifyAddressDetailsInCheckoutPage</span>
                  <div class="stack-trace">org.openqa.selenium.interactions.MoveTargetOutOfBoundsException: Move target (540, 658) is out of bounds of viewport dimensions (1366, 643)
Build info: version: &apos;4.35.0&apos;, revision: &apos;1c58e5028b&apos;
System info: os.name: &apos;Windows 10&apos;, os.arch: &apos;amd64&apos;, os.version: &apos;10.0&apos;, java.version: &apos;21.0.1&apos;
Driver info: org.openqa.selenium.firefox.FirefoxDriver
Command: [2de920da-a249-4a5c-8604-a93c534118e8, actions {actions=[org.openqa.selenium.interactions.Sequence@3fe1a2ff]}]
Capabilities {acceptInsecureCerts: true, browserName: firefox, browserVersion: 142.0, moz:accessibilityChecks: false, moz:buildID: 20250811145442, moz:geckodriverVersion: 0.36.0, moz:headless: false, moz:platformVersion: 10.0, moz:processID: 8232, moz:profile: C:\Users\UDAYAS~1\AppData\L..., moz:shutdownTimeout: 60000, moz:webdriverClick: true, moz:windowless: false, pageLoadStrategy: normal, platformName: windows, proxy: Proxy(), setWindowRect: true, strictFileInteractability: false, timeouts: {implicit: 0, pageLoad: 300000, script: 30000}, unhandledPromptBehavior: dismiss and notify, userAgent: Mozilla/5.0 (Windows NT 10....}
Session ID: 2de920da-a249-4a5c-8604-a93c534118e8
	at org.openqa.selenium.remote.ErrorCodec.decode(ErrorCodec.java:167)
	at org.openqa.selenium.remote.codec.w3c.W3CHttpResponseCodec.decode(W3CHttpResponseCodec.java:138)
	at org.openqa.selenium.remote.codec.w3c.W3CHttpResponseCodec.decode(W3CHttpResponseCodec.java:50)
	at org.openqa.selenium.remote.HttpCommandExecutor.execute(HttpCommandExecutor.java:215)
	at org.openqa.selenium.remote.service.DriverCommandExecutor.invokeExecute(DriverCommandExecutor.java:216)
	at org.openqa.selenium.remote.service.DriverCommandExecutor.execute(DriverCommandExecutor.java:174)
	at org.openqa.selenium.remote.RemoteWebDriver.execute(RemoteWebDriver.java:557)
	at org.openqa.selenium.remote.RemoteWebDriver.perform(RemoteWebDriver.java:643)
	at org.openqa.selenium.interactions.Actions$BuiltAction.perform(Actions.java:616)
	at org.openqa.selenium.interactions.Actions.perform(Actions.java:581)
	at pageObjects.HomePage.mouseHoverToProduct1(HomePage.java:119)
	at testCases.TC023_VerifyAddressDetailsInCheckoutPage.testVerifyAddressDetailsInCheckoutPage(TC023_VerifyAddressDetailsInCheckoutPage.java:66)
	at java.base/java.util.ArrayList.forEach(ArrayList.java:1596)
... Removed 28 stack frames
</div> <!-- stack-trace -->
                </div> <!-- method-content -->
              </div> <!-- method -->
            </div> <!-- main-panel-content rounded-window-bottom -->
          </div> <!-- suite-Master_Suite-class-failed -->
          <div class="suite-Master_Suite-class-failed">
            <div class="main-panel-header rounded-window-top">
              <img src="failed.png"/>
              <span class="class-name">testCases.TC009_Improved</span>
            </div> <!-- main-panel-header rounded-window-top -->
            <div class="main-panel-content rounded-window-bottom">
              <div class="method">
                <div class="method-content">
                  <a name="VerifySearchProduct">
                  </a> <!-- VerifySearchProduct -->
                  <span class="method-name">VerifySearchProduct</span>
                  <div class="stack-trace">java.lang.AssertionError: Failure occurred: Home page title mismatch expected [Automation Exercise] but found [automationexercise.com | 520: Web server is returning an unknown error]
	at testCases.TC009_Improved.VerifySearchProduct(TC009_Improved.java:67)
	at java.base/java.util.ArrayList.forEach(ArrayList.java:1596)
... Removed 26 stack frames
</div> <!-- stack-trace -->
                  <em>
(SearchProduct)                  </em>
                </div> <!-- method-content -->
              </div> <!-- method -->
              <div class="method">
                <div class="method-content">
                  <a name="VerifySearchProduct">
                  </a> <!-- VerifySearchProduct -->
                  <span class="method-name">VerifySearchProduct</span>
                  <div class="stack-trace">java.lang.AssertionError: Failure occurred: Product not matching search: sleeves printed top - white | expected to contain: shirt expected [true] but found [false]
	at testCases.TC009_Improved.VerifySearchProduct(TC009_Improved.java:67)
	at java.base/java.util.ArrayList.forEach(ArrayList.java:1596)
... Removed 26 stack frames
</div> <!-- stack-trace -->
                  <em>
(SearchProduct)                  </em>
                </div> <!-- method-content -->
              </div> <!-- method -->
            </div> <!-- main-panel-content rounded-window-bottom -->
          </div> <!-- suite-Master_Suite-class-failed -->
          <div class="suite-Master_Suite-class-failed">
            <div class="main-panel-header rounded-window-top">
              <img src="failed.png"/>
              <span class="class-name">testCases.TC009_SearchProduct</span>
            </div> <!-- main-panel-header rounded-window-top -->
            <div class="main-panel-content rounded-window-bottom">
              <div class="method">
                <div class="method-content">
                  <a name="VerifySearchProduct">
                  </a> <!-- VerifySearchProduct -->
                  <span class="method-name">VerifySearchProduct</span>
                  <div class="stack-trace">java.lang.AssertionError: Failure occurred: Product not matching search: sleeves printed top - white	searchedkey: shirt expected [true] but found [false]
	at testCases.TC009_SearchProduct.VerifySearchProduct(TC009_SearchProduct.java:95)
	at java.base/java.util.ArrayList.forEach(ArrayList.java:1596)
... Removed 26 stack frames
</div> <!-- stack-trace -->
                  <em>
(SearchProduct)                  </em>
                </div> <!-- method-content -->
              </div> <!-- method -->
              <div class="method">
                <div class="method-content">
                  <a name="VerifySearchProduct">
                  </a> <!-- VerifySearchProduct -->
                  <span class="method-name">VerifySearchProduct</span>
                  <div class="stack-trace">java.lang.AssertionError: Failure occurred: Product not matching search: sleeves printed top - white	searchedkey: shirt expected [true] but found [false]
	at testCases.TC009_SearchProduct.VerifySearchProduct(TC009_SearchProduct.java:95)
	at java.base/java.util.ArrayList.forEach(ArrayList.java:1596)
... Removed 26 stack frames
</div> <!-- stack-trace -->
                  <em>
(SearchProduct)                  </em>
                </div> <!-- method-content -->
              </div> <!-- method -->
            </div> <!-- main-panel-content rounded-window-bottom -->
          </div> <!-- suite-Master_Suite-class-failed -->
          <div class="suite-Master_Suite-class-failed">
            <div class="main-panel-header rounded-window-top">
              <img src="failed.png"/>
              <span class="class-name">testCases.TC001_RegisterUser</span>
            </div> <!-- main-panel-header rounded-window-top -->
            <div class="main-panel-content rounded-window-bottom">
              <div class="method">
                <div class="method-content">
                  <a name="verifySignupRegistration">
                  </a> <!-- verifySignupRegistration -->
                  <span class="method-name">verifySignupRegistration</span>
                  <div class="stack-trace">java.lang.AssertionError: Mismatch in the title expected [Automation Exercise - Signup] but found [Automation Exercise - Signup / Login]
	at testCases.TC001_RegisterUser.verifySignupRegistration(TC001_RegisterUser.java:83)
	at java.base/java.util.ArrayList.forEach(ArrayList.java:1596)
... Removed 30 stack frames
</div> <!-- stack-trace -->
                  <em>
(Verify user registration, login and account deletion)                  </em>
                </div> <!-- method-content -->
              </div> <!-- method -->
            </div> <!-- main-panel-content rounded-window-bottom -->
          </div> <!-- suite-Master_Suite-class-failed -->
          <div class="suite-Master_Suite-class-failed">
            <div class="main-panel-header rounded-window-top">
              <img src="failed.png"/>
              <span class="class-name">testCases.TC015_PlaceOrderRegisterBeforeCheckout</span>
            </div> <!-- main-panel-header rounded-window-top -->
            <div class="main-panel-content rounded-window-bottom">
              <div class="method">
                <div class="method-content">
                  <a name="VerifyPlaceOrderRegisterBeforeCheckout">
                  </a> <!-- VerifyPlaceOrderRegisterBeforeCheckout -->
                  <span class="method-name">VerifyPlaceOrderRegisterBeforeCheckout</span>
                  <div class="stack-trace">java.lang.AssertionError: Expected name:tZka is not in Delivery Address:Mr. oIRS RQsr expected [true] but found [false]
	at testCases.TC015_PlaceOrderRegisterBeforeCheckout.VerifyPlaceOrderRegisterBeforeCheckout(TC015_PlaceOrderRegisterBeforeCheckout.java:107)
	at java.base/java.util.ArrayList.forEach(ArrayList.java:1596)
... Removed 28 stack frames
</div> <!-- stack-trace -->
                  <em>
(PlaceOrderRegisterBeforeCheckout)                  </em>
                </div> <!-- method-content -->
              </div> <!-- method -->
              <div class="method">
                <div class="method-content">
                  <a name="VerifyPlaceOrderRegisterBeforeCheckout">
                  </a> <!-- VerifyPlaceOrderRegisterBeforeCheckout -->
                  <span class="method-name">VerifyPlaceOrderRegisterBeforeCheckout</span>
                  <div class="stack-trace">org.openqa.selenium.NoSuchElementException: Unable to locate element: //input[@id=&apos;id_gender1&apos;]
For documentation on this error, please visit: https://www.selenium.dev/documentation/webdriver/troubleshooting/errors#no-such-element-exception
Build info: version: &apos;4.35.0&apos;, revision: &apos;1c58e5028b&apos;
System info: os.name: &apos;Windows 10&apos;, os.arch: &apos;amd64&apos;, os.version: &apos;10.0&apos;, java.version: &apos;21.0.1&apos;
Driver info: org.openqa.selenium.firefox.FirefoxDriver
Command: [aab2b803-4e02-4d7e-a660-ef2b22887c73, findElement {using=xpath, value=//input[@id=&apos;id_gender1&apos;]}]
Capabilities {acceptInsecureCerts: true, browserName: firefox, browserVersion: 142.0, moz:accessibilityChecks: false, moz:buildID: 20250811145442, moz:geckodriverVersion: 0.36.0, moz:headless: false, moz:platformVersion: 10.0, moz:processID: 18204, moz:profile: C:\Users\UDAYAS~1\AppData\L..., moz:shutdownTimeout: 60000, moz:webdriverClick: true, moz:windowless: false, pageLoadStrategy: normal, platformName: windows, proxy: Proxy(), setWindowRect: true, strictFileInteractability: false, timeouts: {implicit: 0, pageLoad: 300000, script: 30000}, unhandledPromptBehavior: dismiss and notify, userAgent: Mozilla/5.0 (Windows NT 10....}
Session ID: aab2b803-4e02-4d7e-a660-ef2b22887c73
	at org.openqa.selenium.remote.ErrorCodec.decode(ErrorCodec.java:167)
	at org.openqa.selenium.remote.codec.w3c.W3CHttpResponseCodec.decode(W3CHttpResponseCodec.java:138)
	at org.openqa.selenium.remote.codec.w3c.W3CHttpResponseCodec.decode(W3CHttpResponseCodec.java:50)
	at org.openqa.selenium.remote.HttpCommandExecutor.execute(HttpCommandExecutor.java:215)
	at org.openqa.selenium.remote.service.DriverCommandExecutor.invokeExecute(DriverCommandExecutor.java:216)
	at org.openqa.selenium.remote.service.DriverCommandExecutor.execute(DriverCommandExecutor.java:174)
	at org.openqa.selenium.remote.RemoteWebDriver.execute(RemoteWebDriver.java:557)
	at org.openqa.selenium.remote.ElementLocation$ElementFinder$2.findElement(ElementLocation.java:165)
	at org.openqa.selenium.remote.ElementLocation.findElement(ElementLocation.java:59)
	at org.openqa.selenium.remote.RemoteWebDriver.findElement(RemoteWebDriver.java:380)
	at org.openqa.selenium.remote.RemoteWebDriver.findElement(RemoteWebDriver.java:374)
	at org.openqa.selenium.support.pagefactory.DefaultElementLocator.findElement(DefaultElementLocator.java:68)
	at org.openqa.selenium.support.pagefactory.internal.LocatingElementHandler.invoke(LocatingElementHandler.java:38)
	at jdk.proxy2/jdk.proxy2.$Proxy31.click(Unknown Source)
	at pageObjects.SignupPage.clickMr(SignupPage.java:125)
	at BaseTest.GenericScript.fillAccountDetailsWithRandomData(GenericScript.java:102)
	at testCases.TC015_PlaceOrderRegisterBeforeCheckout.VerifyPlaceOrderRegisterBeforeCheckout(TC015_PlaceOrderRegisterBeforeCheckout.java:72)
	at java.base/java.util.ArrayList.forEach(ArrayList.java:1596)
... Removed 28 stack frames
</div> <!-- stack-trace -->
                  <em>
(PlaceOrderRegisterBeforeCheckout)                  </em>
                </div> <!-- method-content -->
              </div> <!-- method -->
            </div> <!-- main-panel-content rounded-window-bottom -->
          </div> <!-- suite-Master_Suite-class-failed -->
          <div class="suite-Master_Suite-class-failed">
            <div class="main-panel-header rounded-window-top">
              <img src="failed.png"/>
              <span class="class-name">testCases.TC014_PlaceOrderRegisterWhileCheckout</span>
            </div> <!-- main-panel-header rounded-window-top -->
            <div class="main-panel-content rounded-window-bottom">
              <div class="method">
                <div class="method-content">
                  <a name="VerifyPlaceOrderRegisterWhileCheckout">
                  </a> <!-- VerifyPlaceOrderRegisterWhileCheckout -->
                  <span class="method-name">VerifyPlaceOrderRegisterWhileCheckout</span>
                  <div class="stack-trace">java.lang.AssertionError: mis match title expected [Automation Exercise - Checkout] but found []
	at testCases.TC014_PlaceOrderRegisterWhileCheckout.VerifyPlaceOrderRegisterWhileCheckout(TC014_PlaceOrderRegisterWhileCheckout.java:93)
	at java.base/java.util.ArrayList.forEach(ArrayList.java:1596)
... Removed 30 stack frames
</div> <!-- stack-trace -->
                  <em>
(PlaceOrderRegisterWhileCheckoute)                  </em>
                </div> <!-- method-content -->
              </div> <!-- method -->
            </div> <!-- main-panel-content rounded-window-bottom -->
          </div> <!-- suite-Master_Suite-class-failed -->
          <div class="suite-Master_Suite-class-failed">
            <div class="main-panel-header rounded-window-top">
              <img src="failed.png"/>
              <span class="class-name">testCases.TC018_ViewCategoryProducts</span>
            </div> <!-- main-panel-header rounded-window-top -->
            <div class="main-panel-content rounded-window-bottom">
              <div class="method">
                <div class="method-content">
                  <a name="testViewCategoryProducts">
                  </a> <!-- testViewCategoryProducts -->
                  <span class="method-name">testViewCategoryProducts</span>
                  <div class="stack-trace">org.openqa.selenium.NoSuchFrameException: no such frame
  (Session info: chrome=139.0.7258.139)
Build info: version: &apos;4.35.0&apos;, revision: &apos;1c58e5028b&apos;
System info: os.name: &apos;Windows 10&apos;, os.arch: &apos;amd64&apos;, os.version: &apos;10.0&apos;, java.version: &apos;21.0.1&apos;
Driver info: org.openqa.selenium.chrome.ChromeDriver
Command: [ddb9c733d831c2156103e36643a07e9b, switchToFrame {id=8}]
Capabilities {acceptInsecureCerts: false, browserName: chrome, browserVersion: 139.0.7258.139, chrome: {chromedriverVersion: 139.0.7258.138 (884e54ea8d4..., userDataDir: C:\Users\UDAYAS~1\AppData\L...}, fedcm:accounts: true, goog:chromeOptions: {debuggerAddress: localhost:50917}, networkConnectionEnabled: false, pageLoadStrategy: normal, platformName: windows, proxy: Proxy(), se:cdp: ws://localhost:50917/devtoo..., se:cdpVersion: 139.0.7258.139, setWindowRect: true, strictFileInteractability: false, timeouts: {implicit: 0, pageLoad: 300000, script: 30000}, unhandledPromptBehavior: dismiss and notify, webauthn:extension:credBlob: true, webauthn:extension:largeBlob: true, webauthn:extension:minPinLength: true, webauthn:extension:prf: true, webauthn:virtualAuthenticators: true}
Session ID: ddb9c733d831c2156103e36643a07e9b
	at org.openqa.selenium.remote.ErrorCodec.decode(ErrorCodec.java:167)
	at org.openqa.selenium.remote.codec.w3c.W3CHttpResponseCodec.decode(W3CHttpResponseCodec.java:138)
	at org.openqa.selenium.remote.codec.w3c.W3CHttpResponseCodec.decode(W3CHttpResponseCodec.java:50)
	at org.openqa.selenium.remote.HttpCommandExecutor.execute(HttpCommandExecutor.java:215)
	at org.openqa.selenium.remote.service.DriverCommandExecutor.invokeExecute(DriverCommandExecutor.java:216)
	at org.openqa.selenium.remote.service.DriverCommandExecutor.execute(DriverCommandExecutor.java:174)
	at org.openqa.selenium.remote.RemoteWebDriver.execute(RemoteWebDriver.java:557)
	at org.openqa.selenium.remote.RemoteWebDriver$RemoteTargetLocator.frame(RemoteWebDriver.java:1107)
	at testCases.TC018_ViewCategoryProducts.frameFindingForWebelement(TC018_ViewCategoryProducts.java:113)
	at testCases.TC018_ViewCategoryProducts.testViewCategoryProducts(TC018_ViewCategoryProducts.java:72)
	at java.base/java.util.ArrayList.forEach(ArrayList.java:1596)
... Removed 28 stack frames
</div> <!-- stack-trace -->
                </div> <!-- method-content -->
              </div> <!-- method -->
              <div class="method">
                <div class="method-content">
                  <a name="testViewCategoryProducts">
                  </a> <!-- testViewCategoryProducts -->
                  <span class="method-name">testViewCategoryProducts</span>
                  <div class="stack-trace">org.openqa.selenium.NoSuchFrameException: Unable to locate frame with index: 6
Build info: version: &apos;4.35.0&apos;, revision: &apos;1c58e5028b&apos;
System info: os.name: &apos;Windows 10&apos;, os.arch: &apos;amd64&apos;, os.version: &apos;10.0&apos;, java.version: &apos;21.0.1&apos;
Driver info: org.openqa.selenium.firefox.FirefoxDriver
Command: [5fcf479a-f7da-4c68-8841-4c9ee415dad7, switchToFrame {id=6}]
Capabilities {acceptInsecureCerts: true, browserName: firefox, browserVersion: 142.0, moz:accessibilityChecks: false, moz:buildID: 20250811145442, moz:geckodriverVersion: 0.36.0, moz:headless: false, moz:platformVersion: 10.0, moz:processID: 4752, moz:profile: C:\Users\UDAYAS~1\AppData\L..., moz:shutdownTimeout: 60000, moz:webdriverClick: true, moz:windowless: false, pageLoadStrategy: normal, platformName: windows, proxy: Proxy(), setWindowRect: true, strictFileInteractability: false, timeouts: {implicit: 0, pageLoad: 300000, script: 30000}, unhandledPromptBehavior: dismiss and notify, userAgent: Mozilla/5.0 (Windows NT 10....}
Session ID: 5fcf479a-f7da-4c68-8841-4c9ee415dad7
	at org.openqa.selenium.remote.ErrorCodec.decode(ErrorCodec.java:167)
	at org.openqa.selenium.remote.codec.w3c.W3CHttpResponseCodec.decode(W3CHttpResponseCodec.java:138)
	at org.openqa.selenium.remote.codec.w3c.W3CHttpResponseCodec.decode(W3CHttpResponseCodec.java:50)
	at org.openqa.selenium.remote.HttpCommandExecutor.execute(HttpCommandExecutor.java:215)
	at org.openqa.selenium.remote.service.DriverCommandExecutor.invokeExecute(DriverCommandExecutor.java:216)
	at org.openqa.selenium.remote.service.DriverCommandExecutor.execute(DriverCommandExecutor.java:174)
	at org.openqa.selenium.remote.RemoteWebDriver.execute(RemoteWebDriver.java:557)
	at org.openqa.selenium.remote.RemoteWebDriver$RemoteTargetLocator.frame(RemoteWebDriver.java:1107)
	at testCases.TC018_ViewCategoryProducts.testViewCategoryProducts(TC018_ViewCategoryProducts.java:73)
	at java.base/java.util.ArrayList.forEach(ArrayList.java:1596)
... Removed 28 stack frames
</div> <!-- stack-trace -->
                </div> <!-- method-content -->
              </div> <!-- method -->
            </div> <!-- main-panel-content rounded-window-bottom -->
          </div> <!-- suite-Master_Suite-class-failed -->
          <div class="suite-Master_Suite-class-failed">
            <div class="main-panel-header rounded-window-top">
              <img src="failed.png"/>
              <span class="class-name">testCases.TC020_SearchProductsAndVerifyCartAfterLogin</span>
            </div> <!-- main-panel-header rounded-window-top -->
            <div class="main-panel-content rounded-window-bottom">
              <div class="method">
                <div class="method-content">
                  <a name="testSearchProductsAndVerifyCartAfterLogin">
                  </a> <!-- testSearchProductsAndVerifyCartAfterLogin -->
                  <span class="method-name">testSearchProductsAndVerifyCartAfterLogin</span>
                  <div class="stack-trace">java.lang.AssertionError: Home page title mismatch expected [Automation Exercise] but found [automationexercise.com | 520: Web server is returning an unknown error]
	at testCases.TC020_SearchProductsAndVerifyCartAfterLogin.testSearchProductsAndVerifyCartAfterLogin(TC020_SearchProductsAndVerifyCartAfterLogin.java:53)
	at java.base/java.util.ArrayList.forEach(ArrayList.java:1596)
... Removed 30 stack frames
</div> <!-- stack-trace -->
                </div> <!-- method-content -->
              </div> <!-- method -->
              <div class="method">
                <div class="method-content">
                  <a name="testSearchProductsAndVerifyCartAfterLogin">
                  </a> <!-- testSearchProductsAndVerifyCartAfterLogin -->
                  <span class="method-name">testSearchProductsAndVerifyCartAfterLogin</span>
                  <div class="stack-trace">java.lang.AssertionError: The following asserts failed:
	Mis match in displayed product:little girls mr. panda shirt and searched product:Top expected [true] but found [false],
	Mis match in displayed product:colour blocked shirt  sky blue and searched product:Top expected [true] but found [false]
	at testCases.TC020_SearchProductsAndVerifyCartAfterLogin.testSearchProductsAndVerifyCartAfterLogin(TC020_SearchProductsAndVerifyCartAfterLogin.java:82)
	at java.base/java.util.ArrayList.forEach(ArrayList.java:1596)
... Removed 27 stack frames
</div> <!-- stack-trace -->
                </div> <!-- method-content -->
              </div> <!-- method -->
            </div> <!-- main-panel-content rounded-window-bottom -->
          </div> <!-- suite-Master_Suite-class-failed -->
          <div class="suite-Master_Suite-class-failed">
            <div class="main-panel-header rounded-window-top">
              <img src="failed.png"/>
              <span class="class-name">testCases.TC004_LogoutUser</span>
            </div> <!-- main-panel-header rounded-window-top -->
            <div class="main-panel-content rounded-window-bottom">
              <div class="method">
                <div class="method-content">
                  <a name="verifyLogoutUserFlow">
                  </a> <!-- verifyLogoutUserFlow -->
                  <span class="method-name">verifyLogoutUserFlow</span>
                  <div class="stack-trace">java.lang.AssertionError: Login page title is mis-match expected [Automation Exercise] but found [Automation Exercise - Signup / Login]
	at testCases.TC004_LogoutUser.verifyLogoutUserFlow(TC004_LogoutUser.java:63)
	at java.base/java.util.ArrayList.forEach(ArrayList.java:1596)
... Removed 30 stack frames
</div> <!-- stack-trace -->
                  <em>
(Verify Logout user)                  </em>
                </div> <!-- method-content -->
              </div> <!-- method -->
              <div class="method">
                <div class="method-content">
                  <a name="verifyLogoutUserFlow">
                  </a> <!-- verifyLogoutUserFlow -->
                  <span class="method-name">verifyLogoutUserFlow</span>
                  <div class="stack-trace">java.lang.AssertionError: Login page title is mis-match expected [Automation Exercise] but found [Automation Exercise - Signup / Login]
	at testCases.TC004_LogoutUser.verifyLogoutUserFlow(TC004_LogoutUser.java:63)
	at java.base/java.util.ArrayList.forEach(ArrayList.java:1596)
... Removed 30 stack frames
</div> <!-- stack-trace -->
                  <em>
(Verify Logout user)                  </em>
                </div> <!-- method-content -->
              </div> <!-- method -->
            </div> <!-- main-panel-content rounded-window-bottom -->
          </div> <!-- suite-Master_Suite-class-failed -->
          <div class="suite-Master_Suite-class-failed">
            <div class="main-panel-header rounded-window-top">
              <img src="failed.png"/>
              <span class="class-name">testCases.TC008_VerifyAllProductsAndProductDetailPage</span>
            </div> <!-- main-panel-header rounded-window-top -->
            <div class="main-panel-content rounded-window-bottom">
              <div class="method">
                <div class="method-content">
                  <a name="VerifyAllProductsAndProductDetailPage">
                  </a> <!-- VerifyAllProductsAndProductDetailPage -->
                  <span class="method-name">VerifyAllProductsAndProductDetailPage</span>
                  <div class="stack-trace">org.openqa.selenium.NoSuchElementException: no such element: Unable to locate element: {&quot;method&quot;:&quot;xpath&quot;,&quot;selector&quot;:&quot;//a[@data-product-id=&apos;2&apos;]&quot;}
  (Session info: chrome=139.0.7258.139)
For documentation on this error, please visit: https://www.selenium.dev/documentation/webdriver/troubleshooting/errors#no-such-element-exception
Build info: version: &apos;4.35.0&apos;, revision: &apos;1c58e5028b&apos;
System info: os.name: &apos;Windows 10&apos;, os.arch: &apos;amd64&apos;, os.version: &apos;10.0&apos;, java.version: &apos;21.0.1&apos;
Driver info: org.openqa.selenium.chrome.ChromeDriver
Command: [71aea728f4beb4357882159880e9e629, findElement {using=xpath, value=//a[@data-product-id=&apos;2&apos;]}]
Capabilities {acceptInsecureCerts: false, browserName: chrome, browserVersion: 139.0.7258.139, chrome: {chromedriverVersion: 139.0.7258.138 (884e54ea8d4..., userDataDir: C:\Users\UDAYAS~1\AppData\L...}, fedcm:accounts: true, goog:chromeOptions: {debuggerAddress: localhost:50306}, networkConnectionEnabled: false, pageLoadStrategy: normal, platformName: windows, proxy: Proxy(), se:cdp: ws://localhost:50306/devtoo..., se:cdpVersion: 139.0.7258.139, setWindowRect: true, strictFileInteractability: false, timeouts: {implicit: 0, pageLoad: 300000, script: 30000}, unhandledPromptBehavior: dismiss and notify, webauthn:extension:credBlob: true, webauthn:extension:largeBlob: true, webauthn:extension:minPinLength: true, webauthn:extension:prf: true, webauthn:virtualAuthenticators: true}
Session ID: 71aea728f4beb4357882159880e9e629
	at org.openqa.selenium.remote.ErrorCodec.decode(ErrorCodec.java:167)
	at org.openqa.selenium.remote.codec.w3c.W3CHttpResponseCodec.decode(W3CHttpResponseCodec.java:138)
	at org.openqa.selenium.remote.codec.w3c.W3CHttpResponseCodec.decode(W3CHttpResponseCodec.java:50)
	at org.openqa.selenium.remote.HttpCommandExecutor.execute(HttpCommandExecutor.java:215)
	at org.openqa.selenium.remote.service.DriverCommandExecutor.invokeExecute(DriverCommandExecutor.java:216)
	at org.openqa.selenium.remote.service.DriverCommandExecutor.execute(DriverCommandExecutor.java:174)
	at org.openqa.selenium.remote.RemoteWebDriver.execute(RemoteWebDriver.java:557)
	at org.openqa.selenium.remote.ElementLocation$ElementFinder$2.findElement(ElementLocation.java:165)
	at org.openqa.selenium.remote.ElementLocation.findElement(ElementLocation.java:59)
	at org.openqa.selenium.remote.RemoteWebDriver.findElement(RemoteWebDriver.java:380)
	at org.openqa.selenium.remote.RemoteWebDriver.findElement(RemoteWebDriver.java:374)
	at org.openqa.selenium.support.pagefactory.DefaultElementLocator.findElement(DefaultElementLocator.java:68)
	at org.openqa.selenium.support.pagefactory.internal.LocatingElementHandler.invoke(LocatingElementHandler.java:38)
	at jdk.proxy2/jdk.proxy2.$Proxy31.isDisplayed(Unknown Source)
	at pageObjects.ProductsPage.FirstProductNameExist(ProductsPage.java:63)
	at testCases.TC008_VerifyAllProductsAndProductDetailPage.isProductDetailsVisible(TC008_VerifyAllProductsAndProductDetailPage.java:97)
	at testCases.TC008_VerifyAllProductsAndProductDetailPage.VerifyAllProductsAndProductDetailPage(TC008_VerifyAllProductsAndProductDetailPage.java:78)
	at java.base/java.util.ArrayList.forEach(ArrayList.java:1596)
... Removed 28 stack frames
</div> <!-- stack-trace -->
                  <em>
(Verify all products and product Detail Page)                  </em>
                </div> <!-- method-content -->
              </div> <!-- method -->
              <div class="method">
                <div class="method-content">
                  <a name="VerifyAllProductsAndProductDetailPage">
                  </a> <!-- VerifyAllProductsAndProductDetailPage -->
                  <span class="method-name">VerifyAllProductsAndProductDetailPage</span>
                  <div class="stack-trace">org.openqa.selenium.NoSuchElementException: Unable to locate element: //a[@data-product-id=&apos;2&apos;]
For documentation on this error, please visit: https://www.selenium.dev/documentation/webdriver/troubleshooting/errors#no-such-element-exception
Build info: version: &apos;4.35.0&apos;, revision: &apos;1c58e5028b&apos;
System info: os.name: &apos;Windows 10&apos;, os.arch: &apos;amd64&apos;, os.version: &apos;10.0&apos;, java.version: &apos;21.0.1&apos;
Driver info: org.openqa.selenium.firefox.FirefoxDriver
Command: [36c8a98e-cefa-4a66-af4a-8b8099ffe175, findElement {using=xpath, value=//a[@data-product-id=&apos;2&apos;]}]
Capabilities {acceptInsecureCerts: true, browserName: firefox, browserVersion: 142.0, moz:accessibilityChecks: false, moz:buildID: 20250811145442, moz:geckodriverVersion: 0.36.0, moz:headless: false, moz:platformVersion: 10.0, moz:processID: 14788, moz:profile: C:\Users\UDAYAS~1\AppData\L..., moz:shutdownTimeout: 60000, moz:webdriverClick: true, moz:windowless: false, pageLoadStrategy: normal, platformName: windows, proxy: Proxy(), setWindowRect: true, strictFileInteractability: false, timeouts: {implicit: 0, pageLoad: 300000, script: 30000}, unhandledPromptBehavior: dismiss and notify, userAgent: Mozilla/5.0 (Windows NT 10....}
Session ID: 36c8a98e-cefa-4a66-af4a-8b8099ffe175
	at org.openqa.selenium.remote.ErrorCodec.decode(ErrorCodec.java:167)
	at org.openqa.selenium.remote.codec.w3c.W3CHttpResponseCodec.decode(W3CHttpResponseCodec.java:138)
	at org.openqa.selenium.remote.codec.w3c.W3CHttpResponseCodec.decode(W3CHttpResponseCodec.java:50)
	at org.openqa.selenium.remote.HttpCommandExecutor.execute(HttpCommandExecutor.java:215)
	at org.openqa.selenium.remote.service.DriverCommandExecutor.invokeExecute(DriverCommandExecutor.java:216)
	at org.openqa.selenium.remote.service.DriverCommandExecutor.execute(DriverCommandExecutor.java:174)
	at org.openqa.selenium.remote.RemoteWebDriver.execute(RemoteWebDriver.java:557)
	at org.openqa.selenium.remote.ElementLocation$ElementFinder$2.findElement(ElementLocation.java:165)
	at org.openqa.selenium.remote.ElementLocation.findElement(ElementLocation.java:59)
	at org.openqa.selenium.remote.RemoteWebDriver.findElement(RemoteWebDriver.java:380)
	at org.openqa.selenium.remote.RemoteWebDriver.findElement(RemoteWebDriver.java:374)
	at org.openqa.selenium.support.pagefactory.DefaultElementLocator.findElement(DefaultElementLocator.java:68)
	at org.openqa.selenium.support.pagefactory.internal.LocatingElementHandler.invoke(LocatingElementHandler.java:38)
	at jdk.proxy2/jdk.proxy2.$Proxy31.isDisplayed(Unknown Source)
	at pageObjects.ProductsPage.FirstProductNameExist(ProductsPage.java:63)
	at testCases.TC008_VerifyAllProductsAndProductDetailPage.isProductDetailsVisible(TC008_VerifyAllProductsAndProductDetailPage.java:97)
	at testCases.TC008_VerifyAllProductsAndProductDetailPage.VerifyAllProductsAndProductDetailPage(TC008_VerifyAllProductsAndProductDetailPage.java:78)
	at java.base/java.util.ArrayList.forEach(ArrayList.java:1596)
... Removed 28 stack frames
</div> <!-- stack-trace -->
                  <em>
(Verify all products and product Detail Page)                  </em>
                </div> <!-- method-content -->
              </div> <!-- method -->
            </div> <!-- main-panel-content rounded-window-bottom -->
          </div> <!-- suite-Master_Suite-class-failed -->
          <div class="suite-Master_Suite-class-failed">
            <div class="main-panel-header rounded-window-top">
              <img src="failed.png"/>
              <span class="class-name">testCases.TC017_RemoveProductsFromCart</span>
            </div> <!-- main-panel-header rounded-window-top -->
            <div class="main-panel-content rounded-window-bottom">
              <div class="method">
                <div class="method-content">
                  <a name="testRemoveProductsFromCart">
                  </a> <!-- testRemoveProductsFromCart -->
                  <span class="method-name">testRemoveProductsFromCart</span>
                  <div class="stack-trace">org.openqa.selenium.interactions.MoveTargetOutOfBoundsException: Move target (540, 658) is out of bounds of viewport dimensions (1366, 643)
Build info: version: &apos;4.35.0&apos;, revision: &apos;1c58e5028b&apos;
System info: os.name: &apos;Windows 10&apos;, os.arch: &apos;amd64&apos;, os.version: &apos;10.0&apos;, java.version: &apos;21.0.1&apos;
Driver info: org.openqa.selenium.firefox.FirefoxDriver
Command: [6b77a68e-19c9-4b6e-bca5-36d6a2f78dc1, actions {actions=[org.openqa.selenium.interactions.Sequence@7b5ffde0]}]
Capabilities {acceptInsecureCerts: true, browserName: firefox, browserVersion: 142.0, moz:accessibilityChecks: false, moz:buildID: 20250811145442, moz:geckodriverVersion: 0.36.0, moz:headless: false, moz:platformVersion: 10.0, moz:processID: 9428, moz:profile: C:\Users\UDAYAS~1\AppData\L..., moz:shutdownTimeout: 60000, moz:webdriverClick: true, moz:windowless: false, pageLoadStrategy: normal, platformName: windows, proxy: Proxy(), setWindowRect: true, strictFileInteractability: false, timeouts: {implicit: 0, pageLoad: 300000, script: 30000}, unhandledPromptBehavior: dismiss and notify, userAgent: Mozilla/5.0 (Windows NT 10....}
Session ID: 6b77a68e-19c9-4b6e-bca5-36d6a2f78dc1
	at org.openqa.selenium.remote.ErrorCodec.decode(ErrorCodec.java:167)
	at org.openqa.selenium.remote.codec.w3c.W3CHttpResponseCodec.decode(W3CHttpResponseCodec.java:138)
	at org.openqa.selenium.remote.codec.w3c.W3CHttpResponseCodec.decode(W3CHttpResponseCodec.java:50)
	at org.openqa.selenium.remote.HttpCommandExecutor.execute(HttpCommandExecutor.java:215)
	at org.openqa.selenium.remote.service.DriverCommandExecutor.invokeExecute(DriverCommandExecutor.java:216)
	at org.openqa.selenium.remote.service.DriverCommandExecutor.execute(DriverCommandExecutor.java:174)
	at org.openqa.selenium.remote.RemoteWebDriver.execute(RemoteWebDriver.java:557)
	at org.openqa.selenium.remote.RemoteWebDriver.perform(RemoteWebDriver.java:643)
	at org.openqa.selenium.interactions.Actions$BuiltAction.perform(Actions.java:616)
	at org.openqa.selenium.interactions.Actions.perform(Actions.java:581)
	at pageObjects.HomePage.mouseHoverToProduct1(HomePage.java:119)
	at testCases.TC017_RemoveProductsFromCart.testRemoveProductsFromCart(TC017_RemoveProductsFromCart.java:47)
	at java.base/java.util.ArrayList.forEach(ArrayList.java:1596)
... Removed 28 stack frames
</div> <!-- stack-trace -->
                </div> <!-- method-content -->
              </div> <!-- method -->
            </div> <!-- main-panel-content rounded-window-bottom -->
          </div> <!-- suite-Master_Suite-class-failed -->
          <div class="suite-Master_Suite-class-failed">
            <div class="main-panel-header rounded-window-top">
              <img src="failed.png"/>
              <span class="class-name">testCases.TC016_PlaceOrderLoginBeforeCheckout</span>
            </div> <!-- main-panel-header rounded-window-top -->
            <div class="main-panel-content rounded-window-bottom">
              <div class="method">
                <div class="method-content">
                  <a name="testPlaceOrderLoginBeforeCheckout">
                  </a> <!-- testPlaceOrderLoginBeforeCheckout -->
                  <span class="method-name">testPlaceOrderLoginBeforeCheckout</span>
                  <div class="stack-trace">java.lang.AssertionError: Login page title is mis-match expected [Automation Exercise] but found [Automation Exercise - Signup / Login]
	at testCases.TC016_PlaceOrderLoginBeforeCheckout.testPlaceOrderLoginBeforeCheckout(TC016_PlaceOrderLoginBeforeCheckout.java:75)
	at java.base/java.util.ArrayList.forEach(ArrayList.java:1596)
... Removed 30 stack frames
</div> <!-- stack-trace -->
                </div> <!-- method-content -->
              </div> <!-- method -->
              <div class="method">
                <div class="method-content">
                  <a name="testPlaceOrderLoginBeforeCheckout">
                  </a> <!-- testPlaceOrderLoginBeforeCheckout -->
                  <span class="method-name">testPlaceOrderLoginBeforeCheckout</span>
                  <div class="stack-trace">java.lang.AssertionError: Login page title is mis-match expected [Automation Exercise] but found [Automation Exercise - Signup / Login]
	at testCases.TC016_PlaceOrderLoginBeforeCheckout.testPlaceOrderLoginBeforeCheckout(TC016_PlaceOrderLoginBeforeCheckout.java:75)
	at java.base/java.util.ArrayList.forEach(ArrayList.java:1596)
... Removed 30 stack frames
</div> <!-- stack-trace -->
                </div> <!-- method-content -->
              </div> <!-- method -->
            </div> <!-- main-panel-content rounded-window-bottom -->
          </div> <!-- suite-Master_Suite-class-failed -->
          <div class="suite-Master_Suite-class-failed">
            <div class="main-panel-header rounded-window-top">
              <img src="failed.png"/>
              <span class="class-name">testCases.TC012_AddProductsInCart</span>
            </div> <!-- main-panel-header rounded-window-top -->
            <div class="main-panel-content rounded-window-bottom">
              <div class="method">
                <div class="method-content">
                  <a name="VerifyAddProductsInCart">
                  </a> <!-- VerifyAddProductsInCart -->
                  <span class="method-name">VerifyAddProductsInCart</span>
                  <div class="stack-trace">org.openqa.selenium.NoSuchElementException: no such element: Unable to locate element: {&quot;method&quot;:&quot;xpath&quot;,&quot;selector&quot;:&quot;//a[@data-product-id=&apos;1&apos;]&quot;}
  (Session info: chrome=139.0.7258.139)
For documentation on this error, please visit: https://www.selenium.dev/documentation/webdriver/troubleshooting/errors#no-such-element-exception
Build info: version: &apos;4.35.0&apos;, revision: &apos;1c58e5028b&apos;
System info: os.name: &apos;Windows 10&apos;, os.arch: &apos;amd64&apos;, os.version: &apos;10.0&apos;, java.version: &apos;21.0.1&apos;
Driver info: org.openqa.selenium.chrome.ChromeDriver
Command: [71a4165e87e8ac51a64d7e0a10c5232b, findElement {using=xpath, value=//a[@data-product-id=&apos;1&apos;]}]
Capabilities {acceptInsecureCerts: false, browserName: chrome, browserVersion: 139.0.7258.139, chrome: {chromedriverVersion: 139.0.7258.138 (884e54ea8d4..., userDataDir: C:\Users\UDAYAS~1\AppData\L...}, fedcm:accounts: true, goog:chromeOptions: {debuggerAddress: localhost:50540}, networkConnectionEnabled: false, pageLoadStrategy: normal, platformName: windows, proxy: Proxy(), se:cdp: ws://localhost:50540/devtoo..., se:cdpVersion: 139.0.7258.139, setWindowRect: true, strictFileInteractability: false, timeouts: {implicit: 0, pageLoad: 300000, script: 30000}, unhandledPromptBehavior: dismiss and notify, webauthn:extension:credBlob: true, webauthn:extension:largeBlob: true, webauthn:extension:minPinLength: true, webauthn:extension:prf: true, webauthn:virtualAuthenticators: true}
Session ID: 71a4165e87e8ac51a64d7e0a10c5232b
	at org.openqa.selenium.remote.ErrorCodec.decode(ErrorCodec.java:167)
	at org.openqa.selenium.remote.codec.w3c.W3CHttpResponseCodec.decode(W3CHttpResponseCodec.java:138)
	at org.openqa.selenium.remote.codec.w3c.W3CHttpResponseCodec.decode(W3CHttpResponseCodec.java:50)
	at org.openqa.selenium.remote.HttpCommandExecutor.execute(HttpCommandExecutor.java:215)
	at org.openqa.selenium.remote.service.DriverCommandExecutor.invokeExecute(DriverCommandExecutor.java:216)
	at org.openqa.selenium.remote.service.DriverCommandExecutor.execute(DriverCommandExecutor.java:174)
	at org.openqa.selenium.remote.RemoteWebDriver.execute(RemoteWebDriver.java:557)
	at org.openqa.selenium.remote.ElementLocation$ElementFinder$2.findElement(ElementLocation.java:165)
	at org.openqa.selenium.remote.ElementLocation.findElement(ElementLocation.java:59)
	at org.openqa.selenium.remote.RemoteWebDriver.findElement(RemoteWebDriver.java:380)
	at org.openqa.selenium.remote.RemoteWebDriver.findElement(RemoteWebDriver.java:374)
	at org.openqa.selenium.support.pagefactory.DefaultElementLocator.findElement(DefaultElementLocator.java:68)
	at org.openqa.selenium.support.pagefactory.internal.LocatingElementHandler.invoke(LocatingElementHandler.java:38)
	at jdk.proxy2/jdk.proxy2.$Proxy31.getText(Unknown Source)
	at testCases.TC012_AddProductsInCart.VerifyAddProductsInCart(TC012_AddProductsInCart.java:79)
	at java.base/java.util.ArrayList.forEach(ArrayList.java:1596)
... Removed 28 stack frames
</div> <!-- stack-trace -->
                  <em>
(AddProductsInCart)                  </em>
                </div> <!-- method-content -->
              </div> <!-- method -->
              <div class="method">
                <div class="method-content">
                  <a name="VerifyAddProductsInCart">
                  </a> <!-- VerifyAddProductsInCart -->
                  <span class="method-name">VerifyAddProductsInCart</span>
                  <div class="stack-trace">org.openqa.selenium.interactions.MoveTargetOutOfBoundsException: Move target (540, 763) is out of bounds of viewport dimensions (1366, 643)
Build info: version: &apos;4.35.0&apos;, revision: &apos;1c58e5028b&apos;
System info: os.name: &apos;Windows 10&apos;, os.arch: &apos;amd64&apos;, os.version: &apos;10.0&apos;, java.version: &apos;21.0.1&apos;
Driver info: org.openqa.selenium.firefox.FirefoxDriver
Command: [42ed9ed7-fa41-4ecc-b462-58c61527f148, actions {actions=[org.openqa.selenium.interactions.Sequence@3e6f3ad5]}]
Capabilities {acceptInsecureCerts: true, browserName: firefox, browserVersion: 142.0, moz:accessibilityChecks: false, moz:buildID: 20250811145442, moz:geckodriverVersion: 0.36.0, moz:headless: false, moz:platformVersion: 10.0, moz:processID: 9964, moz:profile: C:\Users\UDAYAS~1\AppData\L..., moz:shutdownTimeout: 60000, moz:webdriverClick: true, moz:windowless: false, pageLoadStrategy: normal, platformName: windows, proxy: Proxy(), setWindowRect: true, strictFileInteractability: false, timeouts: {implicit: 0, pageLoad: 300000, script: 30000}, unhandledPromptBehavior: dismiss and notify, userAgent: Mozilla/5.0 (Windows NT 10....}
Session ID: 42ed9ed7-fa41-4ecc-b462-58c61527f148
	at org.openqa.selenium.remote.ErrorCodec.decode(ErrorCodec.java:167)
	at org.openqa.selenium.remote.codec.w3c.W3CHttpResponseCodec.decode(W3CHttpResponseCodec.java:138)
	at org.openqa.selenium.remote.codec.w3c.W3CHttpResponseCodec.decode(W3CHttpResponseCodec.java:50)
	at org.openqa.selenium.remote.HttpCommandExecutor.execute(HttpCommandExecutor.java:215)
	at org.openqa.selenium.remote.service.DriverCommandExecutor.invokeExecute(DriverCommandExecutor.java:216)
	at org.openqa.selenium.remote.service.DriverCommandExecutor.execute(DriverCommandExecutor.java:174)
	at org.openqa.selenium.remote.RemoteWebDriver.execute(RemoteWebDriver.java:557)
	at org.openqa.selenium.remote.RemoteWebDriver.perform(RemoteWebDriver.java:643)
	at org.openqa.selenium.interactions.Actions$BuiltAction.perform(Actions.java:616)
	at org.openqa.selenium.interactions.Actions.perform(Actions.java:581)
	at testCases.TC012_AddProductsInCart.VerifyAddProductsInCart(TC012_AddProductsInCart.java:57)
	at java.base/java.util.ArrayList.forEach(ArrayList.java:1596)
... Removed 28 stack frames
</div> <!-- stack-trace -->
                  <em>
(AddProductsInCart)                  </em>
                </div> <!-- method-content -->
              </div> <!-- method -->
            </div> <!-- main-panel-content rounded-window-bottom -->
          </div> <!-- suite-Master_Suite-class-failed -->
          <div class="suite-Master_Suite-class-failed">
            <div class="main-panel-header rounded-window-top">
              <img src="failed.png"/>
              <span class="class-name">testCases.TC022_AddToCartFromRecommendedItems</span>
            </div> <!-- main-panel-header rounded-window-top -->
            <div class="main-panel-content rounded-window-bottom">
              <div class="method">
                <div class="method-content">
                  <a name="testAddToCartFromRecommendedItems">
                  </a> <!-- testAddToCartFromRecommendedItems -->
                  <span class="method-name">testAddToCartFromRecommendedItems</span>
                  <div class="stack-trace">java.lang.AssertionError: Unable to navigate to Cart page expected [true] but found [false]
	at testCases.TC022_AddToCartFromRecommendedItems.testAddToCartFromRecommendedItems(TC022_AddToCartFromRecommendedItems.java:65)
	at java.base/java.util.ArrayList.forEach(ArrayList.java:1596)
... Removed 28 stack frames
</div> <!-- stack-trace -->
                </div> <!-- method-content -->
              </div> <!-- method -->
              <div class="method">
                <div class="method-content">
                  <a name="testAddToCartFromRecommendedItems">
                  </a> <!-- testAddToCartFromRecommendedItems -->
                  <span class="method-name">testAddToCartFromRecommendedItems</span>
                  <div class="stack-trace">java.lang.AssertionError: Unable to navigate to Cart page expected [true] but found [false]
	at testCases.TC022_AddToCartFromRecommendedItems.testAddToCartFromRecommendedItems(TC022_AddToCartFromRecommendedItems.java:65)
	at java.base/java.util.ArrayList.forEach(ArrayList.java:1596)
... Removed 28 stack frames
</div> <!-- stack-trace -->
                </div> <!-- method-content -->
              </div> <!-- method -->
            </div> <!-- main-panel-content rounded-window-bottom -->
          </div> <!-- suite-Master_Suite-class-failed -->
          <div class="suite-Master_Suite-class-failed">
            <div class="main-panel-header rounded-window-top">
              <img src="failed.png"/>
              <span class="class-name">testCases.TC005_RegisterUserWithExistingEmail</span>
            </div> <!-- main-panel-header rounded-window-top -->
            <div class="main-panel-content rounded-window-bottom">
              <div class="method">
                <div class="method-content">
                  <a name="verifyRegisterUserWithExistingEmailFlow">
                  </a> <!-- verifyRegisterUserWithExistingEmailFlow -->
                  <span class="method-name">verifyRegisterUserWithExistingEmailFlow</span>
                  <div class="stack-trace">org.openqa.selenium.NoSuchElementException: no such element: Unable to locate element: {&quot;method&quot;:&quot;xpath&quot;,&quot;selector&quot;:&quot;//p[text()=&apos;Email Address already exist!&apos;]&quot;}
  (Session info: chrome=139.0.7258.139)
For documentation on this error, please visit: https://www.selenium.dev/documentation/webdriver/troubleshooting/errors#no-such-element-exception
Build info: version: &apos;4.35.0&apos;, revision: &apos;1c58e5028b&apos;
System info: os.name: &apos;Windows 10&apos;, os.arch: &apos;amd64&apos;, os.version: &apos;10.0&apos;, java.version: &apos;21.0.1&apos;
Driver info: org.openqa.selenium.chrome.ChromeDriver
Command: [2744a59492a38d3832657f7f9a1427b9, findElement {using=xpath, value=//p[text()=&apos;Email Address already exist!&apos;]}]
Capabilities {acceptInsecureCerts: false, browserName: chrome, browserVersion: 139.0.7258.139, chrome: {chromedriverVersion: 139.0.7258.138 (884e54ea8d4..., userDataDir: C:\Users\UDAYAS~1\AppData\L...}, fedcm:accounts: true, goog:chromeOptions: {debuggerAddress: localhost:50044}, networkConnectionEnabled: false, pageLoadStrategy: normal, platformName: windows, proxy: Proxy(), se:cdp: ws://localhost:50044/devtoo..., se:cdpVersion: 139.0.7258.139, setWindowRect: true, strictFileInteractability: false, timeouts: {implicit: 0, pageLoad: 300000, script: 30000}, unhandledPromptBehavior: dismiss and notify, webauthn:extension:credBlob: true, webauthn:extension:largeBlob: true, webauthn:extension:minPinLength: true, webauthn:extension:prf: true, webauthn:virtualAuthenticators: true}
Session ID: 2744a59492a38d3832657f7f9a1427b9
	at org.openqa.selenium.remote.ErrorCodec.decode(ErrorCodec.java:167)
	at org.openqa.selenium.remote.codec.w3c.W3CHttpResponseCodec.decode(W3CHttpResponseCodec.java:138)
	at org.openqa.selenium.remote.codec.w3c.W3CHttpResponseCodec.decode(W3CHttpResponseCodec.java:50)
	at org.openqa.selenium.remote.HttpCommandExecutor.execute(HttpCommandExecutor.java:215)
	at org.openqa.selenium.remote.service.DriverCommandExecutor.invokeExecute(DriverCommandExecutor.java:216)
	at org.openqa.selenium.remote.service.DriverCommandExecutor.execute(DriverCommandExecutor.java:174)
	at org.openqa.selenium.remote.RemoteWebDriver.execute(RemoteWebDriver.java:557)
	at org.openqa.selenium.remote.ElementLocation$ElementFinder$2.findElement(ElementLocation.java:165)
	at org.openqa.selenium.remote.ElementLocation.findElement(ElementLocation.java:59)
	at org.openqa.selenium.remote.RemoteWebDriver.findElement(RemoteWebDriver.java:380)
	at org.openqa.selenium.remote.RemoteWebDriver.findElement(RemoteWebDriver.java:374)
	at org.openqa.selenium.support.pagefactory.DefaultElementLocator.findElement(DefaultElementLocator.java:68)
	at org.openqa.selenium.support.pagefactory.internal.LocatingElementHandler.invoke(LocatingElementHandler.java:38)
	at jdk.proxy2/jdk.proxy2.$Proxy31.isDisplayed(Unknown Source)
	at pageObjects.HomePage.errorMsgEmailAlreadyExist(HomePage.java:186)
	at testCases.TC005_RegisterUserWithExistingEmail.verifyRegisterUserWithExistingEmailFlow(TC005_RegisterUserWithExistingEmail.java:61)
	at java.base/java.util.ArrayList.forEach(ArrayList.java:1596)
... Removed 28 stack frames
</div> <!-- stack-trace -->
                  <em>
(Verify Register user with Existing Email)                  </em>
                </div> <!-- method-content -->
              </div> <!-- method -->
              <div class="method">
                <div class="method-content">
                  <a name="verifyRegisterUserWithExistingEmailFlow">
                  </a> <!-- verifyRegisterUserWithExistingEmailFlow -->
                  <span class="method-name">verifyRegisterUserWithExistingEmailFlow</span>
                  <div class="stack-trace">org.openqa.selenium.NoSuchElementException: Unable to locate element: //p[text()=&apos;Email Address already exist!&apos;]
For documentation on this error, please visit: https://www.selenium.dev/documentation/webdriver/troubleshooting/errors#no-such-element-exception
Build info: version: &apos;4.35.0&apos;, revision: &apos;1c58e5028b&apos;
System info: os.name: &apos;Windows 10&apos;, os.arch: &apos;amd64&apos;, os.version: &apos;10.0&apos;, java.version: &apos;21.0.1&apos;
Driver info: org.openqa.selenium.firefox.FirefoxDriver
Command: [109e7809-a0c8-4073-a956-3012edb36e82, findElement {using=xpath, value=//p[text()=&apos;Email Address already exist!&apos;]}]
Capabilities {acceptInsecureCerts: true, browserName: firefox, browserVersion: 142.0, moz:accessibilityChecks: false, moz:buildID: 20250811145442, moz:geckodriverVersion: 0.36.0, moz:headless: false, moz:platformVersion: 10.0, moz:processID: 11920, moz:profile: C:\Users\UDAYAS~1\AppData\L..., moz:shutdownTimeout: 60000, moz:webdriverClick: true, moz:windowless: false, pageLoadStrategy: normal, platformName: windows, proxy: Proxy(), setWindowRect: true, strictFileInteractability: false, timeouts: {implicit: 0, pageLoad: 300000, script: 30000}, unhandledPromptBehavior: dismiss and notify, userAgent: Mozilla/5.0 (Windows NT 10....}
Session ID: 109e7809-a0c8-4073-a956-3012edb36e82
	at org.openqa.selenium.remote.ErrorCodec.decode(ErrorCodec.java:167)
	at org.openqa.selenium.remote.codec.w3c.W3CHttpResponseCodec.decode(W3CHttpResponseCodec.java:138)
	at org.openqa.selenium.remote.codec.w3c.W3CHttpResponseCodec.decode(W3CHttpResponseCodec.java:50)
	at org.openqa.selenium.remote.HttpCommandExecutor.execute(HttpCommandExecutor.java:215)
	at org.openqa.selenium.remote.service.DriverCommandExecutor.invokeExecute(DriverCommandExecutor.java:216)
	at org.openqa.selenium.remote.service.DriverCommandExecutor.execute(DriverCommandExecutor.java:174)
	at org.openqa.selenium.remote.RemoteWebDriver.execute(RemoteWebDriver.java:557)
	at org.openqa.selenium.remote.ElementLocation$ElementFinder$2.findElement(ElementLocation.java:165)
	at org.openqa.selenium.remote.ElementLocation.findElement(ElementLocation.java:59)
	at org.openqa.selenium.remote.RemoteWebDriver.findElement(RemoteWebDriver.java:380)
	at org.openqa.selenium.remote.RemoteWebDriver.findElement(RemoteWebDriver.java:374)
	at org.openqa.selenium.support.pagefactory.DefaultElementLocator.findElement(DefaultElementLocator.java:68)
	at org.openqa.selenium.support.pagefactory.internal.LocatingElementHandler.invoke(LocatingElementHandler.java:38)
	at jdk.proxy2/jdk.proxy2.$Proxy31.isDisplayed(Unknown Source)
	at pageObjects.HomePage.errorMsgEmailAlreadyExist(HomePage.java:186)
	at testCases.TC005_RegisterUserWithExistingEmail.verifyRegisterUserWithExistingEmailFlow(TC005_RegisterUserWithExistingEmail.java:61)
	at java.base/java.util.ArrayList.forEach(ArrayList.java:1596)
... Removed 28 stack frames
</div> <!-- stack-trace -->
                  <em>
(Verify Register user with Existing Email)                  </em>
                </div> <!-- method-content -->
              </div> <!-- method -->
            </div> <!-- main-panel-content rounded-window-bottom -->
          </div> <!-- suite-Master_Suite-class-failed -->
          <div class="suite-Master_Suite-class-passed">
            <div class="main-panel-header rounded-window-top">
              <img src="passed.png"/>
              <span class="class-name">testCases.TC024_DownloadInvoiceAfterPurchaseOrder</span>
            </div> <!-- main-panel-header rounded-window-top -->
            <div class="main-panel-content rounded-window-bottom">
              <div class="method">
                <div class="method-content">
                  <a name="testDownloadInvoiceAfterPurchaseOrder">
                  </a> <!-- testDownloadInvoiceAfterPurchaseOrder -->
                  <span class="method-name">testDownloadInvoiceAfterPurchaseOrder</span>
                </div> <!-- method-content -->
              </div> <!-- method -->
            </div> <!-- main-panel-content rounded-window-bottom -->
          </div> <!-- suite-Master_Suite-class-passed -->
          <div class="suite-Master_Suite-class-passed">
            <div class="main-panel-header rounded-window-top">
              <img src="passed.png"/>
              <span class="class-name">testCases.TC023_VerifyAddressDetailsInCheckoutPage</span>
            </div> <!-- main-panel-header rounded-window-top -->
            <div class="main-panel-content rounded-window-bottom">
              <div class="method">
                <div class="method-content">
                  <a name="testVerifyAddressDetailsInCheckoutPage">
                  </a> <!-- testVerifyAddressDetailsInCheckoutPage -->
                  <span class="method-name">testVerifyAddressDetailsInCheckoutPage</span>
                </div> <!-- method-content -->
              </div> <!-- method -->
            </div> <!-- main-panel-content rounded-window-bottom -->
          </div> <!-- suite-Master_Suite-class-passed -->
          <div class="suite-Master_Suite-class-passed">
            <div class="main-panel-header rounded-window-top">
              <img src="passed.png"/>
              <span class="class-name">testCases.TC001_RegisterUser</span>
            </div> <!-- main-panel-header rounded-window-top -->
            <div class="main-panel-content rounded-window-bottom">
              <div class="method">
                <div class="method-content">
                  <a name="VerifyHomePage">
                  </a> <!-- VerifyHomePage -->
                  <span class="method-name">VerifyHomePage</span>
                </div> <!-- method-content -->
              </div> <!-- method -->
              <div class="method">
                <div class="method-content">
                  <a name="VerifyHomePage">
                  </a> <!-- VerifyHomePage -->
                  <span class="method-name">VerifyHomePage</span>
                </div> <!-- method-content -->
              </div> <!-- method -->
              <div class="method">
                <div class="method-content">
                  <a name="verifySignupRegistration">
                  </a> <!-- verifySignupRegistration -->
                  <span class="method-name">verifySignupRegistration</span>
                  <em>
(Verify user registration, login and account deletion)                  </em>
                </div> <!-- method-content -->
              </div> <!-- method -->
            </div> <!-- main-panel-content rounded-window-bottom -->
          </div> <!-- suite-Master_Suite-class-passed -->
          <div class="suite-Master_Suite-class-passed">
            <div class="main-panel-header rounded-window-top">
              <img src="passed.png"/>
              <span class="class-name">testCases.TC007_VerifyTestCasesPage</span>
            </div> <!-- main-panel-header rounded-window-top -->
            <div class="main-panel-content rounded-window-bottom">
              <div class="method">
                <div class="method-content">
                  <a name="verifyContactUsForm">
                  </a> <!-- verifyContactUsForm -->
                  <span class="method-name">verifyContactUsForm</span>
                  <em>
(Verify Contact us Form)                  </em>
                </div> <!-- method-content -->
              </div> <!-- method -->
              <div class="method">
                <div class="method-content">
                  <a name="verifyContactUsForm">
                  </a> <!-- verifyContactUsForm -->
                  <span class="method-name">verifyContactUsForm</span>
                  <em>
(Verify Contact us Form)                  </em>
                </div> <!-- method-content -->
              </div> <!-- method -->
            </div> <!-- main-panel-content rounded-window-bottom -->
          </div> <!-- suite-Master_Suite-class-passed -->
          <div class="suite-Master_Suite-class-passed">
            <div class="main-panel-header rounded-window-top">
              <img src="passed.png"/>
              <span class="class-name">testCases.TC019_ViewAndCartBrandProducts</span>
            </div> <!-- main-panel-header rounded-window-top -->
            <div class="main-panel-content rounded-window-bottom">
              <div class="method">
                <div class="method-content">
                  <a name="testViewAndCartBrandProducts">
                  </a> <!-- testViewAndCartBrandProducts -->
                  <span class="method-name">testViewAndCartBrandProducts</span>
                </div> <!-- method-content -->
              </div> <!-- method -->
              <div class="method">
                <div class="method-content">
                  <a name="testViewAndCartBrandProducts">
                  </a> <!-- testViewAndCartBrandProducts -->
                  <span class="method-name">testViewAndCartBrandProducts</span>
                </div> <!-- method-content -->
              </div> <!-- method -->
            </div> <!-- main-panel-content rounded-window-bottom -->
          </div> <!-- suite-Master_Suite-class-passed -->
          <div class="suite-Master_Suite-class-passed">
            <div class="main-panel-header rounded-window-top">
              <img src="passed.png"/>
              <span class="class-name">testCases.TC003_LoginUserIncorrectEmailAndPassword</span>
            </div> <!-- main-panel-header rounded-window-top -->
            <div class="main-panel-content rounded-window-bottom">
              <div class="method">
                <div class="method-content">
                  <a name="verifyLoginUserIncorrectEmailAndPasswordFlow">
                  </a> <!-- verifyLoginUserIncorrectEmailAndPasswordFlow -->
                  <span class="method-name">verifyLoginUserIncorrectEmailAndPasswordFlow</span>
                  <em>
(Verify Login User incorrectEmail and Password)                  </em>
                </div> <!-- method-content -->
              </div> <!-- method -->
              <div class="method">
                <div class="method-content">
                  <a name="verifyLoginUserIncorrectEmailAndPasswordFlow">
                  </a> <!-- verifyLoginUserIncorrectEmailAndPasswordFlow -->
                  <span class="method-name">verifyLoginUserIncorrectEmailAndPasswordFlow</span>
                  <em>
(Verify Login User incorrectEmail and Password)                  </em>
                </div> <!-- method-content -->
              </div> <!-- method -->
            </div> <!-- main-panel-content rounded-window-bottom -->
          </div> <!-- suite-Master_Suite-class-passed -->
          <div class="suite-Master_Suite-class-passed">
            <div class="main-panel-header rounded-window-top">
              <img src="passed.png"/>
              <span class="class-name">testCases.TC025_VerifyScrollUpUsingArrowButtonAndScrollDownFunctionality</span>
            </div> <!-- main-panel-header rounded-window-top -->
            <div class="main-panel-content rounded-window-bottom">
              <div class="method">
                <div class="method-content">
                  <a name="testVerifyScrollUpUsingArrowButtonAndScrollDownFunctionality">
                  </a> <!-- testVerifyScrollUpUsingArrowButtonAndScrollDownFunctionality -->
                  <span class="method-name">testVerifyScrollUpUsingArrowButtonAndScrollDownFunctionality</span>
                </div> <!-- method-content -->
              </div> <!-- method -->
              <div class="method">
                <div class="method-content">
                  <a name="testVerifyScrollUpUsingArrowButtonAndScrollDownFunctionality">
                  </a> <!-- testVerifyScrollUpUsingArrowButtonAndScrollDownFunctionality -->
                  <span class="method-name">testVerifyScrollUpUsingArrowButtonAndScrollDownFunctionality</span>
                </div> <!-- method-content -->
              </div> <!-- method -->
            </div> <!-- main-panel-content rounded-window-bottom -->
          </div> <!-- suite-Master_Suite-class-passed -->
          <div class="suite-Master_Suite-class-passed">
            <div class="main-panel-header rounded-window-top">
              <img src="passed.png"/>
              <span class="class-name">testCases.TC014_PlaceOrderRegisterWhileCheckout</span>
            </div> <!-- main-panel-header rounded-window-top -->
            <div class="main-panel-content rounded-window-bottom">
              <div class="method">
                <div class="method-content">
                  <a name="VerifyPlaceOrderRegisterWhileCheckout">
                  </a> <!-- VerifyPlaceOrderRegisterWhileCheckout -->
                  <span class="method-name">VerifyPlaceOrderRegisterWhileCheckout</span>
                  <em>
(PlaceOrderRegisterWhileCheckoute)                  </em>
                </div> <!-- method-content -->
              </div> <!-- method -->
            </div> <!-- main-panel-content rounded-window-bottom -->
          </div> <!-- suite-Master_Suite-class-passed -->
          <div class="suite-Master_Suite-class-passed">
            <div class="main-panel-header rounded-window-top">
              <img src="passed.png"/>
              <span class="class-name">testCases.TC026_VerifyScrollUpWithoutArrowButtonAndScrollDownFunctionality</span>
            </div> <!-- main-panel-header rounded-window-top -->
            <div class="main-panel-content rounded-window-bottom">
              <div class="method">
                <div class="method-content">
                  <a name="testVerifyScrollUpWithoutArrowButtonAndScrollDownFunctionality">
                  </a> <!-- testVerifyScrollUpWithoutArrowButtonAndScrollDownFunctionality -->
                  <span class="method-name">testVerifyScrollUpWithoutArrowButtonAndScrollDownFunctionality</span>
                </div> <!-- method-content -->
              </div> <!-- method -->
              <div class="method">
                <div class="method-content">
                  <a name="testVerifyScrollUpWithoutArrowButtonAndScrollDownFunctionality">
                  </a> <!-- testVerifyScrollUpWithoutArrowButtonAndScrollDownFunctionality -->
                  <span class="method-name">testVerifyScrollUpWithoutArrowButtonAndScrollDownFunctionality</span>
                </div> <!-- method-content -->
              </div> <!-- method -->
            </div> <!-- main-panel-content rounded-window-bottom -->
          </div> <!-- suite-Master_Suite-class-passed -->
          <div class="suite-Master_Suite-class-passed">
            <div class="main-panel-header rounded-window-top">
              <img src="passed.png"/>
              <span class="class-name">testCases.TC006_ContactUsForm</span>
            </div> <!-- main-panel-header rounded-window-top -->
            <div class="main-panel-content rounded-window-bottom">
              <div class="method">
                <div class="method-content">
                  <a name="verifyContactUsForm">
                  </a> <!-- verifyContactUsForm -->
                  <span class="method-name">verifyContactUsForm</span>
                  <em>
(Verify Contact us Form)                  </em>
                </div> <!-- method-content -->
              </div> <!-- method -->
              <div class="method">
                <div class="method-content">
                  <a name="verifyContactUsForm">
                  </a> <!-- verifyContactUsForm -->
                  <span class="method-name">verifyContactUsForm</span>
                  <em>
(Verify Contact us Form)                  </em>
                </div> <!-- method-content -->
              </div> <!-- method -->
            </div> <!-- main-panel-content rounded-window-bottom -->
          </div> <!-- suite-Master_Suite-class-passed -->
          <div class="suite-Master_Suite-class-passed">
            <div class="main-panel-header rounded-window-top">
              <img src="passed.png"/>
              <span class="class-name">testCases.TC010_VerifySubscriptionInHomePage</span>
            </div> <!-- main-panel-header rounded-window-top -->
            <div class="main-panel-content rounded-window-bottom">
              <div class="method">
                <div class="method-content">
                  <a name="VerifySubscriptionInHomePage">
                  </a> <!-- VerifySubscriptionInHomePage -->
                  <span class="method-name">VerifySubscriptionInHomePage</span>
                  <em>
(Verify Subscription In Home Page)                  </em>
                </div> <!-- method-content -->
              </div> <!-- method -->
              <div class="method">
                <div class="method-content">
                  <a name="VerifySubscriptionInHomePage">
                  </a> <!-- VerifySubscriptionInHomePage -->
                  <span class="method-name">VerifySubscriptionInHomePage</span>
                  <em>
(Verify Subscription In Home Page)                  </em>
                </div> <!-- method-content -->
              </div> <!-- method -->
            </div> <!-- main-panel-content rounded-window-bottom -->
          </div> <!-- suite-Master_Suite-class-passed -->
          <div class="suite-Master_Suite-class-passed">
            <div class="main-panel-header rounded-window-top">
              <img src="passed.png"/>
              <span class="class-name">testCases.TC002_LoginUserWithCorrectEmailAndPassword</span>
            </div> <!-- main-panel-header rounded-window-top -->
            <div class="main-panel-content rounded-window-bottom">
              <div class="method">
                <div class="method-content">
                  <a name="verifyLoginUserWithCorrectEmailAndPasswordFlow">
                  </a> <!-- verifyLoginUserWithCorrectEmailAndPasswordFlow -->
                  <span class="method-name">verifyLoginUserWithCorrectEmailAndPasswordFlow</span>
                  <em>
(Verify Login User with correct Email And Password)                  </em>
                </div> <!-- method-content -->
              </div> <!-- method -->
              <div class="method">
                <div class="method-content">
                  <a name="verifyLoginUserWithCorrectEmailAndPasswordFlow">
                  </a> <!-- verifyLoginUserWithCorrectEmailAndPasswordFlow -->
                  <span class="method-name">verifyLoginUserWithCorrectEmailAndPasswordFlow</span>
                  <em>
(Verify Login User with correct Email And Password)                  </em>
                </div> <!-- method-content -->
              </div> <!-- method -->
            </div> <!-- main-panel-content rounded-window-bottom -->
          </div> <!-- suite-Master_Suite-class-passed -->
          <div class="suite-Master_Suite-class-passed">
            <div class="main-panel-header rounded-window-top">
              <img src="passed.png"/>
              <span class="class-name">testCases.TC017_RemoveProductsFromCart</span>
            </div> <!-- main-panel-header rounded-window-top -->
            <div class="main-panel-content rounded-window-bottom">
              <div class="method">
                <div class="method-content">
                  <a name="testRemoveProductsFromCart">
                  </a> <!-- testRemoveProductsFromCart -->
                  <span class="method-name">testRemoveProductsFromCart</span>
                </div> <!-- method-content -->
              </div> <!-- method -->
            </div> <!-- main-panel-content rounded-window-bottom -->
          </div> <!-- suite-Master_Suite-class-passed -->
          <div class="suite-Master_Suite-class-passed">
            <div class="main-panel-header rounded-window-top">
              <img src="passed.png"/>
              <span class="class-name">testCases.TC001_RegisterUser_improved</span>
            </div> <!-- main-panel-header rounded-window-top -->
            <div class="main-panel-content rounded-window-bottom">
              <div class="method">
                <div class="method-content">
                  <a name="verifyUserRegistrationFlow">
                  </a> <!-- verifyUserRegistrationFlow -->
                  <span class="method-name">verifyUserRegistrationFlow</span>
                  <em>
(Verify user registration, login and account deletion)                  </em>
                </div> <!-- method-content -->
              </div> <!-- method -->
              <div class="method">
                <div class="method-content">
                  <a name="verifyUserRegistrationFlow">
                  </a> <!-- verifyUserRegistrationFlow -->
                  <span class="method-name">verifyUserRegistrationFlow</span>
                  <em>
(Verify user registration, login and account deletion)                  </em>
                </div> <!-- method-content -->
              </div> <!-- method -->
            </div> <!-- main-panel-content rounded-window-bottom -->
          </div> <!-- suite-Master_Suite-class-passed -->
          <div class="suite-Master_Suite-class-passed">
            <div class="main-panel-header rounded-window-top">
              <img src="passed.png"/>
              <span class="class-name">testCases.TC011_VerifySubscriptionInCartPage</span>
            </div> <!-- main-panel-header rounded-window-top -->
            <div class="main-panel-content rounded-window-bottom">
              <div class="method">
                <div class="method-content">
                  <a name="VerifySubscriptionInCartPage">
                  </a> <!-- VerifySubscriptionInCartPage -->
                  <span class="method-name">VerifySubscriptionInCartPage</span>
                  <em>
(_VerifySubscriptionInCartPage)                  </em>
                </div> <!-- method-content -->
              </div> <!-- method -->
              <div class="method">
                <div class="method-content">
                  <a name="VerifySubscriptionInCartPage">
                  </a> <!-- VerifySubscriptionInCartPage -->
                  <span class="method-name">VerifySubscriptionInCartPage</span>
                  <em>
(_VerifySubscriptionInCartPage)                  </em>
                </div> <!-- method-content -->
              </div> <!-- method -->
            </div> <!-- main-panel-content rounded-window-bottom -->
          </div> <!-- suite-Master_Suite-class-passed -->
          <div class="suite-Master_Suite-class-passed">
            <div class="main-panel-header rounded-window-top">
              <img src="passed.png"/>
              <span class="class-name">testCases.TC021_AddReviewOnProduct</span>
            </div> <!-- main-panel-header rounded-window-top -->
            <div class="main-panel-content rounded-window-bottom">
              <div class="method">
                <div class="method-content">
                  <a name="testAddReviewOnProduct">
                  </a> <!-- testAddReviewOnProduct -->
                  <span class="method-name">testAddReviewOnProduct</span>
                </div> <!-- method-content -->
              </div> <!-- method -->
              <div class="method">
                <div class="method-content">
                  <a name="testAddReviewOnProduct">
                  </a> <!-- testAddReviewOnProduct -->
                  <span class="method-name">testAddReviewOnProduct</span>
                </div> <!-- method-content -->
              </div> <!-- method -->
            </div> <!-- main-panel-content rounded-window-bottom -->
          </div> <!-- suite-Master_Suite-class-passed -->
          <div class="suite-Master_Suite-class-passed">
            <div class="main-panel-header rounded-window-top">
              <img src="passed.png"/>
              <span class="class-name">testCases.TC013_VerifyProductQuantityInCart</span>
            </div> <!-- main-panel-header rounded-window-top -->
            <div class="main-panel-content rounded-window-bottom">
              <div class="method">
                <div class="method-content">
                  <a name="VerifyProductQuantityInCart">
                  </a> <!-- VerifyProductQuantityInCart -->
                  <span class="method-name">VerifyProductQuantityInCart</span>
                  <em>
(VerifyProductQuantityInCart)                  </em>
                </div> <!-- method-content -->
              </div> <!-- method -->
              <div class="method">
                <div class="method-content">
                  <a name="VerifyProductQuantityInCart">
                  </a> <!-- VerifyProductQuantityInCart -->
                  <span class="method-name">VerifyProductQuantityInCart</span>
                  <em>
(VerifyProductQuantityInCart)                  </em>
                </div> <!-- method-content -->
              </div> <!-- method -->
            </div> <!-- main-panel-content rounded-window-bottom -->
          </div> <!-- suite-Master_Suite-class-passed -->
        </div> <!-- panel Master_Suite -->
        <div panel-name="test-xml-Master_Suite" class="panel">
          <div class="main-panel-header rounded-window-top">
            <span class="header-content">C:\Users\Udayashankar\eclipse-workspace\PracticeAutomationExcercise\master.xml</span>
          </div> <!-- main-panel-header rounded-window-top -->
          <div class="main-panel-content rounded-window-bottom">
            <pre>
&lt;?xml version=&quot;1.0&quot; encoding=&quot;UTF-8&quot;?&gt;
&lt;!DOCTYPE suite SYSTEM &quot;https://testng.org/testng-1.0.dtd&quot;&gt;
&lt;suite name=&quot;Master-Suite&quot; guice-stage=&quot;DEVELOPMENT&quot;&gt;
  &lt;listeners&gt;
    &lt;listener class-name=&quot;utilities.ReportManagerExtentAndTestNG&quot;/&gt;
  &lt;/listeners&gt;
  &lt;test thread-count=&quot;5&quot; name=&quot;Chrome Test&quot;&gt;
    &lt;parameter name=&quot;Browser&quot; value=&quot;chrome&quot;/&gt;
    &lt;classes&gt;
      &lt;class name=&quot;testCases.TC001_RegisterUser&quot;/&gt;
      &lt;class name=&quot;testCases.TC001_RegisterUser_improved&quot;/&gt;
      &lt;class name=&quot;testCases.TC002_LoginUserWithCorrectEmailAndPassword&quot;/&gt;
      &lt;class name=&quot;testCases.TC003_LoginUserIncorrectEmailAndPassword&quot;/&gt;
      &lt;class name=&quot;testCases.TC004_LogoutUser&quot;/&gt;
      &lt;class name=&quot;testCases.TC005_RegisterUserWithExistingEmail&quot;/&gt;
      &lt;class name=&quot;testCases.TC006_ContactUsForm&quot;/&gt;
      &lt;class name=&quot;testCases.TC007_VerifyTestCasesPage&quot;/&gt;
      &lt;class name=&quot;testCases.TC008_VerifyAllProductsAndProductDetailPage&quot;/&gt;
      &lt;class name=&quot;testCases.TC009_Improved&quot;/&gt;
      &lt;class name=&quot;testCases.TC009_SearchProduct&quot;/&gt;
      &lt;class name=&quot;testCases.TC010_VerifySubscriptionInHomePage&quot;/&gt;
      &lt;class name=&quot;testCases.TC011_VerifySubscriptionInCartPage&quot;/&gt;
      &lt;class name=&quot;testCases.TC012_AddProductsInCart&quot;/&gt;
      &lt;class name=&quot;testCases.TC013_VerifyProductQuantityInCart&quot;/&gt;
      &lt;class name=&quot;testCases.TC014_PlaceOrderRegisterWhileCheckout&quot;/&gt;
      &lt;class name=&quot;testCases.TC015_PlaceOrderRegisterBeforeCheckout&quot;/&gt;
      &lt;class name=&quot;testCases.TC016_PlaceOrderLoginBeforeCheckout&quot;/&gt;
      &lt;class name=&quot;testCases.TC017_RemoveProductsFromCart&quot;/&gt;
      &lt;class name=&quot;testCases.TC018_ViewCategoryProducts&quot;/&gt;
      &lt;class name=&quot;testCases.TC019_ViewAndCartBrandProducts&quot;/&gt;
      &lt;class name=&quot;testCases.TC020_SearchProductsAndVerifyCartAfterLogin&quot;/&gt;
      &lt;class name=&quot;testCases.TC021_AddReviewOnProduct&quot;/&gt;
      &lt;class name=&quot;testCases.TC022_AddToCartFromRecommendedItems&quot;/&gt;
      &lt;class name=&quot;testCases.TC023_VerifyAddressDetailsInCheckoutPage&quot;/&gt;
      &lt;class name=&quot;testCases.TC024_DownloadInvoiceAfterPurchaseOrder&quot;/&gt;
      &lt;class name=&quot;testCases.TC025_VerifyScrollUpUsingArrowButtonAndScrollDownFunctionality&quot;/&gt;
      &lt;class name=&quot;testCases.TC026_VerifyScrollUpWithoutArrowButtonAndScrollDownFunctionality&quot;/&gt;
    &lt;/classes&gt;
  &lt;/test&gt; &lt;!-- Chrome Test --&gt;
  &lt;test thread-count=&quot;5&quot; name=&quot;FireFox Test&quot;&gt;
    &lt;parameter name=&quot;Browser&quot; value=&quot;firefox&quot;/&gt;
    &lt;classes&gt;
      &lt;class name=&quot;testCases.TC001_RegisterUser&quot;/&gt;
      &lt;class name=&quot;testCases.TC001_RegisterUser_improved&quot;/&gt;
      &lt;class name=&quot;testCases.TC002_LoginUserWithCorrectEmailAndPassword&quot;/&gt;
      &lt;class name=&quot;testCases.TC003_LoginUserIncorrectEmailAndPassword&quot;/&gt;
      &lt;class name=&quot;testCases.TC004_LogoutUser&quot;/&gt;
      &lt;class name=&quot;testCases.TC005_RegisterUserWithExistingEmail&quot;/&gt;
      &lt;class name=&quot;testCases.TC006_ContactUsForm&quot;/&gt;
      &lt;class name=&quot;testCases.TC007_VerifyTestCasesPage&quot;/&gt;
      &lt;class name=&quot;testCases.TC008_VerifyAllProductsAndProductDetailPage&quot;/&gt;
      &lt;class name=&quot;testCases.TC009_Improved&quot;/&gt;
      &lt;class name=&quot;testCases.TC009_SearchProduct&quot;/&gt;
      &lt;class name=&quot;testCases.TC010_VerifySubscriptionInHomePage&quot;/&gt;
      &lt;class name=&quot;testCases.TC011_VerifySubscriptionInCartPage&quot;/&gt;
      &lt;class name=&quot;testCases.TC012_AddProductsInCart&quot;/&gt;
      &lt;class name=&quot;testCases.TC013_VerifyProductQuantityInCart&quot;/&gt;
      &lt;class name=&quot;testCases.TC014_PlaceOrderRegisterWhileCheckout&quot;/&gt;
      &lt;class name=&quot;testCases.TC015_PlaceOrderRegisterBeforeCheckout&quot;/&gt;
      &lt;class name=&quot;testCases.TC016_PlaceOrderLoginBeforeCheckout&quot;/&gt;
      &lt;class name=&quot;testCases.TC017_RemoveProductsFromCart&quot;/&gt;
      &lt;class name=&quot;testCases.TC018_ViewCategoryProducts&quot;/&gt;
      &lt;class name=&quot;testCases.TC019_ViewAndCartBrandProducts&quot;/&gt;
      &lt;class name=&quot;testCases.TC020_SearchProductsAndVerifyCartAfterLogin&quot;/&gt;
      &lt;class name=&quot;testCases.TC021_AddReviewOnProduct&quot;/&gt;
      &lt;class name=&quot;testCases.TC022_AddToCartFromRecommendedItems&quot;/&gt;
      &lt;class name=&quot;testCases.TC023_VerifyAddressDetailsInCheckoutPage&quot;/&gt;
      &lt;class name=&quot;testCases.TC024_DownloadInvoiceAfterPurchaseOrder&quot;/&gt;
      &lt;class name=&quot;testCases.TC025_VerifyScrollUpUsingArrowButtonAndScrollDownFunctionality&quot;/&gt;
      &lt;class name=&quot;testCases.TC026_VerifyScrollUpWithoutArrowButtonAndScrollDownFunctionality&quot;/&gt;
    &lt;/classes&gt;
  &lt;/test&gt; &lt;!-- FireFox Test --&gt;
&lt;/suite&gt; &lt;!-- Master-Suite --&gt;
            </pre>
          </div> <!-- main-panel-content rounded-window-bottom -->
        </div> <!-- panel -->
        <div panel-name="testlist-Master_Suite" class="panel">
          <div class="main-panel-header rounded-window-top">
            <span class="header-content">Tests for Master-Suite</span>
          </div> <!-- main-panel-header rounded-window-top -->
          <div class="main-panel-content rounded-window-bottom">
            <ul>
              <li>
                <span class="test-name">Chrome Test (28 classes)</span>
              </li>
              <li>
                <span class="test-name">FireFox Test (28 classes)</span>
              </li>
            </ul>
          </div> <!-- main-panel-content rounded-window-bottom -->
        </div> <!-- panel -->
        <div panel-name="group-Master_Suite" class="panel">
          <div class="main-panel-header rounded-window-top">
            <span class="header-content">Groups for Master-Suite</span>
          </div> <!-- main-panel-header rounded-window-top -->
          <div class="main-panel-content rounded-window-bottom">
          </div> <!-- main-panel-content rounded-window-bottom -->
        </div> <!-- panel -->
        <div panel-name="times-Master_Suite" class="panel">
          <div class="main-panel-header rounded-window-top">
            <span class="header-content">Times for Master-Suite</span>
          </div> <!-- main-panel-header rounded-window-top -->
          <div class="main-panel-content rounded-window-bottom">
            <div class="times-div">
              <script type="text/javascript">
suiteTableInitFunctions.push('tableData_Master_Suite');
function tableData_Master_Suite() {
var data = new google.visualization.DataTable();
data.addColumn('number', 'Number');
data.addColumn('string', 'Method');
data.addColumn('string', 'Class');
data.addColumn('number', 'Time (ms)');
data.addRows(58);
data.setCell(0, 0, 0)
data.setCell(0, 1, 'VerifyPlaceOrderRegisterWhileCheckout')
data.setCell(0, 2, 'testCases.TC014_PlaceOrderRegisterWhileCheckout')
data.setCell(0, 3, 120501);
data.setCell(1, 0, 1)
data.setCell(1, 1, 'testVerifyAddressDetailsInCheckoutPage')
data.setCell(1, 2, 'testCases.TC023_VerifyAddressDetailsInCheckoutPage')
data.setCell(1, 3, 105805);
data.setCell(2, 0, 2)
data.setCell(2, 1, 'testDownloadInvoiceAfterPurchaseOrder')
data.setCell(2, 2, 'testCases.TC024_DownloadInvoiceAfterPurchaseOrder')
data.setCell(2, 3, 103280);
data.setCell(3, 0, 3)
data.setCell(3, 1, 'verifyContactUsForm')
data.setCell(3, 2, 'testCases.TC006_ContactUsForm')
data.setCell(3, 3, 61580);
data.setCell(4, 0, 4)
data.setCell(4, 1, 'VerifyAddProductsInCart')
data.setCell(4, 2, 'testCases.TC012_AddProductsInCart')
data.setCell(4, 3, 55836);
data.setCell(5, 0, 5)
data.setCell(5, 1, 'verifySignupRegistration')
data.setCell(5, 2, 'testCases.TC001_RegisterUser')
data.setCell(5, 3, 53038);
data.setCell(6, 0, 6)
data.setCell(6, 1, 'VerifyPlaceOrderRegisterBeforeCheckout')
data.setCell(6, 2, 'testCases.TC015_PlaceOrderRegisterBeforeCheckout')
data.setCell(6, 3, 43531);
data.setCell(7, 0, 7)
data.setCell(7, 1, 'testViewAndCartBrandProducts')
data.setCell(7, 2, 'testCases.TC019_ViewAndCartBrandProducts')
data.setCell(7, 3, 33604);
data.setCell(8, 0, 8)
data.setCell(8, 1, 'verifySignupRegistration')
data.setCell(8, 2, 'testCases.TC001_RegisterUser')
data.setCell(8, 3, 33200);
data.setCell(9, 0, 9)
data.setCell(9, 1, 'verifyUserRegistrationFlow')
data.setCell(9, 2, 'testCases.TC001_RegisterUser_improved')
data.setCell(9, 3, 32241);
data.setCell(10, 0, 10)
data.setCell(10, 1, 'verifyLoginUserWithCorrectEmailAndPasswordFlow')
data.setCell(10, 2, 'testCases.TC002_LoginUserWithCorrectEmailAndPassword')
data.setCell(10, 3, 32099);
data.setCell(11, 0, 11)
data.setCell(11, 1, 'verifyUserRegistrationFlow')
data.setCell(11, 2, 'testCases.TC001_RegisterUser_improved')
data.setCell(11, 3, 31174);
data.setCell(12, 0, 12)
data.setCell(12, 1, 'verifyLoginUserWithCorrectEmailAndPasswordFlow')
data.setCell(12, 2, 'testCases.TC002_LoginUserWithCorrectEmailAndPassword')
data.setCell(12, 3, 28414);
data.setCell(13, 0, 13)
data.setCell(13, 1, 'verifyContactUsForm')
data.setCell(13, 2, 'testCases.TC006_ContactUsForm')
data.setCell(13, 3, 27020);
data.setCell(14, 0, 14)
data.setCell(14, 1, 'VerifyProductQuantityInCart')
data.setCell(14, 2, 'testCases.TC013_VerifyProductQuantityInCart')
data.setCell(14, 3, 25463);
data.setCell(15, 0, 15)
data.setCell(15, 1, 'testVerifyAddressDetailsInCheckoutPage')
data.setCell(15, 2, 'testCases.TC023_VerifyAddressDetailsInCheckoutPage')
data.setCell(15, 3, 23215);
data.setCell(16, 0, 16)
data.setCell(16, 1, 'VerifySearchProduct')
data.setCell(16, 2, 'testCases.TC009_SearchProduct')
data.setCell(16, 3, 21685);
data.setCell(17, 0, 17)
data.setCell(17, 1, 'testAddToCartFromRecommendedItems')
data.setCell(17, 2, 'testCases.TC022_AddToCartFromRecommendedItems')
data.setCell(17, 3, 21462);
data.setCell(18, 0, 18)
data.setCell(18, 1, 'testVerifyScrollUpUsingArrowButtonAndScrollDownFunctionality')
data.setCell(18, 2, 'testCases.TC025_VerifyScrollUpUsingArrowButtonAndScrollDownFunctionality')
data.setCell(18, 3, 21288);
data.setCell(19, 0, 19)
data.setCell(19, 1, 'testAddToCartFromRecommendedItems')
data.setCell(19, 2, 'testCases.TC022_AddToCartFromRecommendedItems')
data.setCell(19, 3, 21021);
data.setCell(20, 0, 20)
data.setCell(20, 1, 'VerifySearchProduct')
data.setCell(20, 2, 'testCases.TC009_Improved')
data.setCell(20, 3, 19584);
data.setCell(21, 0, 21)
data.setCell(21, 1, 'testVerifyScrollUpUsingArrowButtonAndScrollDownFunctionality')
data.setCell(21, 2, 'testCases.TC025_VerifyScrollUpUsingArrowButtonAndScrollDownFunctionality')
data.setCell(21, 3, 18647);
data.setCell(22, 0, 22)
data.setCell(22, 1, 'VerifySubscriptionInCartPage')
data.setCell(22, 2, 'testCases.TC011_VerifySubscriptionInCartPage')
data.setCell(22, 3, 18533);
data.setCell(23, 0, 23)
data.setCell(23, 1, 'verifyLoginUserIncorrectEmailAndPasswordFlow')
data.setCell(23, 2, 'testCases.TC003_LoginUserIncorrectEmailAndPassword')
data.setCell(23, 3, 17372);
data.setCell(24, 0, 24)
data.setCell(24, 1, 'VerifySearchProduct')
data.setCell(24, 2, 'testCases.TC009_SearchProduct')
data.setCell(24, 3, 17198);
data.setCell(25, 0, 25)
data.setCell(25, 1, 'VerifyProductQuantityInCart')
data.setCell(25, 2, 'testCases.TC013_VerifyProductQuantityInCart')
data.setCell(25, 3, 16912);
data.setCell(26, 0, 26)
data.setCell(26, 1, 'testViewCategoryProducts')
data.setCell(26, 2, 'testCases.TC018_ViewCategoryProducts')
data.setCell(26, 3, 16459);
data.setCell(27, 0, 27)
data.setCell(27, 1, 'VerifyAllProductsAndProductDetailPage')
data.setCell(27, 2, 'testCases.TC008_VerifyAllProductsAndProductDetailPage')
data.setCell(27, 3, 15443);
data.setCell(28, 0, 28)
data.setCell(28, 1, 'verifyLogoutUserFlow')
data.setCell(28, 2, 'testCases.TC004_LogoutUser')
data.setCell(28, 3, 15362);
data.setCell(29, 0, 29)
data.setCell(29, 1, 'verifyLoginUserIncorrectEmailAndPasswordFlow')
data.setCell(29, 2, 'testCases.TC003_LoginUserIncorrectEmailAndPassword')
data.setCell(29, 3, 14272);
data.setCell(30, 0, 30)
data.setCell(30, 1, 'testAddReviewOnProduct')
data.setCell(30, 2, 'testCases.TC021_AddReviewOnProduct')
data.setCell(30, 3, 13173);
data.setCell(31, 0, 31)
data.setCell(31, 1, 'testViewAndCartBrandProducts')
data.setCell(31, 2, 'testCases.TC019_ViewAndCartBrandProducts')
data.setCell(31, 3, 13153);
data.setCell(32, 0, 32)
data.setCell(32, 1, 'testVerifyScrollUpWithoutArrowButtonAndScrollDownFunctionality')
data.setCell(32, 2, 'testCases.TC026_VerifyScrollUpWithoutArrowButtonAndScrollDownFunctionality')
data.setCell(32, 3, 12994);
data.setCell(33, 0, 33)
data.setCell(33, 1, 'VerifyAllProductsAndProductDetailPage')
data.setCell(33, 2, 'testCases.TC008_VerifyAllProductsAndProductDetailPage')
data.setCell(33, 3, 12290);
data.setCell(34, 0, 34)
data.setCell(34, 1, 'verifyRegisterUserWithExistingEmailFlow')
data.setCell(34, 2, 'testCases.TC005_RegisterUserWithExistingEmail')
data.setCell(34, 3, 11823);
data.setCell(35, 0, 35)
data.setCell(35, 1, 'verifyRegisterUserWithExistingEmailFlow')
data.setCell(35, 2, 'testCases.TC005_RegisterUserWithExistingEmail')
data.setCell(35, 3, 11615);
data.setCell(36, 0, 36)
data.setCell(36, 1, 'verifyLogoutUserFlow')
data.setCell(36, 2, 'testCases.TC004_LogoutUser')
data.setCell(36, 3, 11376);
data.setCell(37, 0, 37)
data.setCell(37, 1, 'VerifySubscriptionInHomePage')
data.setCell(37, 2, 'testCases.TC010_VerifySubscriptionInHomePage')
data.setCell(37, 3, 11044);
data.setCell(38, 0, 38)
data.setCell(38, 1, 'VerifySubscriptionInHomePage')
data.setCell(38, 2, 'testCases.TC010_VerifySubscriptionInHomePage')
data.setCell(38, 3, 10519);
data.setCell(39, 0, 39)
data.setCell(39, 1, 'verifyContactUsForm')
data.setCell(39, 2, 'testCases.TC007_VerifyTestCasesPage')
data.setCell(39, 3, 8963);
data.setCell(40, 0, 40)
data.setCell(40, 1, 'testSearchProductsAndVerifyCartAfterLogin')
data.setCell(40, 2, 'testCases.TC020_SearchProductsAndVerifyCartAfterLogin')
data.setCell(40, 3, 8770);
data.setCell(41, 0, 41)
data.setCell(41, 1, 'testRemoveProductsFromCart')
data.setCell(41, 2, 'testCases.TC017_RemoveProductsFromCart')
data.setCell(41, 3, 8739);
data.setCell(42, 0, 42)
data.setCell(42, 1, 'testPlaceOrderLoginBeforeCheckout')
data.setCell(42, 2, 'testCases.TC016_PlaceOrderLoginBeforeCheckout')
data.setCell(42, 3, 8656);
data.setCell(43, 0, 43)
data.setCell(43, 1, 'testAddReviewOnProduct')
data.setCell(43, 2, 'testCases.TC021_AddReviewOnProduct')
data.setCell(43, 3, 8622);
data.setCell(44, 0, 44)
data.setCell(44, 1, 'testViewCategoryProducts')
data.setCell(44, 2, 'testCases.TC018_ViewCategoryProducts')
data.setCell(44, 3, 8513);
data.setCell(45, 0, 45)
data.setCell(45, 1, 'verifyContactUsForm')
data.setCell(45, 2, 'testCases.TC007_VerifyTestCasesPage')
data.setCell(45, 3, 8406);
data.setCell(46, 0, 46)
data.setCell(46, 1, 'VerifyPlaceOrderRegisterWhileCheckout')
data.setCell(46, 2, 'testCases.TC014_PlaceOrderRegisterWhileCheckout')
data.setCell(46, 3, 7078);
data.setCell(47, 0, 47)
data.setCell(47, 1, 'VerifySubscriptionInCartPage')
data.setCell(47, 2, 'testCases.TC011_VerifySubscriptionInCartPage')
data.setCell(47, 3, 6804);
data.setCell(48, 0, 48)
data.setCell(48, 1, 'VerifyPlaceOrderRegisterBeforeCheckout')
data.setCell(48, 2, 'testCases.TC015_PlaceOrderRegisterBeforeCheckout')
data.setCell(48, 3, 6284);
data.setCell(49, 0, 49)
data.setCell(49, 1, 'VerifyAddProductsInCart')
data.setCell(49, 2, 'testCases.TC012_AddProductsInCart')
data.setCell(49, 3, 6072);
data.setCell(50, 0, 50)
data.setCell(50, 1, 'testPlaceOrderLoginBeforeCheckout')
data.setCell(50, 2, 'testCases.TC016_PlaceOrderLoginBeforeCheckout')
data.setCell(50, 3, 5017);
data.setCell(51, 0, 51)
data.setCell(51, 1, 'testDownloadInvoiceAfterPurchaseOrder')
data.setCell(51, 2, 'testCases.TC024_DownloadInvoiceAfterPurchaseOrder')
data.setCell(51, 3, 3360);
data.setCell(52, 0, 52)
data.setCell(52, 1, 'testVerifyScrollUpWithoutArrowButtonAndScrollDownFunctionality')
data.setCell(52, 2, 'testCases.TC026_VerifyScrollUpWithoutArrowButtonAndScrollDownFunctionality')
data.setCell(52, 3, 3095);
data.setCell(53, 0, 53)
data.setCell(53, 1, 'testRemoveProductsFromCart')
data.setCell(53, 2, 'testCases.TC017_RemoveProductsFromCart')
data.setCell(53, 3, 2951);
data.setCell(54, 0, 54)
data.setCell(54, 1, 'VerifySearchProduct')
data.setCell(54, 2, 'testCases.TC009_Improved')
data.setCell(54, 3, 2931);
data.setCell(55, 0, 55)
data.setCell(55, 1, 'testSearchProductsAndVerifyCartAfterLogin')
data.setCell(55, 2, 'testCases.TC020_SearchProductsAndVerifyCartAfterLogin')
data.setCell(55, 3, 2485);
data.setCell(56, 0, 56)
data.setCell(56, 1, 'VerifyHomePage')
data.setCell(56, 2, 'testCases.TC001_RegisterUser')
data.setCell(56, 3, 2453);
data.setCell(57, 0, 57)
data.setCell(57, 1, 'VerifyHomePage')
data.setCell(57, 2, 'testCases.TC001_RegisterUser')
data.setCell(57, 3, 291);
window.suiteTableData['Master_Suite']= { tableData: data, tableDiv: 'times-div-Master_Suite'}
return data;
}
              </script>
              <span class="suite-total-time">Total running time: 21 minutes</span>
              <div id="times-div-Master_Suite">
              </div> <!-- times-div-Master_Suite -->
            </div> <!-- times-div -->
          </div> <!-- main-panel-content rounded-window-bottom -->
        </div> <!-- panel -->
        <div panel-name="reporter-Master_Suite" class="panel">
          <div class="main-panel-header rounded-window-top">
            <span class="header-content">Reporter output for Master-Suite</span>
          </div> <!-- main-panel-header rounded-window-top -->
          <div class="main-panel-content rounded-window-bottom">
            <div class="reporter-method-div">
              <span class="reporter-method-name">verifyUserRegistrationFlow</span>
              <div class="reporter-method-output-div">
                <span class="reporter-method-output">Test Case:3.
verifyUserRegistrationFlow started executing...</span>
                <span class="reporter-method-output">Navigating to baseURL: http://automationexercise.com</span>
                <span class="reporter-method-output">Home Page is displayed successfully</span>
                <span class="reporter-method-output">'New User Signup!' is visible</span>
                <span class="reporter-method-output">Signup form submitted</span>
                <span class="reporter-method-output">'ENTER ACCOUNT INFORMATION' is visible</span>
                <span class="reporter-method-output">Filled account details</span>
                <span class="reporter-method-output">Clicked on Create Account</span>
                <span class="reporter-method-output">'ACCOUNT CREATED!' is visible</span>
                <span class="reporter-method-output">Clicked on Continue</span>
                <span class="reporter-method-output">User is logged in as User1</span>
                <span class="reporter-method-output">verifyUserRegistrationFlow got passed.</span>
              </div> <!-- reporter-method-output-div -->
            </div> <!-- reporter-method-div -->
            <div class="reporter-method-div">
              <span class="reporter-method-name">verifyContactUsForm</span>
              <div class="reporter-method-output-div">
                <span class="reporter-method-output">Test Case:9.
verifyContactUsForm started executing...</span>
                <span class="reporter-method-output">Home Page is displayed successfully</span>
                <span class="reporter-method-output">verifyContactUsForm got passed.</span>
              </div> <!-- reporter-method-output-div -->
            </div> <!-- reporter-method-div -->
            <div class="reporter-method-div">
              <span class="reporter-method-name">testVerifyScrollUpUsingArrowButtonAndScrollDownFunctionality</span>
              <div class="reporter-method-output-div">
                <span class="reporter-method-output">Test Case:28.
testVerifyScrollUpUsingArrowButtonAndScrollDownFunctionality started executing...</span>
                <span class="reporter-method-output">Verified 'SUBSCRIPTION' is visible</span>
                <span class="reporter-method-output">Verified that page is scrolled up and 'Full-Fledged practice website for Automation Engineers' text is visible on screen</span>
                <span class="reporter-method-output">testVerifyScrollUpUsingArrowButtonAndScrollDownFunctionality got passed.</span>
              </div> <!-- reporter-method-output-div -->
            </div> <!-- reporter-method-div -->
            <div class="reporter-method-div">
              <span class="reporter-method-name">testVerifyAddressDetailsInCheckoutPage</span>
              <div class="reporter-method-output-div">
                <span class="reporter-method-output">Test Case:26.
testVerifyAddressDetailsInCheckoutPage started executing...</span>
                <span class="reporter-method-output">'New User Signup!'- is visible,(Signup Page is opened Successfully)</span>
                <span class="reporter-method-output">Entered username: XIMPsz</span>
                <span class="reporter-method-output">Entered Email: zhRUDD@gmailwBNG</span>
                <span class="reporter-method-output">Filled account details</span>
                <span class="reporter-method-output">Clicked on Create Account</span>
                <span class="reporter-method-output">'Acount created'- is visible</span>
                <span class="reporter-method-output">Successfully 'LoggedInAs: XIMPsz</span>
                <span class="reporter-method-output">Add products to cart, Click 'Cart' button, Verified that cart page is displayed</span>
                <span class="reporter-method-output">Verified that the delivery address is same address filled at the time registration of account</span>
                <span class="reporter-method-output">Verified that the billing address is same address filled at the time registration of account</span>
                <span class="reporter-method-output">Deleted the account and the HomePagedisplaced </span>
                <span class="reporter-method-output">testVerifyAddressDetailsInCheckoutPage got passed.</span>
              </div> <!-- reporter-method-output-div -->
            </div> <!-- reporter-method-div -->
            <div class="reporter-method-div">
              <span class="reporter-method-name">VerifySubscriptionInCartPage</span>
              <div class="reporter-method-output-div">
                <span class="reporter-method-output">Test Case:14.
VerifySubscriptionInCartPage started executing...</span>
                <span class="reporter-method-output">Home Page is displayed successfully</span>
                <span class="reporter-method-output">VerifySubscriptionInCartPage got passed.</span>
              </div> <!-- reporter-method-output-div -->
            </div> <!-- reporter-method-div -->
            <div class="reporter-method-div">
              <span class="reporter-method-name">testDownloadInvoiceAfterPurchaseOrder</span>
              <div class="reporter-method-output-div">
                <span class="reporter-method-output">Test Case:27.
testDownloadInvoiceAfterPurchaseOrder started executing...</span>
                <span class="reporter-method-output">Add products to cart, Click 'Cart' button, Verified that cart page is displayed</span>
                <span class="reporter-method-output">'New User Signup!'- is visible,(Signup Page is opened Successfully)</span>
                <span class="reporter-method-output">Entered username: kfZhRO</span>
                <span class="reporter-method-output">Entered Email: FgMzrV@gmailSfMY</span>
                <span class="reporter-method-output">Filled account details</span>
                <span class="reporter-method-output">Clicked on Create Account</span>
                <span class="reporter-method-output">'Acount created'- is visible</span>
                <span class="reporter-method-output">Successfully 'LoggedInAs: kfZhRO</span>
                <span class="reporter-method-output">Commented and navigated to payment page</span>
                <span class="reporter-method-output">Deleted the account and the HomePagedisplaced </span>
                <span class="reporter-method-output">testDownloadInvoiceAfterPurchaseOrder got passed.</span>
              </div> <!-- reporter-method-output-div -->
            </div> <!-- reporter-method-div -->
            <div class="reporter-method-div">
              <span class="reporter-method-name">VerifyProductQuantityInCart</span>
              <div class="reporter-method-output-div">
                <span class="reporter-method-output">Test Case:16.
VerifyProductQuantityInCart started executing...</span>
                <span class="reporter-method-output">Home Page is displayed successfully</span>
                <span class="reporter-method-output">VerifyProductQuantityInCart got passed.</span>
              </div> <!-- reporter-method-output-div -->
            </div> <!-- reporter-method-div -->
            <div class="reporter-method-div">
              <span class="reporter-method-name">VerifyPlaceOrderRegisterWhileCheckout</span>
              <div class="reporter-method-output-div">
                <span class="reporter-method-output">Test Case:17.
VerifyPlaceOrderRegisterWhileCheckout started executing...</span>
                <span class="reporter-method-output">step 4-6:Add products to cart, Click 'Cart' button, Verify that cart page is displayed</span>
                <span class="reporter-method-output">step 7-8: Click Proceed To Checkout, Click 'Register / Login' button</span>
                <span class="reporter-method-output">Clicked on Signup link</span>
                <span class="reporter-method-output">'New User Signup!'- is visible</span>
                <span class="reporter-method-output">Entered username</span>
                <span class="reporter-method-output">Entered Email</span>
                <span class="reporter-method-output">clicked on Signup</span>
                <span class="reporter-method-output">step 9: Fill all details in Signup and create account</span>
                <span class="reporter-method-output">Filled account details</span>
                <span class="reporter-method-output">Clicked on Create Account</span>
                <span class="reporter-method-output">step 16-17: Enter payment details: Name on Card, Card Number, CVC, Expiration date, Click 'Pay and Confirm Order' button</span>
                <span class="reporter-method-output">click on deleteAccount</span>
                <span class="reporter-method-output">click on continue</span>
                <span class="reporter-method-output">Deleted the account and the HomePagedisplaced </span>
                <span class="reporter-method-output">VerifyPlaceOrderRegisterWhileCheckout got passed.</span>
              </div> <!-- reporter-method-output-div -->
            </div> <!-- reporter-method-div -->
            <div class="reporter-method-div">
              <span class="reporter-method-name">verifyLoginUserWithCorrectEmailAndPasswordFlow</span>
              <div class="reporter-method-output-div">
                <span class="reporter-method-output">Test Case:4.
verifyLoginUserWithCorrectEmailAndPasswordFlow started executing...</span>
                <span class="reporter-method-output">'Login to your account' is visible</span>
                <span class="reporter-method-output">verifyLoginUserWithCorrectEmailAndPasswordFlow got passed.</span>
              </div> <!-- reporter-method-output-div -->
            </div> <!-- reporter-method-div -->
            <div class="reporter-method-div">
              <span class="reporter-method-name">testViewAndCartBrandProducts</span>
              <div class="reporter-method-output-div">
                <span class="reporter-method-output">Test Case:22.
testViewAndCartBrandProducts started executing...</span>
                <span class="reporter-method-output">product Page is displayed successfully</span>
                <span class="reporter-method-output">Verified that Brands are visible on left side bar</span>
                <span class="reporter-method-output"> Verified that user is navigated to brand page and brand products are displayed</span>
                <span class="reporter-method-output">testViewAndCartBrandProducts got passed.</span>
              </div> <!-- reporter-method-output-div -->
            </div> <!-- reporter-method-div -->
            <div class="reporter-method-div">
              <span class="reporter-method-name">testRemoveProductsFromCart</span>
              <div class="reporter-method-output-div">
                <span class="reporter-method-output">Test Case:20.
testRemoveProductsFromCart started executing...</span>
                <span class="reporter-method-output">Verified that cart page is displayed</span>
                <span class="reporter-method-output">Verified that product is removed from the cart</span>
                <span class="reporter-method-output">testRemoveProductsFromCart got passed.</span>
              </div> <!-- reporter-method-output-div -->
            </div> <!-- reporter-method-div -->
            <div class="reporter-method-div">
              <span class="reporter-method-name">verifyContactUsForm</span>
              <div class="reporter-method-output-div">
                <span class="reporter-method-output">Test Case:8.
verifyContactUsForm started executing...</span>
                <span class="reporter-method-output">Home Page is displayed successfully</span>
                <span class="reporter-method-output">Entered name, email, subject and message,Upload file,Click 'Submit' button,Click OK button</span>
                <span class="reporter-method-output">verifyContactUsForm got passed.</span>
              </div> <!-- reporter-method-output-div -->
            </div> <!-- reporter-method-div -->
            <div class="reporter-method-div">
              <span class="reporter-method-name">VerifyHomePage</span>
              <div class="reporter-method-output-div">
                <span class="reporter-method-output">Test Case:1.
VerifyHomePage started executing...</span>
                <span class="reporter-method-output">Navigating to baseUrl: http://automationexercise.com</span>
                <span class="reporter-method-output">HomePage is displayed successfully</span>
                <span class="reporter-method-output">VerifyHomePage got passed.</span>
              </div> <!-- reporter-method-output-div -->
            </div> <!-- reporter-method-div -->
            <div class="reporter-method-div">
              <span class="reporter-method-name">VerifySubscriptionInHomePage</span>
              <div class="reporter-method-output-div">
                <span class="reporter-method-output">Test Case:13.
VerifySubscriptionInHomePage started executing...</span>
                <span class="reporter-method-output">Home Page is displayed successfully</span>
                <span class="reporter-method-output">Scroll down to footer, Verify text 'SUBSCRIPTION'</span>
                <span class="reporter-method-output">VerifySubscriptionInHomePage got passed.</span>
              </div> <!-- reporter-method-output-div -->
            </div> <!-- reporter-method-div -->
            <div class="reporter-method-div">
              <span class="reporter-method-name">verifyLoginUserIncorrectEmailAndPasswordFlow</span>
              <div class="reporter-method-output-div">
                <span class="reporter-method-output">Test Case:5.
verifyLoginUserIncorrectEmailAndPasswordFlow started executing...</span>
                <span class="reporter-method-output">HomePage is displayed</span>
                <span class="reporter-method-output">verifyLoginUserIncorrectEmailAndPasswordFlow got passed.</span>
              </div> <!-- reporter-method-output-div -->
            </div> <!-- reporter-method-div -->
            <div class="reporter-method-div">
              <span class="reporter-method-name">verifySignupRegistration</span>
              <div class="reporter-method-output-div">
                <span class="reporter-method-output">Test Case:2.
verifySignupRegistration started executing...</span>
                <span class="reporter-method-output">Home Page is displayed successfully</span>
                <span class="reporter-method-output">'LoggedInAs(userName)</span>
                <span class="reporter-method-output">verifySignupRegistration got passed.</span>
              </div> <!-- reporter-method-output-div -->
            </div> <!-- reporter-method-div -->
            <div class="reporter-method-div">
              <span class="reporter-method-name">testVerifyScrollUpWithoutArrowButtonAndScrollDownFunctionality</span>
              <div class="reporter-method-output-div">
                <span class="reporter-method-output">Test Case:29.
testVerifyScrollUpWithoutArrowButtonAndScrollDownFunctionality started executing...</span>
                <span class="reporter-method-output">Verified 'SUBSCRIPTION' is visible</span>
                <span class="reporter-method-output">testVerifyScrollUpWithoutArrowButtonAndScrollDownFunctionality got passed.</span>
              </div> <!-- reporter-method-output-div -->
            </div> <!-- reporter-method-div -->
            <div class="reporter-method-div">
              <span class="reporter-method-name">testAddReviewOnProduct</span>
              <div class="reporter-method-output-div">
                <span class="reporter-method-output">Test Case:24.
testAddReviewOnProduct started executing...</span>
                <span class="reporter-method-output">Verified user is navigated to ALL PRODUCTS page successfully</span>
                <span class="reporter-method-output">Verified 'Write Your Review' is visible</span>
                <span class="reporter-method-output">Verify success message 'Thank you for your review.'
</span>
                <span class="reporter-method-output">testAddReviewOnProduct got passed.</span>
              </div> <!-- reporter-method-output-div -->
            </div> <!-- reporter-method-div -->
            <div class="reporter-method-div">
              <span class="reporter-method-name">verifyLogoutUserFlow</span>
              <div class="reporter-method-output-div">
                <span class="reporter-method-output">Test Case:6.
verifyLogoutUserFlow started executing...</span>
                <span class="reporter-method-output">'Login to your account' is visible</span>
                <span class="reporter-method-output">Entered correct email address and password, Clicked 'login' button</span>
                <span class="reporter-method-output">verifyLogoutUserFlow got failed.</span>
                <span class="reporter-method-output">--Taken screenshot:verifyLogoutUserFlow</span>
              </div> <!-- reporter-method-output-div -->
            </div> <!-- reporter-method-div -->
            <div class="reporter-method-div">
              <span class="reporter-method-name">testViewCategoryProducts</span>
              <div class="reporter-method-output-div">
                <span class="reporter-method-output">Test Case:21.
testViewCategoryProducts started executing...</span>
                <span class="reporter-method-output">draged</span>
                <span class="reporter-method-output">testViewCategoryProducts got failed.</span>
                <span class="reporter-method-output">--Taken screenshot:testViewCategoryProducts</span>
              </div> <!-- reporter-method-output-div -->
            </div> <!-- reporter-method-div -->
            <div class="reporter-method-div">
              <span class="reporter-method-name">VerifyAllProductsAndProductDetailPage</span>
              <div class="reporter-method-output-div">
                <span class="reporter-method-output">Test Case:10.
VerifyAllProductsAndProductDetailPage started executing...</span>
                <span class="reporter-method-output">Home Page is displayed successfully</span>
                <span class="reporter-method-output">VerifyAllProductsAndProductDetailPage got failed.</span>
                <span class="reporter-method-output">--Taken screenshot:VerifyAllProductsAndProductDetailPage</span>
              </div> <!-- reporter-method-output-div -->
            </div> <!-- reporter-method-div -->
            <div class="reporter-method-div">
              <span class="reporter-method-name">VerifySearchProduct</span>
              <div class="reporter-method-output-div">
                <span class="reporter-method-output">Test Case:12.
VerifySearchProduct started executing...</span>
                <span class="reporter-method-output">Home Page is displayed successfully</span>
                <span class="reporter-method-output">Click on 'Products' button,Verify user is navigated to ALL PRODUCTS page successfully</span>
                <span class="reporter-method-output">Enter product name in search input and click search button, Verify 'SEARCHED PRODUCTS' is visible</span>
                <span class="reporter-method-output">VerifySearchProduct got failed.</span>
                <span class="reporter-method-output">--Taken screenshot:VerifySearchProduct</span>
              </div> <!-- reporter-method-output-div -->
            </div> <!-- reporter-method-div -->
            <div class="reporter-method-div">
              <span class="reporter-method-name">VerifyAddProductsInCart</span>
              <div class="reporter-method-output-div">
                <span class="reporter-method-output">Test Case:15.
VerifyAddProductsInCart started executing...</span>
                <span class="reporter-method-output">Home Page is displayed successfully</span>
                <span class="reporter-method-output">VerifyAddProductsInCart got failed.</span>
                <span class="reporter-method-output">--Taken screenshot:VerifyAddProductsInCart</span>
              </div> <!-- reporter-method-output-div -->
            </div> <!-- reporter-method-div -->
            <div class="reporter-method-div">
              <span class="reporter-method-name">VerifyPlaceOrderRegisterBeforeCheckout</span>
              <div class="reporter-method-output-div">
                <span class="reporter-method-output">Test Case:18.
VerifyPlaceOrderRegisterBeforeCheckout started executing...</span>
                <span class="reporter-method-output">Clicked on Signup link</span>
                <span class="reporter-method-output">'New User Signup!'- is visible</span>
                <span class="reporter-method-output">Entered username</span>
                <span class="reporter-method-output">Entered Email</span>
                <span class="reporter-method-output">clicked on Signup</span>
                <span class="reporter-method-output">Filled account details</span>
                <span class="reporter-method-output">Clicked on Create Account</span>
                <span class="reporter-method-output"> Click 'Signup / Login' button,Fill all details in Signup and create account</span>
                <span class="reporter-method-output">Verify 'ACCOUNT CREATED!' and click 'Continue' button, Verify ' Logged in as username' at top</span>
                <span class="reporter-method-output">Add products to cart, Click 'Cart' button, Verify that cart page is displayed</span>
                <span class="reporter-method-output">VerifyPlaceOrderRegisterBeforeCheckout got failed.</span>
                <span class="reporter-method-output">--Taken screenshot:VerifyPlaceOrderRegisterBeforeCheckout</span>
              </div> <!-- reporter-method-output-div -->
            </div> <!-- reporter-method-div -->
            <div class="reporter-method-div">
              <span class="reporter-method-name">verifyRegisterUserWithExistingEmailFlow</span>
              <div class="reporter-method-output-div">
                <span class="reporter-method-output">Test Case:7.
verifyRegisterUserWithExistingEmailFlow started executing...</span>
                <span class="reporter-method-output">'New User Signup!' is visible</span>
                <span class="reporter-method-output">Entered name and already registered email address,Clicked 'Signup' button</span>
                <span class="reporter-method-output">verifyRegisterUserWithExistingEmailFlow got failed.</span>
                <span class="reporter-method-output">--Taken screenshot:verifyRegisterUserWithExistingEmailFlow</span>
              </div> <!-- reporter-method-output-div -->
            </div> <!-- reporter-method-div -->
            <div class="reporter-method-div">
              <span class="reporter-method-name">testAddToCartFromRecommendedItems</span>
              <div class="reporter-method-output-div">
                <span class="reporter-method-output">Test Case:25.
testAddToCartFromRecommendedItems started executing...</span>
                <span class="reporter-method-output">Verify 'RECOMMENDED ITEMS' are visible</span>
                <span class="reporter-method-output">testAddToCartFromRecommendedItems got failed.</span>
                <span class="reporter-method-output">--Taken screenshot:testAddToCartFromRecommendedItems</span>
              </div> <!-- reporter-method-output-div -->
            </div> <!-- reporter-method-div -->
            <div class="reporter-method-div">
              <span class="reporter-method-name">testSearchProductsAndVerifyCartAfterLogin</span>
              <div class="reporter-method-output-div">
                <span class="reporter-method-output">Test Case:23.
testSearchProductsAndVerifyCartAfterLogin started executing...</span>
                <span class="reporter-method-output">testSearchProductsAndVerifyCartAfterLogin got failed.</span>
                <span class="reporter-method-output">--Taken screenshot:testSearchProductsAndVerifyCartAfterLogin</span>
              </div> <!-- reporter-method-output-div -->
            </div> <!-- reporter-method-div -->
            <div class="reporter-method-div">
              <span class="reporter-method-name">VerifySearchProduct</span>
              <div class="reporter-method-output-div">
                <span class="reporter-method-output">Test Case:11.
VerifySearchProduct started executing...</span>
                <span class="reporter-method-output">VerifySearchProduct got failed.</span>
                <span class="reporter-method-output">--Taken screenshot:VerifySearchProduct</span>
              </div> <!-- reporter-method-output-div -->
            </div> <!-- reporter-method-div -->
            <div class="reporter-method-div">
              <span class="reporter-method-name">testPlaceOrderLoginBeforeCheckout</span>
              <div class="reporter-method-output-div">
                <span class="reporter-method-output">Test Case:19.
testPlaceOrderLoginBeforeCheckout started executing...</span>
                <span class="reporter-method-output">testPlaceOrderLoginBeforeCheckout got failed.</span>
                <span class="reporter-method-output">--Taken screenshot:testPlaceOrderLoginBeforeCheckout</span>
              </div> <!-- reporter-method-output-div -->
            </div> <!-- reporter-method-div -->
            <div class="reporter-method-div">
              <span class="reporter-method-name">testVerifyScrollUpUsingArrowButtonAndScrollDownFunctionality</span>
              <div class="reporter-method-output-div">
                <span class="reporter-method-output">Test Case:57.
testVerifyScrollUpUsingArrowButtonAndScrollDownFunctionality started executing...</span>
                <span class="reporter-method-output">Verified 'SUBSCRIPTION' is visible</span>
                <span class="reporter-method-output">Verified that page is scrolled up and 'Full-Fledged practice website for Automation Engineers' text is visible on screen</span>
                <span class="reporter-method-output">testVerifyScrollUpUsingArrowButtonAndScrollDownFunctionality got passed.</span>
              </div> <!-- reporter-method-output-div -->
            </div> <!-- reporter-method-div -->
            <div class="reporter-method-div">
              <span class="reporter-method-name">verifyContactUsForm</span>
              <div class="reporter-method-output-div">
                <span class="reporter-method-output">Test Case:37.
verifyContactUsForm started executing...</span>
                <span class="reporter-method-output">Home Page is displayed successfully</span>
                <span class="reporter-method-output">Entered name, email, subject and message,Upload file,Click 'Submit' button,Click OK button</span>
                <span class="reporter-method-output">verifyContactUsForm got passed.</span>
              </div> <!-- reporter-method-output-div -->
            </div> <!-- reporter-method-div -->
            <div class="reporter-method-div">
              <span class="reporter-method-name">verifyLoginUserIncorrectEmailAndPasswordFlow</span>
              <div class="reporter-method-output-div">
                <span class="reporter-method-output">Test Case:34.
verifyLoginUserIncorrectEmailAndPasswordFlow started executing...</span>
                <span class="reporter-method-output">HomePage is displayed</span>
                <span class="reporter-method-output">verifyLoginUserIncorrectEmailAndPasswordFlow got passed.</span>
              </div> <!-- reporter-method-output-div -->
            </div> <!-- reporter-method-div -->
            <div class="reporter-method-div">
              <span class="reporter-method-name">VerifyProductQuantityInCart</span>
              <div class="reporter-method-output-div">
                <span class="reporter-method-output">Test Case:45.
VerifyProductQuantityInCart started executing...</span>
                <span class="reporter-method-output">Home Page is displayed successfully</span>
                <span class="reporter-method-output">VerifyProductQuantityInCart got passed.</span>
              </div> <!-- reporter-method-output-div -->
            </div> <!-- reporter-method-div -->
            <div class="reporter-method-div">
              <span class="reporter-method-name">testAddReviewOnProduct</span>
              <div class="reporter-method-output-div">
                <span class="reporter-method-output">Test Case:53.
testAddReviewOnProduct started executing...</span>
                <span class="reporter-method-output">Verified user is navigated to ALL PRODUCTS page successfully</span>
                <span class="reporter-method-output">Verified 'Write Your Review' is visible</span>
                <span class="reporter-method-output">Verify success message 'Thank you for your review.'
</span>
                <span class="reporter-method-output">testAddReviewOnProduct got passed.</span>
              </div> <!-- reporter-method-output-div -->
            </div> <!-- reporter-method-div -->
            <div class="reporter-method-div">
              <span class="reporter-method-name">VerifyHomePage</span>
              <div class="reporter-method-output-div">
                <span class="reporter-method-output">Test Case:30.
VerifyHomePage started executing...</span>
                <span class="reporter-method-output">Navigating to baseUrl: http://automationexercise.com</span>
                <span class="reporter-method-output">HomePage is displayed successfully</span>
                <span class="reporter-method-output">VerifyHomePage got passed.</span>
              </div> <!-- reporter-method-output-div -->
            </div> <!-- reporter-method-div -->
            <div class="reporter-method-div">
              <span class="reporter-method-name">verifyUserRegistrationFlow</span>
              <div class="reporter-method-output-div">
                <span class="reporter-method-output">Test Case:32.
verifyUserRegistrationFlow started executing...</span>
                <span class="reporter-method-output">Navigating to baseURL: http://automationexercise.com</span>
                <span class="reporter-method-output">Home Page is displayed successfully</span>
                <span class="reporter-method-output">'New User Signup!' is visible</span>
                <span class="reporter-method-output">Signup form submitted</span>
                <span class="reporter-method-output">'ENTER ACCOUNT INFORMATION' is visible</span>
                <span class="reporter-method-output">Filled account details</span>
                <span class="reporter-method-output">Clicked on Create Account</span>
                <span class="reporter-method-output">'ACCOUNT CREATED!' is visible</span>
                <span class="reporter-method-output">Clicked on Continue</span>
                <span class="reporter-method-output">User is logged in as User1</span>
                <span class="reporter-method-output">verifyUserRegistrationFlow got passed.</span>
              </div> <!-- reporter-method-output-div -->
            </div> <!-- reporter-method-div -->
            <div class="reporter-method-div">
              <span class="reporter-method-name">verifyLoginUserWithCorrectEmailAndPasswordFlow</span>
              <div class="reporter-method-output-div">
                <span class="reporter-method-output">Test Case:33.
verifyLoginUserWithCorrectEmailAndPasswordFlow started executing...</span>
                <span class="reporter-method-output">'Login to your account' is visible</span>
                <span class="reporter-method-output">verifyLoginUserWithCorrectEmailAndPasswordFlow got passed.</span>
              </div> <!-- reporter-method-output-div -->
            </div> <!-- reporter-method-div -->
            <div class="reporter-method-div">
              <span class="reporter-method-name">verifyContactUsForm</span>
              <div class="reporter-method-output-div">
                <span class="reporter-method-output">Test Case:38.
verifyContactUsForm started executing...</span>
                <span class="reporter-method-output">Home Page is displayed successfully</span>
                <span class="reporter-method-output">verifyContactUsForm got passed.</span>
              </div> <!-- reporter-method-output-div -->
            </div> <!-- reporter-method-div -->
            <div class="reporter-method-div">
              <span class="reporter-method-name">VerifySubscriptionInCartPage</span>
              <div class="reporter-method-output-div">
                <span class="reporter-method-output">Test Case:43.
VerifySubscriptionInCartPage started executing...</span>
                <span class="reporter-method-output">Home Page is displayed successfully</span>
                <span class="reporter-method-output">VerifySubscriptionInCartPage got passed.</span>
              </div> <!-- reporter-method-output-div -->
            </div> <!-- reporter-method-div -->
            <div class="reporter-method-div">
              <span class="reporter-method-name">testVerifyScrollUpWithoutArrowButtonAndScrollDownFunctionality</span>
              <div class="reporter-method-output-div">
                <span class="reporter-method-output">Test Case:58.
testVerifyScrollUpWithoutArrowButtonAndScrollDownFunctionality started executing...</span>
                <span class="reporter-method-output">Verified 'SUBSCRIPTION' is visible</span>
                <span class="reporter-method-output">testVerifyScrollUpWithoutArrowButtonAndScrollDownFunctionality got passed.</span>
              </div> <!-- reporter-method-output-div -->
            </div> <!-- reporter-method-div -->
            <div class="reporter-method-div">
              <span class="reporter-method-name">testViewAndCartBrandProducts</span>
              <div class="reporter-method-output-div">
                <span class="reporter-method-output">Test Case:51.
testViewAndCartBrandProducts started executing...</span>
                <span class="reporter-method-output">product Page is displayed successfully</span>
                <span class="reporter-method-output">Verified that Brands are visible on left side bar</span>
                <span class="reporter-method-output"> Verified that user is navigated to brand page and brand products are displayed</span>
                <span class="reporter-method-output">testViewAndCartBrandProducts got passed.</span>
              </div> <!-- reporter-method-output-div -->
            </div> <!-- reporter-method-div -->
            <div class="reporter-method-div">
              <span class="reporter-method-name">VerifySubscriptionInHomePage</span>
              <div class="reporter-method-output-div">
                <span class="reporter-method-output">Test Case:42.
VerifySubscriptionInHomePage started executing...</span>
                <span class="reporter-method-output">Home Page is displayed successfully</span>
                <span class="reporter-method-output">Scroll down to footer, Verify text 'SUBSCRIPTION'</span>
                <span class="reporter-method-output">VerifySubscriptionInHomePage got passed.</span>
              </div> <!-- reporter-method-output-div -->
            </div> <!-- reporter-method-div -->
            <div class="reporter-method-div">
              <span class="reporter-method-name">verifySignupRegistration</span>
              <div class="reporter-method-output-div">
                <span class="reporter-method-output">Test Case:31.
verifySignupRegistration started executing...</span>
                <span class="reporter-method-output">Home Page is displayed successfully</span>
                <span class="reporter-method-output">verifySignupRegistration got failed.</span>
                <span class="reporter-method-output">--Taken screenshot:verifySignupRegistration</span>
              </div> <!-- reporter-method-output-div -->
            </div> <!-- reporter-method-div -->
            <div class="reporter-method-div">
              <span class="reporter-method-name">VerifySearchProduct</span>
              <div class="reporter-method-output-div">
                <span class="reporter-method-output">Test Case:40.
VerifySearchProduct started executing...</span>
                <span class="reporter-method-output">VerifySearchProduct got failed.</span>
                <span class="reporter-method-output">--Taken screenshot:VerifySearchProduct</span>
              </div> <!-- reporter-method-output-div -->
            </div> <!-- reporter-method-div -->
            <div class="reporter-method-div">
              <span class="reporter-method-name">testViewCategoryProducts</span>
              <div class="reporter-method-output-div">
                <span class="reporter-method-output">Test Case:50.
testViewCategoryProducts started executing...</span>
                <span class="reporter-method-output">draged</span>
                <span class="reporter-method-output">testViewCategoryProducts got failed.</span>
                <span class="reporter-method-output">--Taken screenshot:testViewCategoryProducts</span>
              </div> <!-- reporter-method-output-div -->
            </div> <!-- reporter-method-div -->
            <div class="reporter-method-div">
              <span class="reporter-method-name">testRemoveProductsFromCart</span>
              <div class="reporter-method-output-div">
                <span class="reporter-method-output">Test Case:49.
testRemoveProductsFromCart started executing...</span>
                <span class="reporter-method-output">testRemoveProductsFromCart got failed.</span>
                <span class="reporter-method-output">--Taken screenshot:testRemoveProductsFromCart</span>
              </div> <!-- reporter-method-output-div -->
            </div> <!-- reporter-method-div -->
            <div class="reporter-method-div">
              <span class="reporter-method-name">VerifyPlaceOrderRegisterBeforeCheckout</span>
              <div class="reporter-method-output-div">
                <span class="reporter-method-output">Test Case:47.
VerifyPlaceOrderRegisterBeforeCheckout started executing...</span>
                <span class="reporter-method-output">Clicked on Signup link</span>
                <span class="reporter-method-output">'New User Signup!'- is visible</span>
                <span class="reporter-method-output">Entered username</span>
                <span class="reporter-method-output">Entered Email</span>
                <span class="reporter-method-output">clicked on Signup</span>
                <span class="reporter-method-output">VerifyPlaceOrderRegisterBeforeCheckout got failed.</span>
                <span class="reporter-method-output">--Taken screenshot:VerifyPlaceOrderRegisterBeforeCheckout</span>
              </div> <!-- reporter-method-output-div -->
            </div> <!-- reporter-method-div -->
            <div class="reporter-method-div">
              <span class="reporter-method-name">VerifySearchProduct</span>
              <div class="reporter-method-output-div">
                <span class="reporter-method-output">Test Case:41.
VerifySearchProduct started executing...</span>
                <span class="reporter-method-output">Home Page is displayed successfully</span>
                <span class="reporter-method-output">Click on 'Products' button,Verify user is navigated to ALL PRODUCTS page successfully</span>
                <span class="reporter-method-output">Enter product name in search input and click search button, Verify 'SEARCHED PRODUCTS' is visible</span>
                <span class="reporter-method-output">VerifySearchProduct got failed.</span>
                <span class="reporter-method-output">--Taken screenshot:VerifySearchProduct</span>
              </div> <!-- reporter-method-output-div -->
            </div> <!-- reporter-method-div -->
            <div class="reporter-method-div">
              <span class="reporter-method-name">testVerifyAddressDetailsInCheckoutPage</span>
              <div class="reporter-method-output-div">
                <span class="reporter-method-output">Test Case:55.
testVerifyAddressDetailsInCheckoutPage started executing...</span>
                <span class="reporter-method-output">'New User Signup!'- is visible,(Signup Page is opened Successfully)</span>
                <span class="reporter-method-output">Entered username: DaQKaF</span>
                <span class="reporter-method-output">Entered Email: NPSpWm@gmailYWQe</span>
                <span class="reporter-method-output">Filled account details</span>
                <span class="reporter-method-output">Clicked on Create Account</span>
                <span class="reporter-method-output">'Acount created'- is visible</span>
                <span class="reporter-method-output">Successfully 'LoggedInAs: DaQKaF</span>
                <span class="reporter-method-output">testVerifyAddressDetailsInCheckoutPage got failed.</span>
                <span class="reporter-method-output">--Taken screenshot:testVerifyAddressDetailsInCheckoutPage</span>
              </div> <!-- reporter-method-output-div -->
            </div> <!-- reporter-method-div -->
            <div class="reporter-method-div">
              <span class="reporter-method-name">VerifyAllProductsAndProductDetailPage</span>
              <div class="reporter-method-output-div">
                <span class="reporter-method-output">Test Case:39.
VerifyAllProductsAndProductDetailPage started executing...</span>
                <span class="reporter-method-output">Home Page is displayed successfully</span>
                <span class="reporter-method-output">VerifyAllProductsAndProductDetailPage got failed.</span>
                <span class="reporter-method-output">--Taken screenshot:VerifyAllProductsAndProductDetailPage</span>
              </div> <!-- reporter-method-output-div -->
            </div> <!-- reporter-method-div -->
            <div class="reporter-method-div">
              <span class="reporter-method-name">VerifyAddProductsInCart</span>
              <div class="reporter-method-output-div">
                <span class="reporter-method-output">Test Case:44.
VerifyAddProductsInCart started executing...</span>
                <span class="reporter-method-output">Home Page is displayed successfully</span>
                <span class="reporter-method-output">VerifyAddProductsInCart got failed.</span>
                <span class="reporter-method-output">--Taken screenshot:VerifyAddProductsInCart</span>
              </div> <!-- reporter-method-output-div -->
            </div> <!-- reporter-method-div -->
            <div class="reporter-method-div">
              <span class="reporter-method-name">verifyLogoutUserFlow</span>
              <div class="reporter-method-output-div">
                <span class="reporter-method-output">Test Case:35.
verifyLogoutUserFlow started executing...</span>
                <span class="reporter-method-output">'Login to your account' is visible</span>
                <span class="reporter-method-output">Entered correct email address and password, Clicked 'login' button</span>
                <span class="reporter-method-output">verifyLogoutUserFlow got failed.</span>
                <span class="reporter-method-output">--Taken screenshot:verifyLogoutUserFlow</span>
              </div> <!-- reporter-method-output-div -->
            </div> <!-- reporter-method-div -->
            <div class="reporter-method-div">
              <span class="reporter-method-name">verifyRegisterUserWithExistingEmailFlow</span>
              <div class="reporter-method-output-div">
                <span class="reporter-method-output">Test Case:36.
verifyRegisterUserWithExistingEmailFlow started executing...</span>
                <span class="reporter-method-output">'New User Signup!' is visible</span>
                <span class="reporter-method-output">Entered name and already registered email address,Clicked 'Signup' button</span>
                <span class="reporter-method-output">verifyRegisterUserWithExistingEmailFlow got failed.</span>
                <span class="reporter-method-output">--Taken screenshot:verifyRegisterUserWithExistingEmailFlow</span>
              </div> <!-- reporter-method-output-div -->
            </div> <!-- reporter-method-div -->
            <div class="reporter-method-div">
              <span class="reporter-method-name">VerifyPlaceOrderRegisterWhileCheckout</span>
              <div class="reporter-method-output-div">
                <span class="reporter-method-output">Test Case:46.
VerifyPlaceOrderRegisterWhileCheckout started executing...</span>
                <span class="reporter-method-output">VerifyPlaceOrderRegisterWhileCheckout got failed.</span>
                <span class="reporter-method-output">--Taken screenshot:VerifyPlaceOrderRegisterWhileCheckout</span>
              </div> <!-- reporter-method-output-div -->
            </div> <!-- reporter-method-div -->
            <div class="reporter-method-div">
              <span class="reporter-method-name">testSearchProductsAndVerifyCartAfterLogin</span>
              <div class="reporter-method-output-div">
                <span class="reporter-method-output">Test Case:52.
testSearchProductsAndVerifyCartAfterLogin started executing...</span>
                <span class="reporter-method-output">Verified user is navigated to ALL PRODUCTS page successfully</span>
                <span class="reporter-method-output">Total displayed products: 14</span>
                <span class="reporter-method-output">testSearchProductsAndVerifyCartAfterLogin got failed.</span>
                <span class="reporter-method-output">--Taken screenshot:testSearchProductsAndVerifyCartAfterLogin</span>
              </div> <!-- reporter-method-output-div -->
            </div> <!-- reporter-method-div -->
            <div class="reporter-method-div">
              <span class="reporter-method-name">testAddToCartFromRecommendedItems</span>
              <div class="reporter-method-output-div">
                <span class="reporter-method-output">Test Case:54.
testAddToCartFromRecommendedItems started executing...</span>
                <span class="reporter-method-output">Verify 'RECOMMENDED ITEMS' are visible</span>
                <span class="reporter-method-output">testAddToCartFromRecommendedItems got failed.</span>
                <span class="reporter-method-output">--Taken screenshot:testAddToCartFromRecommendedItems</span>
              </div> <!-- reporter-method-output-div -->
            </div> <!-- reporter-method-div -->
            <div class="reporter-method-div">
              <span class="reporter-method-name">testDownloadInvoiceAfterPurchaseOrder</span>
              <div class="reporter-method-output-div">
                <span class="reporter-method-output">Test Case:56.
testDownloadInvoiceAfterPurchaseOrder started executing...</span>
                <span class="reporter-method-output">testDownloadInvoiceAfterPurchaseOrder got failed.</span>
                <span class="reporter-method-output">--Taken screenshot:testDownloadInvoiceAfterPurchaseOrder</span>
              </div> <!-- reporter-method-output-div -->
            </div> <!-- reporter-method-div -->
            <div class="reporter-method-div">
              <span class="reporter-method-name">testPlaceOrderLoginBeforeCheckout</span>
              <div class="reporter-method-output-div">
                <span class="reporter-method-output">Test Case:48.
testPlaceOrderLoginBeforeCheckout started executing...</span>
                <span class="reporter-method-output">testPlaceOrderLoginBeforeCheckout got failed.</span>
                <span class="reporter-method-output">--Taken screenshot:testPlaceOrderLoginBeforeCheckout</span>
              </div> <!-- reporter-method-output-div -->
            </div> <!-- reporter-method-div -->
          </div> <!-- main-panel-content rounded-window-bottom -->
        </div> <!-- panel -->
        <div panel-name="ignored-methods-Master_Suite" class="panel">
          <div class="main-panel-header rounded-window-top">
            <span class="header-content">0 ignored methods</span>
          </div> <!-- main-panel-header rounded-window-top -->
          <div class="main-panel-content rounded-window-bottom">
          </div> <!-- main-panel-content rounded-window-bottom -->
        </div> <!-- panel -->
        <div panel-name="chronological-Master_Suite" class="panel">
          <div class="main-panel-header rounded-window-top">
            <span class="header-content">Methods in chronological order</span>
          </div> <!-- main-panel-header rounded-window-top -->
          <div class="main-panel-content rounded-window-bottom">
            <div class="chronological-class">
              <div class="chronological-class-name">testCases.TC001_RegisterUser</div> <!-- chronological-class-name -->
              <div class="configuration-class before">
                <span class="method-name">setup(chrome)</span>
                <span class="method-start">0 ms</span>
              </div> <!-- configuration-class before -->
              <div class="test-method">
                <span class="method-name">VerifyHomePage</span>
                <span class="method-start">83451 ms</span>
              </div> <!-- test-method -->
              <div class="test-method">
                <span class="method-name">verifySignupRegistration</span>
                <span class="method-start">85925 ms</span>
              </div> <!-- test-method -->
              <div class="configuration-class after">
                <span class="method-name">tearDown</span>
                <span class="method-start">138985 ms</span>
              </div> <!-- configuration-class after -->
            </div> <!-- chronological-class -->
            <div class="chronological-class">
              <div class="chronological-class-name">testCases.TC001_RegisterUser_improved</div> <!-- chronological-class-name -->
              <div class="configuration-class before">
                <span class="method-name">setup(chrome)</span>
                <span class="method-start">141797 ms</span>
              </div> <!-- configuration-class before -->
              <div class="test-method">
                <span class="method-name">verifyUserRegistrationFlow</span>
                <span class="method-start">162957 ms</span>
              </div> <!-- test-method -->
              <div class="configuration-class after">
                <span class="method-name">tearDown</span>
                <span class="method-start">195206 ms</span>
              </div> <!-- configuration-class after -->
            </div> <!-- chronological-class -->
            <div class="chronological-class">
              <div class="chronological-class-name">testCases.TC002_LoginUserWithCorrectEmailAndPassword</div> <!-- chronological-class-name -->
              <div class="configuration-class before">
                <span class="method-name">setup(chrome)</span>
                <span class="method-start">196226 ms</span>
              </div> <!-- configuration-class before -->
              <div class="test-method">
                <span class="method-name">verifyLoginUserWithCorrectEmailAndPasswordFlow</span>
                <span class="method-start">209699 ms</span>
              </div> <!-- test-method -->
              <div class="configuration-class after">
                <span class="method-name">tearDown</span>
                <span class="method-start">241805 ms</span>
              </div> <!-- configuration-class after -->
            </div> <!-- chronological-class -->
            <div class="chronological-class">
              <div class="chronological-class-name">testCases.TC003_LoginUserIncorrectEmailAndPassword</div> <!-- chronological-class-name -->
              <div class="configuration-class before">
                <span class="method-name">setup(chrome)</span>
                <span class="method-start">245035 ms</span>
              </div> <!-- configuration-class before -->
              <div class="test-method">
                <span class="method-name">verifyLoginUserIncorrectEmailAndPasswordFlow</span>
                <span class="method-start">258704 ms</span>
              </div> <!-- test-method -->
              <div class="configuration-class after">
                <span class="method-name">tearDown</span>
                <span class="method-start">272985 ms</span>
              </div> <!-- configuration-class after -->
            </div> <!-- chronological-class -->
            <div class="chronological-class">
              <div class="chronological-class-name">testCases.TC004_LogoutUser</div> <!-- chronological-class-name -->
              <div class="configuration-class before">
                <span class="method-name">setup(chrome)</span>
                <span class="method-start">273880 ms</span>
              </div> <!-- configuration-class before -->
              <div class="test-method">
                <img src="failed.png">
                </img>
                <span class="method-name">verifyLogoutUserFlow</span>
                <span class="method-start">289255 ms</span>
              </div> <!-- test-method -->
              <div class="configuration-class after">
                <span class="method-name">tearDown</span>
                <span class="method-start">301494 ms</span>
              </div> <!-- configuration-class after -->
            </div> <!-- chronological-class -->
            <div class="chronological-class">
              <div class="chronological-class-name">testCases.TC005_RegisterUserWithExistingEmail</div> <!-- chronological-class-name -->
              <div class="configuration-class before">
                <span class="method-name">setup(chrome)</span>
                <span class="method-start">302705 ms</span>
              </div> <!-- configuration-class before -->
              <div class="test-method">
                <img src="failed.png">
                </img>
                <span class="method-name">verifyRegisterUserWithExistingEmailFlow</span>
                <span class="method-start">317123 ms</span>
              </div> <!-- test-method -->
              <div class="configuration-class after">
                <span class="method-name">tearDown</span>
                <span class="method-start">329362 ms</span>
              </div> <!-- configuration-class after -->
            </div> <!-- chronological-class -->
            <div class="chronological-class">
              <div class="chronological-class-name">testCases.TC006_ContactUsForm</div> <!-- chronological-class-name -->
              <div class="configuration-class before">
                <span class="method-name">setup(chrome)</span>
                <span class="method-start">330471 ms</span>
              </div> <!-- configuration-class before -->
              <div class="test-method">
                <span class="method-name">verifyContactUsForm</span>
                <span class="method-start">350395 ms</span>
              </div> <!-- test-method -->
              <div class="configuration-class after">
                <span class="method-name">tearDown</span>
                <span class="method-start">411983 ms</span>
              </div> <!-- configuration-class after -->
            </div> <!-- chronological-class -->
            <div class="chronological-class">
              <div class="chronological-class-name">testCases.TC007_VerifyTestCasesPage</div> <!-- chronological-class-name -->
              <div class="configuration-class before">
                <span class="method-name">setup(chrome)</span>
                <span class="method-start">415638 ms</span>
              </div> <!-- configuration-class before -->
              <div class="test-method">
                <span class="method-name">verifyContactUsForm</span>
                <span class="method-start">447542 ms</span>
              </div> <!-- test-method -->
              <div class="configuration-class after">
                <span class="method-name">tearDown</span>
                <span class="method-start">456521 ms</span>
              </div> <!-- configuration-class after -->
            </div> <!-- chronological-class -->
            <div class="chronological-class">
              <div class="chronological-class-name">testCases.TC008_VerifyAllProductsAndProductDetailPage</div> <!-- chronological-class-name -->
              <div class="configuration-class before">
                <span class="method-name">setup(chrome)</span>
                <span class="method-start">457819 ms</span>
              </div> <!-- configuration-class before -->
              <div class="test-method">
                <img src="failed.png">
                </img>
                <span class="method-name">VerifyAllProductsAndProductDetailPage</span>
                <span class="method-start">470858 ms</span>
              </div> <!-- test-method -->
              <div class="configuration-class after">
                <span class="method-name">tearDown</span>
                <span class="method-start">483972 ms</span>
              </div> <!-- configuration-class after -->
            </div> <!-- chronological-class -->
            <div class="chronological-class">
              <div class="chronological-class-name">testCases.TC009_Improved</div> <!-- chronological-class-name -->
              <div class="configuration-class before">
                <span class="method-name">setup(chrome)</span>
                <span class="method-start">485055 ms</span>
              </div> <!-- configuration-class before -->
              <div class="test-method">
                <img src="failed.png">
                </img>
                <span class="method-name">VerifySearchProduct</span>
                <span class="method-start">502287 ms</span>
              </div> <!-- test-method -->
              <div class="configuration-class after">
                <span class="method-name">tearDown</span>
                <span class="method-start">505842 ms</span>
              </div> <!-- configuration-class after -->
            </div> <!-- chronological-class -->
            <div class="chronological-class">
              <div class="chronological-class-name">testCases.TC009_SearchProduct</div> <!-- chronological-class-name -->
              <div class="configuration-class before">
                <span class="method-name">setup(chrome)</span>
                <span class="method-start">506664 ms</span>
              </div> <!-- configuration-class before -->
              <div class="test-method">
                <img src="failed.png">
                </img>
                <span class="method-name">VerifySearchProduct</span>
                <span class="method-start">523765 ms</span>
              </div> <!-- test-method -->
              <div class="configuration-class after">
                <span class="method-name">tearDown</span>
                <span class="method-start">545931 ms</span>
              </div> <!-- configuration-class after -->
            </div> <!-- chronological-class -->
            <div class="chronological-class">
              <div class="chronological-class-name">testCases.TC010_VerifySubscriptionInHomePage</div> <!-- chronological-class-name -->
              <div class="configuration-class before">
                <span class="method-name">setup(chrome)</span>
                <span class="method-start">546952 ms</span>
              </div> <!-- configuration-class before -->
              <div class="test-method">
                <span class="method-name">VerifySubscriptionInHomePage</span>
                <span class="method-start">568543 ms</span>
              </div> <!-- test-method -->
              <div class="configuration-class after">
                <span class="method-name">tearDown</span>
                <span class="method-start">579067 ms</span>
              </div> <!-- configuration-class after -->
            </div> <!-- chronological-class -->
            <div class="chronological-class">
              <div class="chronological-class-name">testCases.TC011_VerifySubscriptionInCartPage</div> <!-- chronological-class-name -->
              <div class="configuration-class before">
                <span class="method-name">setup(chrome)</span>
                <span class="method-start">580150 ms</span>
              </div> <!-- configuration-class before -->
              <div class="test-method">
                <span class="method-name">VerifySubscriptionInCartPage</span>
                <span class="method-start">589687 ms</span>
              </div> <!-- test-method -->
              <div class="configuration-class after">
                <span class="method-name">tearDown</span>
                <span class="method-start">608227 ms</span>
              </div> <!-- configuration-class after -->
            </div> <!-- chronological-class -->
            <div class="chronological-class">
              <div class="chronological-class-name">testCases.TC012_AddProductsInCart</div> <!-- chronological-class-name -->
              <div class="configuration-class before">
                <span class="method-name">setup(chrome)</span>
                <span class="method-start">611913 ms</span>
              </div> <!-- configuration-class before -->
              <div class="test-method">
                <img src="failed.png">
                </img>
                <span class="method-name">VerifyAddProductsInCart</span>
                <span class="method-start">643935 ms</span>
              </div> <!-- test-method -->
              <div class="configuration-class after">
                <span class="method-name">tearDown</span>
                <span class="method-start">700154 ms</span>
              </div> <!-- configuration-class after -->
            </div> <!-- chronological-class -->
            <div class="chronological-class">
              <div class="chronological-class-name">testCases.TC013_VerifyProductQuantityInCart</div> <!-- chronological-class-name -->
              <div class="configuration-class before">
                <span class="method-name">setup(chrome)</span>
                <span class="method-start">702883 ms</span>
              </div> <!-- configuration-class before -->
              <div class="test-method">
                <span class="method-name">VerifyProductQuantityInCart</span>
                <span class="method-start">724218 ms</span>
              </div> <!-- test-method -->
              <div class="configuration-class after">
                <span class="method-name">tearDown</span>
                <span class="method-start">749689 ms</span>
              </div> <!-- configuration-class after -->
            </div> <!-- chronological-class -->
            <div class="chronological-class">
              <div class="chronological-class-name">testCases.TC014_PlaceOrderRegisterWhileCheckout</div> <!-- chronological-class-name -->
              <div class="configuration-class before">
                <span class="method-name">setup(chrome)</span>
                <span class="method-start">750844 ms</span>
              </div> <!-- configuration-class before -->
              <div class="test-method">
                <span class="method-name">VerifyPlaceOrderRegisterWhileCheckout</span>
                <span class="method-start">769598 ms</span>
              </div> <!-- test-method -->
              <div class="configuration-class after">
                <span class="method-name">tearDown</span>
                <span class="method-start">890116 ms</span>
              </div> <!-- configuration-class after -->
            </div> <!-- chronological-class -->
            <div class="chronological-class">
              <div class="chronological-class-name">testCases.TC015_PlaceOrderRegisterBeforeCheckout</div> <!-- chronological-class-name -->
              <div class="configuration-class before">
                <span class="method-name">setup(chrome)</span>
                <span class="method-start">892033 ms</span>
              </div> <!-- configuration-class before -->
              <div class="test-method">
                <img src="failed.png">
                </img>
                <span class="method-name">VerifyPlaceOrderRegisterBeforeCheckout</span>
                <span class="method-start">913273 ms</span>
              </div> <!-- test-method -->
              <div class="configuration-class after">
                <span class="method-name">tearDown</span>
                <span class="method-start">957204 ms</span>
              </div> <!-- configuration-class after -->
            </div> <!-- chronological-class -->
            <div class="chronological-class">
              <div class="chronological-class-name">testCases.TC016_PlaceOrderLoginBeforeCheckout</div> <!-- chronological-class-name -->
              <div class="configuration-class before">
                <span class="method-name">setup(chrome)</span>
                <span class="method-start">958643 ms</span>
              </div> <!-- configuration-class before -->
              <div class="test-method">
                <img src="failed.png">
                </img>
                <span class="method-name">testPlaceOrderLoginBeforeCheckout</span>
                <span class="method-start">971023 ms</span>
              </div> <!-- test-method -->
              <div class="configuration-class after">
                <span class="method-name">tearDown</span>
                <span class="method-start">980413 ms</span>
              </div> <!-- configuration-class after -->
            </div> <!-- chronological-class -->
            <div class="chronological-class">
              <div class="chronological-class-name">testCases.TC017_RemoveProductsFromCart</div> <!-- chronological-class-name -->
              <div class="configuration-class before">
                <span class="method-name">setup(chrome)</span>
                <span class="method-start">981235 ms</span>
              </div> <!-- configuration-class before -->
              <div class="test-method">
                <span class="method-name">testRemoveProductsFromCart</span>
                <span class="method-start">992237 ms</span>
              </div> <!-- test-method -->
              <div class="configuration-class after">
                <span class="method-name">tearDown</span>
                <span class="method-start">1000981 ms</span>
              </div> <!-- configuration-class after -->
            </div> <!-- chronological-class -->
            <div class="chronological-class">
              <div class="chronological-class-name">testCases.TC018_ViewCategoryProducts</div> <!-- chronological-class-name -->
              <div class="configuration-class before">
                <span class="method-name">setup(chrome)</span>
                <span class="method-start">1002003 ms</span>
              </div> <!-- configuration-class before -->
              <div class="test-method">
                <img src="failed.png">
                </img>
                <span class="method-name">testViewCategoryProducts</span>
                <span class="method-start">1015700 ms</span>
              </div> <!-- test-method -->
              <div class="configuration-class after">
                <span class="method-name">tearDown</span>
                <span class="method-start">1032611 ms</span>
              </div> <!-- configuration-class after -->
            </div> <!-- chronological-class -->
            <div class="chronological-class">
              <div class="chronological-class-name">testCases.TC019_ViewAndCartBrandProducts</div> <!-- chronological-class-name -->
              <div class="configuration-class before">
                <span class="method-name">setup(chrome)</span>
                <span class="method-start">1035137 ms</span>
              </div> <!-- configuration-class before -->
              <div class="test-method">
                <span class="method-name">testViewAndCartBrandProducts</span>
                <span class="method-start">1048434 ms</span>
              </div> <!-- test-method -->
              <div class="configuration-class after">
                <span class="method-name">tearDown</span>
                <span class="method-start">1082055 ms</span>
              </div> <!-- configuration-class after -->
            </div> <!-- chronological-class -->
            <div class="chronological-class">
              <div class="chronological-class-name">testCases.TC020_SearchProductsAndVerifyCartAfterLogin</div> <!-- chronological-class-name -->
              <div class="configuration-class before">
                <span class="method-name">setup(chrome)</span>
                <span class="method-start">1083865 ms</span>
              </div> <!-- configuration-class before -->
              <div class="test-method">
                <img src="failed.png">
                </img>
                <span class="method-name">testSearchProductsAndVerifyCartAfterLogin</span>
                <span class="method-start">1099056 ms</span>
              </div> <!-- test-method -->
              <div class="configuration-class after">
                <span class="method-name">tearDown</span>
                <span class="method-start">1101998 ms</span>
              </div> <!-- configuration-class after -->
            </div> <!-- chronological-class -->
            <div class="chronological-class">
              <div class="chronological-class-name">testCases.TC021_AddReviewOnProduct</div> <!-- chronological-class-name -->
              <div class="configuration-class before">
                <span class="method-name">setup(chrome)</span>
                <span class="method-start">1102804 ms</span>
              </div> <!-- configuration-class before -->
              <div class="test-method">
                <span class="method-name">testAddReviewOnProduct</span>
                <span class="method-start">1114112 ms</span>
              </div> <!-- test-method -->
              <div class="configuration-class after">
                <span class="method-name">tearDown</span>
                <span class="method-start">1127292 ms</span>
              </div> <!-- configuration-class after -->
            </div> <!-- chronological-class -->
            <div class="chronological-class">
              <div class="chronological-class-name">testCases.TC022_AddToCartFromRecommendedItems</div> <!-- chronological-class-name -->
              <div class="configuration-class before">
                <span class="method-name">setup(chrome)</span>
                <span class="method-start">1128192 ms</span>
              </div> <!-- configuration-class before -->
              <div class="test-method">
                <img src="failed.png">
                </img>
                <span class="method-name">testAddToCartFromRecommendedItems</span>
                <span class="method-start">1139509 ms</span>
              </div> <!-- test-method -->
              <div class="configuration-class after">
                <span class="method-name">tearDown</span>
                <span class="method-start">1161043 ms</span>
              </div> <!-- configuration-class after -->
            </div> <!-- chronological-class -->
            <div class="chronological-class">
              <div class="chronological-class-name">testCases.TC023_VerifyAddressDetailsInCheckoutPage</div> <!-- chronological-class-name -->
              <div class="configuration-class before">
                <span class="method-name">setup(chrome)</span>
                <span class="method-start">1162026 ms</span>
              </div> <!-- configuration-class before -->
              <div class="test-method">
                <span class="method-name">testVerifyAddressDetailsInCheckoutPage</span>
                <span class="method-start">1172828 ms</span>
              </div> <!-- test-method -->
              <div class="configuration-class after">
                <span class="method-name">tearDown</span>
                <span class="method-start">1278638 ms</span>
              </div> <!-- configuration-class after -->
            </div> <!-- chronological-class -->
            <div class="chronological-class">
              <div class="chronological-class-name">testCases.TC024_DownloadInvoiceAfterPurchaseOrder</div> <!-- chronological-class-name -->
              <div class="configuration-class before">
                <span class="method-name">setup(chrome)</span>
                <span class="method-start">1283194 ms</span>
              </div> <!-- configuration-class before -->
              <div class="test-method">
                <span class="method-name">testDownloadInvoiceAfterPurchaseOrder</span>
                <span class="method-start">1313387 ms</span>
              </div> <!-- test-method -->
              <div class="configuration-class after">
                <span class="method-name">tearDown</span>
                <span class="method-start">1416672 ms</span>
              </div> <!-- configuration-class after -->
            </div> <!-- chronological-class -->
            <div class="chronological-class">
              <div class="chronological-class-name">testCases.TC025_VerifyScrollUpUsingArrowButtonAndScrollDownFunctionality</div> <!-- chronological-class-name -->
              <div class="configuration-class before">
                <span class="method-name">setup(chrome)</span>
                <span class="method-start">1423645 ms</span>
              </div> <!-- configuration-class before -->
              <div class="test-method">
                <span class="method-name">testVerifyScrollUpUsingArrowButtonAndScrollDownFunctionality</span>
                <span class="method-start">1454962 ms</span>
              </div> <!-- test-method -->
              <div class="configuration-class after">
                <span class="method-name">tearDown</span>
                <span class="method-start">1476254 ms</span>
              </div> <!-- configuration-class after -->
            </div> <!-- chronological-class -->
            <div class="chronological-class">
              <div class="chronological-class-name">testCases.TC026_VerifyScrollUpWithoutArrowButtonAndScrollDownFunctionality</div> <!-- chronological-class-name -->
              <div class="configuration-class before">
                <span class="method-name">setup(chrome)</span>
                <span class="method-start">1477309 ms</span>
              </div> <!-- configuration-class before -->
              <div class="test-method">
                <span class="method-name">testVerifyScrollUpWithoutArrowButtonAndScrollDownFunctionality</span>
                <span class="method-start">1493235 ms</span>
              </div> <!-- test-method -->
              <div class="configuration-class after">
                <span class="method-name">tearDown</span>
                <span class="method-start">1506233 ms</span>
              </div> <!-- configuration-class after -->
            </div> <!-- chronological-class -->
            <div class="chronological-class">
              <div class="chronological-class-name">testCases.TC001_RegisterUser</div> <!-- chronological-class-name -->
              <div class="configuration-class before">
                <span class="method-name">setup(firefox)</span>
                <span class="method-start">1511126 ms</span>
              </div> <!-- configuration-class before -->
              <div class="test-method">
                <span class="method-name">VerifyHomePage</span>
                <span class="method-start">1586239 ms</span>
              </div> <!-- test-method -->
              <div class="test-method">
                <img src="failed.png">
                </img>
                <span class="method-name">verifySignupRegistration</span>
                <span class="method-start">1586540 ms</span>
              </div> <!-- test-method -->
              <div class="configuration-class after">
                <span class="method-name">tearDown</span>
                <span class="method-start">1622552 ms</span>
              </div> <!-- configuration-class after -->
            </div> <!-- chronological-class -->
            <div class="chronological-class">
              <div class="chronological-class-name">testCases.TC001_RegisterUser_improved</div> <!-- chronological-class-name -->
              <div class="configuration-class before">
                <span class="method-name">setup(firefox)</span>
                <span class="method-start">1643128 ms</span>
              </div> <!-- configuration-class before -->
              <div class="test-method">
                <span class="method-name">verifyUserRegistrationFlow</span>
                <span class="method-start">1675138 ms</span>
              </div> <!-- test-method -->
              <div class="configuration-class after">
                <span class="method-name">tearDown</span>
                <span class="method-start">1706320 ms</span>
              </div> <!-- configuration-class after -->
            </div> <!-- chronological-class -->
            <div class="chronological-class">
              <div class="chronological-class-name">testCases.TC002_LoginUserWithCorrectEmailAndPassword</div> <!-- chronological-class-name -->
              <div class="configuration-class before">
                <span class="method-name">setup(firefox)</span>
                <span class="method-start">1712065 ms</span>
              </div> <!-- configuration-class before -->
              <div class="test-method">
                <span class="method-name">verifyLoginUserWithCorrectEmailAndPasswordFlow</span>
                <span class="method-start">1740281 ms</span>
              </div> <!-- test-method -->
              <div class="configuration-class after">
                <span class="method-name">tearDown</span>
                <span class="method-start">1768709 ms</span>
              </div> <!-- configuration-class after -->
            </div> <!-- chronological-class -->
            <div class="chronological-class">
              <div class="chronological-class-name">testCases.TC003_LoginUserIncorrectEmailAndPassword</div> <!-- chronological-class-name -->
              <div class="configuration-class before">
                <span class="method-name">setup(firefox)</span>
                <span class="method-start">1775648 ms</span>
              </div> <!-- configuration-class before -->
              <div class="test-method">
                <span class="method-name">verifyLoginUserIncorrectEmailAndPasswordFlow</span>
                <span class="method-start">1801239 ms</span>
              </div> <!-- test-method -->
              <div class="configuration-class after">
                <span class="method-name">tearDown</span>
                <span class="method-start">1818616 ms</span>
              </div> <!-- configuration-class after -->
            </div> <!-- chronological-class -->
            <div class="chronological-class">
              <div class="chronological-class-name">testCases.TC004_LogoutUser</div> <!-- chronological-class-name -->
              <div class="configuration-class before">
                <span class="method-name">setup(firefox)</span>
                <span class="method-start">1823766 ms</span>
              </div> <!-- configuration-class before -->
              <div class="test-method">
                <img src="failed.png">
                </img>
                <span class="method-name">verifyLogoutUserFlow</span>
                <span class="method-start">1853243 ms</span>
              </div> <!-- test-method -->
              <div class="configuration-class after">
                <span class="method-name">tearDown</span>
                <span class="method-start">1869271 ms</span>
              </div> <!-- configuration-class after -->
            </div> <!-- chronological-class -->
            <div class="chronological-class">
              <div class="chronological-class-name">testCases.TC005_RegisterUserWithExistingEmail</div> <!-- chronological-class-name -->
              <div class="configuration-class before">
                <span class="method-name">setup(firefox)</span>
                <span class="method-start">1878438 ms</span>
              </div> <!-- configuration-class before -->
              <div class="test-method">
                <img src="failed.png">
                </img>
                <span class="method-name">verifyRegisterUserWithExistingEmailFlow</span>
                <span class="method-start">1906104 ms</span>
              </div> <!-- test-method -->
              <div class="configuration-class after">
                <span class="method-name">tearDown</span>
                <span class="method-start">1918242 ms</span>
              </div> <!-- configuration-class after -->
            </div> <!-- chronological-class -->
            <div class="chronological-class">
              <div class="chronological-class-name">testCases.TC006_ContactUsForm</div> <!-- chronological-class-name -->
              <div class="configuration-class before">
                <span class="method-name">setup(firefox)</span>
                <span class="method-start">1924398 ms</span>
              </div> <!-- configuration-class before -->
              <div class="test-method">
                <span class="method-name">verifyContactUsForm</span>
                <span class="method-start">1952015 ms</span>
              </div> <!-- test-method -->
              <div class="configuration-class after">
                <span class="method-name">tearDown</span>
                <span class="method-start">1979046 ms</span>
              </div> <!-- configuration-class after -->
            </div> <!-- chronological-class -->
            <div class="chronological-class">
              <div class="chronological-class-name">testCases.TC007_VerifyTestCasesPage</div> <!-- chronological-class-name -->
              <div class="configuration-class before">
                <span class="method-name">setup(firefox)</span>
                <span class="method-start">1984172 ms</span>
              </div> <!-- configuration-class before -->
              <div class="test-method">
                <span class="method-name">verifyContactUsForm</span>
                <span class="method-start">2009108 ms</span>
              </div> <!-- test-method -->
              <div class="configuration-class after">
                <span class="method-name">tearDown</span>
                <span class="method-start">2017522 ms</span>
              </div> <!-- configuration-class after -->
            </div> <!-- chronological-class -->
            <div class="chronological-class">
              <div class="chronological-class-name">testCases.TC008_VerifyAllProductsAndProductDetailPage</div> <!-- chronological-class-name -->
              <div class="configuration-class before">
                <span class="method-name">setup(firefox)</span>
                <span class="method-start">2022547 ms</span>
              </div> <!-- configuration-class before -->
              <div class="test-method">
                <img src="failed.png">
                </img>
                <span class="method-name">VerifyAllProductsAndProductDetailPage</span>
                <span class="method-start">2047514 ms</span>
              </div> <!-- test-method -->
              <div class="configuration-class after">
                <span class="method-name">tearDown</span>
                <span class="method-start">2063392 ms</span>
              </div> <!-- configuration-class after -->
            </div> <!-- chronological-class -->
            <div class="chronological-class">
              <div class="chronological-class-name">testCases.TC009_Improved</div> <!-- chronological-class-name -->
              <div class="configuration-class before">
                <span class="method-name">setup(firefox)</span>
                <span class="method-start">2069322 ms</span>
              </div> <!-- configuration-class before -->
              <div class="test-method">
                <img src="failed.png">
                </img>
                <span class="method-name">VerifySearchProduct</span>
                <span class="method-start">2097650 ms</span>
              </div> <!-- test-method -->
              <div class="configuration-class after">
                <span class="method-name">tearDown</span>
                <span class="method-start">2118078 ms</span>
              </div> <!-- configuration-class after -->
            </div> <!-- chronological-class -->
            <div class="chronological-class">
              <div class="chronological-class-name">testCases.TC009_SearchProduct</div> <!-- chronological-class-name -->
              <div class="configuration-class before">
                <span class="method-name">setup(firefox)</span>
                <span class="method-start">2124714 ms</span>
              </div> <!-- configuration-class before -->
              <div class="test-method">
                <img src="failed.png">
                </img>
                <span class="method-name">VerifySearchProduct</span>
                <span class="method-start">2152413 ms</span>
              </div> <!-- test-method -->
              <div class="configuration-class after">
                <span class="method-name">tearDown</span>
                <span class="method-start">2170579 ms</span>
              </div> <!-- configuration-class after -->
            </div> <!-- chronological-class -->
            <div class="chronological-class">
              <div class="chronological-class-name">testCases.TC010_VerifySubscriptionInHomePage</div> <!-- chronological-class-name -->
              <div class="configuration-class before">
                <span class="method-name">setup(firefox)</span>
                <span class="method-start">2176714 ms</span>
              </div> <!-- configuration-class before -->
              <div class="test-method">
                <span class="method-name">VerifySubscriptionInHomePage</span>
                <span class="method-start">2203799 ms</span>
              </div> <!-- test-method -->
              <div class="configuration-class after">
                <span class="method-name">tearDown</span>
                <span class="method-start">2214845 ms</span>
              </div> <!-- configuration-class after -->
            </div> <!-- chronological-class -->
            <div class="chronological-class">
              <div class="chronological-class-name">testCases.TC011_VerifySubscriptionInCartPage</div> <!-- chronological-class-name -->
              <div class="configuration-class before">
                <span class="method-name">setup(firefox)</span>
                <span class="method-start">2225365 ms</span>
              </div> <!-- configuration-class before -->
              <div class="test-method">
                <span class="method-name">VerifySubscriptionInCartPage</span>
                <span class="method-start">2247934 ms</span>
              </div> <!-- test-method -->
              <div class="configuration-class after">
                <span class="method-name">tearDown</span>
                <span class="method-start">2254740 ms</span>
              </div> <!-- configuration-class after -->
            </div> <!-- chronological-class -->
            <div class="chronological-class">
              <div class="chronological-class-name">testCases.TC012_AddProductsInCart</div> <!-- chronological-class-name -->
              <div class="configuration-class before">
                <span class="method-name">setup(firefox)</span>
                <span class="method-start">2260073 ms</span>
              </div> <!-- configuration-class before -->
              <div class="test-method">
                <img src="failed.png">
                </img>
                <span class="method-name">VerifyAddProductsInCart</span>
                <span class="method-start">2276684 ms</span>
              </div> <!-- test-method -->
              <div class="configuration-class after">
                <span class="method-name">tearDown</span>
                <span class="method-start">2282972 ms</span>
              </div> <!-- configuration-class after -->
            </div> <!-- chronological-class -->
            <div class="chronological-class">
              <div class="chronological-class-name">testCases.TC013_VerifyProductQuantityInCart</div> <!-- chronological-class-name -->
              <div class="configuration-class before">
                <span class="method-name">setup(firefox)</span>
                <span class="method-start">2286471 ms</span>
              </div> <!-- configuration-class before -->
              <div class="test-method">
                <span class="method-name">VerifyProductQuantityInCart</span>
                <span class="method-start">2302186 ms</span>
              </div> <!-- test-method -->
              <div class="configuration-class after">
                <span class="method-name">tearDown</span>
                <span class="method-start">2319101 ms</span>
              </div> <!-- configuration-class after -->
            </div> <!-- chronological-class -->
            <div class="chronological-class">
              <div class="chronological-class-name">testCases.TC014_PlaceOrderRegisterWhileCheckout</div> <!-- chronological-class-name -->
              <div class="configuration-class before">
                <span class="method-name">setup(firefox)</span>
                <span class="method-start">2323359 ms</span>
              </div> <!-- configuration-class before -->
              <div class="test-method">
                <img src="failed.png">
                </img>
                <span class="method-name">VerifyPlaceOrderRegisterWhileCheckout</span>
                <span class="method-start">2352789 ms</span>
              </div> <!-- test-method -->
              <div class="configuration-class after">
                <span class="method-name">tearDown</span>
                <span class="method-start">2365700 ms</span>
              </div> <!-- configuration-class after -->
            </div> <!-- chronological-class -->
            <div class="chronological-class">
              <div class="chronological-class-name">testCases.TC015_PlaceOrderRegisterBeforeCheckout</div> <!-- chronological-class-name -->
              <div class="configuration-class before">
                <span class="method-name">setup(firefox)</span>
                <span class="method-start">2370083 ms</span>
              </div> <!-- configuration-class before -->
              <div class="test-method">
                <img src="failed.png">
                </img>
                <span class="method-name">VerifyPlaceOrderRegisterBeforeCheckout</span>
                <span class="method-start">2391159 ms</span>
              </div> <!-- test-method -->
              <div class="configuration-class after">
                <span class="method-name">tearDown</span>
                <span class="method-start">2397506 ms</span>
              </div> <!-- configuration-class after -->
            </div> <!-- chronological-class -->
            <div class="chronological-class">
              <div class="chronological-class-name">testCases.TC016_PlaceOrderLoginBeforeCheckout</div> <!-- chronological-class-name -->
              <div class="configuration-class before">
                <span class="method-name">setup(firefox)</span>
                <span class="method-start">2402196 ms</span>
              </div> <!-- configuration-class before -->
              <div class="test-method">
                <img src="failed.png">
                </img>
                <span class="method-name">testPlaceOrderLoginBeforeCheckout</span>
                <span class="method-start">2421228 ms</span>
              </div> <!-- test-method -->
              <div class="configuration-class after">
                <span class="method-name">tearDown</span>
                <span class="method-start">2426769 ms</span>
              </div> <!-- configuration-class after -->
            </div> <!-- chronological-class -->
            <div class="chronological-class">
              <div class="chronological-class-name">testCases.TC017_RemoveProductsFromCart</div> <!-- chronological-class-name -->
              <div class="configuration-class before">
                <span class="method-name">setup(firefox)</span>
                <span class="method-start">2432393 ms</span>
              </div> <!-- configuration-class before -->
              <div class="test-method">
                <img src="failed.png">
                </img>
                <span class="method-name">testRemoveProductsFromCart</span>
                <span class="method-start">2455263 ms</span>
              </div> <!-- test-method -->
              <div class="configuration-class after">
                <span class="method-name">tearDown</span>
                <span class="method-start">2458666 ms</span>
              </div> <!-- configuration-class after -->
            </div> <!-- chronological-class -->
            <div class="chronological-class">
              <div class="chronological-class-name">testCases.TC018_ViewCategoryProducts</div> <!-- chronological-class-name -->
              <div class="configuration-class before">
                <span class="method-name">setup(firefox)</span>
                <span class="method-start">2465312 ms</span>
              </div> <!-- configuration-class before -->
              <div class="test-method">
                <img src="failed.png">
                </img>
                <span class="method-name">testViewCategoryProducts</span>
                <span class="method-start">2480980 ms</span>
              </div> <!-- test-method -->
              <div class="configuration-class after">
                <span class="method-name">tearDown</span>
                <span class="method-start">2489714 ms</span>
              </div> <!-- configuration-class after -->
            </div> <!-- chronological-class -->
            <div class="chronological-class">
              <div class="chronological-class-name">testCases.TC019_ViewAndCartBrandProducts</div> <!-- chronological-class-name -->
              <div class="configuration-class before">
                <span class="method-name">setup(firefox)</span>
                <span class="method-start">2492699 ms</span>
              </div> <!-- configuration-class before -->
              <div class="test-method">
                <span class="method-name">testViewAndCartBrandProducts</span>
                <span class="method-start">2510900 ms</span>
              </div> <!-- test-method -->
              <div class="configuration-class after">
                <span class="method-name">tearDown</span>
                <span class="method-start">2524054 ms</span>
              </div> <!-- configuration-class after -->
            </div> <!-- chronological-class -->
            <div class="chronological-class">
              <div class="chronological-class-name">testCases.TC020_SearchProductsAndVerifyCartAfterLogin</div> <!-- chronological-class-name -->
              <div class="configuration-class before">
                <span class="method-name">setup(firefox)</span>
                <span class="method-start">2526695 ms</span>
              </div> <!-- configuration-class before -->
              <div class="test-method">
                <img src="failed.png">
                </img>
                <span class="method-name">testSearchProductsAndVerifyCartAfterLogin</span>
                <span class="method-start">2541249 ms</span>
              </div> <!-- test-method -->
              <div class="configuration-class after">
                <span class="method-name">tearDown</span>
                <span class="method-start">2550143 ms</span>
              </div> <!-- configuration-class after -->
            </div> <!-- chronological-class -->
            <div class="chronological-class">
              <div class="chronological-class-name">testCases.TC021_AddReviewOnProduct</div> <!-- chronological-class-name -->
              <div class="configuration-class before">
                <span class="method-name">setup(firefox)</span>
                <span class="method-start">2553841 ms</span>
              </div> <!-- configuration-class before -->
              <div class="test-method">
                <span class="method-name">testAddReviewOnProduct</span>
                <span class="method-start">2567380 ms</span>
              </div> <!-- test-method -->
              <div class="configuration-class after">
                <span class="method-name">tearDown</span>
                <span class="method-start">2576004 ms</span>
              </div> <!-- configuration-class after -->
            </div> <!-- chronological-class -->
            <div class="chronological-class">
              <div class="chronological-class-name">testCases.TC022_AddToCartFromRecommendedItems</div> <!-- chronological-class-name -->
              <div class="configuration-class before">
                <span class="method-name">setup(firefox)</span>
                <span class="method-start">2581382 ms</span>
              </div> <!-- configuration-class before -->
              <div class="test-method">
                <img src="failed.png">
                </img>
                <span class="method-name">testAddToCartFromRecommendedItems</span>
                <span class="method-start">2630596 ms</span>
              </div> <!-- test-method -->
              <div class="configuration-class after">
                <span class="method-name">tearDown</span>
                <span class="method-start">2652197 ms</span>
              </div> <!-- configuration-class after -->
            </div> <!-- chronological-class -->
            <div class="chronological-class">
              <div class="chronological-class-name">testCases.TC023_VerifyAddressDetailsInCheckoutPage</div> <!-- chronological-class-name -->
              <div class="configuration-class before">
                <span class="method-name">setup(firefox)</span>
                <span class="method-start">2654962 ms</span>
              </div> <!-- configuration-class before -->
              <div class="test-method">
                <img src="failed.png">
                </img>
                <span class="method-name">testVerifyAddressDetailsInCheckoutPage</span>
                <span class="method-start">2674181 ms</span>
              </div> <!-- test-method -->
              <div class="configuration-class after">
                <span class="method-name">tearDown</span>
                <span class="method-start">2697582 ms</span>
              </div> <!-- configuration-class after -->
            </div> <!-- chronological-class -->
            <div class="chronological-class">
              <div class="chronological-class-name">testCases.TC024_DownloadInvoiceAfterPurchaseOrder</div> <!-- chronological-class-name -->
              <div class="configuration-class before">
                <span class="method-name">setup(firefox)</span>
                <span class="method-start">2701431 ms</span>
              </div> <!-- configuration-class before -->
              <div class="test-method">
                <img src="failed.png">
                </img>
                <span class="method-name">testDownloadInvoiceAfterPurchaseOrder</span>
                <span class="method-start">2716419 ms</span>
              </div> <!-- test-method -->
              <div class="configuration-class after">
                <span class="method-name">tearDown</span>
                <span class="method-start">2719949 ms</span>
              </div> <!-- configuration-class after -->
            </div> <!-- chronological-class -->
            <div class="chronological-class">
              <div class="chronological-class-name">testCases.TC025_VerifyScrollUpUsingArrowButtonAndScrollDownFunctionality</div> <!-- chronological-class-name -->
              <div class="configuration-class before">
                <span class="method-name">setup(firefox)</span>
                <span class="method-start">2726488 ms</span>
              </div> <!-- configuration-class before -->
              <div class="test-method">
                <span class="method-name">testVerifyScrollUpUsingArrowButtonAndScrollDownFunctionality</span>
                <span class="method-start">2745460 ms</span>
              </div> <!-- test-method -->
              <div class="configuration-class after">
                <span class="method-name">tearDown</span>
                <span class="method-start">2764112 ms</span>
              </div> <!-- configuration-class after -->
            </div> <!-- chronological-class -->
            <div class="chronological-class">
              <div class="chronological-class-name">testCases.TC026_VerifyScrollUpWithoutArrowButtonAndScrollDownFunctionality</div> <!-- chronological-class-name -->
              <div class="configuration-class before">
                <span class="method-name">setup(firefox)</span>
                <span class="method-start">2767530 ms</span>
              </div> <!-- configuration-class before -->
              <div class="test-method">
                <span class="method-name">testVerifyScrollUpWithoutArrowButtonAndScrollDownFunctionality</span>
                <span class="method-start">2784119 ms</span>
              </div> <!-- test-method -->
              <div class="configuration-class after">
                <span class="method-name">tearDown</span>
                <span class="method-start">2787215 ms</span>
              </div> <!-- configuration-class after -->
          </div> <!-- main-panel-content rounded-window-bottom -->
        </div> <!-- panel -->
      </div> <!-- main-panel-root -->
    </div> <!-- wrapper -->
  </body>
<script type="text/javascript" src="testng-reports2.js"></script>
</html>
