<?xml version="1.0" encoding="UTF-8"?>
<testng-results ignored="0" total="58" passed="31" failed="27" skipped="0">
  <reporter-output>
    <line>
      <![CDATA[******* Test Case execution started ******]]>
    </line>
    <line>
      <![CDATA[Chrome browser is Launched.]]>
    </line>
    <line>
      <![CDATA[Browser Window is maximized.]]>
    </line>
    <line>
      <![CDATA[Test Case:1.
VerifyHomePage started executing...]]>
    </line>
    <line>
      <![CDATA[Navigating to baseUrl: http://automationexercise.com]]>
    </line>
    <line>
      <![CDATA[HomePage is displayed successfully]]>
    </line>
    <line>
      <![CDATA[VerifyHomePage got passed.]]>
    </line>
    <line>
      <![CDATA[Test Case:2.
verifySignupRegistration started executing...]]>
    </line>
    <line>
      <![CDATA[Home Page is displayed successfully]]>
    </line>
    <line>
      <![CDATA['LoggedInAs(userName)]]>
    </line>
    <line>
      <![CDATA[verifySignupRegistration got passed.]]>
    </line>
    <line>
      <![CDATA[Browser is closed.
]]>
    </line>
    <line>
      <![CDATA[Chrome browser is Launched.]]>
    </line>
    <line>
      <![CDATA[Browser Window is maximized.]]>
    </line>
    <line>
      <![CDATA[Test Case:3.
verifyUserRegistrationFlow started executing...]]>
    </line>
    <line>
      <![CDATA[Navigating to baseURL: http://automationexercise.com]]>
    </line>
    <line>
      <![CDATA[Home Page is displayed successfully]]>
    </line>
    <line>
      <![CDATA['New User Signup!' is visible]]>
    </line>
    <line>
      <![CDATA[Signup form submitted]]>
    </line>
    <line>
      <![CDATA['ENTER ACCOUNT INFORMATION' is visible]]>
    </line>
    <line>
      <![CDATA[Filled account details]]>
    </line>
    <line>
      <![CDATA[Clicked on Create Account]]>
    </line>
    <line>
      <![CDATA['ACCOUNT CREATED!' is visible]]>
    </line>
    <line>
      <![CDATA[Clicked on Continue]]>
    </line>
    <line>
      <![CDATA[User is logged in as User1]]>
    </line>
    <line>
      <![CDATA[verifyUserRegistrationFlow got passed.]]>
    </line>
    <line>
      <![CDATA[Browser is closed.
]]>
    </line>
    <line>
      <![CDATA[Chrome browser is Launched.]]>
    </line>
    <line>
      <![CDATA[Browser Window is maximized.]]>
    </line>
    <line>
      <![CDATA[Test Case:4.
verifyLoginUserWithCorrectEmailAndPasswordFlow started executing...]]>
    </line>
    <line>
      <![CDATA['Login to your account' is visible]]>
    </line>
    <line>
      <![CDATA[verifyLoginUserWithCorrectEmailAndPasswordFlow got passed.]]>
    </line>
    <line>
      <![CDATA[Browser is closed.
]]>
    </line>
    <line>
      <![CDATA[Chrome browser is Launched.]]>
    </line>
    <line>
      <![CDATA[Browser Window is maximized.]]>
    </line>
    <line>
      <![CDATA[Test Case:5.
verifyLoginUserIncorrectEmailAndPasswordFlow started executing...]]>
    </line>
    <line>
      <![CDATA[HomePage is displayed]]>
    </line>
    <line>
      <![CDATA[verifyLoginUserIncorrectEmailAndPasswordFlow got passed.]]>
    </line>
    <line>
      <![CDATA[Browser is closed.
]]>
    </line>
    <line>
      <![CDATA[Chrome browser is Launched.]]>
    </line>
    <line>
      <![CDATA[Browser Window is maximized.]]>
    </line>
    <line>
      <![CDATA[Test Case:6.
verifyLogoutUserFlow started executing...]]>
    </line>
    <line>
      <![CDATA['Login to your account' is visible]]>
    </line>
    <line>
      <![CDATA[Entered correct email address and password, Clicked 'login' button]]>
    </line>
    <line>
      <![CDATA[verifyLogoutUserFlow got failed.]]>
    </line>
    <line>
      <![CDATA[--Taken screenshot:verifyLogoutUserFlow]]>
    </line>
    <line>
      <![CDATA[Browser is closed.
]]>
    </line>
    <line>
      <![CDATA[Chrome browser is Launched.]]>
    </line>
    <line>
      <![CDATA[Browser Window is maximized.]]>
    </line>
    <line>
      <![CDATA[Test Case:7.
verifyRegisterUserWithExistingEmailFlow started executing...]]>
    </line>
    <line>
      <![CDATA['New User Signup!' is visible]]>
    </line>
    <line>
      <![CDATA[Entered name and already registered email address,Clicked 'Signup' button]]>
    </line>
    <line>
      <![CDATA[verifyRegisterUserWithExistingEmailFlow got failed.]]>
    </line>
    <line>
      <![CDATA[--Taken screenshot:verifyRegisterUserWithExistingEmailFlow]]>
    </line>
    <line>
      <![CDATA[Browser is closed.
]]>
    </line>
    <line>
      <![CDATA[Chrome browser is Launched.]]>
    </line>
    <line>
      <![CDATA[Browser Window is maximized.]]>
    </line>
    <line>
      <![CDATA[Test Case:8.
verifyContactUsForm started executing...]]>
    </line>
    <line>
      <![CDATA[Home Page is displayed successfully]]>
    </line>
    <line>
      <![CDATA[Entered name, email, subject and message,Upload file,Click 'Submit' button,Click OK button]]>
    </line>
    <line>
      <![CDATA[verifyContactUsForm got passed.]]>
    </line>
    <line>
      <![CDATA[Browser is closed.
]]>
    </line>
    <line>
      <![CDATA[Chrome browser is Launched.]]>
    </line>
    <line>
      <![CDATA[Browser Window is maximized.]]>
    </line>
    <line>
      <![CDATA[Test Case:9.
verifyContactUsForm started executing...]]>
    </line>
    <line>
      <![CDATA[Home Page is displayed successfully]]>
    </line>
    <line>
      <![CDATA[verifyContactUsForm got passed.]]>
    </line>
    <line>
      <![CDATA[Browser is closed.
]]>
    </line>
    <line>
      <![CDATA[Chrome browser is Launched.]]>
    </line>
    <line>
      <![CDATA[Browser Window is maximized.]]>
    </line>
    <line>
      <![CDATA[Test Case:10.
VerifyAllProductsAndProductDetailPage started executing...]]>
    </line>
    <line>
      <![CDATA[Home Page is displayed successfully]]>
    </line>
    <line>
      <![CDATA[VerifyAllProductsAndProductDetailPage got failed.]]>
    </line>
    <line>
      <![CDATA[--Taken screenshot:VerifyAllProductsAndProductDetailPage]]>
    </line>
    <line>
      <![CDATA[Browser is closed.
]]>
    </line>
    <line>
      <![CDATA[Chrome browser is Launched.]]>
    </line>
    <line>
      <![CDATA[Browser Window is maximized.]]>
    </line>
    <line>
      <![CDATA[Test Case:11.
VerifySearchProduct started executing...]]>
    </line>
    <line>
      <![CDATA[VerifySearchProduct got failed.]]>
    </line>
    <line>
      <![CDATA[--Taken screenshot:VerifySearchProduct]]>
    </line>
    <line>
      <![CDATA[Browser is closed.
]]>
    </line>
    <line>
      <![CDATA[Chrome browser is Launched.]]>
    </line>
    <line>
      <![CDATA[Browser Window is maximized.]]>
    </line>
    <line>
      <![CDATA[Test Case:12.
VerifySearchProduct started executing...]]>
    </line>
    <line>
      <![CDATA[Home Page is displayed successfully]]>
    </line>
    <line>
      <![CDATA[Click on 'Products' button,Verify user is navigated to ALL PRODUCTS page successfully]]>
    </line>
    <line>
      <![CDATA[Enter product name in search input and click search button, Verify 'SEARCHED PRODUCTS' is visible]]>
    </line>
    <line>
      <![CDATA[VerifySearchProduct got failed.]]>
    </line>
    <line>
      <![CDATA[--Taken screenshot:VerifySearchProduct]]>
    </line>
    <line>
      <![CDATA[Browser is closed.
]]>
    </line>
    <line>
      <![CDATA[Chrome browser is Launched.]]>
    </line>
    <line>
      <![CDATA[Browser Window is maximized.]]>
    </line>
    <line>
      <![CDATA[Test Case:13.
VerifySubscriptionInHomePage started executing...]]>
    </line>
    <line>
      <![CDATA[Home Page is displayed successfully]]>
    </line>
    <line>
      <![CDATA[Scroll down to footer, Verify text 'SUBSCRIPTION']]>
    </line>
    <line>
      <![CDATA[VerifySubscriptionInHomePage got passed.]]>
    </line>
    <line>
      <![CDATA[Browser is closed.
]]>
    </line>
    <line>
      <![CDATA[Chrome browser is Launched.]]>
    </line>
    <line>
      <![CDATA[Browser Window is maximized.]]>
    </line>
    <line>
      <![CDATA[Test Case:14.
VerifySubscriptionInCartPage started executing...]]>
    </line>
    <line>
      <![CDATA[Home Page is displayed successfully]]>
    </line>
    <line>
      <![CDATA[VerifySubscriptionInCartPage got passed.]]>
    </line>
    <line>
      <![CDATA[Browser is closed.
]]>
    </line>
    <line>
      <![CDATA[Chrome browser is Launched.]]>
    </line>
    <line>
      <![CDATA[Browser Window is maximized.]]>
    </line>
    <line>
      <![CDATA[Test Case:15.
VerifyAddProductsInCart started executing...]]>
    </line>
    <line>
      <![CDATA[Home Page is displayed successfully]]>
    </line>
    <line>
      <![CDATA[VerifyAddProductsInCart got failed.]]>
    </line>
    <line>
      <![CDATA[--Taken screenshot:VerifyAddProductsInCart]]>
    </line>
    <line>
      <![CDATA[Browser is closed.
]]>
    </line>
    <line>
      <![CDATA[Chrome browser is Launched.]]>
    </line>
    <line>
      <![CDATA[Browser Window is maximized.]]>
    </line>
    <line>
      <![CDATA[Test Case:16.
VerifyProductQuantityInCart started executing...]]>
    </line>
    <line>
      <![CDATA[Home Page is displayed successfully]]>
    </line>
    <line>
      <![CDATA[VerifyProductQuantityInCart got passed.]]>
    </line>
    <line>
      <![CDATA[Browser is closed.
]]>
    </line>
    <line>
      <![CDATA[Chrome browser is Launched.]]>
    </line>
    <line>
      <![CDATA[Browser Window is maximized.]]>
    </line>
    <line>
      <![CDATA[Test Case:17.
VerifyPlaceOrderRegisterWhileCheckout started executing...]]>
    </line>
    <line>
      <![CDATA[step 4-6:Add products to cart, Click 'Cart' button, Verify that cart page is displayed]]>
    </line>
    <line>
      <![CDATA[step 7-8: Click Proceed To Checkout, Click 'Register / Login' button]]>
    </line>
    <line>
      <![CDATA[Clicked on Signup link]]>
    </line>
    <line>
      <![CDATA['New User Signup!'- is visible]]>
    </line>
    <line>
      <![CDATA[Entered username]]>
    </line>
    <line>
      <![CDATA[Entered Email]]>
    </line>
    <line>
      <![CDATA[clicked on Signup]]>
    </line>
    <line>
      <![CDATA[step 9: Fill all details in Signup and create account]]>
    </line>
    <line>
      <![CDATA[Filled account details]]>
    </line>
    <line>
      <![CDATA[Clicked on Create Account]]>
    </line>
    <line>
      <![CDATA[step 16-17: Enter payment details: Name on Card, Card Number, CVC, Expiration date, Click 'Pay and Confirm Order' button]]>
    </line>
    <line>
      <![CDATA[click on deleteAccount]]>
    </line>
    <line>
      <![CDATA[click on continue]]>
    </line>
    <line>
      <![CDATA[Deleted the account and the HomePagedisplaced ]]>
    </line>
    <line>
      <![CDATA[VerifyPlaceOrderRegisterWhileCheckout got passed.]]>
    </line>
    <line>
      <![CDATA[Browser is closed.
]]>
    </line>
    <line>
      <![CDATA[Chrome browser is Launched.]]>
    </line>
    <line>
      <![CDATA[Browser Window is maximized.]]>
    </line>
    <line>
      <![CDATA[Test Case:18.
VerifyPlaceOrderRegisterBeforeCheckout started executing...]]>
    </line>
    <line>
      <![CDATA[Clicked on Signup link]]>
    </line>
    <line>
      <![CDATA['New User Signup!'- is visible]]>
    </line>
    <line>
      <![CDATA[Entered username]]>
    </line>
    <line>
      <![CDATA[Entered Email]]>
    </line>
    <line>
      <![CDATA[clicked on Signup]]>
    </line>
    <line>
      <![CDATA[Filled account details]]>
    </line>
    <line>
      <![CDATA[Clicked on Create Account]]>
    </line>
    <line>
      <![CDATA[ Click 'Signup / Login' button,Fill all details in Signup and create account]]>
    </line>
    <line>
      <![CDATA[Verify 'ACCOUNT CREATED!' and click 'Continue' button, Verify ' Logged in as username' at top]]>
    </line>
    <line>
      <![CDATA[Add products to cart, Click 'Cart' button, Verify that cart page is displayed]]>
    </line>
    <line>
      <![CDATA[VerifyPlaceOrderRegisterBeforeCheckout got failed.]]>
    </line>
    <line>
      <![CDATA[--Taken screenshot:VerifyPlaceOrderRegisterBeforeCheckout]]>
    </line>
    <line>
      <![CDATA[Browser is closed.
]]>
    </line>
    <line>
      <![CDATA[Chrome browser is Launched.]]>
    </line>
    <line>
      <![CDATA[Browser Window is maximized.]]>
    </line>
    <line>
      <![CDATA[Test Case:19.
testPlaceOrderLoginBeforeCheckout started executing...]]>
    </line>
    <line>
      <![CDATA[testPlaceOrderLoginBeforeCheckout got failed.]]>
    </line>
    <line>
      <![CDATA[--Taken screenshot:testPlaceOrderLoginBeforeCheckout]]>
    </line>
    <line>
      <![CDATA[Browser is closed.
]]>
    </line>
    <line>
      <![CDATA[Chrome browser is Launched.]]>
    </line>
    <line>
      <![CDATA[Browser Window is maximized.]]>
    </line>
    <line>
      <![CDATA[Test Case:20.
testRemoveProductsFromCart started executing...]]>
    </line>
    <line>
      <![CDATA[Verified that cart page is displayed]]>
    </line>
    <line>
      <![CDATA[Verified that product is removed from the cart]]>
    </line>
    <line>
      <![CDATA[testRemoveProductsFromCart got passed.]]>
    </line>
    <line>
      <![CDATA[Browser is closed.
]]>
    </line>
    <line>
      <![CDATA[Chrome browser is Launched.]]>
    </line>
    <line>
      <![CDATA[Browser Window is maximized.]]>
    </line>
    <line>
      <![CDATA[Test Case:21.
testViewCategoryProducts started executing...]]>
    </line>
    <line>
      <![CDATA[draged]]>
    </line>
    <line>
      <![CDATA[testViewCategoryProducts got failed.]]>
    </line>
    <line>
      <![CDATA[--Taken screenshot:testViewCategoryProducts]]>
    </line>
    <line>
      <![CDATA[Browser is closed.
]]>
    </line>
    <line>
      <![CDATA[Chrome browser is Launched.]]>
    </line>
    <line>
      <![CDATA[Browser Window is maximized.]]>
    </line>
    <line>
      <![CDATA[Test Case:22.
testViewAndCartBrandProducts started executing...]]>
    </line>
    <line>
      <![CDATA[product Page is displayed successfully]]>
    </line>
    <line>
      <![CDATA[Verified that Brands are visible on left side bar]]>
    </line>
    <line>
      <![CDATA[ Verified that user is navigated to brand page and brand products are displayed]]>
    </line>
    <line>
      <![CDATA[testViewAndCartBrandProducts got passed.]]>
    </line>
    <line>
      <![CDATA[Browser is closed.
]]>
    </line>
    <line>
      <![CDATA[Chrome browser is Launched.]]>
    </line>
    <line>
      <![CDATA[Browser Window is maximized.]]>
    </line>
    <line>
      <![CDATA[Test Case:23.
testSearchProductsAndVerifyCartAfterLogin started executing...]]>
    </line>
    <line>
      <![CDATA[testSearchProductsAndVerifyCartAfterLogin got failed.]]>
    </line>
    <line>
      <![CDATA[--Taken screenshot:testSearchProductsAndVerifyCartAfterLogin]]>
    </line>
    <line>
      <![CDATA[Browser is closed.
]]>
    </line>
    <line>
      <![CDATA[Chrome browser is Launched.]]>
    </line>
    <line>
      <![CDATA[Browser Window is maximized.]]>
    </line>
    <line>
      <![CDATA[Test Case:24.
testAddReviewOnProduct started executing...]]>
    </line>
    <line>
      <![CDATA[Verified user is navigated to ALL PRODUCTS page successfully]]>
    </line>
    <line>
      <![CDATA[Verified 'Write Your Review' is visible]]>
    </line>
    <line>
      <![CDATA[Verify success message 'Thank you for your review.'
]]>
    </line>
    <line>
      <![CDATA[testAddReviewOnProduct got passed.]]>
    </line>
    <line>
      <![CDATA[Browser is closed.
]]>
    </line>
    <line>
      <![CDATA[Chrome browser is Launched.]]>
    </line>
    <line>
      <![CDATA[Browser Window is maximized.]]>
    </line>
    <line>
      <![CDATA[Test Case:25.
testAddToCartFromRecommendedItems started executing...]]>
    </line>
    <line>
      <![CDATA[Verify 'RECOMMENDED ITEMS' are visible]]>
    </line>
    <line>
      <![CDATA[testAddToCartFromRecommendedItems got failed.]]>
    </line>
    <line>
      <![CDATA[--Taken screenshot:testAddToCartFromRecommendedItems]]>
    </line>
    <line>
      <![CDATA[Browser is closed.
]]>
    </line>
    <line>
      <![CDATA[Chrome browser is Launched.]]>
    </line>
    <line>
      <![CDATA[Browser Window is maximized.]]>
    </line>
    <line>
      <![CDATA[Test Case:26.
testVerifyAddressDetailsInCheckoutPage started executing...]]>
    </line>
    <line>
      <![CDATA['New User Signup!'- is visible,(Signup Page is opened Successfully)]]>
    </line>
    <line>
      <![CDATA[Entered username: XIMPsz]]>
    </line>
    <line>
      <![CDATA[Entered Email: zhRUDD@gmailwBNG]]>
    </line>
    <line>
      <![CDATA[Filled account details]]>
    </line>
    <line>
      <![CDATA[Clicked on Create Account]]>
    </line>
    <line>
      <![CDATA['Acount created'- is visible]]>
    </line>
    <line>
      <![CDATA[Successfully 'LoggedInAs: XIMPsz]]>
    </line>
    <line>
      <![CDATA[Add products to cart, Click 'Cart' button, Verified that cart page is displayed]]>
    </line>
    <line>
      <![CDATA[Verified that the delivery address is same address filled at the time registration of account]]>
    </line>
    <line>
      <![CDATA[Verified that the billing address is same address filled at the time registration of account]]>
    </line>
    <line>
      <![CDATA[Deleted the account and the HomePagedisplaced ]]>
    </line>
    <line>
      <![CDATA[testVerifyAddressDetailsInCheckoutPage got passed.]]>
    </line>
    <line>
      <![CDATA[Browser is closed.
]]>
    </line>
    <line>
      <![CDATA[Chrome browser is Launched.]]>
    </line>
    <line>
      <![CDATA[Browser Window is maximized.]]>
    </line>
    <line>
      <![CDATA[Test Case:27.
testDownloadInvoiceAfterPurchaseOrder started executing...]]>
    </line>
    <line>
      <![CDATA[Add products to cart, Click 'Cart' button, Verified that cart page is displayed]]>
    </line>
    <line>
      <![CDATA['New User Signup!'- is visible,(Signup Page is opened Successfully)]]>
    </line>
    <line>
      <![CDATA[Entered username: kfZhRO]]>
    </line>
    <line>
      <![CDATA[Entered Email: FgMzrV@gmailSfMY]]>
    </line>
    <line>
      <![CDATA[Filled account details]]>
    </line>
    <line>
      <![CDATA[Clicked on Create Account]]>
    </line>
    <line>
      <![CDATA['Acount created'- is visible]]>
    </line>
    <line>
      <![CDATA[Successfully 'LoggedInAs: kfZhRO]]>
    </line>
    <line>
      <![CDATA[Commented and navigated to payment page]]>
    </line>
    <line>
      <![CDATA[Deleted the account and the HomePagedisplaced ]]>
    </line>
    <line>
      <![CDATA[testDownloadInvoiceAfterPurchaseOrder got passed.]]>
    </line>
    <line>
      <![CDATA[Browser is closed.
]]>
    </line>
    <line>
      <![CDATA[Chrome browser is Launched.]]>
    </line>
    <line>
      <![CDATA[Browser Window is maximized.]]>
    </line>
    <line>
      <![CDATA[Test Case:28.
testVerifyScrollUpUsingArrowButtonAndScrollDownFunctionality started executing...]]>
    </line>
    <line>
      <![CDATA[Verified 'SUBSCRIPTION' is visible]]>
    </line>
    <line>
      <![CDATA[Verified that page is scrolled up and 'Full-Fledged practice website for Automation Engineers' text is visible on screen]]>
    </line>
    <line>
      <![CDATA[testVerifyScrollUpUsingArrowButtonAndScrollDownFunctionality got passed.]]>
    </line>
    <line>
      <![CDATA[Browser is closed.
]]>
    </line>
    <line>
      <![CDATA[Chrome browser is Launched.]]>
    </line>
    <line>
      <![CDATA[Browser Window is maximized.]]>
    </line>
    <line>
      <![CDATA[Test Case:29.
testVerifyScrollUpWithoutArrowButtonAndScrollDownFunctionality started executing...]]>
    </line>
    <line>
      <![CDATA[Verified 'SUBSCRIPTION' is visible]]>
    </line>
    <line>
      <![CDATA[testVerifyScrollUpWithoutArrowButtonAndScrollDownFunctionality got passed.]]>
    </line>
    <line>
      <![CDATA[Browser is closed.
]]>
    </line>
    <line>
      <![CDATA[******* Test Case execution finished ******]]>
    </line>
    <line>
      <![CDATA[******* Test Case execution started ******]]>
    </line>
    <line>
      <![CDATA[Firefox browser is Launched.]]>
    </line>
    <line>
      <![CDATA[Browser Window is maximized.]]>
    </line>
    <line>
      <![CDATA[Test Case:30.
VerifyHomePage started executing...]]>
    </line>
    <line>
      <![CDATA[Navigating to baseUrl: http://automationexercise.com]]>
    </line>
    <line>
      <![CDATA[HomePage is displayed successfully]]>
    </line>
    <line>
      <![CDATA[VerifyHomePage got passed.]]>
    </line>
    <line>
      <![CDATA[Test Case:31.
verifySignupRegistration started executing...]]>
    </line>
    <line>
      <![CDATA[Home Page is displayed successfully]]>
    </line>
    <line>
      <![CDATA[verifySignupRegistration got failed.]]>
    </line>
    <line>
      <![CDATA[--Taken screenshot:verifySignupRegistration]]>
    </line>
    <line>
      <![CDATA[Browser is closed.
]]>
    </line>
    <line>
      <![CDATA[Firefox browser is Launched.]]>
    </line>
    <line>
      <![CDATA[Browser Window is maximized.]]>
    </line>
    <line>
      <![CDATA[Test Case:32.
verifyUserRegistrationFlow started executing...]]>
    </line>
    <line>
      <![CDATA[Navigating to baseURL: http://automationexercise.com]]>
    </line>
    <line>
      <![CDATA[Home Page is displayed successfully]]>
    </line>
    <line>
      <![CDATA['New User Signup!' is visible]]>
    </line>
    <line>
      <![CDATA[Signup form submitted]]>
    </line>
    <line>
      <![CDATA['ENTER ACCOUNT INFORMATION' is visible]]>
    </line>
    <line>
      <![CDATA[Filled account details]]>
    </line>
    <line>
      <![CDATA[Clicked on Create Account]]>
    </line>
    <line>
      <![CDATA['ACCOUNT CREATED!' is visible]]>
    </line>
    <line>
      <![CDATA[Clicked on Continue]]>
    </line>
    <line>
      <![CDATA[User is logged in as User1]]>
    </line>
    <line>
      <![CDATA[verifyUserRegistrationFlow got passed.]]>
    </line>
    <line>
      <![CDATA[Browser is closed.
]]>
    </line>
    <line>
      <![CDATA[Firefox browser is Launched.]]>
    </line>
    <line>
      <![CDATA[Browser Window is maximized.]]>
    </line>
    <line>
      <![CDATA[Test Case:33.
verifyLoginUserWithCorrectEmailAndPasswordFlow started executing...]]>
    </line>
    <line>
      <![CDATA['Login to your account' is visible]]>
    </line>
    <line>
      <![CDATA[verifyLoginUserWithCorrectEmailAndPasswordFlow got passed.]]>
    </line>
    <line>
      <![CDATA[Browser is closed.
]]>
    </line>
    <line>
      <![CDATA[Firefox browser is Launched.]]>
    </line>
    <line>
      <![CDATA[Browser Window is maximized.]]>
    </line>
    <line>
      <![CDATA[Test Case:34.
verifyLoginUserIncorrectEmailAndPasswordFlow started executing...]]>
    </line>
    <line>
      <![CDATA[HomePage is displayed]]>
    </line>
    <line>
      <![CDATA[verifyLoginUserIncorrectEmailAndPasswordFlow got passed.]]>
    </line>
    <line>
      <![CDATA[Browser is closed.
]]>
    </line>
    <line>
      <![CDATA[Firefox browser is Launched.]]>
    </line>
    <line>
      <![CDATA[Browser Window is maximized.]]>
    </line>
    <line>
      <![CDATA[Test Case:35.
verifyLogoutUserFlow started executing...]]>
    </line>
    <line>
      <![CDATA['Login to your account' is visible]]>
    </line>
    <line>
      <![CDATA[Entered correct email address and password, Clicked 'login' button]]>
    </line>
    <line>
      <![CDATA[verifyLogoutUserFlow got failed.]]>
    </line>
    <line>
      <![CDATA[--Taken screenshot:verifyLogoutUserFlow]]>
    </line>
    <line>
      <![CDATA[Browser is closed.
]]>
    </line>
    <line>
      <![CDATA[Firefox browser is Launched.]]>
    </line>
    <line>
      <![CDATA[Browser Window is maximized.]]>
    </line>
    <line>
      <![CDATA[Test Case:36.
verifyRegisterUserWithExistingEmailFlow started executing...]]>
    </line>
    <line>
      <![CDATA['New User Signup!' is visible]]>
    </line>
    <line>
      <![CDATA[Entered name and already registered email address,Clicked 'Signup' button]]>
    </line>
    <line>
      <![CDATA[verifyRegisterUserWithExistingEmailFlow got failed.]]>
    </line>
    <line>
      <![CDATA[--Taken screenshot:verifyRegisterUserWithExistingEmailFlow]]>
    </line>
    <line>
      <![CDATA[Browser is closed.
]]>
    </line>
    <line>
      <![CDATA[Firefox browser is Launched.]]>
    </line>
    <line>
      <![CDATA[Browser Window is maximized.]]>
    </line>
    <line>
      <![CDATA[Test Case:37.
verifyContactUsForm started executing...]]>
    </line>
    <line>
      <![CDATA[Home Page is displayed successfully]]>
    </line>
    <line>
      <![CDATA[Entered name, email, subject and message,Upload file,Click 'Submit' button,Click OK button]]>
    </line>
    <line>
      <![CDATA[verifyContactUsForm got passed.]]>
    </line>
    <line>
      <![CDATA[Browser is closed.
]]>
    </line>
    <line>
      <![CDATA[Firefox browser is Launched.]]>
    </line>
    <line>
      <![CDATA[Browser Window is maximized.]]>
    </line>
    <line>
      <![CDATA[Test Case:38.
verifyContactUsForm started executing...]]>
    </line>
    <line>
      <![CDATA[Home Page is displayed successfully]]>
    </line>
    <line>
      <![CDATA[verifyContactUsForm got passed.]]>
    </line>
    <line>
      <![CDATA[Browser is closed.
]]>
    </line>
    <line>
      <![CDATA[Firefox browser is Launched.]]>
    </line>
    <line>
      <![CDATA[Browser Window is maximized.]]>
    </line>
    <line>
      <![CDATA[Test Case:39.
VerifyAllProductsAndProductDetailPage started executing...]]>
    </line>
    <line>
      <![CDATA[Home Page is displayed successfully]]>
    </line>
    <line>
      <![CDATA[VerifyAllProductsAndProductDetailPage got failed.]]>
    </line>
    <line>
      <![CDATA[--Taken screenshot:VerifyAllProductsAndProductDetailPage]]>
    </line>
    <line>
      <![CDATA[Browser is closed.
]]>
    </line>
    <line>
      <![CDATA[Firefox browser is Launched.]]>
    </line>
    <line>
      <![CDATA[Browser Window is maximized.]]>
    </line>
    <line>
      <![CDATA[Test Case:40.
VerifySearchProduct started executing...]]>
    </line>
    <line>
      <![CDATA[VerifySearchProduct got failed.]]>
    </line>
    <line>
      <![CDATA[--Taken screenshot:VerifySearchProduct]]>
    </line>
    <line>
      <![CDATA[Browser is closed.
]]>
    </line>
    <line>
      <![CDATA[Firefox browser is Launched.]]>
    </line>
    <line>
      <![CDATA[Browser Window is maximized.]]>
    </line>
    <line>
      <![CDATA[Test Case:41.
VerifySearchProduct started executing...]]>
    </line>
    <line>
      <![CDATA[Home Page is displayed successfully]]>
    </line>
    <line>
      <![CDATA[Click on 'Products' button,Verify user is navigated to ALL PRODUCTS page successfully]]>
    </line>
    <line>
      <![CDATA[Enter product name in search input and click search button, Verify 'SEARCHED PRODUCTS' is visible]]>
    </line>
    <line>
      <![CDATA[VerifySearchProduct got failed.]]>
    </line>
    <line>
      <![CDATA[--Taken screenshot:VerifySearchProduct]]>
    </line>
    <line>
      <![CDATA[Browser is closed.
]]>
    </line>
    <line>
      <![CDATA[Firefox browser is Launched.]]>
    </line>
    <line>
      <![CDATA[Browser Window is maximized.]]>
    </line>
    <line>
      <![CDATA[Test Case:42.
VerifySubscriptionInHomePage started executing...]]>
    </line>
    <line>
      <![CDATA[Home Page is displayed successfully]]>
    </line>
    <line>
      <![CDATA[Scroll down to footer, Verify text 'SUBSCRIPTION']]>
    </line>
    <line>
      <![CDATA[VerifySubscriptionInHomePage got passed.]]>
    </line>
    <line>
      <![CDATA[Browser is closed.
]]>
    </line>
    <line>
      <![CDATA[Firefox browser is Launched.]]>
    </line>
    <line>
      <![CDATA[Browser Window is maximized.]]>
    </line>
    <line>
      <![CDATA[Test Case:43.
VerifySubscriptionInCartPage started executing...]]>
    </line>
    <line>
      <![CDATA[Home Page is displayed successfully]]>
    </line>
    <line>
      <![CDATA[VerifySubscriptionInCartPage got passed.]]>
    </line>
    <line>
      <![CDATA[Browser is closed.
]]>
    </line>
    <line>
      <![CDATA[Firefox browser is Launched.]]>
    </line>
    <line>
      <![CDATA[Browser Window is maximized.]]>
    </line>
    <line>
      <![CDATA[Test Case:44.
VerifyAddProductsInCart started executing...]]>
    </line>
    <line>
      <![CDATA[Home Page is displayed successfully]]>
    </line>
    <line>
      <![CDATA[VerifyAddProductsInCart got failed.]]>
    </line>
    <line>
      <![CDATA[--Taken screenshot:VerifyAddProductsInCart]]>
    </line>
    <line>
      <![CDATA[Browser is closed.
]]>
    </line>
    <line>
      <![CDATA[Firefox browser is Launched.]]>
    </line>
    <line>
      <![CDATA[Browser Window is maximized.]]>
    </line>
    <line>
      <![CDATA[Test Case:45.
VerifyProductQuantityInCart started executing...]]>
    </line>
    <line>
      <![CDATA[Home Page is displayed successfully]]>
    </line>
    <line>
      <![CDATA[VerifyProductQuantityInCart got passed.]]>
    </line>
    <line>
      <![CDATA[Browser is closed.
]]>
    </line>
    <line>
      <![CDATA[Firefox browser is Launched.]]>
    </line>
    <line>
      <![CDATA[Browser Window is maximized.]]>
    </line>
    <line>
      <![CDATA[Test Case:46.
VerifyPlaceOrderRegisterWhileCheckout started executing...]]>
    </line>
    <line>
      <![CDATA[VerifyPlaceOrderRegisterWhileCheckout got failed.]]>
    </line>
    <line>
      <![CDATA[--Taken screenshot:VerifyPlaceOrderRegisterWhileCheckout]]>
    </line>
    <line>
      <![CDATA[Browser is closed.
]]>
    </line>
    <line>
      <![CDATA[Firefox browser is Launched.]]>
    </line>
    <line>
      <![CDATA[Browser Window is maximized.]]>
    </line>
    <line>
      <![CDATA[Test Case:47.
VerifyPlaceOrderRegisterBeforeCheckout started executing...]]>
    </line>
    <line>
      <![CDATA[Clicked on Signup link]]>
    </line>
    <line>
      <![CDATA['New User Signup!'- is visible]]>
    </line>
    <line>
      <![CDATA[Entered username]]>
    </line>
    <line>
      <![CDATA[Entered Email]]>
    </line>
    <line>
      <![CDATA[clicked on Signup]]>
    </line>
    <line>
      <![CDATA[VerifyPlaceOrderRegisterBeforeCheckout got failed.]]>
    </line>
    <line>
      <![CDATA[--Taken screenshot:VerifyPlaceOrderRegisterBeforeCheckout]]>
    </line>
    <line>
      <![CDATA[Browser is closed.
]]>
    </line>
    <line>
      <![CDATA[Firefox browser is Launched.]]>
    </line>
    <line>
      <![CDATA[Browser Window is maximized.]]>
    </line>
    <line>
      <![CDATA[Test Case:48.
testPlaceOrderLoginBeforeCheckout started executing...]]>
    </line>
    <line>
      <![CDATA[testPlaceOrderLoginBeforeCheckout got failed.]]>
    </line>
    <line>
      <![CDATA[--Taken screenshot:testPlaceOrderLoginBeforeCheckout]]>
    </line>
    <line>
      <![CDATA[Browser is closed.
]]>
    </line>
    <line>
      <![CDATA[Firefox browser is Launched.]]>
    </line>
    <line>
      <![CDATA[Browser Window is maximized.]]>
    </line>
    <line>
      <![CDATA[Test Case:49.
testRemoveProductsFromCart started executing...]]>
    </line>
    <line>
      <![CDATA[testRemoveProductsFromCart got failed.]]>
    </line>
    <line>
      <![CDATA[--Taken screenshot:testRemoveProductsFromCart]]>
    </line>
    <line>
      <![CDATA[Browser is closed.
]]>
    </line>
    <line>
      <![CDATA[Firefox browser is Launched.]]>
    </line>
    <line>
      <![CDATA[Browser Window is maximized.]]>
    </line>
    <line>
      <![CDATA[Test Case:50.
testViewCategoryProducts started executing...]]>
    </line>
    <line>
      <![CDATA[draged]]>
    </line>
    <line>
      <![CDATA[testViewCategoryProducts got failed.]]>
    </line>
    <line>
      <![CDATA[--Taken screenshot:testViewCategoryProducts]]>
    </line>
    <line>
      <![CDATA[Browser is closed.
]]>
    </line>
    <line>
      <![CDATA[Firefox browser is Launched.]]>
    </line>
    <line>
      <![CDATA[Browser Window is maximized.]]>
    </line>
    <line>
      <![CDATA[Test Case:51.
testViewAndCartBrandProducts started executing...]]>
    </line>
    <line>
      <![CDATA[product Page is displayed successfully]]>
    </line>
    <line>
      <![CDATA[Verified that Brands are visible on left side bar]]>
    </line>
    <line>
      <![CDATA[ Verified that user is navigated to brand page and brand products are displayed]]>
    </line>
    <line>
      <![CDATA[testViewAndCartBrandProducts got passed.]]>
    </line>
    <line>
      <![CDATA[Browser is closed.
]]>
    </line>
    <line>
      <![CDATA[Firefox browser is Launched.]]>
    </line>
    <line>
      <![CDATA[Browser Window is maximized.]]>
    </line>
    <line>
      <![CDATA[Test Case:52.
testSearchProductsAndVerifyCartAfterLogin started executing...]]>
    </line>
    <line>
      <![CDATA[Verified user is navigated to ALL PRODUCTS page successfully]]>
    </line>
    <line>
      <![CDATA[Total displayed products: 14]]>
    </line>
    <line>
      <![CDATA[testSearchProductsAndVerifyCartAfterLogin got failed.]]>
    </line>
    <line>
      <![CDATA[--Taken screenshot:testSearchProductsAndVerifyCartAfterLogin]]>
    </line>
    <line>
      <![CDATA[Browser is closed.
]]>
    </line>
    <line>
      <![CDATA[Firefox browser is Launched.]]>
    </line>
    <line>
      <![CDATA[Browser Window is maximized.]]>
    </line>
    <line>
      <![CDATA[Test Case:53.
testAddReviewOnProduct started executing...]]>
    </line>
    <line>
      <![CDATA[Verified user is navigated to ALL PRODUCTS page successfully]]>
    </line>
    <line>
      <![CDATA[Verified 'Write Your Review' is visible]]>
    </line>
    <line>
      <![CDATA[Verify success message 'Thank you for your review.'
]]>
    </line>
    <line>
      <![CDATA[testAddReviewOnProduct got passed.]]>
    </line>
    <line>
      <![CDATA[Browser is closed.
]]>
    </line>
    <line>
      <![CDATA[Firefox browser is Launched.]]>
    </line>
    <line>
      <![CDATA[Browser Window is maximized.]]>
    </line>
    <line>
      <![CDATA[Test Case:54.
testAddToCartFromRecommendedItems started executing...]]>
    </line>
    <line>
      <![CDATA[Verify 'RECOMMENDED ITEMS' are visible]]>
    </line>
    <line>
      <![CDATA[testAddToCartFromRecommendedItems got failed.]]>
    </line>
    <line>
      <![CDATA[--Taken screenshot:testAddToCartFromRecommendedItems]]>
    </line>
    <line>
      <![CDATA[Browser is closed.
]]>
    </line>
    <line>
      <![CDATA[Firefox browser is Launched.]]>
    </line>
    <line>
      <![CDATA[Browser Window is maximized.]]>
    </line>
    <line>
      <![CDATA[Test Case:55.
testVerifyAddressDetailsInCheckoutPage started executing...]]>
    </line>
    <line>
      <![CDATA['New User Signup!'- is visible,(Signup Page is opened Successfully)]]>
    </line>
    <line>
      <![CDATA[Entered username: DaQKaF]]>
    </line>
    <line>
      <![CDATA[Entered Email: NPSpWm@gmailYWQe]]>
    </line>
    <line>
      <![CDATA[Filled account details]]>
    </line>
    <line>
      <![CDATA[Clicked on Create Account]]>
    </line>
    <line>
      <![CDATA['Acount created'- is visible]]>
    </line>
    <line>
      <![CDATA[Successfully 'LoggedInAs: DaQKaF]]>
    </line>
    <line>
      <![CDATA[testVerifyAddressDetailsInCheckoutPage got failed.]]>
    </line>
    <line>
      <![CDATA[--Taken screenshot:testVerifyAddressDetailsInCheckoutPage]]>
    </line>
    <line>
      <![CDATA[Browser is closed.
]]>
    </line>
    <line>
      <![CDATA[Firefox browser is Launched.]]>
    </line>
    <line>
      <![CDATA[Browser Window is maximized.]]>
    </line>
    <line>
      <![CDATA[Test Case:56.
testDownloadInvoiceAfterPurchaseOrder started executing...]]>
    </line>
    <line>
      <![CDATA[testDownloadInvoiceAfterPurchaseOrder got failed.]]>
    </line>
    <line>
      <![CDATA[--Taken screenshot:testDownloadInvoiceAfterPurchaseOrder]]>
    </line>
    <line>
      <![CDATA[Browser is closed.
]]>
    </line>
    <line>
      <![CDATA[Firefox browser is Launched.]]>
    </line>
    <line>
      <![CDATA[Browser Window is maximized.]]>
    </line>
    <line>
      <![CDATA[Test Case:57.
testVerifyScrollUpUsingArrowButtonAndScrollDownFunctionality started executing...]]>
    </line>
    <line>
      <![CDATA[Verified 'SUBSCRIPTION' is visible]]>
    </line>
    <line>
      <![CDATA[Verified that page is scrolled up and 'Full-Fledged practice website for Automation Engineers' text is visible on screen]]>
    </line>
    <line>
      <![CDATA[testVerifyScrollUpUsingArrowButtonAndScrollDownFunctionality got passed.]]>
    </line>
    <line>
      <![CDATA[Browser is closed.
]]>
    </line>
    <line>
      <![CDATA[Firefox browser is Launched.]]>
    </line>
    <line>
      <![CDATA[Browser Window is maximized.]]>
    </line>
    <line>
      <![CDATA[Test Case:58.
testVerifyScrollUpWithoutArrowButtonAndScrollDownFunctionality started executing...]]>
    </line>
    <line>
      <![CDATA[Verified 'SUBSCRIPTION' is visible]]>
    </line>
    <line>
      <![CDATA[testVerifyScrollUpWithoutArrowButtonAndScrollDownFunctionality got passed.]]>
    </line>
    <line>
      <![CDATA[Browser is closed.
]]>
    </line>
  </reporter-output>
  <suite started-at="2025-08-25T22:18:22 IST" name="Master-Suite" finished-at="2025-08-25T23:04:55 IST" duration-ms="2793283">
    <groups>
    </groups>
    <test started-at="2025-08-25T22:18:22 IST" name="Chrome Test" finished-at="2025-08-25T22:43:31 IST" duration-ms="1508783">
      <class name="testCases.TC019_ViewAndCartBrandProducts">
        <test-method is-config="true" signature="setup(java.lang.String)[pri:0, instance:testCases.TC019_ViewAndCartBrandProducts@9816741]" started-at="2025-08-25T22:35:38 IST" name="setup" finished-at="2025-08-25T22:35:51 IST" duration-ms="13295" status="PASS">
          <params>
            <param index="0">
              <value>
                <![CDATA[chrome]]>
              </value>
            </param>
          </params>
          <reporter-output>
            <line>
              <![CDATA[Chrome browser is Launched.]]>
            </line>
            <line>
              <![CDATA[Browser Window is maximized.]]>
            </line>
          </reporter-output>
        </test-method> <!-- setup -->
        <test-method signature="testViewAndCartBrandProducts()[pri:0, instance:testCases.TC019_ViewAndCartBrandProducts@9816741]" started-at="2025-08-25T22:35:51 IST" name="testViewAndCartBrandProducts" finished-at="2025-08-25T22:36:25 IST" duration-ms="33604" status="PASS">
          <reporter-output>
            <line>
              <![CDATA[Test Case:22.
testViewAndCartBrandProducts started executing...]]>
            </line>
            <line>
              <![CDATA[product Page is displayed successfully]]>
            </line>
            <line>
              <![CDATA[Verified that Brands are visible on left side bar]]>
            </line>
            <line>
              <![CDATA[ Verified that user is navigated to brand page and brand products are displayed]]>
            </line>
            <line>
              <![CDATA[testViewAndCartBrandProducts got passed.]]>
            </line>
          </reporter-output>
        </test-method> <!-- testViewAndCartBrandProducts -->
        <test-method is-config="true" signature="tearDown()[pri:0, instance:testCases.TC019_ViewAndCartBrandProducts@9816741]" started-at="2025-08-25T22:36:25 IST" name="tearDown" finished-at="2025-08-25T22:36:27 IST" duration-ms="1808" status="PASS">
          <reporter-output>
            <line>
              <![CDATA[Browser is closed.
]]>
            </line>
          </reporter-output>
        </test-method> <!-- tearDown -->
      </class> <!-- testCases.TC019_ViewAndCartBrandProducts -->
      <class name="testCases.TC024_DownloadInvoiceAfterPurchaseOrder">
        <test-method is-config="true" signature="setup(java.lang.String)[pri:0, instance:testCases.TC024_DownloadInvoiceAfterPurchaseOrder@2f67a4d3]" started-at="2025-08-25T22:39:46 IST" name="setup" finished-at="2025-08-25T22:40:16 IST" duration-ms="30187" status="PASS">
          <params>
            <param index="0">
              <value>
                <![CDATA[chrome]]>
              </value>
            </param>
          </params>
          <reporter-output>
            <line>
              <![CDATA[Chrome browser is Launched.]]>
            </line>
            <line>
              <![CDATA[Browser Window is maximized.]]>
            </line>
          </reporter-output>
        </test-method> <!-- setup -->
        <test-method signature="testDownloadInvoiceAfterPurchaseOrder()[pri:0, instance:testCases.TC024_DownloadInvoiceAfterPurchaseOrder@2f67a4d3]" started-at="2025-08-25T22:40:16 IST" name="testDownloadInvoiceAfterPurchaseOrder" finished-at="2025-08-25T22:41:59 IST" duration-ms="103280" status="PASS">
          <reporter-output>
            <line>
              <![CDATA[Test Case:27.
testDownloadInvoiceAfterPurchaseOrder started executing...]]>
            </line>
            <line>
              <![CDATA[Add products to cart, Click 'Cart' button, Verified that cart page is displayed]]>
            </line>
            <line>
              <![CDATA['New User Signup!'- is visible,(Signup Page is opened Successfully)]]>
            </line>
            <line>
              <![CDATA[Entered username: kfZhRO]]>
            </line>
            <line>
              <![CDATA[Entered Email: FgMzrV@gmailSfMY]]>
            </line>
            <line>
              <![CDATA[Filled account details]]>
            </line>
            <line>
              <![CDATA[Clicked on Create Account]]>
            </line>
            <line>
              <![CDATA['Acount created'- is visible]]>
            </line>
            <line>
              <![CDATA[Successfully 'LoggedInAs: kfZhRO]]>
            </line>
            <line>
              <![CDATA[Commented and navigated to payment page]]>
            </line>
            <line>
              <![CDATA[Deleted the account and the HomePagedisplaced ]]>
            </line>
            <line>
              <![CDATA[testDownloadInvoiceAfterPurchaseOrder got passed.]]>
            </line>
          </reporter-output>
        </test-method> <!-- testDownloadInvoiceAfterPurchaseOrder -->
        <test-method is-config="true" signature="tearDown()[pri:0, instance:testCases.TC024_DownloadInvoiceAfterPurchaseOrder@2f67a4d3]" started-at="2025-08-25T22:41:59 IST" name="tearDown" finished-at="2025-08-25T22:42:06 IST" duration-ms="6972" status="PASS">
          <reporter-output>
            <line>
              <![CDATA[Browser is closed.
]]>
            </line>
          </reporter-output>
        </test-method> <!-- tearDown -->
      </class> <!-- testCases.TC024_DownloadInvoiceAfterPurchaseOrder -->
      <class name="testCases.TC005_RegisterUserWithExistingEmail">
        <test-method is-config="true" signature="setup(java.lang.String)[pri:0, instance:testCases.TC005_RegisterUserWithExistingEmail@5d908d47]" started-at="2025-08-25T22:23:25 IST" name="setup" finished-at="2025-08-25T22:23:40 IST" duration-ms="14417" status="PASS">
          <params>
            <param index="0">
              <value>
                <![CDATA[chrome]]>
              </value>
            </param>
          </params>
          <reporter-output>
            <line>
              <![CDATA[Chrome browser is Launched.]]>
            </line>
            <line>
              <![CDATA[Browser Window is maximized.]]>
            </line>
          </reporter-output>
        </test-method> <!-- setup -->
        <test-method signature="verifyRegisterUserWithExistingEmailFlow()[pri:0, instance:testCases.TC005_RegisterUserWithExistingEmail@5d908d47]" started-at="2025-08-25T22:23:40 IST" name="verifyRegisterUserWithExistingEmailFlow" description="Verify Register user with Existing Email" finished-at="2025-08-25T22:23:52 IST" duration-ms="11615" status="FAIL">
          <exception class="org.openqa.selenium.NoSuchElementException">
            <message>
              <![CDATA[no such element: Unable to locate element: {"method":"xpath","selector":"//p[text()='Email Address already exist!']"}
  (Session info: chrome=139.0.7258.139)
For documentation on this error, please visit: https://www.selenium.dev/documentation/webdriver/troubleshooting/errors#no-such-element-exception
Build info: version: '4.35.0', revision: '1c58e5028b'
System info: os.name: 'Windows 10', os.arch: 'amd64', os.version: '10.0', java.version: '21.0.1'
Driver info: org.openqa.selenium.chrome.ChromeDriver
Command: [2744a59492a38d3832657f7f9a1427b9, findElement {using=xpath, value=//p[text()='Email Address already exist!']}]
Capabilities {acceptInsecureCerts: false, browserName: chrome, browserVersion: 139.0.7258.139, chrome: {chromedriverVersion: 139.0.7258.138 (884e54ea8d4..., userDataDir: C:\Users\UDAYAS~1\AppData\L...}, fedcm:accounts: true, goog:chromeOptions: {debuggerAddress: localhost:50044}, networkConnectionEnabled: false, pageLoadStrategy: normal, platformName: windows, proxy: Proxy(), se:cdp: ws://localhost:50044/devtoo..., se:cdpVersion: 139.0.7258.139, setWindowRect: true, strictFileInteractability: false, timeouts: {implicit: 0, pageLoad: 300000, script: 30000}, unhandledPromptBehavior: dismiss and notify, webauthn:extension:credBlob: true, webauthn:extension:largeBlob: true, webauthn:extension:minPinLength: true, webauthn:extension:prf: true, webauthn:virtualAuthenticators: true}
Session ID: 2744a59492a38d3832657f7f9a1427b9]]>
            </message>
            <full-stacktrace>
              <![CDATA[org.openqa.selenium.NoSuchElementException: no such element: Unable to locate element: {"method":"xpath","selector":"//p[text()='Email Address already exist!']"}
  (Session info: chrome=139.0.7258.139)
For documentation on this error, please visit: https://www.selenium.dev/documentation/webdriver/troubleshooting/errors#no-such-element-exception
Build info: version: '4.35.0', revision: '1c58e5028b'
System info: os.name: 'Windows 10', os.arch: 'amd64', os.version: '10.0', java.version: '21.0.1'
Driver info: org.openqa.selenium.chrome.ChromeDriver
Command: [2744a59492a38d3832657f7f9a1427b9, findElement {using=xpath, value=//p[text()='Email Address already exist!']}]
Capabilities {acceptInsecureCerts: false, browserName: chrome, browserVersion: 139.0.7258.139, chrome: {chromedriverVersion: 139.0.7258.138 (884e54ea8d4..., userDataDir: C:\Users\UDAYAS~1\AppData\L...}, fedcm:accounts: true, goog:chromeOptions: {debuggerAddress: localhost:50044}, networkConnectionEnabled: false, pageLoadStrategy: normal, platformName: windows, proxy: Proxy(), se:cdp: ws://localhost:50044/devtoo..., se:cdpVersion: 139.0.7258.139, setWindowRect: true, strictFileInteractability: false, timeouts: {implicit: 0, pageLoad: 300000, script: 30000}, unhandledPromptBehavior: dismiss and notify, webauthn:extension:credBlob: true, webauthn:extension:largeBlob: true, webauthn:extension:minPinLength: true, webauthn:extension:prf: true, webauthn:virtualAuthenticators: true}
Session ID: 2744a59492a38d3832657f7f9a1427b9
at java.base/jdk.internal.reflect.DirectConstructorHandleAccessor.newInstance(DirectConstructorHandleAccessor.java:62)
at java.base/java.lang.reflect.Constructor.newInstanceWithCaller(Constructor.java:502)
at java.base/java.lang.reflect.Constructor.newInstance(Constructor.java:486)
at org.openqa.selenium.remote.ErrorCodec.decode(ErrorCodec.java:167)
at org.openqa.selenium.remote.codec.w3c.W3CHttpResponseCodec.decode(W3CHttpResponseCodec.java:138)
at org.openqa.selenium.remote.codec.w3c.W3CHttpResponseCodec.decode(W3CHttpResponseCodec.java:50)
at org.openqa.selenium.remote.HttpCommandExecutor.execute(HttpCommandExecutor.java:215)
at org.openqa.selenium.remote.service.DriverCommandExecutor.invokeExecute(DriverCommandExecutor.java:216)
at org.openqa.selenium.remote.service.DriverCommandExecutor.execute(DriverCommandExecutor.java:174)
at org.openqa.selenium.remote.RemoteWebDriver.execute(RemoteWebDriver.java:557)
at org.openqa.selenium.remote.ElementLocation$ElementFinder$2.findElement(ElementLocation.java:165)
at org.openqa.selenium.remote.ElementLocation.findElement(ElementLocation.java:59)
at org.openqa.selenium.remote.RemoteWebDriver.findElement(RemoteWebDriver.java:380)
at org.openqa.selenium.remote.RemoteWebDriver.findElement(RemoteWebDriver.java:374)
at org.openqa.selenium.support.pagefactory.DefaultElementLocator.findElement(DefaultElementLocator.java:68)
at org.openqa.selenium.support.pagefactory.internal.LocatingElementHandler.invoke(LocatingElementHandler.java:38)
at jdk.proxy2/jdk.proxy2.$Proxy31.isDisplayed(Unknown Source)
at pageObjects.HomePage.errorMsgEmailAlreadyExist(HomePage.java:186)
at testCases.TC005_RegisterUserWithExistingEmail.verifyRegisterUserWithExistingEmailFlow(TC005_RegisterUserWithExistingEmail.java:61)
at java.base/jdk.internal.reflect.DirectMethodHandleAccessor.invoke(DirectMethodHandleAccessor.java:103)
at java.base/java.lang.reflect.Method.invoke(Method.java:580)
at org.testng.internal.invokers.MethodInvocationHelper.invokeMethod(MethodInvocationHelper.java:141)
at org.testng.internal.invokers.TestInvoker.invokeMethod(TestInvoker.java:687)
at org.testng.internal.invokers.TestInvoker.invokeTestMethod(TestInvoker.java:230)
at org.testng.internal.invokers.MethodRunner.runInSequence(MethodRunner.java:63)
at org.testng.internal.invokers.TestInvoker$MethodInvocationAgent.invoke(TestInvoker.java:995)
at org.testng.internal.invokers.TestInvoker.invokeTestMethods(TestInvoker.java:203)
at org.testng.internal.invokers.TestMethodWorker.invokeTestMethods(TestMethodWorker.java:154)
at org.testng.internal.invokers.TestMethodWorker.run(TestMethodWorker.java:134)
at java.base/java.util.ArrayList.forEach(ArrayList.java:1596)
at org.testng.TestRunner.privateRun(TestRunner.java:741)
at org.testng.TestRunner.run(TestRunner.java:616)
at org.testng.SuiteRunner.runTest(SuiteRunner.java:421)
at org.testng.SuiteRunner.runSequentially(SuiteRunner.java:413)
at org.testng.SuiteRunner.privateRun(SuiteRunner.java:373)
at org.testng.SuiteRunner.run(SuiteRunner.java:312)
at org.testng.SuiteRunnerWorker.runSuite(SuiteRunnerWorker.java:52)
at org.testng.SuiteRunnerWorker.run(SuiteRunnerWorker.java:95)
at org.testng.TestNG.runSuitesSequentially(TestNG.java:1274)
at org.testng.TestNG.runSuitesLocally(TestNG.java:1208)
at org.testng.TestNG.runSuites(TestNG.java:1112)
at org.testng.TestNG.run(TestNG.java:1079)
at org.testng.remote.AbstractRemoteTestNG.run(AbstractRemoteTestNG.java:115)
at org.testng.remote.RemoteTestNG.initAndRun(RemoteTestNG.java:293)
at org.testng.remote.RemoteTestNG.main(RemoteTestNG.java:91)
]]>
            </full-stacktrace>
          </exception> <!-- org.openqa.selenium.NoSuchElementException -->
          <reporter-output>
            <line>
              <![CDATA[Test Case:7.
verifyRegisterUserWithExistingEmailFlow started executing...]]>
            </line>
            <line>
              <![CDATA['New User Signup!' is visible]]>
            </line>
            <line>
              <![CDATA[Entered name and already registered email address,Clicked 'Signup' button]]>
            </line>
            <line>
              <![CDATA[verifyRegisterUserWithExistingEmailFlow got failed.]]>
            </line>
            <line>
              <![CDATA[--Taken screenshot:verifyRegisterUserWithExistingEmailFlow]]>
            </line>
          </reporter-output>
        </test-method> <!-- verifyRegisterUserWithExistingEmailFlow -->
        <test-method is-config="true" signature="tearDown()[pri:0, instance:testCases.TC005_RegisterUserWithExistingEmail@5d908d47]" started-at="2025-08-25T22:23:52 IST" name="tearDown" finished-at="2025-08-25T22:23:53 IST" duration-ms="1108" status="PASS">
          <reporter-output>
            <line>
              <![CDATA[Browser is closed.
]]>
            </line>
          </reporter-output>
        </test-method> <!-- tearDown -->
      </class> <!-- testCases.TC005_RegisterUserWithExistingEmail -->
      <class name="testCases.TC001_RegisterUser_improved">
        <test-method is-config="true" signature="setup(java.lang.String)[pri:0, instance:testCases.TC001_RegisterUser_improved@1df8da7a]" started-at="2025-08-25T22:20:45 IST" name="setup" finished-at="2025-08-25T22:21:06 IST" duration-ms="21158" status="PASS">
          <params>
            <param index="0">
              <value>
                <![CDATA[chrome]]>
              </value>
            </param>
          </params>
          <reporter-output>
            <line>
              <![CDATA[Chrome browser is Launched.]]>
            </line>
            <line>
              <![CDATA[Browser Window is maximized.]]>
            </line>
          </reporter-output>
        </test-method> <!-- setup -->
        <test-method signature="verifyUserRegistrationFlow()[pri:0, instance:testCases.TC001_RegisterUser_improved@1df8da7a]" started-at="2025-08-25T22:21:06 IST" name="verifyUserRegistrationFlow" description="Verify user registration, login and account deletion" finished-at="2025-08-25T22:21:38 IST" duration-ms="32241" status="PASS">
          <reporter-output>
            <line>
              <![CDATA[Test Case:3.
verifyUserRegistrationFlow started executing...]]>
            </line>
            <line>
              <![CDATA[Navigating to baseURL: http://automationexercise.com]]>
            </line>
            <line>
              <![CDATA[Home Page is displayed successfully]]>
            </line>
            <line>
              <![CDATA['New User Signup!' is visible]]>
            </line>
            <line>
              <![CDATA[Signup form submitted]]>
            </line>
            <line>
              <![CDATA['ENTER ACCOUNT INFORMATION' is visible]]>
            </line>
            <line>
              <![CDATA[Filled account details]]>
            </line>
            <line>
              <![CDATA[Clicked on Create Account]]>
            </line>
            <line>
              <![CDATA['ACCOUNT CREATED!' is visible]]>
            </line>
            <line>
              <![CDATA[Clicked on Continue]]>
            </line>
            <line>
              <![CDATA[User is logged in as User1]]>
            </line>
            <line>
              <![CDATA[verifyUserRegistrationFlow got passed.]]>
            </line>
          </reporter-output>
        </test-method> <!-- verifyUserRegistrationFlow -->
        <test-method is-config="true" signature="tearDown()[pri:0, instance:testCases.TC001_RegisterUser_improved@1df8da7a]" started-at="2025-08-25T22:21:38 IST" name="tearDown" finished-at="2025-08-25T22:21:39 IST" duration-ms="1018" status="PASS">
          <reporter-output>
            <line>
              <![CDATA[Browser is closed.
]]>
            </line>
          </reporter-output>
        </test-method> <!-- tearDown -->
      </class> <!-- testCases.TC001_RegisterUser_improved -->
      <class name="testCases.TC002_LoginUserWithCorrectEmailAndPassword">
        <test-method is-config="true" signature="setup(java.lang.String)[pri:0, instance:testCases.TC002_LoginUserWithCorrectEmailAndPassword@23941fb4]" started-at="2025-08-25T22:21:39 IST" name="setup" finished-at="2025-08-25T22:21:52 IST" duration-ms="13471" status="PASS">
          <params>
            <param index="0">
              <value>
                <![CDATA[chrome]]>
              </value>
            </param>
          </params>
          <reporter-output>
            <line>
              <![CDATA[Chrome browser is Launched.]]>
            </line>
            <line>
              <![CDATA[Browser Window is maximized.]]>
            </line>
          </reporter-output>
        </test-method> <!-- setup -->
        <test-method signature="verifyLoginUserWithCorrectEmailAndPasswordFlow()[pri:0, instance:testCases.TC002_LoginUserWithCorrectEmailAndPassword@23941fb4]" started-at="2025-08-25T22:21:52 IST" name="verifyLoginUserWithCorrectEmailAndPasswordFlow" description="Verify Login User with correct Email And Password" finished-at="2025-08-25T22:22:25 IST" duration-ms="32099" status="PASS">
          <reporter-output>
            <line>
              <![CDATA[Test Case:4.
verifyLoginUserWithCorrectEmailAndPasswordFlow started executing...]]>
            </line>
            <line>
              <![CDATA['Login to your account' is visible]]>
            </line>
            <line>
              <![CDATA[verifyLoginUserWithCorrectEmailAndPasswordFlow got passed.]]>
            </line>
          </reporter-output>
        </test-method> <!-- verifyLoginUserWithCorrectEmailAndPasswordFlow -->
        <test-method is-config="true" signature="tearDown()[pri:0, instance:testCases.TC002_LoginUserWithCorrectEmailAndPassword@23941fb4]" started-at="2025-08-25T22:22:25 IST" name="tearDown" finished-at="2025-08-25T22:22:28 IST" duration-ms="3228" status="PASS">
          <reporter-output>
            <line>
              <![CDATA[Browser is closed.
]]>
            </line>
          </reporter-output>
        </test-method> <!-- tearDown -->
      </class> <!-- testCases.TC002_LoginUserWithCorrectEmailAndPassword -->
      <class name="testCases.TC020_SearchProductsAndVerifyCartAfterLogin">
        <test-method is-config="true" signature="setup(java.lang.String)[pri:0, instance:testCases.TC020_SearchProductsAndVerifyCartAfterLogin@1e16c0aa]" started-at="2025-08-25T22:36:27 IST" name="setup" finished-at="2025-08-25T22:36:42 IST" duration-ms="15189" status="PASS">
          <params>
            <param index="0">
              <value>
                <![CDATA[chrome]]>
              </value>
            </param>
          </params>
          <reporter-output>
            <line>
              <![CDATA[Chrome browser is Launched.]]>
            </line>
            <line>
              <![CDATA[Browser Window is maximized.]]>
            </line>
          </reporter-output>
        </test-method> <!-- setup -->
        <test-method signature="testSearchProductsAndVerifyCartAfterLogin()[pri:0, instance:testCases.TC020_SearchProductsAndVerifyCartAfterLogin@1e16c0aa]" started-at="2025-08-25T22:36:42 IST" name="testSearchProductsAndVerifyCartAfterLogin" finished-at="2025-08-25T22:36:44 IST" duration-ms="2485" status="FAIL">
          <exception class="java.lang.AssertionError">
            <message>
              <![CDATA[Home page title mismatch expected [Automation Exercise] but found [automationexercise.com | 520: Web server is returning an unknown error]]]>
            </message>
            <full-stacktrace>
              <![CDATA[java.lang.AssertionError: Home page title mismatch expected [Automation Exercise] but found [automationexercise.com | 520: Web server is returning an unknown error]
at org.testng.Assert.fail(Assert.java:111)
at org.testng.Assert.failNotEquals(Assert.java:1590)
at org.testng.Assert.assertEqualsImpl(Assert.java:150)
at org.testng.Assert.assertEquals(Assert.java:132)
at org.testng.Assert.assertEquals(Assert.java:656)
at testCases.TC020_SearchProductsAndVerifyCartAfterLogin.testSearchProductsAndVerifyCartAfterLogin(TC020_SearchProductsAndVerifyCartAfterLogin.java:53)
at java.base/jdk.internal.reflect.DirectMethodHandleAccessor.invoke(DirectMethodHandleAccessor.java:103)
at java.base/java.lang.reflect.Method.invoke(Method.java:580)
at org.testng.internal.invokers.MethodInvocationHelper.invokeMethod(MethodInvocationHelper.java:141)
at org.testng.internal.invokers.TestInvoker.invokeMethod(TestInvoker.java:687)
at org.testng.internal.invokers.TestInvoker.invokeTestMethod(TestInvoker.java:230)
at org.testng.internal.invokers.MethodRunner.runInSequence(MethodRunner.java:63)
at org.testng.internal.invokers.TestInvoker$MethodInvocationAgent.invoke(TestInvoker.java:995)
at org.testng.internal.invokers.TestInvoker.invokeTestMethods(TestInvoker.java:203)
at org.testng.internal.invokers.TestMethodWorker.invokeTestMethods(TestMethodWorker.java:154)
at org.testng.internal.invokers.TestMethodWorker.run(TestMethodWorker.java:134)
at java.base/java.util.ArrayList.forEach(ArrayList.java:1596)
at org.testng.TestRunner.privateRun(TestRunner.java:741)
at org.testng.TestRunner.run(TestRunner.java:616)
at org.testng.SuiteRunner.runTest(SuiteRunner.java:421)
at org.testng.SuiteRunner.runSequentially(SuiteRunner.java:413)
at org.testng.SuiteRunner.privateRun(SuiteRunner.java:373)
at org.testng.SuiteRunner.run(SuiteRunner.java:312)
at org.testng.SuiteRunnerWorker.runSuite(SuiteRunnerWorker.java:52)
at org.testng.SuiteRunnerWorker.run(SuiteRunnerWorker.java:95)
at org.testng.TestNG.runSuitesSequentially(TestNG.java:1274)
at org.testng.TestNG.runSuitesLocally(TestNG.java:1208)
at org.testng.TestNG.runSuites(TestNG.java:1112)
at org.testng.TestNG.run(TestNG.java:1079)
at org.testng.remote.AbstractRemoteTestNG.run(AbstractRemoteTestNG.java:115)
at org.testng.remote.RemoteTestNG.initAndRun(RemoteTestNG.java:293)
at org.testng.remote.RemoteTestNG.main(RemoteTestNG.java:91)
]]>
            </full-stacktrace>
          </exception> <!-- java.lang.AssertionError -->
          <reporter-output>
            <line>
              <![CDATA[Test Case:23.
testSearchProductsAndVerifyCartAfterLogin started executing...]]>
            </line>
            <line>
              <![CDATA[testSearchProductsAndVerifyCartAfterLogin got failed.]]>
            </line>
            <line>
              <![CDATA[--Taken screenshot:testSearchProductsAndVerifyCartAfterLogin]]>
            </line>
          </reporter-output>
        </test-method> <!-- testSearchProductsAndVerifyCartAfterLogin -->
        <test-method is-config="true" signature="tearDown()[pri:0, instance:testCases.TC020_SearchProductsAndVerifyCartAfterLogin@1e16c0aa]" started-at="2025-08-25T22:36:45 IST" name="tearDown" finished-at="2025-08-25T22:36:46 IST" duration-ms="805" status="PASS">
          <reporter-output>
            <line>
              <![CDATA[Browser is closed.
]]>
            </line>
          </reporter-output>
        </test-method> <!-- tearDown -->
      </class> <!-- testCases.TC020_SearchProductsAndVerifyCartAfterLogin -->
      <class name="testCases.TC004_LogoutUser">
        <test-method is-config="true" signature="setup(java.lang.String)[pri:0, instance:testCases.TC004_LogoutUser@660acfb]" started-at="2025-08-25T22:22:57 IST" name="setup" finished-at="2025-08-25T22:23:12 IST" duration-ms="15372" status="PASS">
          <params>
            <param index="0">
              <value>
                <![CDATA[chrome]]>
              </value>
            </param>
          </params>
          <reporter-output>
            <line>
              <![CDATA[Chrome browser is Launched.]]>
            </line>
            <line>
              <![CDATA[Browser Window is maximized.]]>
            </line>
          </reporter-output>
        </test-method> <!-- setup -->
        <test-method signature="verifyLogoutUserFlow()[pri:0, instance:testCases.TC004_LogoutUser@660acfb]" started-at="2025-08-25T22:23:12 IST" name="verifyLogoutUserFlow" description="Verify Logout user" finished-at="2025-08-25T22:23:23 IST" duration-ms="11376" status="FAIL">
          <exception class="java.lang.AssertionError">
            <message>
              <![CDATA[Login page title is mis-match expected [Automation Exercise] but found [Automation Exercise - Signup / Login]]]>
            </message>
            <full-stacktrace>
              <![CDATA[java.lang.AssertionError: Login page title is mis-match expected [Automation Exercise] but found [Automation Exercise - Signup / Login]
at org.testng.Assert.fail(Assert.java:111)
at org.testng.Assert.failNotEquals(Assert.java:1590)
at org.testng.Assert.assertEqualsImpl(Assert.java:150)
at org.testng.Assert.assertEquals(Assert.java:132)
at org.testng.Assert.assertEquals(Assert.java:656)
at testCases.TC004_LogoutUser.verifyLogoutUserFlow(TC004_LogoutUser.java:63)
at java.base/jdk.internal.reflect.DirectMethodHandleAccessor.invoke(DirectMethodHandleAccessor.java:103)
at java.base/java.lang.reflect.Method.invoke(Method.java:580)
at org.testng.internal.invokers.MethodInvocationHelper.invokeMethod(MethodInvocationHelper.java:141)
at org.testng.internal.invokers.TestInvoker.invokeMethod(TestInvoker.java:687)
at org.testng.internal.invokers.TestInvoker.invokeTestMethod(TestInvoker.java:230)
at org.testng.internal.invokers.MethodRunner.runInSequence(MethodRunner.java:63)
at org.testng.internal.invokers.TestInvoker$MethodInvocationAgent.invoke(TestInvoker.java:995)
at org.testng.internal.invokers.TestInvoker.invokeTestMethods(TestInvoker.java:203)
at org.testng.internal.invokers.TestMethodWorker.invokeTestMethods(TestMethodWorker.java:154)
at org.testng.internal.invokers.TestMethodWorker.run(TestMethodWorker.java:134)
at java.base/java.util.ArrayList.forEach(ArrayList.java:1596)
at org.testng.TestRunner.privateRun(TestRunner.java:741)
at org.testng.TestRunner.run(TestRunner.java:616)
at org.testng.SuiteRunner.runTest(SuiteRunner.java:421)
at org.testng.SuiteRunner.runSequentially(SuiteRunner.java:413)
at org.testng.SuiteRunner.privateRun(SuiteRunner.java:373)
at org.testng.SuiteRunner.run(SuiteRunner.java:312)
at org.testng.SuiteRunnerWorker.runSuite(SuiteRunnerWorker.java:52)
at org.testng.SuiteRunnerWorker.run(SuiteRunnerWorker.java:95)
at org.testng.TestNG.runSuitesSequentially(TestNG.java:1274)
at org.testng.TestNG.runSuitesLocally(TestNG.java:1208)
at org.testng.TestNG.runSuites(TestNG.java:1112)
at org.testng.TestNG.run(TestNG.java:1079)
at org.testng.remote.AbstractRemoteTestNG.run(AbstractRemoteTestNG.java:115)
at org.testng.remote.RemoteTestNG.initAndRun(RemoteTestNG.java:293)
at org.testng.remote.RemoteTestNG.main(RemoteTestNG.java:91)
]]>
            </full-stacktrace>
          </exception> <!-- java.lang.AssertionError -->
          <reporter-output>
            <line>
              <![CDATA[Test Case:6.
verifyLogoutUserFlow started executing...]]>
            </line>
            <line>
              <![CDATA['Login to your account' is visible]]>
            </line>
            <line>
              <![CDATA[Entered correct email address and password, Clicked 'login' button]]>
            </line>
            <line>
              <![CDATA[verifyLogoutUserFlow got failed.]]>
            </line>
            <line>
              <![CDATA[--Taken screenshot:verifyLogoutUserFlow]]>
            </line>
          </reporter-output>
        </test-method> <!-- verifyLogoutUserFlow -->
        <test-method is-config="true" signature="tearDown()[pri:0, instance:testCases.TC004_LogoutUser@660acfb]" started-at="2025-08-25T22:23:24 IST" name="tearDown" finished-at="2025-08-25T22:23:25 IST" duration-ms="1209" status="PASS">
          <reporter-output>
            <line>
              <![CDATA[Browser is closed.
]]>
            </line>
          </reporter-output>
        </test-method> <!-- tearDown -->
      </class> <!-- testCases.TC004_LogoutUser -->
      <class name="testCases.TC009_Improved">
        <test-method is-config="true" signature="setup(java.lang.String)[pri:0, instance:testCases.TC009_Improved@45385f75]" started-at="2025-08-25T22:26:28 IST" name="setup" finished-at="2025-08-25T22:26:45 IST" duration-ms="17231" status="PASS">
          <params>
            <param index="0">
              <value>
                <![CDATA[chrome]]>
              </value>
            </param>
          </params>
          <reporter-output>
            <line>
              <![CDATA[Chrome browser is Launched.]]>
            </line>
            <line>
              <![CDATA[Browser Window is maximized.]]>
            </line>
          </reporter-output>
        </test-method> <!-- setup -->
        <test-method signature="VerifySearchProduct()[pri:0, instance:testCases.TC009_Improved@45385f75]" started-at="2025-08-25T22:26:45 IST" name="VerifySearchProduct" description="SearchProduct" finished-at="2025-08-25T22:26:48 IST" duration-ms="2931" status="FAIL">
          <exception class="java.lang.AssertionError">
            <message>
              <![CDATA[Failure occurred: Home page title mismatch expected [Automation Exercise] but found [automationexercise.com | 520: Web server is returning an unknown error]]]>
            </message>
            <full-stacktrace>
              <![CDATA[java.lang.AssertionError: Failure occurred: Home page title mismatch expected [Automation Exercise] but found [automationexercise.com | 520: Web server is returning an unknown error]
at org.testng.Assert.fail(Assert.java:111)
at testCases.TC009_Improved.VerifySearchProduct(TC009_Improved.java:67)
at java.base/jdk.internal.reflect.DirectMethodHandleAccessor.invoke(DirectMethodHandleAccessor.java:103)
at java.base/java.lang.reflect.Method.invoke(Method.java:580)
at org.testng.internal.invokers.MethodInvocationHelper.invokeMethod(MethodInvocationHelper.java:141)
at org.testng.internal.invokers.TestInvoker.invokeMethod(TestInvoker.java:687)
at org.testng.internal.invokers.TestInvoker.invokeTestMethod(TestInvoker.java:230)
at org.testng.internal.invokers.MethodRunner.runInSequence(MethodRunner.java:63)
at org.testng.internal.invokers.TestInvoker$MethodInvocationAgent.invoke(TestInvoker.java:995)
at org.testng.internal.invokers.TestInvoker.invokeTestMethods(TestInvoker.java:203)
at org.testng.internal.invokers.TestMethodWorker.invokeTestMethods(TestMethodWorker.java:154)
at org.testng.internal.invokers.TestMethodWorker.run(TestMethodWorker.java:134)
at java.base/java.util.ArrayList.forEach(ArrayList.java:1596)
at org.testng.TestRunner.privateRun(TestRunner.java:741)
at org.testng.TestRunner.run(TestRunner.java:616)
at org.testng.SuiteRunner.runTest(SuiteRunner.java:421)
at org.testng.SuiteRunner.runSequentially(SuiteRunner.java:413)
at org.testng.SuiteRunner.privateRun(SuiteRunner.java:373)
at org.testng.SuiteRunner.run(SuiteRunner.java:312)
at org.testng.SuiteRunnerWorker.runSuite(SuiteRunnerWorker.java:52)
at org.testng.SuiteRunnerWorker.run(SuiteRunnerWorker.java:95)
at org.testng.TestNG.runSuitesSequentially(TestNG.java:1274)
at org.testng.TestNG.runSuitesLocally(TestNG.java:1208)
at org.testng.TestNG.runSuites(TestNG.java:1112)
at org.testng.TestNG.run(TestNG.java:1079)
at org.testng.remote.AbstractRemoteTestNG.run(AbstractRemoteTestNG.java:115)
at org.testng.remote.RemoteTestNG.initAndRun(RemoteTestNG.java:293)
at org.testng.remote.RemoteTestNG.main(RemoteTestNG.java:91)
]]>
            </full-stacktrace>
          </exception> <!-- java.lang.AssertionError -->
          <reporter-output>
            <line>
              <![CDATA[Test Case:11.
VerifySearchProduct started executing...]]>
            </line>
            <line>
              <![CDATA[VerifySearchProduct got failed.]]>
            </line>
            <line>
              <![CDATA[--Taken screenshot:VerifySearchProduct]]>
            </line>
          </reporter-output>
        </test-method> <!-- VerifySearchProduct -->
        <test-method is-config="true" signature="tearDown()[pri:0, instance:testCases.TC009_Improved@45385f75]" started-at="2025-08-25T22:26:49 IST" name="tearDown" finished-at="2025-08-25T22:26:49 IST" duration-ms="820" status="PASS">
          <reporter-output>
            <line>
              <![CDATA[Browser is closed.
]]>
            </line>
          </reporter-output>
        </test-method> <!-- tearDown -->
      </class> <!-- testCases.TC009_Improved -->
      <class name="testCases.TC017_RemoveProductsFromCart">
        <test-method is-config="true" signature="setup(java.lang.String)[pri:0, instance:testCases.TC017_RemoveProductsFromCart@700fb871]" started-at="2025-08-25T22:34:44 IST" name="setup" finished-at="2025-08-25T22:34:55 IST" duration-ms="11000" status="PASS">
          <params>
            <param index="0">
              <value>
                <![CDATA[chrome]]>
              </value>
            </param>
          </params>
          <reporter-output>
            <line>
              <![CDATA[Chrome browser is Launched.]]>
            </line>
            <line>
              <![CDATA[Browser Window is maximized.]]>
            </line>
          </reporter-output>
        </test-method> <!-- setup -->
        <test-method signature="testRemoveProductsFromCart()[pri:0, instance:testCases.TC017_RemoveProductsFromCart@700fb871]" started-at="2025-08-25T22:34:55 IST" name="testRemoveProductsFromCart" finished-at="2025-08-25T22:35:04 IST" duration-ms="8739" status="PASS">
          <reporter-output>
            <line>
              <![CDATA[Test Case:20.
testRemoveProductsFromCart started executing...]]>
            </line>
            <line>
              <![CDATA[Verified that cart page is displayed]]>
            </line>
            <line>
              <![CDATA[Verified that product is removed from the cart]]>
            </line>
            <line>
              <![CDATA[testRemoveProductsFromCart got passed.]]>
            </line>
          </reporter-output>
        </test-method> <!-- testRemoveProductsFromCart -->
        <test-method is-config="true" signature="tearDown()[pri:0, instance:testCases.TC017_RemoveProductsFromCart@700fb871]" started-at="2025-08-25T22:35:04 IST" name="tearDown" finished-at="2025-08-25T22:35:05 IST" duration-ms="1021" status="PASS">
          <reporter-output>
            <line>
              <![CDATA[Browser is closed.
]]>
            </line>
          </reporter-output>
        </test-method> <!-- tearDown -->
      </class> <!-- testCases.TC017_RemoveProductsFromCart -->
      <class name="testCases.TC003_LoginUserIncorrectEmailAndPassword">
        <test-method is-config="true" signature="setup(java.lang.String)[pri:0, instance:testCases.TC003_LoginUserIncorrectEmailAndPassword@7486b455]" started-at="2025-08-25T22:22:28 IST" name="setup" finished-at="2025-08-25T22:22:41 IST" duration-ms="13667" status="PASS">
          <params>
            <param index="0">
              <value>
                <![CDATA[chrome]]>
              </value>
            </param>
          </params>
          <reporter-output>
            <line>
              <![CDATA[Chrome browser is Launched.]]>
            </line>
            <line>
              <![CDATA[Browser Window is maximized.]]>
            </line>
          </reporter-output>
        </test-method> <!-- setup -->
        <test-method signature="verifyLoginUserIncorrectEmailAndPasswordFlow()[pri:0, instance:testCases.TC003_LoginUserIncorrectEmailAndPassword@7486b455]" started-at="2025-08-25T22:22:41 IST" name="verifyLoginUserIncorrectEmailAndPasswordFlow" description="Verify Login User incorrectEmail and Password" finished-at="2025-08-25T22:22:56 IST" duration-ms="14272" status="PASS">
          <reporter-output>
            <line>
              <![CDATA[Test Case:5.
verifyLoginUserIncorrectEmailAndPasswordFlow started executing...]]>
            </line>
            <line>
              <![CDATA[HomePage is displayed]]>
            </line>
            <line>
              <![CDATA[verifyLoginUserIncorrectEmailAndPasswordFlow got passed.]]>
            </line>
          </reporter-output>
        </test-method> <!-- verifyLoginUserIncorrectEmailAndPasswordFlow -->
        <test-method is-config="true" signature="tearDown()[pri:0, instance:testCases.TC003_LoginUserIncorrectEmailAndPassword@7486b455]" started-at="2025-08-25T22:22:56 IST" name="tearDown" finished-at="2025-08-25T22:22:57 IST" duration-ms="893" status="PASS">
          <reporter-output>
            <line>
              <![CDATA[Browser is closed.
]]>
            </line>
          </reporter-output>
        </test-method> <!-- tearDown -->
      </class> <!-- testCases.TC003_LoginUserIncorrectEmailAndPassword -->
      <class name="testCases.TC026_VerifyScrollUpWithoutArrowButtonAndScrollDownFunctionality">
        <test-method is-config="true" signature="setup(java.lang.String)[pri:0, instance:testCases.TC026_VerifyScrollUpWithoutArrowButtonAndScrollDownFunctionality@2fb0623e]" started-at="2025-08-25T22:43:00 IST" name="setup" finished-at="2025-08-25T22:43:16 IST" duration-ms="15920" status="PASS">
          <params>
            <param index="0">
              <value>
                <![CDATA[chrome]]>
              </value>
            </param>
          </params>
          <reporter-output>
            <line>
              <![CDATA[Chrome browser is Launched.]]>
            </line>
            <line>
              <![CDATA[Browser Window is maximized.]]>
            </line>
          </reporter-output>
        </test-method> <!-- setup -->
        <test-method signature="testVerifyScrollUpWithoutArrowButtonAndScrollDownFunctionality()[pri:0, instance:testCases.TC026_VerifyScrollUpWithoutArrowButtonAndScrollDownFunctionality@2fb0623e]" started-at="2025-08-25T22:43:16 IST" name="testVerifyScrollUpWithoutArrowButtonAndScrollDownFunctionality" finished-at="2025-08-25T22:43:29 IST" duration-ms="12994" status="PASS">
          <reporter-output>
            <line>
              <![CDATA[Test Case:29.
testVerifyScrollUpWithoutArrowButtonAndScrollDownFunctionality started executing...]]>
            </line>
            <line>
              <![CDATA[Verified 'SUBSCRIPTION' is visible]]>
            </line>
            <line>
              <![CDATA[testVerifyScrollUpWithoutArrowButtonAndScrollDownFunctionality got passed.]]>
            </line>
          </reporter-output>
        </test-method> <!-- testVerifyScrollUpWithoutArrowButtonAndScrollDownFunctionality -->
        <test-method is-config="true" signature="tearDown()[pri:0, instance:testCases.TC026_VerifyScrollUpWithoutArrowButtonAndScrollDownFunctionality@2fb0623e]" started-at="2025-08-25T22:43:29 IST" name="tearDown" finished-at="2025-08-25T22:43:31 IST" duration-ms="1557" status="PASS">
          <reporter-output>
            <line>
              <![CDATA[Browser is closed.
]]>
            </line>
          </reporter-output>
        </test-method> <!-- tearDown -->
      </class> <!-- testCases.TC026_VerifyScrollUpWithoutArrowButtonAndScrollDownFunctionality -->
      <class name="testCases.TC006_ContactUsForm">
        <test-method is-config="true" signature="setup(java.lang.String)[pri:0, instance:testCases.TC006_ContactUsForm@5efa40fe]" started-at="2025-08-25T22:23:53 IST" name="setup" finished-at="2025-08-25T22:24:13 IST" duration-ms="19922" status="PASS">
          <params>
            <param index="0">
              <value>
                <![CDATA[chrome]]>
              </value>
            </param>
          </params>
          <reporter-output>
            <line>
              <![CDATA[Chrome browser is Launched.]]>
            </line>
            <line>
              <![CDATA[Browser Window is maximized.]]>
            </line>
          </reporter-output>
        </test-method> <!-- setup -->
        <test-method signature="verifyContactUsForm()[pri:0, instance:testCases.TC006_ContactUsForm@5efa40fe]" started-at="2025-08-25T22:24:13 IST" name="verifyContactUsForm" description="Verify Contact us Form" finished-at="2025-08-25T22:25:15 IST" duration-ms="61580" status="PASS">
          <reporter-output>
            <line>
              <![CDATA[Test Case:8.
verifyContactUsForm started executing...]]>
            </line>
            <line>
              <![CDATA[Home Page is displayed successfully]]>
            </line>
            <line>
              <![CDATA[Entered name, email, subject and message,Upload file,Click 'Submit' button,Click OK button]]>
            </line>
            <line>
              <![CDATA[verifyContactUsForm got passed.]]>
            </line>
          </reporter-output>
        </test-method> <!-- verifyContactUsForm -->
[...]
        <test-method is-config="true" signature="setup(java.lang.String)[pri:0, instance:testCases.TC008_VerifyAllProductsAndProductDetailPage@4c2bb6e0]" started-at="2025-08-25T22:52:05 IST" name="setup" finished-at="2025-08-25T22:52:30 IST" duration-ms="24965" status="PASS">
          <params>
            <param index="0">
              <value>
                <![CDATA[firefox]]>
              </value>
            </param>
          </params>
          <reporter-output>
            <line>
              <![CDATA[Firefox browser is Launched.]]>
            </line>
            <line>
              <![CDATA[Browser Window is maximized.]]>
            </line>
          </reporter-output>
        </test-method> <!-- setup -->
        <test-method signature="VerifyAllProductsAndProductDetailPage()[pri:0, instance:testCases.TC008_VerifyAllProductsAndProductDetailPage@4c2bb6e0]" started-at="2025-08-25T22:52:30 IST" name="VerifyAllProductsAndProductDetailPage" description="Verify all products and product Detail Page" finished-at="2025-08-25T22:52:46 IST" duration-ms="15443" status="FAIL">
          <exception class="org.openqa.selenium.NoSuchElementException">
            <message>
              <![CDATA[Unable to locate element: //a[@data-product-id='2']
For documentation on this error, please visit: https://www.selenium.dev/documentation/webdriver/troubleshooting/errors#no-such-element-exception
Build info: version: '4.35.0', revision: '1c58e5028b'
System info: os.name: 'Windows 10', os.arch: 'amd64', os.version: '10.0', java.version: '21.0.1'
Driver info: org.openqa.selenium.firefox.FirefoxDriver
Command: [36c8a98e-cefa-4a66-af4a-8b8099ffe175, findElement {using=xpath, value=//a[@data-product-id='2']}]
Capabilities {acceptInsecureCerts: true, browserName: firefox, browserVersion: 142.0, moz:accessibilityChecks: false, moz:buildID: 20250811145442, moz:geckodriverVersion: 0.36.0, moz:headless: false, moz:platformVersion: 10.0, moz:processID: 14788, moz:profile: C:\Users\UDAYAS~1\AppData\L..., moz:shutdownTimeout: 60000, moz:webdriverClick: true, moz:windowless: false, pageLoadStrategy: normal, platformName: windows, proxy: Proxy(), setWindowRect: true, strictFileInteractability: false, timeouts: {implicit: 0, pageLoad: 300000, script: 30000}, unhandledPromptBehavior: dismiss and notify, userAgent: Mozilla/5.0 (Windows NT 10....}
Session ID: 36c8a98e-cefa-4a66-af4a-8b8099ffe175]]>
            </message>
            <full-stacktrace>
              <![CDATA[org.openqa.selenium.NoSuchElementException: Unable to locate element: //a[@data-product-id='2']
For documentation on this error, please visit: https://www.selenium.dev/documentation/webdriver/troubleshooting/errors#no-such-element-exception
Build info: version: '4.35.0', revision: '1c58e5028b'
System info: os.name: 'Windows 10', os.arch: 'amd64', os.version: '10.0', java.version: '21.0.1'
Driver info: org.openqa.selenium.firefox.FirefoxDriver
Command: [36c8a98e-cefa-4a66-af4a-8b8099ffe175, findElement {using=xpath, value=//a[@data-product-id='2']}]
Capabilities {acceptInsecureCerts: true, browserName: firefox, browserVersion: 142.0, moz:accessibilityChecks: false, moz:buildID: 20250811145442, moz:geckodriverVersion: 0.36.0, moz:headless: false, moz:platformVersion: 10.0, moz:processID: 14788, moz:profile: C:\Users\UDAYAS~1\AppData\L..., moz:shutdownTimeout: 60000, moz:webdriverClick: true, moz:windowless: false, pageLoadStrategy: normal, platformName: windows, proxy: Proxy(), setWindowRect: true, strictFileInteractability: false, timeouts: {implicit: 0, pageLoad: 300000, script: 30000}, unhandledPromptBehavior: dismiss and notify, userAgent: Mozilla/5.0 (Windows NT 10....}
Session ID: 36c8a98e-cefa-4a66-af4a-8b8099ffe175
at java.base/jdk.internal.reflect.DirectConstructorHandleAccessor.newInstance(DirectConstructorHandleAccessor.java:62)
at java.base/java.lang.reflect.Constructor.newInstanceWithCaller(Constructor.java:502)
at java.base/java.lang.reflect.Constructor.newInstance(Constructor.java:486)
at org.openqa.selenium.remote.ErrorCodec.decode(ErrorCodec.java:167)
at org.openqa.selenium.remote.codec.w3c.W3CHttpResponseCodec.decode(W3CHttpResponseCodec.java:138)
at org.openqa.selenium.remote.codec.w3c.W3CHttpResponseCodec.decode(W3CHttpResponseCodec.java:50)
at org.openqa.selenium.remote.HttpCommandExecutor.execute(HttpCommandExecutor.java:215)
at org.openqa.selenium.remote.service.DriverCommandExecutor.invokeExecute(DriverCommandExecutor.java:216)
at org.openqa.selenium.remote.service.DriverCommandExecutor.execute(DriverCommandExecutor.java:174)
at org.openqa.selenium.remote.RemoteWebDriver.execute(RemoteWebDriver.java:557)
at org.openqa.selenium.remote.ElementLocation$ElementFinder$2.findElement(ElementLocation.java:165)
at org.openqa.selenium.remote.ElementLocation.findElement(ElementLocation.java:59)
at org.openqa.selenium.remote.RemoteWebDriver.findElement(RemoteWebDriver.java:380)
at org.openqa.selenium.remote.RemoteWebDriver.findElement(RemoteWebDriver.java:374)
at org.openqa.selenium.support.pagefactory.DefaultElementLocator.findElement(DefaultElementLocator.java:68)
at org.openqa.selenium.support.pagefactory.internal.LocatingElementHandler.invoke(LocatingElementHandler.java:38)
at jdk.proxy2/jdk.proxy2.$Proxy31.isDisplayed(Unknown Source)
at pageObjects.ProductsPage.FirstProductNameExist(ProductsPage.java:63)
at testCases.TC008_VerifyAllProductsAndProductDetailPage.isProductDetailsVisible(TC008_VerifyAllProductsAndProductDetailPage.java:97)
at testCases.TC008_VerifyAllProductsAndProductDetailPage.VerifyAllProductsAndProductDetailPage(TC008_VerifyAllProductsAndProductDetailPage.java:78)
at java.base/jdk.internal.reflect.DirectMethodHandleAccessor.invoke(DirectMethodHandleAccessor.java:103)
at java.base/java.lang.reflect.Method.invoke(Method.java:580)
at org.testng.internal.invokers.MethodInvocationHelper.invokeMethod(MethodInvocationHelper.java:141)
at org.testng.internal.invokers.TestInvoker.invokeMethod(TestInvoker.java:687)
at org.testng.internal.invokers.TestInvoker.invokeTestMethod(TestInvoker.java:230)
at org.testng.internal.invokers.MethodRunner.runInSequence(MethodRunner.java:63)
at org.testng.internal.invokers.TestInvoker$MethodInvocationAgent.invoke(TestInvoker.java:995)
at org.testng.internal.invokers.TestInvoker.invokeTestMethods(TestInvoker.java:203)
at org.testng.internal.invokers.TestMethodWorker.invokeTestMethods(TestMethodWorker.java:154)
at org.testng.internal.invokers.TestMethodWorker.run(TestMethodWorker.java:134)
at java.base/java.util.ArrayList.forEach(ArrayList.java:1596)
at org.testng.TestRunner.privateRun(TestRunner.java:741)
at org.testng.TestRunner.run(TestRunner.java:616)
at org.testng.SuiteRunner.runTest(SuiteRunner.java:421)
at org.testng.SuiteRunner.runSequentially(SuiteRunner.java:413)
at org.testng.SuiteRunner.privateRun(SuiteRunner.java:373)
at org.testng.SuiteRunner.run(SuiteRunner.java:312)
at org.testng.SuiteRunnerWorker.runSuite(SuiteRunnerWorker.java:52)
at org.testng.SuiteRunnerWorker.run(SuiteRunnerWorker.java:95)
at org.testng.TestNG.runSuitesSequentially(TestNG.java:1274)
at org.testng.TestNG.runSuitesLocally(TestNG.java:1208)
at org.testng.TestNG.runSuites(TestNG.java:1112)
at org.testng.TestNG.run(TestNG.java:1079)
at org.testng.remote.AbstractRemoteTestNG.run(AbstractRemoteTestNG.java:115)
at org.testng.remote.RemoteTestNG.initAndRun(RemoteTestNG.java:293)
at org.testng.remote.RemoteTestNG.main(RemoteTestNG.java:91)
]]>
            </full-stacktrace>
          </exception> <!-- org.openqa.selenium.NoSuchElementException -->
          <reporter-output>
            <line>
              <![CDATA[Test Case:39.
VerifyAllProductsAndProductDetailPage started executing...]]>
            </line>
            <line>
              <![CDATA[Home Page is displayed successfully]]>
            </line>
            <line>
              <![CDATA[VerifyAllProductsAndProductDetailPage got failed.]]>
            </line>
            <line>
              <![CDATA[--Taken screenshot:VerifyAllProductsAndProductDetailPage]]>
            </line>
          </reporter-output>
        </test-method> <!-- VerifyAllProductsAndProductDetailPage -->
        <test-method is-config="true" signature="tearDown()[pri:0, instance:testCases.TC008_VerifyAllProductsAndProductDetailPage@4c2bb6e0]" started-at="2025-08-25T22:52:46 IST" name="tearDown" finished-at="2025-08-25T22:52:52 IST" duration-ms="5929" status="PASS">
          <reporter-output>
            <line>
              <![CDATA[Browser is closed.
]]>
            </line>
          </reporter-output>
        </test-method> <!-- tearDown -->
      </class> <!-- testCases.TC008_VerifyAllProductsAndProductDetailPage -->
      <class name="testCases.TC015_PlaceOrderRegisterBeforeCheckout">
        <test-method is-config="true" signature="setup(java.lang.String)[pri:0, instance:testCases.TC015_PlaceOrderRegisterBeforeCheckout@47c81abf]" started-at="2025-08-25T22:57:53 IST" name="setup" finished-at="2025-08-25T22:58:14 IST" duration-ms="21074" status="PASS">
          <params>
            <param index="0">
              <value>
                <![CDATA[firefox]]>
              </value>
            </param>
          </params>
          <reporter-output>
            <line>
              <![CDATA[Firefox browser is Launched.]]>
            </line>
            <line>
              <![CDATA[Browser Window is maximized.]]>
            </line>
          </reporter-output>
        </test-method> <!-- setup -->
        <test-method signature="VerifyPlaceOrderRegisterBeforeCheckout()[pri:0, instance:testCases.TC015_PlaceOrderRegisterBeforeCheckout@47c81abf]" started-at="2025-08-25T22:58:14 IST" name="VerifyPlaceOrderRegisterBeforeCheckout" description="PlaceOrderRegisterBeforeCheckout" finished-at="2025-08-25T22:58:20 IST" duration-ms="6284" status="FAIL">
          <exception class="org.openqa.selenium.NoSuchElementException">
            <message>
              <![CDATA[Unable to locate element: //input[@id='id_gender1']
For documentation on this error, please visit: https://www.selenium.dev/documentation/webdriver/troubleshooting/errors#no-such-element-exception
Build info: version: '4.35.0', revision: '1c58e5028b'
System info: os.name: 'Windows 10', os.arch: 'amd64', os.version: '10.0', java.version: '21.0.1'
Driver info: org.openqa.selenium.firefox.FirefoxDriver
Command: [aab2b803-4e02-4d7e-a660-ef2b22887c73, findElement {using=xpath, value=//input[@id='id_gender1']}]
Capabilities {acceptInsecureCerts: true, browserName: firefox, browserVersion: 142.0, moz:accessibilityChecks: false, moz:buildID: 20250811145442, moz:geckodriverVersion: 0.36.0, moz:headless: false, moz:platformVersion: 10.0, moz:processID: 18204, moz:profile: C:\Users\UDAYAS~1\AppData\L..., moz:shutdownTimeout: 60000, moz:webdriverClick: true, moz:windowless: false, pageLoadStrategy: normal, platformName: windows, proxy: Proxy(), setWindowRect: true, strictFileInteractability: false, timeouts: {implicit: 0, pageLoad: 300000, script: 30000}, unhandledPromptBehavior: dismiss and notify, userAgent: Mozilla/5.0 (Windows NT 10....}
Session ID: aab2b803-4e02-4d7e-a660-ef2b22887c73]]>
            </message>
            <full-stacktrace>
              <![CDATA[org.openqa.selenium.NoSuchElementException: Unable to locate element: //input[@id='id_gender1']
For documentation on this error, please visit: https://www.selenium.dev/documentation/webdriver/troubleshooting/errors#no-such-element-exception
Build info: version: '4.35.0', revision: '1c58e5028b'
System info: os.name: 'Windows 10', os.arch: 'amd64', os.version: '10.0', java.version: '21.0.1'
Driver info: org.openqa.selenium.firefox.FirefoxDriver
Command: [aab2b803-4e02-4d7e-a660-ef2b22887c73, findElement {using=xpath, value=//input[@id='id_gender1']}]
Capabilities {acceptInsecureCerts: true, browserName: firefox, browserVersion: 142.0, moz:accessibilityChecks: false, moz:buildID: 20250811145442, moz:geckodriverVersion: 0.36.0, moz:headless: false, moz:platformVersion: 10.0, moz:processID: 18204, moz:profile: C:\Users\UDAYAS~1\AppData\L..., moz:shutdownTimeout: 60000, moz:webdriverClick: true, moz:windowless: false, pageLoadStrategy: normal, platformName: windows, proxy: Proxy(), setWindowRect: true, strictFileInteractability: false, timeouts: {implicit: 0, pageLoad: 300000, script: 30000}, unhandledPromptBehavior: dismiss and notify, userAgent: Mozilla/5.0 (Windows NT 10....}
Session ID: aab2b803-4e02-4d7e-a660-ef2b22887c73
at java.base/jdk.internal.reflect.DirectConstructorHandleAccessor.newInstance(DirectConstructorHandleAccessor.java:62)
at java.base/java.lang.reflect.Constructor.newInstanceWithCaller(Constructor.java:502)
at java.base/java.lang.reflect.Constructor.newInstance(Constructor.java:486)
at org.openqa.selenium.remote.ErrorCodec.decode(ErrorCodec.java:167)
at org.openqa.selenium.remote.codec.w3c.W3CHttpResponseCodec.decode(W3CHttpResponseCodec.java:138)
at org.openqa.selenium.remote.codec.w3c.W3CHttpResponseCodec.decode(W3CHttpResponseCodec.java:50)
at org.openqa.selenium.remote.HttpCommandExecutor.execute(HttpCommandExecutor.java:215)
at org.openqa.selenium.remote.service.DriverCommandExecutor.invokeExecute(DriverCommandExecutor.java:216)
at org.openqa.selenium.remote.service.DriverCommandExecutor.execute(DriverCommandExecutor.java:174)
at org.openqa.selenium.remote.RemoteWebDriver.execute(RemoteWebDriver.java:557)
at org.openqa.selenium.remote.ElementLocation$ElementFinder$2.findElement(ElementLocation.java:165)
at org.openqa.selenium.remote.ElementLocation.findElement(ElementLocation.java:59)
at org.openqa.selenium.remote.RemoteWebDriver.findElement(RemoteWebDriver.java:380)
at org.openqa.selenium.remote.RemoteWebDriver.findElement(RemoteWebDriver.java:374)
at org.openqa.selenium.support.pagefactory.DefaultElementLocator.findElement(DefaultElementLocator.java:68)
at org.openqa.selenium.support.pagefactory.internal.LocatingElementHandler.invoke(LocatingElementHandler.java:38)
at jdk.proxy2/jdk.proxy2.$Proxy31.click(Unknown Source)
at pageObjects.SignupPage.clickMr(SignupPage.java:125)
at BaseTest.GenericScript.fillAccountDetailsWithRandomData(GenericScript.java:102)
at testCases.TC015_PlaceOrderRegisterBeforeCheckout.VerifyPlaceOrderRegisterBeforeCheckout(TC015_PlaceOrderRegisterBeforeCheckout.java:72)
at java.base/jdk.internal.reflect.DirectMethodHandleAccessor.invoke(DirectMethodHandleAccessor.java:103)
at java.base/java.lang.reflect.Method.invoke(Method.java:580)
at org.testng.internal.invokers.MethodInvocationHelper.invokeMethod(MethodInvocationHelper.java:141)
at org.testng.internal.invokers.TestInvoker.invokeMethod(TestInvoker.java:687)
at org.testng.internal.invokers.TestInvoker.invokeTestMethod(TestInvoker.java:230)
at org.testng.internal.invokers.MethodRunner.runInSequence(MethodRunner.java:63)
at org.testng.internal.invokers.TestInvoker$MethodInvocationAgent.invoke(TestInvoker.java:995)
at org.testng.internal.invokers.TestInvoker.invokeTestMethods(TestInvoker.java:203)
at org.testng.internal.invokers.TestMethodWorker.invokeTestMethods(TestMethodWorker.java:154)
at org.testng.internal.invokers.TestMethodWorker.run(TestMethodWorker.java:134)
at java.base/java.util.ArrayList.forEach(ArrayList.java:1596)
at org.testng.TestRunner.privateRun(TestRunner.java:741)
at org.testng.TestRunner.run(TestRunner.java:616)
at org.testng.SuiteRunner.runTest(SuiteRunner.java:421)
at org.testng.SuiteRunner.runSequentially(SuiteRunner.java:413)
at org.testng.SuiteRunner.privateRun(SuiteRunner.java:373)
at org.testng.SuiteRunner.run(SuiteRunner.java:312)
at org.testng.SuiteRunnerWorker.runSuite(SuiteRunnerWorker.java:52)
at org.testng.SuiteRunnerWorker.run(SuiteRunnerWorker.java:95)
at org.testng.TestNG.runSuitesSequentially(TestNG.java:1274)
at org.testng.TestNG.runSuitesLocally(TestNG.java:1208)
at org.testng.TestNG.runSuites(TestNG.java:1112)
at org.testng.TestNG.run(TestNG.java:1079)
at org.testng.remote.AbstractRemoteTestNG.run(AbstractRemoteTestNG.java:115)
at org.testng.remote.RemoteTestNG.initAndRun(RemoteTestNG.java:293)
at org.testng.remote.RemoteTestNG.main(RemoteTestNG.java:91)
]]>
            </full-stacktrace>
          </exception> <!-- org.openqa.selenium.NoSuchElementException -->
          <reporter-output>
            <line>
              <![CDATA[Test Case:47.
VerifyPlaceOrderRegisterBeforeCheckout started executing...]]>
            </line>
            <line>
              <![CDATA[Clicked on Signup link]]>
            </line>
            <line>
              <![CDATA['New User Signup!'- is visible]]>
            </line>
            <line>
              <![CDATA[Entered username]]>
            </line>
            <line>
              <![CDATA[Entered Email]]>
            </line>
            <line>
              <![CDATA[clicked on Signup]]>
            </line>
            <line>
              <![CDATA[VerifyPlaceOrderRegisterBeforeCheckout got failed.]]>
            </line>
            <line>
              <![CDATA[--Taken screenshot:VerifyPlaceOrderRegisterBeforeCheckout]]>
            </line>
          </reporter-output>
        </test-method> <!-- VerifyPlaceOrderRegisterBeforeCheckout -->
        <test-method is-config="true" signature="tearDown()[pri:0, instance:testCases.TC015_PlaceOrderRegisterBeforeCheckout@47c81abf]" started-at="2025-08-25T22:58:20 IST" name="tearDown" finished-at="2025-08-25T22:58:25 IST" duration-ms="4689" status="PASS">
          <reporter-output>
            <line>
              <![CDATA[Browser is closed.
]]>
            </line>
          </reporter-output>
        </test-method> <!-- tearDown -->
      </class> <!-- testCases.TC015_PlaceOrderRegisterBeforeCheckout -->
      <class name="testCases.TC010_VerifySubscriptionInHomePage">
        <test-method is-config="true" signature="setup(java.lang.String)[pri:0, instance:testCases.TC010_VerifySubscriptionInHomePage@7283d3eb]" started-at="2025-08-25T22:54:39 IST" name="setup" finished-at="2025-08-25T22:55:07 IST" duration-ms="27084" status="PASS">
          <params>
            <param index="0">
              <value>
                <![CDATA[firefox]]>
              </value>
            </param>
          </params>
          <reporter-output>
            <line>
              <![CDATA[Firefox browser is Launched.]]>
            </line>
            <line>
              <![CDATA[Browser Window is maximized.]]>
            </line>
          </reporter-output>
        </test-method> <!-- setup -->
        <test-method signature="VerifySubscriptionInHomePage()[pri:0, instance:testCases.TC010_VerifySubscriptionInHomePage@7283d3eb]" started-at="2025-08-25T22:55:07 IST" name="VerifySubscriptionInHomePage" description="Verify Subscription In Home Page" finished-at="2025-08-25T22:55:18 IST" duration-ms="11044" status="PASS">
          <reporter-output>
            <line>
              <![CDATA[Test Case:42.
VerifySubscriptionInHomePage started executing...]]>
            </line>
            <line>
              <![CDATA[Home Page is displayed successfully]]>
            </line>
            <line>
              <![CDATA[Scroll down to footer, Verify text 'SUBSCRIPTION']]>
            </line>
            <line>
              <![CDATA[VerifySubscriptionInHomePage got passed.]]>
            </line>
          </reporter-output>
        </test-method> <!-- VerifySubscriptionInHomePage -->
        <test-method is-config="true" signature="tearDown()[pri:0, instance:testCases.TC010_VerifySubscriptionInHomePage@7283d3eb]" started-at="2025-08-25T22:55:18 IST" name="tearDown" finished-at="2025-08-25T22:55:28 IST" duration-ms="10519" status="PASS">
          <reporter-output>
            <line>
              <![CDATA[Browser is closed.
]]>
            </line>
          </reporter-output>
        </test-method> <!-- tearDown -->
      </class> <!-- testCases.TC010_VerifySubscriptionInHomePage -->
    </test> <!-- FireFox Test -->
  </suite> <!-- Master-Suite -->
</testng-results>
