<?xml version="1.0" encoding="UTF-8"?>
<testng-results retried="4" ignored="0" total="18" passed="12" failed="2" skipped="0">
  <reporter-output>
    <line>
      <![CDATA[HomePage is displayed]]>
    </line>
    <line>
      <![CDATA[Entered name, email, subject and message,Upload file,Click 'Submit' button,Click OK button]]>
    </line>
    <line>
      <![CDATA[Home Page is displayed successfully]]>
    </line>
    <line>
      <![CDATA[Home Page is displayed successfully]]>
    </line>
    <line>
      <![CDATA[Scroll down to footer, Verify text 'SUBSCRIPTION']]>
    </line>
  </reporter-output>
  <suite started-at="2025-12-20T17:42:41 IST" name="Master-Suite" finished-at="2025-12-20T18:02:49 IST" duration-ms="1207915">
    <groups>
    </groups>
    <test started-at="2025-12-20T17:42:41 IST" name="Chrome Test" finished-at="2025-12-20T18:02:49 IST" duration-ms="1207915">
      <class name="testCases.TC001b_RegisterUser">
        <test-method is-config="true" signature="setup(java.lang.String)[pri:0, instance:testCases.TC001b_RegisterUser@7a5ceedd]" started-at="2025-12-20T17:47:33 IST" name="setup" finished-at="2025-12-20T17:48:08 IST" duration-ms="34533" status="PASS">
          <params>
            <param index="0">
              <value>
                <![CDATA[chrome]]>
              </value>
            </param>
          </params>
          <reporter-output>
          </reporter-output>
        </test-method> <!-- setup -->
        <test-method signature="verifySignupRegistration()[pri:0, instance:testCases.TC001b_RegisterUser@7a5ceedd]" started-at="2025-12-20T17:48:08 IST" name="verifySignupRegistration" finished-at="2025-12-20T17:49:05 IST" duration-ms="57031" status="PASS">
          <reporter-output>
          </reporter-output>
        </test-method> <!-- verifySignupRegistration -->
        <test-method is-config="true" signature="tearDown()[pri:0, instance:testCases.TC001b_RegisterUser@7a5ceedd]" started-at="2025-12-20T17:49:05 IST" name="tearDown" finished-at="2025-12-20T17:49:05 IST" duration-ms="454" status="PASS">
          <reporter-output>
          </reporter-output>
        </test-method> <!-- tearDown -->
      </class> <!-- testCases.TC001b_RegisterUser -->
      <class name="testCases.TC009_SearchProduct">
        <test-method is-config="true" signature="setup(java.lang.String)[pri:0, instance:testCases.TC009_SearchProduct@7bd7d6d6]" started-at="2025-12-20T17:59:21 IST" name="setup" finished-at="2025-12-20T17:59:43 IST" duration-ms="22048" status="PASS">
          <params>
            <param index="0">
              <value>
                <![CDATA[chrome]]>
              </value>
            </param>
          </params>
          <reporter-output>
          </reporter-output>
        </test-method> <!-- setup -->
        <test-method retried="true" signature="VerifySearchProduct()[pri:0, instance:testCases.TC009_SearchProduct@7bd7d6d6]" started-at="2025-12-20T17:59:43 IST" name="VerifySearchProduct" description="SearchProduct" finished-at="2025-12-20T18:00:23 IST" duration-ms="39410" status="SKIP">
          <exception class="java.lang.AssertionError">
            <message>
              <![CDATA[Failure occurred: Product not matching search: sleeves printed top - whitesearchedkey: shirt expected [true] but found [false]]]>
            </message>
            <full-stacktrace>
              <![CDATA[java.lang.AssertionError: Failure occurred: Product not matching search: sleeves printed top - whitesearchedkey: shirt expected [true] but found [false]
at org.testng.Assert.fail(Assert.java:111)
at testCases.TC009_SearchProduct.VerifySearchProduct(TC009_SearchProduct.java:95)
at java.base/jdk.internal.reflect.DirectMethodHandleAccessor.invoke(DirectMethodHandleAccessor.java:103)
at java.base/java.lang.reflect.Method.invoke(Method.java:580)
at org.testng.internal.invokers.MethodInvocationHelper.invokeMethod(MethodInvocationHelper.java:141)
at org.testng.internal.invokers.TestInvoker.invokeMethod(TestInvoker.java:687)
at org.testng.internal.invokers.TestInvoker.invokeTestMethod(TestInvoker.java:230)
at org.testng.internal.invokers.MethodRunner.runInSequence(MethodRunner.java:63)
at org.testng.internal.invokers.TestInvoker$MethodInvocationAgent.invoke(TestInvoker.java:995)
at org.testng.internal.invokers.TestInvoker.invokeTestMethods(TestInvoker.java:203)
at org.testng.internal.invokers.TestMethodWorker.invokeTestMethods(TestMethodWorker.java:154)
at org.testng.internal.invokers.TestMethodWorker.run(TestMethodWorker.java:134)
at java.base/java.util.ArrayList.forEach(ArrayList.java:1596)
at org.testng.TestRunner.privateRun(TestRunner.java:741)
at org.testng.TestRunner.run(TestRunner.java:616)
at org.testng.SuiteRunner.runTest(SuiteRunner.java:421)
at org.testng.SuiteRunner.runSequentially(SuiteRunner.java:413)
at org.testng.SuiteRunner.privateRun(SuiteRunner.java:373)
at org.testng.SuiteRunner.run(SuiteRunner.java:312)
at org.testng.SuiteRunnerWorker.runSuite(SuiteRunnerWorker.java:52)
at org.testng.SuiteRunnerWorker.run(SuiteRunnerWorker.java:95)
at org.testng.TestNG.runSuitesSequentially(TestNG.java:1274)
at org.testng.TestNG.runSuitesLocally(TestNG.java:1208)
at org.testng.TestNG.runSuites(TestNG.java:1112)
at org.testng.TestNG.run(TestNG.java:1079)
at org.testng.remote.AbstractRemoteTestNG.run(AbstractRemoteTestNG.java:115)
at org.testng.remote.RemoteTestNG.initAndRun(RemoteTestNG.java:293)
at org.testng.remote.RemoteTestNG.main(RemoteTestNG.java:91)
]]>
            </full-stacktrace>
          </exception> <!-- java.lang.AssertionError -->
          <reporter-output>
          </reporter-output>
        </test-method> <!-- VerifySearchProduct -->
        <test-method is-config="true" signature="tearDown()[pri:0, instance:testCases.TC009_SearchProduct@7bd7d6d6]" started-at="2025-12-20T18:00:23 IST" name="tearDown" finished-at="2025-12-20T18:00:23 IST" duration-ms="414" status="PASS">
          <reporter-output>
          </reporter-output>
        </test-method> <!-- tearDown -->
        <test-method is-config="true" signature="setup(java.lang.String)[pri:0, instance:testCases.TC009_SearchProduct@7bd7d6d6]" started-at="2025-12-20T18:00:23 IST" name="setup" finished-at="2025-12-20T18:00:39 IST" duration-ms="16538" status="PASS">
          <params>
            <param index="0">
              <value>
                <![CDATA[chrome]]>
              </value>
            </param>
          </params>
          <reporter-output>
          </reporter-output>
        </test-method> <!-- setup -->
        <test-method retried="true" signature="VerifySearchProduct()[pri:0, instance:testCases.TC009_SearchProduct@7bd7d6d6]" started-at="2025-12-20T18:00:39 IST" name="VerifySearchProduct" description="SearchProduct" finished-at="2025-12-20T18:01:06 IST" duration-ms="26227" status="SKIP">
          <exception class="java.lang.AssertionError">
            <message>
              <![CDATA[Failure occurred: Product not matching search: sleeves printed top - whitesearchedkey: shirt expected [true] but found [false]]]>
            </message>
            <full-stacktrace>
              <![CDATA[java.lang.AssertionError: Failure occurred: Product not matching search: sleeves printed top - whitesearchedkey: shirt expected [true] but found [false]
at org.testng.Assert.fail(Assert.java:111)
at testCases.TC009_SearchProduct.VerifySearchProduct(TC009_SearchProduct.java:95)
at java.base/jdk.internal.reflect.DirectMethodHandleAccessor.invoke(DirectMethodHandleAccessor.java:103)
at java.base/java.lang.reflect.Method.invoke(Method.java:580)
at org.testng.internal.invokers.MethodInvocationHelper.invokeMethod(MethodInvocationHelper.java:141)
at org.testng.internal.invokers.TestInvoker.invokeMethod(TestInvoker.java:687)
at org.testng.internal.invokers.TestInvoker.retryFailed(TestInvoker.java:269)
at org.testng.internal.invokers.MethodRunner.runInSequence(MethodRunner.java:76)
at org.testng.internal.invokers.TestInvoker$MethodInvocationAgent.invoke(TestInvoker.java:995)
at org.testng.internal.invokers.TestInvoker.invokeTestMethods(TestInvoker.java:203)
at org.testng.internal.invokers.TestMethodWorker.invokeTestMethods(TestMethodWorker.java:154)
at org.testng.internal.invokers.TestMethodWorker.run(TestMethodWorker.java:134)
at java.base/java.util.ArrayList.forEach(ArrayList.java:1596)
at org.testng.TestRunner.privateRun(TestRunner.java:741)
at org.testng.TestRunner.run(TestRunner.java:616)
at org.testng.SuiteRunner.runTest(SuiteRunner.java:421)
at org.testng.SuiteRunner.runSequentially(SuiteRunner.java:413)
at org.testng.SuiteRunner.privateRun(SuiteRunner.java:373)
at org.testng.SuiteRunner.run(SuiteRunner.java:312)
at org.testng.SuiteRunnerWorker.runSuite(SuiteRunnerWorker.java:52)
at org.testng.SuiteRunnerWorker.run(SuiteRunnerWorker.java:95)
at org.testng.TestNG.runSuitesSequentially(TestNG.java:1274)
at org.testng.TestNG.runSuitesLocally(TestNG.java:1208)
at org.testng.TestNG.runSuites(TestNG.java:1112)
at org.testng.TestNG.run(TestNG.java:1079)
at org.testng.remote.AbstractRemoteTestNG.run(AbstractRemoteTestNG.java:115)
at org.testng.remote.RemoteTestNG.initAndRun(RemoteTestNG.java:293)
at org.testng.remote.RemoteTestNG.main(RemoteTestNG.java:91)
]]>
            </full-stacktrace>
          </exception> <!-- java.lang.AssertionError -->
          <reporter-output>
          </reporter-output>
        </test-method> <!-- VerifySearchProduct -->
        <test-method is-config="true" signature="tearDown()[pri:0, instance:testCases.TC009_SearchProduct@7bd7d6d6]" started-at="2025-12-20T18:01:06 IST" name="tearDown" finished-at="2025-12-20T18:01:06 IST" duration-ms="407" status="PASS">
          <reporter-output>
          </reporter-output>
        </test-method> <!-- tearDown -->
        <test-method is-config="true" signature="setup(java.lang.String)[pri:0, instance:testCases.TC009_SearchProduct@7bd7d6d6]" started-at="2025-12-20T18:01:06 IST" name="setup" finished-at="2025-12-20T18:01:20 IST" duration-ms="13836" status="PASS">
          <params>
            <param index="0">
              <value>
                <![CDATA[chrome]]>
              </value>
            </param>
          </params>
          <reporter-output>
          </reporter-output>
        </test-method> <!-- setup -->
        <test-method signature="VerifySearchProduct()[pri:0, instance:testCases.TC009_SearchProduct@7bd7d6d6]" started-at="2025-12-20T18:01:20 IST" name="VerifySearchProduct" description="SearchProduct" finished-at="2025-12-20T18:02:19 IST" duration-ms="58872" status="FAIL">
          <exception class="java.lang.AssertionError">
            <message>
              <![CDATA[Failure occurred: Product not matching search: sleeves printed top - whitesearchedkey: shirt expected [true] but found [false]]]>
            </message>
            <full-stacktrace>
              <![CDATA[java.lang.AssertionError: Failure occurred: Product not matching search: sleeves printed top - whitesearchedkey: shirt expected [true] but found [false]
at org.testng.Assert.fail(Assert.java:111)
at testCases.TC009_SearchProduct.VerifySearchProduct(TC009_SearchProduct.java:95)
at java.base/jdk.internal.reflect.DirectMethodHandleAccessor.invoke(DirectMethodHandleAccessor.java:103)
at java.base/java.lang.reflect.Method.invoke(Method.java:580)
at org.testng.internal.invokers.MethodInvocationHelper.invokeMethod(MethodInvocationHelper.java:141)
at org.testng.internal.invokers.TestInvoker.invokeMethod(TestInvoker.java:687)
at org.testng.internal.invokers.TestInvoker.retryFailed(TestInvoker.java:269)
at org.testng.internal.invokers.MethodRunner.runInSequence(MethodRunner.java:76)
at org.testng.internal.invokers.TestInvoker$MethodInvocationAgent.invoke(TestInvoker.java:995)
at org.testng.internal.invokers.TestInvoker.invokeTestMethods(TestInvoker.java:203)
at org.testng.internal.invokers.TestMethodWorker.invokeTestMethods(TestMethodWorker.java:154)
at org.testng.internal.invokers.TestMethodWorker.run(TestMethodWorker.java:134)
at java.base/java.util.ArrayList.forEach(ArrayList.java:1596)
at org.testng.TestRunner.privateRun(TestRunner.java:741)
at org.testng.TestRunner.run(TestRunner.java:616)
at org.testng.SuiteRunner.runTest(SuiteRunner.java:421)
at org.testng.SuiteRunner.runSequentially(SuiteRunner.java:413)
at org.testng.SuiteRunner.privateRun(SuiteRunner.java:373)
at org.testng.SuiteRunner.run(SuiteRunner.java:312)
at org.testng.SuiteRunnerWorker.runSuite(SuiteRunnerWorker.java:52)
at org.testng.SuiteRunnerWorker.run(SuiteRunnerWorker.java:95)
at org.testng.TestNG.runSuitesSequentially(TestNG.java:1274)
at org.testng.TestNG.runSuitesLocally(TestNG.java:1208)
at org.testng.TestNG.runSuites(TestNG.java:1112)
at org.testng.TestNG.run(TestNG.java:1079)
at org.testng.remote.AbstractRemoteTestNG.run(AbstractRemoteTestNG.java:115)
at org.testng.remote.RemoteTestNG.initAndRun(RemoteTestNG.java:293)
at org.testng.remote.RemoteTestNG.main(RemoteTestNG.java:91)
]]>
            </full-stacktrace>
          </exception> <!-- java.lang.AssertionError -->
          <reporter-output>
          </reporter-output>
        </test-method> <!-- VerifySearchProduct -->
        <test-method is-config="true" signature="tearDown()[pri:0, instance:testCases.TC009_SearchProduct@7bd7d6d6]" started-at="2025-12-20T18:02:19 IST" name="tearDown" finished-at="2025-12-20T18:02:19 IST" duration-ms="292" status="PASS">
          <reporter-output>
          </reporter-output>
        </test-method> <!-- tearDown -->
      </class> <!-- testCases.TC009_SearchProduct -->
      <class name="testCases.TC003b_LoginUserIncorrectEmailAndPassword_DataProvider">
        <test-method is-config="true" signature="setup(java.lang.String)[pri:0, instance:testCases.TC003b_LoginUserIncorrectEmailAndPassword_DataProvider@710636b0]" started-at="2025-12-20T17:52:18 IST" name="setup" finished-at="2025-12-20T17:52:33 IST" duration-ms="14691" status="PASS">
          <params>
            <param index="0">
              <value>
                <![CDATA[chrome]]>
              </value>
            </param>
          </params>
          <reporter-output>
          </reporter-output>
        </test-method> <!-- setup -->
        <test-method signature="verifyLoginUserIncorrectEmailAndPasswordUsingDataProvider(java.lang.String,java.lang.String,java.lang.String)[pri:0, instance:testCases.TC003b_LoginUserIncorrectEmailAndPassword_DataProvider@710636b0]" started-at="2025-12-20T17:52:33 IST" name="verifyLoginUserIncorrectEmailAndPasswordUsingDataProvider" description="Verify Login User with incorrect email and password (DDT)" data-provider="InvalidLoginData" finished-at="2025-12-20T17:52:47 IST" duration-ms="14181" status="PASS">
          <params>
            <param index="0">
              <value>
                <![CDATA[abc@gmail.com]]>
              </value>
            </param>
            <param index="1">
              <value>
                <![CDATA[wrong123]]>
              </value>
            </param>
            <param index="2">
              <value>
                <![CDATA[FAIL]]>
              </value>
            </param>
          </params>
          <reporter-output>
          </reporter-output>
        </test-method> <!-- verifyLoginUserIncorrectEmailAndPasswordUsingDataProvider -->
        <test-method is-config="true" signature="tearDown()[pri:0, instance:testCases.TC003b_LoginUserIncorrectEmailAndPassword_DataProvider@710636b0]" started-at="2025-12-20T17:52:47 IST" name="tearDown" finished-at="2025-12-20T17:52:48 IST" duration-ms="979" status="PASS">
          <reporter-output>
          </reporter-output>
        </test-method> <!-- tearDown -->
        <test-method is-config="true" signature="setup(java.lang.String)[pri:0, instance:testCases.TC003b_LoginUserIncorrectEmailAndPassword_DataProvider@710636b0]" started-at="2025-12-20T17:52:48 IST" name="setup" finished-at="2025-12-20T17:52:58 IST" duration-ms="9420" status="PASS">
          <params>
            <param index="0">
              <value>
                <![CDATA[chrome]]>
              </value>
            </param>
          </params>
          <reporter-output>
          </reporter-output>
        </test-method> <!-- setup -->
        <test-method signature="verifyLoginUserIncorrectEmailAndPasswordUsingDataProvider(java.lang.String,java.lang.String,java.lang.String)[pri:0, instance:testCases.TC003b_LoginUserIncorrectEmailAndPassword_DataProvider@710636b0]" started-at="2025-12-20T17:52:58 IST" name="verifyLoginUserIncorrectEmailAndPasswordUsingDataProvider" description="Verify Login User with incorrect email and password (DDT)" data-provider="InvalidLoginData" finished-at="2025-12-20T17:53:50 IST" duration-ms="51972" status="PASS">
          <params>
            <param index="0">
              <value>
                <![CDATA[test@mail.com]]>
              </value>
            </param>
            <param index="1">
              <value>
                <![CDATA[123456]]>
              </value>
            </param>
            <param index="2">
              <value>
                <![CDATA[FAIL]]>
              </value>
            </param>
          </params>
          <reporter-output>
          </reporter-output>
        </test-method> <!-- verifyLoginUserIncorrectEmailAndPasswordUsingDataProvider -->
        <test-method is-config="true" signature="tearDown()[pri:0, instance:testCases.TC003b_LoginUserIncorrectEmailAndPassword_DataProvider@710636b0]" started-at="2025-12-20T17:53:50 IST" name="tearDown" finished-at="2025-12-20T17:53:51 IST" duration-ms="1321" status="PASS">
          <reporter-output>
          </reporter-output>
        </test-method> <!-- tearDown -->
      </class> <!-- testCases.TC003b_LoginUserIncorrectEmailAndPassword_DataProvider -->
      <class name="testCases.TC007_VerifyTestCasesPage">
        <test-method is-config="true" signature="setup(java.lang.String)[pri:0, instance:testCases.TC007_VerifyTestCasesPage@eadd4fb]" started-at="2025-12-20T17:55:50 IST" name="setup" finished-at="2025-12-20T17:56:09 IST" duration-ms="18297" status="PASS">
          <params>
            <param index="0">
              <value>
                <![CDATA[chrome]]>
              </value>
            </param>
          </params>
          <reporter-output>
          </reporter-output>
        </test-method> <!-- setup -->
        <test-method signature="verifyContactUsForm()[pri:0, instance:testCases.TC007_VerifyTestCasesPage@eadd4fb]" started-at="2025-12-20T17:56:09 IST" name="verifyContactUsForm" description="Verify Contact us Form" finished-at="2025-12-20T17:56:20 IST" duration-ms="11473" status="PASS">
          <reporter-output>
            <line>
              <![CDATA[Home Page is displayed successfully]]>
            </line>
          </reporter-output>
        </test-method> <!-- verifyContactUsForm -->
        <test-method is-config="true" signature="tearDown()[pri:0, instance:testCases.TC007_VerifyTestCasesPage@eadd4fb]" started-at="2025-12-20T17:56:20 IST" name="tearDown" finished-at="2025-12-20T17:56:21 IST" duration-ms="347" status="PASS">
          <reporter-output>
          </reporter-output>
        </test-method> <!-- tearDown -->
      </class> <!-- testCases.TC007_VerifyTestCasesPage -->
      <class name="testCases.TC005_RegisterUserWithExistingEmail">
        <test-method is-config="true" signature="setup(java.lang.String)[pri:0, instance:testCases.TC005_RegisterUserWithExistingEmail@2ab4bc72]" started-at="2025-12-20T17:54:38 IST" name="setup" finished-at="2025-12-20T17:54:51 IST" duration-ms="13406" status="PASS">
          <params>
            <param index="0">
              <value>
                <![CDATA[chrome]]>
              </value>
            </param>
          </params>
          <reporter-output>
          </reporter-output>
        </test-method> <!-- setup -->
        <test-method signature="verifyRegisterUserWithExistingEmailFlow()[pri:0, instance:testCases.TC005_RegisterUserWithExistingEmail@2ab4bc72]" started-at="2025-12-20T17:54:51 IST" name="verifyRegisterUserWithExistingEmailFlow" description="Verify Register user with Existing Email" finished-at="2025-12-20T17:55:05 IST" duration-ms="13565" status="PASS">
          <reporter-output>
          </reporter-output>
        </test-method> <!-- verifyRegisterUserWithExistingEmailFlow -->
        <test-method is-config="true" signature="tearDown()[pri:0, instance:testCases.TC005_RegisterUserWithExistingEmail@2ab4bc72]" started-at="2025-12-20T17:55:05 IST" name="tearDown" finished-at="2025-12-20T17:55:05 IST" duration-ms="433" status="PASS">
          <reporter-output>
          </reporter-output>
        </test-method> <!-- tearDown -->
      </class> <!-- testCases.TC005_RegisterUserWithExistingEmail -->
      <class name="testCases.TC004_LogoutUser">
        <test-method is-config="true" signature="setup(java.lang.String)[pri:0, instance:testCases.TC004_LogoutUser@3de8f619]" started-at="2025-12-20T17:53:51 IST" name="setup" finished-at="2025-12-20T17:54:06 IST" duration-ms="15177" status="PASS">
          <params>
            <param index="0">
              <value>
                <![CDATA[chrome]]>
              </value>
            </param>
          </params>
          <reporter-output>
          </reporter-output>
        </test-method> <!-- setup -->
        <test-method signature="verifyLogoutUserFlow()[pri:0, instance:testCases.TC004_LogoutUser@3de8f619]" started-at="2025-12-20T17:54:06 IST" name="verifyLogoutUserFlow" description="Verify Logout user" finished-at="2025-12-20T17:54:37 IST" duration-ms="31164" status="PASS">
          <reporter-output>
          </reporter-output>
        </test-method> <!-- verifyLogoutUserFlow -->
        <test-method is-config="true" signature="tearDown()[pri:0, instance:testCases.TC004_LogoutUser@3de8f619]" started-at="2025-12-20T17:54:37 IST" name="tearDown" finished-at="2025-12-20T17:54:38 IST" duration-ms="677" status="PASS">
          <reporter-output>
          </reporter-output>
        </test-method> <!-- tearDown -->
      </class> <!-- testCases.TC004_LogoutUser -->
      <class name="testCases.TC008_VerifyAllProductsAndProductDetailPage">
        <test-method is-config="true" signature="setup(java.lang.String)[pri:0, instance:testCases.TC008_VerifyAllProductsAndProductDetailPage@740fb309]" started-at="2025-12-20T17:56:21 IST" name="setup" finished-at="2025-12-20T17:56:40 IST" duration-ms="19260" status="PASS">
          <params>
            <param index="0">
              <value>
                <![CDATA[chrome]]>
              </value>
            </param>
          </params>
          <reporter-output>
          </reporter-output>
        </test-method> <!-- setup -->
        <test-method retried="true" signature="VerifyAllProductsAndProductDetailPage()[pri:0, instance:testCases.TC008_VerifyAllProductsAndProductDetailPage@740fb309]" started-at="2025-12-20T17:56:40 IST" name="VerifyAllProductsAndProductDetailPage" description="Verify all products and product Detail Page" finished-at="2025-12-20T17:57:05 IST" duration-ms="25295" status="SKIP">
          <exception class="org.openqa.selenium.NoSuchElementException">
            <message>
              <![CDATA[no such element: Unable to locate element: {"method":"xpath","selector":"//a[@data-product-id='2']"}
  (Session info: chrome=143.0.7499.169)
For documentation on this error, please visit: https://www.selenium.dev/documentation/webdriver/troubleshooting/errors#nosuchelementexception
Build info: version: '4.39.0', revision: '126f156aee'
System info: os.name: 'Windows 10', os.arch: 'amd64', os.version: '10.0', java.version: '21.0.1'
Driver info: org.openqa.selenium.chrome.ChromeDriver
Command: [ef1c6565d9ce6be32c7961a871a2798f, findElement {using=xpath, value=//a[@data-product-id='2']}]
Capabilities {acceptInsecureCerts: false, browserName: chrome, browserVersion: 143.0.7499.169, chrome: {chromedriverVersion: 143.0.7499.169 (164b20aab62..., userDataDir: C:\Users\UDAYAS~1\AppData\L...}, fedcm:accounts: true, goog:chromeOptions: {debuggerAddress: localhost:49295}, goog:processID: 5180, networkConnectionEnabled: false, pageLoadStrategy: normal, platformName: windows, proxy: Proxy(), se:cdp: ws://localhost:49295/devtoo..., se:cdpVersion: 143.0.7499.169, setWindowRect: true, strictFileInteractability: false, timeouts: {implicit: 0, pageLoad: 300000, script: 30000}, unhandledPromptBehavior: dismiss and notify, webauthn:extension:credBlob: true, webauthn:extension:largeBlob: true, webauthn:extension:minPinLength: true, webauthn:extension:prf: true, webauthn:virtualAuthenticators: true}
Session ID: ef1c6565d9ce6be32c7961a871a2798f]]>
            </message>
            <full-stacktrace>
              <![CDATA[org.openqa.selenium.NoSuchElementException: no such element: Unable to locate element: {"method":"xpath","selector":"//a[@data-product-id='2']"}
  (Session info: chrome=143.0.7499.169)
For documentation on this error, please visit: https://www.selenium.dev/documentation/webdriver/troubleshooting/errors#nosuchelementexception
Build info: version: '4.39.0', revision: '126f156aee'
System info: os.name: 'Windows 10', os.arch: 'amd64', os.version: '10.0', java.version: '21.0.1'
Driver info: org.openqa.selenium.chrome.ChromeDriver
Command: [ef1c6565d9ce6be32c7961a871a2798f, findElement {using=xpath, value=//a[@data-product-id='2']}]
Capabilities {acceptInsecureCerts: false, browserName: chrome, browserVersion: 143.0.7499.169, chrome: {chromedriverVersion: 143.0.7499.169 (164b20aab62..., userDataDir: C:\Users\UDAYAS~1\AppData\L...}, fedcm:accounts: true, goog:chromeOptions: {debuggerAddress: localhost:49295}, goog:processID: 5180, networkConnectionEnabled: false, pageLoadStrategy: normal, platformName: windows, proxy: Proxy(), se:cdp: ws://localhost:49295/devtoo..., se:cdpVersion: 143.0.7499.169, setWindowRect: true, strictFileInteractability: false, timeouts: {implicit: 0, pageLoad: 300000, script: 30000}, unhandledPromptBehavior: dismiss and notify, webauthn:extension:credBlob: true, webauthn:extension:largeBlob: true, webauthn:extension:minPinLength: true, webauthn:extension:prf: true, webauthn:virtualAuthenticators: true}
Session ID: ef1c6565d9ce6be32c7961a871a2798f
at java.base/jdk.internal.reflect.DirectConstructorHandleAccessor.newInstance(DirectConstructorHandleAccessor.java:62)
at java.base/java.lang.reflect.Constructor.newInstanceWithCaller(Constructor.java:502)
at java.base/java.lang.reflect.Constructor.newInstance(Constructor.java:486)
at org.openqa.selenium.remote.ErrorCodec.decode(ErrorCodec.java:167)
at org.openqa.selenium.remote.codec.w3c.W3CHttpResponseCodec.decode(W3CHttpResponseCodec.java:142)
at org.openqa.selenium.remote.codec.w3c.W3CHttpResponseCodec.decode(W3CHttpResponseCodec.java:49)
at org.openqa.selenium.remote.HttpCommandExecutor.execute(HttpCommandExecutor.java:215)
at org.openqa.selenium.remote.service.DriverCommandExecutor.invokeExecute(DriverCommandExecutor.java:216)
at org.openqa.selenium.remote.service.DriverCommandExecutor.execute(DriverCommandExecutor.java:174)
at org.openqa.selenium.remote.RemoteWebDriver.execute(RemoteWebDriver.java:561)
at org.openqa.selenium.remote.ElementLocation$ElementFinder$2.findElement(ElementLocation.java:166)
at org.openqa.selenium.remote.ElementLocation.findElement(ElementLocation.java:60)
at org.openqa.selenium.remote.RemoteWebDriver.findElement(RemoteWebDriver.java:384)
at org.openqa.selenium.remote.RemoteWebDriver.findElement(RemoteWebDriver.java:378)
at org.openqa.selenium.support.pagefactory.DefaultElementLocator.findElement(DefaultElementLocator.java:68)
at org.openqa.selenium.support.pagefactory.internal.LocatingElementHandler.invoke(LocatingElementHandler.java:38)
at jdk.proxy2/jdk.proxy2.$Proxy31.isDisplayed(Unknown Source)
at pageObjects.ProductsPage.FirstProductNameExist(ProductsPage.java:63)
at testCases.TC008_VerifyAllProductsAndProductDetailPage.isProductDetailsVisible(TC008_VerifyAllProductsAndProductDetailPage.java:95)
at testCases.TC008_VerifyAllProductsAndProductDetailPage.VerifyAllProductsAndProductDetailPage(TC008_VerifyAllProductsAndProductDetailPage.java:76)
at java.base/jdk.internal.reflect.DirectMethodHandleAccessor.invoke(DirectMethodHandleAccessor.java:103)
at java.base/java.lang.reflect.Method.invoke(Method.java:580)
at org.testng.internal.invokers.MethodInvocationHelper.invokeMethod(MethodInvocationHelper.java:141)
at org.testng.internal.invokers.TestInvoker.invokeMethod(TestInvoker.java:687)
at org.testng.internal.invokers.TestInvoker.invokeTestMethod(TestInvoker.java:230)
at org.testng.internal.invokers.MethodRunner.runInSequence(MethodRunner.java:63)
at org.testng.internal.invokers.TestInvoker$MethodInvocationAgent.invoke(TestInvoker.java:995)
at org.testng.internal.invokers.TestInvoker.invokeTestMethods(TestInvoker.java:203)
at org.testng.internal.invokers.TestMethodWorker.invokeTestMethods(TestMethodWorker.java:154)
at org.testng.internal.invokers.TestMethodWorker.run(TestMethodWorker.java:134)
at java.base/java.util.ArrayList.forEach(ArrayList.java:1596)
at org.testng.TestRunner.privateRun(TestRunner.java:741)
at org.testng.TestRunner.run(TestRunner.java:616)
at org.testng.SuiteRunner.runTest(SuiteRunner.java:421)
at org.testng.SuiteRunner.runSequentially(SuiteRunner.java:413)
at org.testng.SuiteRunner.privateRun(SuiteRunner.java:373)
at org.testng.SuiteRunner.run(SuiteRunner.java:312)
at org.testng.SuiteRunnerWorker.runSuite(SuiteRunnerWorker.java:52)
at org.testng.SuiteRunnerWorker.run(SuiteRunnerWorker.java:95)
at org.testng.TestNG.runSuitesSequentially(TestNG.java:1274)
at org.testng.TestNG.runSuitesLocally(TestNG.java:1208)
at org.testng.TestNG.runSuites(TestNG.java:1112)
at org.testng.TestNG.run(TestNG.java:1079)
at org.testng.remote.AbstractRemoteTestNG.run(AbstractRemoteTestNG.java:115)
at org.testng.remote.RemoteTestNG.initAndRun(RemoteTestNG.java:293)
at org.testng.remote.RemoteTestNG.main(RemoteTestNG.java:91)
]]>
            </full-stacktrace>
          </exception> <!-- org.openqa.selenium.NoSuchElementException -->
          <reporter-output>
          </reporter-output>
        </test-method> <!-- VerifyAllProductsAndProductDetailPage -->
        <test-method is-config="true" signature="tearDown()[pri:0, instance:testCases.TC008_VerifyAllProductsAndProductDetailPage@740fb309]" started-at="2025-12-20T17:57:05 IST" name="tearDown" finished-at="2025-12-20T17:57:06 IST" duration-ms="1232" status="PASS">
          <reporter-output>
          </reporter-output>
        </test-method> <!-- tearDown -->
        <test-method is-config="true" signature="setup(java.lang.String)[pri:0, instance:testCases.TC008_VerifyAllProductsAndProductDetailPage@740fb309]" started-at="2025-12-20T17:57:06 IST" name="setup" finished-at="2025-12-20T17:57:23 IST" duration-ms="16443" status="PASS">
          <params>
            <param index="0">
              <value>
                <![CDATA[chrome]]>
              </value>
            </param>
          </params>
          <reporter-output>
          </reporter-output>
        </test-method> <!-- setup -->
        <test-method retried="true" signature="VerifyAllProductsAndProductDetailPage()[pri:0, instance:testCases.TC008_VerifyAllProductsAndProductDetailPage@740fb309]" started-at="2025-12-20T17:57:23 IST" name="VerifyAllProductsAndProductDetailPage" description="Verify all products and product Detail Page" finished-at="2025-12-20T17:57:56 IST" duration-ms="33306" status="SKIP">
          <exception class="org.openqa.selenium.NoSuchElementException">
            <message>
              <![CDATA[no such element: Unable to locate element: {"method":"xpath","selector":"//a[@data-product-id='2']"}
  (Session info: chrome=143.0.7499.169)
For documentation on this error, please visit: https://www.selenium.dev/documentation/webdriver/troubleshooting/errors#nosuchelementexception
Build info: version: '4.39.0', revision: '126f156aee'
System info: os.name: 'Windows 10', os.arch: 'amd64', os.version: '10.0', java.version: '21.0.1'
Driver info: org.openqa.selenium.chrome.ChromeDriver
Command: [cd4fc32372c3018721cc3700d5962677, findElement {using=xpath, value=//a[@data-product-id='2']}]
Capabilities {acceptInsecureCerts: false, browserName: chrome, browserVersion: 143.0.7499.169, chrome: {chromedriverVersion: 143.0.7499.169 (164b20aab62..., userDataDir: C:\Users\UDAYAS~1\AppData\L...}, fedcm:accounts: true, goog:chromeOptions: {debuggerAddress: localhost:49358}, goog:processID: 12284, networkConnectionEnabled: false, pageLoadStrategy: normal, platformName: windows, proxy: Proxy(), se:cdp: ws://localhost:49358/devtoo..., se:cdpVersion: 143.0.7499.169, setWindowRect: true, strictFileInteractability: false, timeouts: {implicit: 0, pageLoad: 300000, script: 30000}, unhandledPromptBehavior: dismiss and notify, webauthn:extension:credBlob: true, webauthn:extension:largeBlob: true, webauthn:extension:minPinLength: true, webauthn:extension:prf: true, webauthn:virtualAuthenticators: true}
Session ID: cd4fc32372c3018721cc3700d5962677]]>
            </message>
            <full-stacktrace>
              <![CDATA[org.openqa.selenium.NoSuchElementException: no such element: Unable to locate element: {"method":"xpath","selector":"//a[@data-product-id='2']"}
  (Session info: chrome=143.0.7499.169)
For documentation on this error, please visit: https://www.selenium.dev/documentation/webdriver/troubleshooting/errors#nosuchelementexception
Build info: version: '4.39.0', revision: '126f156aee'
System info: os.name: 'Windows 10', os.arch: 'amd64', os.version: '10.0', java.version: '21.0.1'
Driver info: org.openqa.selenium.chrome.ChromeDriver
Command: [cd4fc32372c3018721cc3700d5962677, findElement {using=xpath, value=//a[@data-product-id='2']}]
Capabilities {acceptInsecureCerts: false, browserName: chrome, browserVersion: 143.0.7499.169, chrome: {chromedriverVersion: 143.0.7499.169 (164b20aab62..., userDataDir: C:\Users\UDAYAS~1\AppData\L...}, fedcm:accounts: true, goog:chromeOptions: {debuggerAddress: localhost:49358}, goog:processID: 12284, networkConnectionEnabled: false, pageLoadStrategy: normal, platformName: windows, proxy: Proxy(), se:cdp: ws://localhost:49358/devtoo..., se:cdpVersion: 143.0.7499.169, setWindowRect: true, strictFileInteractability: false, timeouts: {implicit: 0, pageLoad: 300000, script: 30000}, unhandledPromptBehavior: dismiss and notify, webauthn:extension:credBlob: true, webauthn:extension:largeBlob: true, webauthn:extension:minPinLength: true, webauthn:extension:prf: true, webauthn:virtualAuthenticators: true}
Session ID: cd4fc32372c3018721cc3700d5962677
at java.base/jdk.internal.reflect.DirectConstructorHandleAccessor.newInstance(DirectConstructorHandleAccessor.java:62)
at java.base/java.lang.reflect.Constructor.newInstanceWithCaller(Constructor.java:502)
at java.base/java.lang.reflect.Constructor.newInstance(Constructor.java:486)
at org.openqa.selenium.remote.ErrorCodec.decode(ErrorCodec.java:167)
at org.openqa.selenium.remote.codec.w3c.W3CHttpResponseCodec.decode(W3CHttpResponseCodec.java:142)
at org.openqa.selenium.remote.codec.w3c.W3CHttpResponseCodec.decode(W3CHttpResponseCodec.java:49)
at org.openqa.selenium.remote.HttpCommandExecutor.execute(HttpCommandExecutor.java:215)
at org.openqa.selenium.remote.service.DriverCommandExecutor.invokeExecute(DriverCommandExecutor.java:216)
at org.openqa.selenium.remote.service.DriverCommandExecutor.execute(DriverCommandExecutor.java:174)
at org.openqa.selenium.remote.RemoteWebDriver.execute(RemoteWebDriver.java:561)
at org.openqa.selenium.remote.ElementLocation$ElementFinder$2.findElement(ElementLocation.java:166)
at org.openqa.selenium.remote.ElementLocation.findElement(ElementLocation.java:60)
at org.openqa.selenium.remote.RemoteWebDriver.findElement(RemoteWebDriver.java:384)
at org.openqa.selenium.remote.RemoteWebDriver.findElement(RemoteWebDriver.java:378)
at org.openqa.selenium.support.pagefactory.DefaultElementLocator.findElement(DefaultElementLocator.java:68)
at org.openqa.selenium.support.pagefactory.internal.LocatingElementHandler.invoke(LocatingElementHandler.java:38)
at jdk.proxy2/jdk.proxy2.$Proxy31.isDisplayed(Unknown Source)
at pageObjects.ProductsPage.FirstProductNameExist(ProductsPage.java:63)
at testCases.TC008_VerifyAllProductsAndProductDetailPage.isProductDetailsVisible(TC008_VerifyAllProductsAndProductDetailPage.java:95)
at testCases.TC008_VerifyAllProductsAndProductDetailPage.VerifyAllProductsAndProductDetailPage(TC008_VerifyAllProductsAndProductDetailPage.java:76)
at java.base/jdk.internal.reflect.DirectMethodHandleAccessor.invoke(DirectMethodHandleAccessor.java:103)
at java.base/java.lang.reflect.Method.invoke(Method.java:580)
at org.testng.internal.invokers.MethodInvocationHelper.invokeMethod(MethodInvocationHelper.java:141)
at org.testng.internal.invokers.TestInvoker.invokeMethod(TestInvoker.java:687)
at org.testng.internal.invokers.TestInvoker.retryFailed(TestInvoker.java:269)
at org.testng.internal.invokers.MethodRunner.runInSequence(MethodRunner.java:76)
at org.testng.internal.invokers.TestInvoker$MethodInvocationAgent.invoke(TestInvoker.java:995)
at org.testng.internal.invokers.TestInvoker.invokeTestMethods(TestInvoker.java:203)
at org.testng.internal.invokers.TestMethodWorker.invokeTestMethods(TestMethodWorker.java:154)
at org.testng.internal.invokers.TestMethodWorker.run(TestMethodWorker.java:134)
at java.base/java.util.ArrayList.forEach(ArrayList.java:1596)
at org.testng.TestRunner.privateRun(TestRunner.java:741)
at org.testng.TestRunner.run(TestRunner.java:616)
at org.testng.SuiteRunner.runTest(SuiteRunner.java:421)
at org.testng.SuiteRunner.runSequentially(SuiteRunner.java:413)
at org.testng.SuiteRunner.privateRun(SuiteRunner.java:373)
at org.testng.SuiteRunner.run(SuiteRunner.java:312)
at org.testng.SuiteRunnerWorker.runSuite(SuiteRunnerWorker.java:52)
at org.testng.SuiteRunnerWorker.run(SuiteRunnerWorker.java:95)
at org.testng.TestNG.runSuitesSequentially(TestNG.java:1274)
at org.testng.TestNG.runSuitesLocally(TestNG.java:1208)
at org.testng.TestNG.runSuites(TestNG.java:1112)
at org.testng.TestNG.run(TestNG.java:1079)
at org.testng.remote.AbstractRemoteTestNG.run(AbstractRemoteTestNG.java:115)
at org.testng.remote.RemoteTestNG.initAndRun(RemoteTestNG.java:293)
at org.testng.remote.RemoteTestNG.main(RemoteTestNG.java:91)
]]>
            </full-stacktrace>
          </exception> <!-- org.openqa.selenium.NoSuchElementException -->
          <reporter-output>
          </reporter-output>
        </test-method> <!-- VerifyAllProductsAndProductDetailPage -->
        <test-method is-config="true" signature="tearDown()[pri:0, instance:testCases.TC008_VerifyAllProductsAndProductDetailPage@740fb309]" started-at="2025-12-20T17:57:56 IST" name="tearDown" finished-at="2025-12-20T17:57:56 IST" duration-ms="314" status="PASS">
          <reporter-output>
          </reporter-output>
        </test-method> <!-- tearDown -->
        <test-method is-config="true" signature="setup(java.lang.String)[pri:0, instance:testCases.TC008_VerifyAllProductsAndProductDetailPage@740fb309]" started-at="2025-12-20T17:57:56 IST" name="setup" finished-at="2025-12-20T17:58:54 IST" duration-ms="57832" status="PASS">
          <params>
            <param index="0">
              <value>
                <![CDATA[chrome]]>
              </value>
            </param>
          </params>
          <reporter-output>
          </reporter-output>
        </test-method> <!-- setup -->
        <test-method signature="VerifyAllProductsAndProductDetailPage()[pri:0, instance:testCases.TC008_VerifyAllProductsAndProductDetailPage@740fb309]" started-at="2025-12-20T17:58:54 IST" name="VerifyAllProductsAndProductDetailPage" description="Verify all products and product Detail Page" finished-at="2025-12-20T17:59:20 IST" duration-ms="25727" status="FAIL">
          <exception class="org.openqa.selenium.NoSuchElementException">
            <message>
              <![CDATA[no such element: Unable to locate element: {"method":"xpath","selector":"//a[@data-product-id='2']"}
  (Session info: chrome=143.0.7499.169)
For documentation on this error, please visit: https://www.selenium.dev/documentation/webdriver/troubleshooting/errors#nosuchelementexception
Build info: version: '4.39.0', revision: '126f156aee'
System info: os.name: 'Windows 10', os.arch: 'amd64', os.version: '10.0', java.version: '21.0.1'
Driver info: org.openqa.selenium.chrome.ChromeDriver
Command: [9543cec4e32f0b597d19fb62b971788c, findElement {using=xpath, value=//a[@data-product-id='2']}]
Capabilities {acceptInsecureCerts: false, browserName: chrome, browserVersion: 143.0.7499.169, chrome: {chromedriverVersion: 143.0.7499.169 (164b20aab62..., userDataDir: C:\Users\UDAYAS~1\AppData\L...}, fedcm:accounts: true, goog:chromeOptions: {debuggerAddress: localhost:49423}, goog:processID: 12584, networkConnectionEnabled: false, pageLoadStrategy: normal, platformName: windows, proxy: Proxy(), se:cdp: ws://localhost:49423/devtoo..., se:cdpVersion: 143.0.7499.169, setWindowRect: true, strictFileInteractability: false, timeouts: {implicit: 0, pageLoad: 300000, script: 30000}, unhandledPromptBehavior: dismiss and notify, webauthn:extension:credBlob: true, webauthn:extension:largeBlob: true, webauthn:extension:minPinLength: true, webauthn:extension:prf: true, webauthn:virtualAuthenticators: true}
Session ID: 9543cec4e32f0b597d19fb62b971788c]]>
            </message>
            <full-stacktrace>
              <![CDATA[org.openqa.selenium.NoSuchElementException: no such element: Unable to locate element: {"method":"xpath","selector":"//a[@data-product-id='2']"}
  (Session info: chrome=143.0.7499.169)
For documentation on this error, please visit: https://www.selenium.dev/documentation/webdriver/troubleshooting/errors#nosuchelementexception
Build info: version: '4.39.0', revision: '126f156aee'
System info: os.name: 'Windows 10', os.arch: 'amd64', os.version: '10.0', java.version: '21.0.1'
Driver info: org.openqa.selenium.chrome.ChromeDriver
Command: [9543cec4e32f0b597d19fb62b971788c, findElement {using=xpath, value=//a[@data-product-id='2']}]
Capabilities {acceptInsecureCerts: false, browserName: chrome, browserVersion: 143.0.7499.169, chrome: {chromedriverVersion: 143.0.7499.169 (164b20aab62..., userDataDir: C:\Users\UDAYAS~1\AppData\L...}, fedcm:accounts: true, goog:chromeOptions: {debuggerAddress: localhost:49423}, goog:processID: 12584, networkConnectionEnabled: false, pageLoadStrategy: normal, platformName: windows, proxy: Proxy(), se:cdp: ws://localhost:49423/devtoo..., se:cdpVersion: 143.0.7499.169, setWindowRect: true, strictFileInteractability: false, timeouts: {implicit: 0, pageLoad: 300000, script: 30000}, unhandledPromptBehavior: dismiss and notify, webauthn:extension:credBlob: true, webauthn:extension:largeBlob: true, webauthn:extension:minPinLength: true, webauthn:extension:prf: true, webauthn:virtualAuthenticators: true}
Session ID: 9543cec4e32f0b597d19fb62b971788c
at java.base/jdk.internal.reflect.DirectConstructorHandleAccessor.newInstance(DirectConstructorHandleAccessor.java:62)
at java.base/java.lang.reflect.Constructor.newInstanceWithCaller(Constructor.java:502)
at java.base/java.lang.reflect.Constructor.newInstance(Constructor.java:486)
at org.openqa.selenium.remote.ErrorCodec.decode(ErrorCodec.java:167)
at org.openqa.selenium.remote.codec.w3c.W3CHttpResponseCodec.decode(W3CHttpResponseCodec.java:142)
at org.openqa.selenium.remote.codec.w3c.W3CHttpResponseCodec.decode(W3CHttpResponseCodec.java:49)
at org.openqa.selenium.remote.HttpCommandExecutor.execute(HttpCommandExecutor.java:215)
at org.openqa.selenium.remote.service.DriverCommandExecutor.invokeExecute(DriverCommandExecutor.java:216)
at org.openqa.selenium.remote.service.DriverCommandExecutor.execute(DriverCommandExecutor.java:174)
at org.openqa.selenium.remote.RemoteWebDriver.execute(RemoteWebDriver.java:561)
at org.openqa.selenium.remote.ElementLocation$ElementFinder$2.findElement(ElementLocation.java:166)
at org.openqa.selenium.remote.ElementLocation.findElement(ElementLocation.java:60)
at org.openqa.selenium.remote.RemoteWebDriver.findElement(RemoteWebDriver.java:384)
at org.openqa.selenium.remote.RemoteWebDriver.findElement(RemoteWebDriver.java:378)
at org.openqa.selenium.support.pagefactory.DefaultElementLocator.findElement(DefaultElementLocator.java:68)
at org.openqa.selenium.support.pagefactory.internal.LocatingElementHandler.invoke(LocatingElementHandler.java:38)
at jdk.proxy2/jdk.proxy2.$Proxy31.isDisplayed(Unknown Source)
at pageObjects.ProductsPage.FirstProductNameExist(ProductsPage.java:63)
at testCases.TC008_VerifyAllProductsAndProductDetailPage.isProductDetailsVisible(TC008_VerifyAllProductsAndProductDetailPage.java:95)
at testCases.TC008_VerifyAllProductsAndProductDetailPage.VerifyAllProductsAndProductDetailPage(TC008_VerifyAllProductsAndProductDetailPage.java:76)
at java.base/jdk.internal.reflect.DirectMethodHandleAccessor.invoke(DirectMethodHandleAccessor.java:103)
at java.base/java.lang.reflect.Method.invoke(Method.java:580)
at org.testng.internal.invokers.MethodInvocationHelper.invokeMethod(MethodInvocationHelper.java:141)
at org.testng.internal.invokers.TestInvoker.invokeMethod(TestInvoker.java:687)
at org.testng.internal.invokers.TestInvoker.retryFailed(TestInvoker.java:269)
at org.testng.internal.invokers.MethodRunner.runInSequence(MethodRunner.java:76)
at org.testng.internal.invokers.TestInvoker$MethodInvocationAgent.invoke(TestInvoker.java:995)
at org.testng.internal.invokers.TestInvoker.invokeTestMethods(TestInvoker.java:203)
at org.testng.internal.invokers.TestMethodWorker.invokeTestMethods(TestMethodWorker.java:154)
at org.testng.internal.invokers.TestMethodWorker.run(TestMethodWorker.java:134)
at java.base/java.util.ArrayList.forEach(ArrayList.java:1596)
at org.testng.TestRunner.privateRun(TestRunner.java:741)
at org.testng.TestRunner.run(TestRunner.java:616)
at org.testng.SuiteRunner.runTest(SuiteRunner.java:421)
at org.testng.SuiteRunner.runSequentially(SuiteRunner.java:413)
at org.testng.SuiteRunner.privateRun(SuiteRunner.java:373)
at org.testng.SuiteRunner.run(SuiteRunner.java:312)
at org.testng.SuiteRunnerWorker.runSuite(SuiteRunnerWorker.java:52)
at org.testng.SuiteRunnerWorker.run(SuiteRunnerWorker.java:95)
at org.testng.TestNG.runSuitesSequentially(TestNG.java:1274)
at org.testng.TestNG.runSuitesLocally(TestNG.java:1208)
at org.testng.TestNG.runSuites(TestNG.java:1112)
at org.testng.TestNG.run(TestNG.java:1079)
at org.testng.remote.AbstractRemoteTestNG.run(AbstractRemoteTestNG.java:115)
at org.testng.remote.RemoteTestNG.initAndRun(RemoteTestNG.java:293)
at org.testng.remote.RemoteTestNG.main(RemoteTestNG.java:91)
]]>
            </full-stacktrace>
          </exception> <!-- org.openqa.selenium.NoSuchElementException -->
          <reporter-output>
          </reporter-output>
        </test-method> <!-- VerifyAllProductsAndProductDetailPage -->
        <test-method is-config="true" signature="tearDown()[pri:0, instance:testCases.TC008_VerifyAllProductsAndProductDetailPage@740fb309]" started-at="2025-12-20T17:59:21 IST" name="tearDown" finished-at="2025-12-20T17:59:21 IST" duration-ms="324" status="PASS">
          <reporter-output>
          </reporter-output>
        </test-method> <!-- tearDown -->
      </class> <!-- testCases.TC008_VerifyAllProductsAndProductDetailPage -->
      <class name="testCases.TC003_LoginUserIncorrectEmailAndPassword">
        <test-method is-config="true" signature="setup(java.lang.String)[pri:0, instance:testCases.TC003_LoginUserIncorrectEmailAndPassword@6cb107fd]" started-at="2025-12-20T17:51:49 IST" name="setup" finished-at="2025-12-20T17:52:01 IST" duration-ms="11782" status="PASS">
          <params>
            <param index="0">
              <value>
                <![CDATA[chrome]]>
              </value>
            </param>
          </params>
          <reporter-output>
          </reporter-output>
        </test-method> <!-- setup -->
        <test-method signature="verifyLoginUserIncorrectEmailAndPasswordFlow()[pri:0, instance:testCases.TC003_LoginUserIncorrectEmailAndPassword@6cb107fd]" started-at="2025-12-20T17:52:01 IST" name="verifyLoginUserIncorrectEmailAndPasswordFlow" description="Verify Login User incorrectEmail and Password" finished-at="2025-12-20T17:52:12 IST" duration-ms="10892" status="PASS">
          <reporter-output>
            <line>
              <![CDATA[HomePage is displayed]]>
            </line>
          </reporter-output>
        </test-method> <!-- verifyLoginUserIncorrectEmailAndPasswordFlow -->
        <test-method is-config="true" signature="tearDown()[pri:0, instance:testCases.TC003_LoginUserIncorrectEmailAndPassword@6cb107fd]" started-at="2025-12-20T17:52:12 IST" name="tearDown" finished-at="2025-12-20T17:52:12 IST" duration-ms="299" status="PASS">
          <reporter-output>
          </reporter-output>
        </test-method> <!-- tearDown -->
      </class> <!-- testCases.TC003_LoginUserIncorrectEmailAndPassword -->
      <class name="testCases.TC002a_LoginUserWithCorrectEmailAndPassword">
        <test-method is-config="true" signature="setup(java.lang.String)[pri:0, instance:testCases.TC002a_LoginUserWithCorrectEmailAndPassword@4201c465]" started-at="2025-12-20T17:49:05 IST" name="setup" finished-at="2025-12-20T17:49:41 IST" duration-ms="35822" status="PASS">
          <params>
            <param index="0">
              <value>
                <![CDATA[chrome]]>
              </value>
            </param>
          </params>
          <reporter-output>
          </reporter-output>
        </test-method> <!-- setup -->
        <test-method signature="verifyLoginUserWithCorrectEmailAndPassword()[pri:1, instance:testCases.TC002a_LoginUserWithCorrectEmailAndPassword@4201c465]" started-at="2025-12-20T17:49:41 IST" name="verifyLoginUserWithCorrectEmailAndPassword" description="Verify Login User with correct Email And Password" finished-at="2025-12-20T17:50:15 IST" duration-ms="34282" status="PASS">
          <reporter-output>
          </reporter-output>
        </test-method> <!-- verifyLoginUserWithCorrectEmailAndPassword -->
        <test-method is-config="true" signature="tearDown()[pri:0, instance:testCases.TC002a_LoginUserWithCorrectEmailAndPassword@4201c465]" started-at="2025-12-20T17:50:15 IST" name="tearDown" finished-at="2025-12-20T17:50:16 IST" duration-ms="332" status="PASS">
          <reporter-output>
          </reporter-output>
        </test-method> <!-- tearDown -->
      </class> <!-- testCases.TC002a_LoginUserWithCorrectEmailAndPassword -->
      <class name="testCases.TC006_ContactUsForm">
        <test-method is-config="true" signature="setup(java.lang.String)[pri:0, instance:testCases.TC006_ContactUsForm@4e5ed836]" started-at="2025-12-20T17:55:05 IST" name="setup" finished-at="2025-12-20T17:55:18 IST" duration-ms="13071" status="PASS">
          <params>
            <param index="0">
              <value>
                <![CDATA[chrome]]>
              </value>
            </param>
          </params>
          <reporter-output>
          </reporter-output>
        </test-method> <!-- setup -->
        <test-method signature="verifyContactUsForm()[pri:0, instance:testCases.TC006_ContactUsForm@4e5ed836]" started-at="2025-12-20T17:55:18 IST" name="verifyContactUsForm" description="Verify Contact us Form" finished-at="2025-12-20T17:55:49 IST" duration-ms="30894" status="PASS">
          <reporter-output>
            <line>
              <![CDATA[Entered name, email, subject and message,Upload file,Click 'Submit' button,Click OK button]]>
            </line>
          </reporter-output>
        </test-method> <!-- verifyContactUsForm -->
        <test-method is-config="true" signature="tearDown()[pri:0, instance:testCases.TC006_ContactUsForm@4e5ed836]" started-at="2025-12-20T17:55:49 IST" name="tearDown" finished-at="2025-12-20T17:55:50 IST" duration-ms="1166" status="PASS">
          <reporter-output>
          </reporter-output>
        </test-method> <!-- tearDown -->
      </class> <!-- testCases.TC006_ContactUsForm -->
      <class name="testCases.TC002b_LoginUserWithCorrectEmailAndPasswordAndDelete">
        <test-method is-config="true" signature="setup(java.lang.String)[pri:0, instance:testCases.TC002b_LoginUserWithCorrectEmailAndPasswordAndDelete@5b799640]" started-at="2025-12-20T17:50:16 IST" name="setup" finished-at="2025-12-20T17:50:47 IST" duration-ms="31462" status="PASS">
          <params>
            <param index="0">
              <value>
                <![CDATA[chrome]]>
              </value>
            </param>
          </params>
          <reporter-output>
          </reporter-output>
        </test-method> <!-- setup -->
        <test-method signature="verifyLoginUserWithCorrectEmailAndPasswordAndDeletion()[pri:2, instance:testCases.TC002b_LoginUserWithCorrectEmailAndPasswordAndDelete@5b799640]" started-at="2025-12-20T17:50:47 IST" name="verifyLoginUserWithCorrectEmailAndPasswordAndDeletion" finished-at="2025-12-20T17:51:49 IST" duration-ms="61759" status="PASS">
          <reporter-output>
          </reporter-output>
        </test-method> <!-- verifyLoginUserWithCorrectEmailAndPasswordAndDeletion -->
        <test-method is-config="true" signature="tearDown()[pri:0, instance:testCases.TC002b_LoginUserWithCorrectEmailAndPasswordAndDelete@5b799640]" started-at="2025-12-20T17:51:49 IST" name="tearDown" finished-at="2025-12-20T17:51:49 IST" duration-ms="478" status="PASS">
          <reporter-output>
          </reporter-output>
        </test-method> <!-- tearDown -->
      </class> <!-- testCases.TC002b_LoginUserWithCorrectEmailAndPasswordAndDelete -->
      <class name="testCases.TC001a_RegisterUserWithDelete">
        <test-method is-config="true" signature="setup(java.lang.String)[pri:0, instance:testCases.TC001a_RegisterUserWithDelete@221a3fa4]" started-at="2025-12-20T17:42:49 IST" name="setup" finished-at="2025-12-20T17:44:51 IST" duration-ms="121352" status="PASS">
          <params>
            <param index="0">
              <value>
                <![CDATA[chrome]]>
              </value>
            </param>
          </params>
          <reporter-output>
          </reporter-output>
        </test-method> <!-- setup -->
        <test-method signature="verifySignupRegistrationAndDeletion()[pri:0, instance:testCases.TC001a_RegisterUserWithDelete@221a3fa4]" started-at="2025-12-20T17:44:51 IST" name="verifySignupRegistrationAndDeletion" description="Verify user registration, login and account deletion" finished-at="2025-12-20T17:47:12 IST" duration-ms="141244" status="PASS">
          <reporter-output>
          </reporter-output>
        </test-method> <!-- verifySignupRegistrationAndDeletion -->
        <test-method is-config="true" signature="tearDown()[pri:0, instance:testCases.TC001a_RegisterUserWithDelete@221a3fa4]" started-at="2025-12-20T17:47:12 IST" name="tearDown" finished-at="2025-12-20T17:47:33 IST" duration-ms="21212" status="PASS">
          <reporter-output>
          </reporter-output>
        </test-method> <!-- tearDown -->
      </class> <!-- testCases.TC001a_RegisterUserWithDelete -->
      <class name="testCases.TC010_VerifySubscriptionInHomePage">
        <test-method is-config="true" signature="setup(java.lang.String)[pri:0, instance:testCases.TC010_VerifySubscriptionInHomePage@43f02ef2]" started-at="2025-12-20T18:02:19 IST" name="setup" finished-at="2025-12-20T18:02:35 IST" duration-ms="15532" status="PASS">
          <params>
            <param index="0">
              <value>
                <![CDATA[chrome]]>
              </value>
            </param>
          </params>
          <reporter-output>
          </reporter-output>
        </test-method> <!-- setup -->
        <test-method signature="VerifySubscriptionInHomePage()[pri:0, instance:testCases.TC010_VerifySubscriptionInHomePage@43f02ef2]" started-at="2025-12-20T18:02:35 IST" name="VerifySubscriptionInHomePage" description="Verify Subscription In Home Page" finished-at="2025-12-20T18:02:48 IST" duration-ms="13519" status="PASS">
          <reporter-output>
            <line>
              <![CDATA[Home Page is displayed successfully]]>
            </line>
            <line>
              <![CDATA[Scroll down to footer, Verify text 'SUBSCRIPTION']]>
            </line>
          </reporter-output>
        </test-method> <!-- VerifySubscriptionInHomePage -->
        <test-method is-config="true" signature="tearDown()[pri:0, instance:testCases.TC010_VerifySubscriptionInHomePage@43f02ef2]" started-at="2025-12-20T18:02:48 IST" name="tearDown" finished-at="2025-12-20T18:02:49 IST" duration-ms="371" status="PASS">
          <reporter-output>
          </reporter-output>
        </test-method> <!-- tearDown -->
      </class> <!-- testCases.TC010_VerifySubscriptionInHomePage -->
    </test> <!-- Chrome Test -->
  </suite> <!-- Master-Suite -->
</testng-results>
