<?xml version="1.0" encoding="UTF-8"?>
<!-- Generated by org.testng.reporters.JUnitReportReporter -->
<testsuite hostname="DESKTOP-9T08QN7" failures="1" tests="3" name="testCases.TC002b_LoginUserWithCorrectEmailAndPasswordAndDelete" time="296.586" errors="0" timestamp="2025-12-19T01:33:02 IST" skipped="2">
  <testcase classname="testCases.TC002b_LoginUserWithCorrectEmailAndPasswordAndDelete" name="verifyLoginUserWithCorrectEmailAndPasswordAndDeletion" time="70.466">
    <skipped/>
  </testcase> <!-- verifyLoginUserWithCorrectEmailAndPasswordAndDeletion -->
  <testcase classname="testCases.TC002b_LoginUserWithCorrectEmailAndPasswordAndDelete" name="verifyLoginUserWithCorrectEmailAndPasswordAndDeletion" time="95.954">
    <failure message="Login page title is mis-match expected [Automation Exercise] but found [Automation Exercise - Signup / Login]" type="java.lang.AssertionError">
      <![CDATA[java.lang.AssertionError: Login page title is mis-match expected [Automation Exercise] but found [Automation Exercise - Signup / Login]
at org.testng.Assert.fail(Assert.java:111)
at org.testng.Assert.failNotEquals(Assert.java:1590)
at org.testng.Assert.assertEqualsImpl(Assert.java:150)
at org.testng.Assert.assertEquals(Assert.java:132)
at org.testng.Assert.assertEquals(Assert.java:656)
at testCases.TC002b_LoginUserWithCorrectEmailAndPasswordAndDelete.verifyLoginUserWithCorrectEmailAndPasswordAndDeletion(TC002b_LoginUserWithCorrectEmailAndPasswordAndDelete.java:51)
at java.base/jdk.internal.reflect.DirectMethodHandleAccessor.invoke(DirectMethodHandleAccessor.java:103)
at java.base/java.lang.reflect.Method.invoke(Method.java:580)
at org.testng.internal.invokers.MethodInvocationHelper.invokeMethod(MethodInvocationHelper.java:141)
at org.testng.internal.invokers.TestInvoker.invokeMethod(TestInvoker.java:687)
at org.testng.internal.invokers.TestInvoker.retryFailed(TestInvoker.java:269)
at org.testng.internal.invokers.MethodRunner.runInSequence(MethodRunner.java:76)
at org.testng.internal.invokers.TestInvoker$MethodInvocationAgent.invoke(TestInvoker.java:995)
at org.testng.internal.invokers.TestInvoker.invokeTestMethods(TestInvoker.java:203)
at org.testng.internal.invokers.TestMethodWorker.invokeTestMethods(TestMethodWorker.java:154)
at org.testng.internal.invokers.TestMethodWorker.run(TestMethodWorker.java:134)
at java.base/java.util.concurrent.Executors$RunnableAdapter.call(Executors.java:572)
at java.base/java.util.concurrent.FutureTask.run(FutureTask.java:317)
at org.testng.internal.thread.graph.TestNGFutureTask.run(TestNGFutureTask.java:22)
at java.base/java.util.concurrent.ThreadPoolExecutor.runWorker(ThreadPoolExecutor.java:1144)
at java.base/java.util.concurrent.ThreadPoolExecutor$Worker.run(ThreadPoolExecutor.java:642)
at java.base/java.lang.Thread.run(Thread.java:1583)
]]>
    </failure>
  </testcase> <!-- verifyLoginUserWithCorrectEmailAndPasswordAndDeletion -->
  <testcase classname="testCases.TC002b_LoginUserWithCorrectEmailAndPasswordAndDelete" name="verifyLoginUserWithCorrectEmailAndPasswordAndDeletion" time="130.166">
    <skipped/>
  </testcase> <!-- verifyLoginUserWithCorrectEmailAndPasswordAndDeletion -->
</testsuite> <!-- testCases.TC002b_LoginUserWithCorrectEmailAndPasswordAndDelete -->
