<?xml version="1.0" encoding="UTF-8"?>
<!-- Generated by org.testng.reporters.JUnitReportReporter -->
<testsuite hostname="DESKTOP-9T08QN7" failures="0" tests="2" name="practiceTopics.TC005_Calendars" time="289.477" errors="0" timestamp="2025-10-21T12:41:57 IST" skipped="0">
  <testcase classname="practiceTopics.TC005_Calendars" name="Calendar" time="121.355">
    <system-out>
      <![CDATA[Clicked on the Calendar link
Entered the date
clicked on submit
date entered is matched: 2021-12-06]]>
    </system-out>
  </testcase> <!-- Calendar -->
  <testcase classname="practiceTopics.TC005_Calendars" name="calendar2" time="168.122">
    <system-out>
      <![CDATA[Clicked on the Calendar link
Clicked on the DateInput 
Clicked on the Year
Entered year
Clicked on the month
Entered month
Entered day
clicked on submit
date entered is matched: 2021-02-01]]>
    </system-out>
  </testcase> <!-- calendar2 -->
  <system-out>
    <![CDATA[Clicked on the Calendar link
Entered the date
clicked on submit
date entered is matched: 2021-12-06
Clicked on the Calendar link
Clicked on the DateInput 
Clicked on the Year
Entered year
Clicked on the month
Entered month
Entered day
clicked on submit
date entered is matched: 2021-02-01]]>
  </system-out>
</testsuite> <!-- practiceTopics.TC005_Calendars -->
