<?xml version="1.0" encoding="UTF-8"?>
<!-- Generated by org.testng.reporters.JUnitReportReporter -->
<testsuite hostname="DESKTOP-9T08QN7" failures="0" tests="4" name="practiceTopics.LoginTest" time="3.986" errors="0" timestamp="2025-11-30T18:49:22 IST" skipped="0">
  <testcase classname="practiceTopics.LoginTest" name="loginTest" time="0.548"/>
  <testcase classname="practiceTopics.LoginTest" name="loginTest" time="1.358"/>
  <testcase classname="practiceTopics.LoginTest" name="loginTest" time="0.706"/>
  <testcase classname="practiceTopics.LoginTest" name="loginTest" time="1.374"/>
</testsuite> <!-- practiceTopics.LoginTest -->
