<?xml version="1.0" encoding="UTF-8"?>
<!-- Generated by org.testng.reporters.JUnitReportReporter -->
<testsuite hostname="DESKTOP-9T08QN7" failures="0" tests="1" name="testCases.TC003b_LoginUserIncorrectEmailAndPassword_DataProvider" time="123.574" errors="1" timestamp="2025-12-19T01:33:02 IST" skipped="0">
  <testcase classname="testCases.TC003b_LoginUserIncorrectEmailAndPassword_DataProvider" name="verifyLoginUserIncorrectEmailAndPasswordUsingDataProvider" time="123.574">
    <error message="
[public void testCases.TC003b_LoginUserIncorrectEmailAndPassword_DataProvider.verifyLoginUserIncorrectEmailAndPasswordUsingDataProvider(java.lang.String,java.lang.String,java.lang.String) throws java.lang.InterruptedException] has no parameters defined but was found to be using a data provider (either explicitly specified or inherited from class level annotation).
Data provider mismatch
Method: verifyLoginUserIncorrectEmailAndPasswordUsingDataProvider([java.lang.String arg0, java.lang.String arg1, java.lang.String arg2])
Arguments: [(java.lang.String) abc@gmail.com,(java.lang.String) wrong123,(java.lang.String) FAIL,(java.lang.String) ]" type="org.testng.internal.reflect.MethodMatcherException">
      <![CDATA[org.testng.internal.reflect.MethodMatcherException: 
[public void testCases.TC003b_LoginUserIncorrectEmailAndPassword_DataProvider.verifyLoginUserIncorrectEmailAndPasswordUsingDataProvider(java.lang.String,java.lang.String,java.lang.String) throws java.lang.InterruptedException] has no parameters defined but was found to be using a data provider (either explicitly specified or inherited from class level annotation).
Data provider mismatch
Method: verifyLoginUserIncorrectEmailAndPasswordUsingDataProvider([java.lang.String arg0, java.lang.String arg1, java.lang.String arg2])
Arguments: [(java.lang.String) abc@gmail.com,(java.lang.String) wrong123,(java.lang.String) FAIL,(java.lang.String) ]
at org.testng.internal.reflect.DataProviderMethodMatcher.getConformingArguments(DataProviderMethodMatcher.java:46)
at org.testng.internal.Parameters.injectParameters(Parameters.java:915)
at org.testng.internal.invokers.MethodRunner.runInSequence(MethodRunner.java:50)
at org.testng.internal.invokers.TestInvoker$MethodInvocationAgent.invoke(TestInvoker.java:995)
at org.testng.internal.invokers.TestInvoker.invokeTestMethods(TestInvoker.java:203)
at org.testng.internal.invokers.TestMethodWorker.invokeTestMethods(TestMethodWorker.java:154)
at org.testng.internal.invokers.TestMethodWorker.run(TestMethodWorker.java:134)
at java.base/java.util.concurrent.Executors$RunnableAdapter.call(Executors.java:572)
at java.base/java.util.concurrent.FutureTask.run(FutureTask.java:317)
at org.testng.internal.thread.graph.TestNGFutureTask.run(TestNGFutureTask.java:22)
at java.base/java.util.concurrent.ThreadPoolExecutor.runWorker(ThreadPoolExecutor.java:1144)
at java.base/java.util.concurrent.ThreadPoolExecutor$Worker.run(ThreadPoolExecutor.java:642)
at java.base/java.lang.Thread.run(Thread.java:1583)
]]>
    </error>
  </testcase> <!-- verifyLoginUserIncorrectEmailAndPasswordUsingDataProvider -->
</testsuite> <!-- testCases.TC003b_LoginUserIncorrectEmailAndPassword_DataProvider -->
