<?xml version="1.0" encoding="UTF-8"?>
<!-- Generated by org.testng.reporters.JUnitReportReporter -->
<testsuite hostname="DESKTOP-9T08QN7" failures="0" tests="1" name="testCases.TC006_ContactUsForm" time="45.131" errors="0" timestamp="2025-12-20T18:03:19 IST" skipped="0">
  <testcase classname="testCases.TC006_ContactUsForm" name="verifyContactUsForm" time="45.131">
    <system-out>
      <![CDATA[Entered name, email, subject and message,Upload file,Click 'Submit' button,Click OK button]]>
    </system-out>
  </testcase> <!-- verifyContactUsForm -->
  <system-out>
    <![CDATA[HomePage is displayed
Entered name, email, subject and message,Upload file,Click 'Submit' button,Click OK button
Home Page is displayed successfully
Home Page is displayed successfully
Scroll down to footer, Verify text 'SUBSCRIPTION']]>
  </system-out>
</testsuite> <!-- testCases.TC006_ContactUsForm -->
