<?xml version="1.0" encoding="UTF-8"?>
<!-- Generated by org.testng.reporters.JUnitReportReporter -->
<testsuite hostname="DESKTOP-9T08QN7" failures="0" tests="1" name="testCases.TC006_ContactUsForm" time="36.191" errors="0" timestamp="2025-10-12T02:22:02 IST" skipped="0">
  <testcase classname="testCases.TC006_ContactUsForm" name="verifyContactUsForm" time="36.191">
    <system-out>
      <![CDATA[Home Page is displayed successfully
Entered name, email, subject and message,Upload file,Click 'Submit' button,Click OK button]]>
    </system-out>
  </testcase> <!-- verifyContactUsForm -->
  <system-out>
    <![CDATA[Chrome browser is Launched.
Browser Window is maximized.
Home Page is displayed successfully
Entered name, email, subject and message,Upload file,Click 'Submit' button,Click OK button
Browser is closed.
]]>
  </system-out>
</testsuite> <!-- testCases.TC006_ContactUsForm -->
