<?xml version="1.0" encoding="UTF-8"?>
<!-- Generated by org.testng.reporters.JUnitReportReporter -->
<testsuite hostname="DESKTOP-9T08QN7" failures="0" tests="1" name="testCases.TC010_VerifySubscriptionInHomePage" time="29.422" errors="0" timestamp="2025-12-20T18:03:19 IST" skipped="0">
  <testcase classname="testCases.TC010_VerifySubscriptionInHomePage" name="VerifySubscriptionInHomePage" time="29.422">
    <system-out>
      <![CDATA[Home Page is displayed successfully
Scroll down to footer, Verify text 'SUBSCRIPTION']]>
    </system-out>
  </testcase> <!-- VerifySubscriptionInHomePage -->
  <system-out>
    <![CDATA[HomePage is displayed
Entered name, email, subject and message,Upload file,Click 'Submit' button,Click OK button
Home Page is displayed successfully
Home Page is displayed successfully
Scroll down to footer, Verify text 'SUBSCRIPTION']]>
  </system-out>
</testsuite> <!-- testCases.TC010_VerifySubscriptionInHomePage -->
