<?xml version="1.0" encoding="UTF-8"?>
<!-- Generated by org.testng.reporters.JUnitReportReporter -->
<testsuite hostname="DESKTOP-9T08QN7" failures="0" tests="1" name="practiceTopics.TC004_Sliders" time="23.884" errors="0" timestamp="2025-10-19T15:57:50 IST" skipped="0">
  <testcase classname="practiceTopics.TC004_Sliders" name="Sliders" time="23.884">
    <system-out>
      <![CDATA[TC004_Sliders
SlidersPage is opened
holdAndDragSlider]]>
    </system-out>
  </testcase> <!-- Sliders -->
  <system-out>
    <![CDATA[TC004_Sliders
SlidersPage is opened
holdAndDragSlider]]>
  </system-out>
</testsuite> <!-- practiceTopics.TC004_Sliders -->
