<?xml version="1.0" encoding="UTF-8"?>
<!-- Generated by org.testng.reporters.JUnitReportReporter -->
<testsuite hostname="DESKTOP-9T08QN7" failures="0" tests="2" name="testCases.TC002_LoginUserWithCorrectEmailAndPassword" time="138.408" errors="0" timestamp="2025-12-04T02:37:52 IST" skipped="0">
  <testcase classname="testCases.TC002_LoginUserWithCorrectEmailAndPassword" name="verifyLoginUserWithCorrectEmailAndPassword" time="57.740"/>
  <testcase classname="testCases.TC002_LoginUserWithCorrectEmailAndPassword" name="verifyLoginUserWithCorrectEmailAndPasswordAndDeletion" time="80.668"/>
  <system-out>
    <![CDATA[Chrome browser is Launched.
Browser Window is maximized.
Entered name, email, subject and message,Upload file,Click 'Submit' button,Click OK button
Browser is closed.

Chrome browser is Launched.
Browser Window is maximized.
Browser is closed.

Chrome browser is Launched.
Browser Window is maximized.
Browser is closed.

Chrome browser is Launched.
Browser Window is maximized.
Browser is closed.

Chrome browser is Launched.
Browser Window is maximized.
Browser is closed.

Chrome browser is Launched.
Browser Window is maximized.
Browser is closed.

Chrome browser is Launched.
Browser Window is maximized.
Browser is closed.

Chrome browser is Launched.
Browser Window is maximized.
Browser is closed.

Chrome browser is Launched.
Browser Window is maximized.
Browser is closed.

Chrome browser is Launched.
Browser Window is maximized.
Browser is closed.

Chrome browser is Launched.
Browser Window is maximized.
Browser is closed.

Chrome browser is Launched.
Browser Window is maximized.
Browser is closed.
]]>
  </system-out>
</testsuite> <!-- testCases.TC002_LoginUserWithCorrectEmailAndPassword -->
